#
# There is insufficient memory for the Java Runtime Environment to continue.
# Native memory allocation (mmap) failed to map 266338304 bytes for G1 virtual space
# Possible reasons:
#   The system is out of physical RAM or swap space
#   The process is running with CompressedOops enabled, and the Java Heap may be blocking the growth of the native heap
# Possible solutions:
#   Reduce memory load on the system
#   Increase physical memory or swap space
#   Check if swap backing store is full
#   Decrease Java heap size (-Xmx/-Xms)
#   Decrease number of Java threads
#   Decrease Java thread stack sizes (-Xss)
#   Set larger code cache with -XX:ReservedCodeCacheSize=
#   JVM is running with Zero Based Compressed Oops mode in which the Java heap is
#     placed in the first 32GB address space. The Java Heap base address is the
#     maximum limit for the native heap growth. Please use -XX:HeapBaseMinAddress
#     to set the Java Heap base and to place the Java Heap above 32GB virtual address.
# This output file may be truncated or incomplete.
#
#  Out of Memory Error (os_windows.cpp:3769), pid=3820, tid=16772
#
# JRE version:  (17.0.6) (build )
# Java VM: OpenJDK 64-Bit Server VM (17.0.6+0-b2043.56-10027231, mixed mode, sharing, tiered, compressed oops, compressed class ptrs, g1 gc, windows-amd64)
# No core dump will be written. Minidumps are not enabled by default on client versions of Windows
#

---------------  S U M M A R Y ------------

Command Line: 

Host: Intel(R) Core(TM) i5-7300U CPU @ 2.60GHz, 4 cores, 15G,  Windows 10 , 64 bit Build 19041 (10.0.19041.3636)
Time: Wed Mar  6 20:41:15 2024 Egypt Standard Time elapsed time: 0.018967 seconds (0d 0h 0m 0s)

---------------  T H R E A D  ---------------

Current thread (0x000002a4af050b20):  JavaThread "Unknown thread" [_thread_in_vm, id=16772, stack(0x000000d0eff00000,0x000000d0f0000000)]

Stack: [0x000000d0eff00000,0x000000d0f0000000]
Native frames: (J=compiled Java code, j=interpreted, Vv=VM code, C=native code)
V  [jvm.dll+0x683c9a]
V  [jvm.dll+0x8427a4]
V  [jvm.dll+0x843f9e]
V  [jvm.dll+0x844603]
V  [jvm.dll+0x249b75]
V  [jvm.dll+0x680b69]
V  [jvm.dll+0x67505a]
V  [jvm.dll+0x309acb]
V  [jvm.dll+0x310f86]
V  [jvm.dll+0x3608ee]
V  [jvm.dll+0x360b1f]
V  [jvm.dll+0x2dfbf8]
V  [jvm.dll+0x2e0b64]
V  [jvm.dll+0x814091]
V  [jvm.dll+0x36e6a1]
V  [jvm.dll+0x7f35cc]
V  [jvm.dll+0x3f0e8f]
V  [jvm.dll+0x3f29d1]
C  [jli.dll+0x526b]
C  [ucrtbase.dll+0x21bb2]
C  [KERNEL32.DLL+0x17344]
C  [ntdll.dll+0x526b1]


---------------  P R O C E S S  ---------------

Threads class SMR info:
_java_thread_list=0x00007ffaf7a6c058, length=0, elements={
}

Java Threads: ( => current thread )

Other Threads:
  0x000002a4af0b9d40 GCTaskThread "GC Thread#0" [stack: 0x000000d0f0000000,0x000000d0f0100000] [id=11156]
  0x000002a4af0cb970 ConcurrentGCThread "G1 Main Marker" [stack: 0x000000d0f0100000,0x000000d0f0200000] [id=16600]
  0x000002a4af0cca30 ConcurrentGCThread "G1 Conc#0" [stack: 0x000000d0f0200000,0x000000d0f0300000] [id=14800]

[error occurred during error reporting (printing all threads), id 0xc0000005, EXCEPTION_ACCESS_VIOLATION (0xc0000005) at pc=0x00007ffaf7220797]

VM state: not at safepoint (not fully initialized)

VM Mutex/Monitor currently owned by a thread:  ([mutex/lock_event])
[0x000002a4af04c610] Heap_lock - owner thread: 0x000002a4af050b20

Heap address: 0x0000000702200000, size: 4062 MB, Compressed Oops mode: Zero based, Oop shift amount: 3

CDS archive(s) mapped at: [0x0000000000000000-0x0000000000000000-0x0000000000000000), size 0, SharedBaseAddress: 0x0000000800000000, ArchiveRelocationMode: 0.
Narrow klass base: 0x0000000000000000, Narrow klass shift: 0, Narrow klass range: 0x0

GC Precious Log:
<Empty>

Heap:
 garbage-first heap   total 0K, used 0K [0x0000000702200000, 0x0000000800000000)
  region size 2048K, 0 young (0K), 0 survivors (0K)

[error occurred during error reporting (printing heap information), id 0xc0000005, EXCEPTION_ACCESS_VIOLATION (0xc0000005) at pc=0x00007ffaf760da89]

GC Heap History (0 events):
No events

Dll operation events (1 events):
Event: 0.012 Loaded shared library C:\Program Files\Android\Android Studio\jre\bin\java.dll

Deoptimization events (0 events):
No events

Classes unloaded (0 events):
No events

Classes redefined (0 events):
No events

Internal exceptions (0 events):
No events

VM Operations (0 events):
No events

Events (0 events):
No events


Dynamic libraries:
0x00007ff7b75b0000 - 0x00007ff7b75ba000 	C:\Program Files\Android\Android Studio\jre\bin\java.EXE
0x00007ffb5e8f0000 - 0x00007ffb5eae8000 	C:\WINDOWS\SYSTEM32\ntdll.dll
0x00007ffb5d4a0000 - 0x00007ffb5d55d000 	C:\WINDOWS\System32\KERNEL32.DLL
0x00007ffb5c0d0000 - 0x00007ffb5c3c6000 	C:\WINDOWS\System32\KERNELBASE.dll
0x00007ffb5c6d0000 - 0x00007ffb5c7d0000 	C:\WINDOWS\System32\ucrtbase.dll
0x00007ffb544a0000 - 0x00007ffb544bb000 	C:\Program Files\Android\Android Studio\jre\bin\VCRUNTIME140.dll
0x00007ffb544c0000 - 0x00007ffb544d7000 	C:\Program Files\Android\Android Studio\jre\bin\jli.dll
0x00007ffb5dcb0000 - 0x00007ffb5de4e000 	C:\WINDOWS\System32\USER32.dll
0x00007ffb428b0000 - 0x00007ffb42b4a000 	C:\WINDOWS\WinSxS\amd64_microsoft.windows.common-controls_6595b64144ccf1df_6.0.19041.3636_none_60b6a03d71f818d5\COMCTL32.dll
0x00007ffb5c3d0000 - 0x00007ffb5c3f2000 	C:\WINDOWS\System32\win32u.dll
0x00007ffb5c930000 - 0x00007ffb5c9ce000 	C:\WINDOWS\System32\msvcrt.dll
0x00007ffb5e880000 - 0x00007ffb5e8ab000 	C:\WINDOWS\System32\GDI32.dll
0x00007ffb5bfb0000 - 0x00007ffb5c0c7000 	C:\WINDOWS\System32\gdi32full.dll
0x00007ffb5c890000 - 0x00007ffb5c92d000 	C:\WINDOWS\System32\msvcp_win.dll
0x00007ffb5dc70000 - 0x00007ffb5dca2000 	C:\WINDOWS\System32\IMM32.DLL
0x00007ffb54490000 - 0x00007ffb5449c000 	C:\Program Files\Android\Android Studio\jre\bin\vcruntime140_1.dll
0x00007ffb39a60000 - 0x00007ffb39aed000 	C:\Program Files\Android\Android Studio\jre\bin\msvcp140.dll
0x00007ffaf6f30000 - 0x00007ffaf7b9e000 	C:\Program Files\Android\Android Studio\jre\bin\server\jvm.dll
0x00007ffb5d180000 - 0x00007ffb5d233000 	C:\WINDOWS\System32\ADVAPI32.dll
0x00007ffb5e090000 - 0x00007ffb5e12f000 	C:\WINDOWS\System32\sechost.dll
0x00007ffb5d050000 - 0x00007ffb5d176000 	C:\WINDOWS\System32\RPCRT4.dll
0x00007ffb5c400000 - 0x00007ffb5c427000 	C:\WINDOWS\System32\bcrypt.dll
0x00007ffb537a0000 - 0x00007ffb537a9000 	C:\WINDOWS\SYSTEM32\WSOCK32.dll
0x00007ffb5df60000 - 0x00007ffb5dfcb000 	C:\WINDOWS\System32\WS2_32.dll
0x00007ffb42650000 - 0x00007ffb42677000 	C:\WINDOWS\SYSTEM32\WINMM.dll
0x00007ffb45ec0000 - 0x00007ffb45eca000 	C:\WINDOWS\SYSTEM32\VERSION.dll
0x00007ffb5aa60000 - 0x00007ffb5aa72000 	C:\WINDOWS\SYSTEM32\kernel.appcore.dll
0x00007ffb45630000 - 0x00007ffb4563a000 	C:\Program Files\Android\Android Studio\jre\bin\jimage.dll
0x00007ffb56bc0000 - 0x00007ffb56da4000 	C:\WINDOWS\SYSTEM32\DBGHELP.DLL
0x00007ffb3f5e0000 - 0x00007ffb3f614000 	C:\WINDOWS\SYSTEM32\dbgcore.DLL
0x00007ffb5c640000 - 0x00007ffb5c6c2000 	C:\WINDOWS\System32\bcryptPrimitives.dll
0x00007ffb40580000 - 0x00007ffb405a5000 	C:\Program Files\Android\Android Studio\jre\bin\java.dll

dbghelp: loaded successfully - version: 4.0.5 - missing functions: none
symbol engine: initialized successfully - sym options: 0x614 - pdb path: .;C:\Program Files\Android\Android Studio\jre\bin;C:\WINDOWS\SYSTEM32;C:\WINDOWS\WinSxS\amd64_microsoft.windows.common-controls_6595b64144ccf1df_6.0.19041.3636_none_60b6a03d71f818d5;C:\Program Files\Android\Android Studio\jre\bin\server

VM Arguments:
java_command: <unknown>
java_class_path (initial): <not set>
Launcher Type: SUN_STANDARD

[Global flags]
     intx CICompilerCount                          = 3                                         {product} {ergonomic}
     uint ConcGCThreads                            = 1                                         {product} {ergonomic}
     uint G1ConcRefinementThreads                  = 4                                         {product} {ergonomic}
   size_t G1HeapRegionSize                         = 2097152                                   {product} {ergonomic}
    uintx GCDrainStackTargetSize                   = 64                                        {product} {ergonomic}
   size_t InitialHeapSize                          = 266338304                                 {product} {ergonomic}
   size_t MarkStackSize                            = 4194304                                   {product} {ergonomic}
   size_t MaxHeapSize                              = 4259315712                                {product} {ergonomic}
   size_t MinHeapDeltaBytes                        = 2097152                                   {product} {ergonomic}
   size_t MinHeapSize                              = 8388608                                   {product} {ergonomic}
    uintx NonNMethodCodeHeapSize                   = 5832780                                {pd product} {ergonomic}
    uintx NonProfiledCodeHeapSize                  = 122912730                              {pd product} {ergonomic}
    uintx ProfiledCodeHeapSize                     = 122912730                              {pd product} {ergonomic}
    uintx ReservedCodeCacheSize                    = 251658240                              {pd product} {ergonomic}
     bool SegmentedCodeCache                       = true                                      {product} {ergonomic}
   size_t SoftMaxHeapSize                          = 4259315712                             {manageable} {ergonomic}
     bool UseCompressedClassPointers               = true                           {product lp64_product} {ergonomic}
     bool UseCompressedOops                        = true                           {product lp64_product} {ergonomic}
     bool UseG1GC                                  = true                                      {product} {ergonomic}
     bool UseLargePagesIndividualAllocation        = false                                  {pd product} {ergonomic}

Logging:
Log output configuration:
 #0: stdout all=warning uptime,level,tags
 #1: stderr all=off uptime,level,tags

Environment Variables:
PATH=C:\WINDOWS\system32;C:\WINDOWS;C:\WINDOWS\System32\Wbem;C:\WINDOWS\System32\WindowsPowerShell\v1.0\;C:\WINDOWS\System32\OpenSSH\;C:\Program Files\Git\cmd;C:\Program Files\nodejs\;C:\ProgramData\chocolatey\bin;C:\Users\Onoo\AppData\Local\Pub\Cache\bin;C:\xampp\php;C:\composer;C:\Program Files (x86)\GitHub CLI\;C:\Program Files\Coder\bin;C:\Users\Onoo\AppData\Local\Programs\Python\Launcher\;C:\Users\Onoo\AppData\Roaming\.dotnet;C:\Users\Onoo\AppData\Local\Microsoft\WindowsApps;D:\f30\flutter;D:\f30\flutter\bin;C:\Users\Onoo\.dotnet\tools;C:\Users\Onoo\AppData\Roaming\npm;C:\Users\Onoo\AppData\Local\Programs\Microsoft VS Code\bin;C:\Users\Onoo\AppData\Local\Google\Cloud SDK\google-cloud-sdk\bin;C:\Users\Onoo\AppData\Local\GitHubDesktop\bin;C:\Users\Onoo\AppData\Roaming\Composer\vendor\bin;C:\Program Files\JetBrains\JetBrains Gateway 2023.3.3\bin;;C:\Users\Onoo\AppData\Local\JetBrains\Toolbox\scripts;;D:\f30\flutter\bin\mingit\cmd
USERNAME=Onoo
OS=Windows_NT
PROCESSOR_IDENTIFIER=Intel64 Family 6 Model 142 Stepping 9, GenuineIntel
TMP=C:\Users\Onoo\AppData\Local\Temp
TEMP=C:\Users\Onoo\AppData\Local\Temp


JNI global refs:

[error occurred during error reporting (JNI global references), id 0xc0000005, EXCEPTION_ACCESS_VIOLATION (0xc0000005) at pc=0x00007ffaf6fe7a10]


---------------  S Y S T E M  ---------------

OS:
 Windows 10 , 64 bit Build 19041 (10.0.19041.3636)
OS uptime: 0 days 7:43 hours

CPU: total 4 (initial active 4) (2 cores per cpu, 2 threads per core) family 6 model 142 stepping 9 microcode 0xf4, cx8, cmov, fxsr, ht, mmx, 3dnowpref, sse, sse2, sse3, ssse3, sse4.1, sse4.2, popcnt, lzcnt, tsc, tscinvbit, avx, avx2, aes, erms, clmul, bmi1, bmi2, rtm, adx, fma, vzeroupper, clflush, clflushopt

Memory: 4k page, system-wide physical 16242M (3828M free)
TotalPageFile size 19338M (AvailPageFile size 249M)
current process WorkingSet (physical memory assigned to process): 10M, peak: 10M
current process commit charge ("private bytes"): 51M, peak: 305M

vm_info: OpenJDK 64-Bit Server VM (17.0.6+0-b2043.56-10027231) for windows-amd64 JRE (17.0.6+0-b2043.56-10027231), built on Apr 28 2023 00:43:19 by "androidbuild" with MS VC++ 16.10 / 16.11 (VS2019)

END.
