#
# There is insufficient memory for the Java Runtime Environment to continue.
# Native memory allocation (malloc) failed to allocate 123408 bytes for Chunk::new
# Possible reasons:
#   The system is out of physical RAM or swap space
#   The process is running with CompressedOops enabled, and the Java Heap may be blocking the growth of the native heap
# Possible solutions:
#   Reduce memory load on the system
#   Increase physical memory or swap space
#   Check if swap backing store is full
#   Decrease Java heap size (-Xmx/-Xms)
#   Decrease number of Java threads
#   Decrease Java thread stack sizes (-Xss)
#   Set larger code cache with -XX:ReservedCodeCacheSize=
#   JVM is running with Zero Based Compressed Oops mode in which the Java heap is
#     placed in the first 32GB address space. The Java Heap base address is the
#     maximum limit for the native heap growth. Please use -XX:HeapBaseMinAddress
#     to set the Java Heap base and to place the Java Heap above 32GB virtual address.
# This output file may be truncated or incomplete.
#
#  Out of Memory Error (arena.cpp:189), pid=2892, tid=8524
#
# JRE version: OpenJDK Runtime Environment (17.0.6) (build 17.0.6+0-b2043.56-10027231)
# Java VM: OpenJDK 64-Bit Server VM (17.0.6+0-b2043.56-10027231, mixed mode, tiered, compressed oops, compressed class ptrs, g1 gc, windows-amd64)
# No core dump will be written. Minidumps are not enabled by default on client versions of Windows
#

---------------  S U M M A R Y ------------

Command Line: -Dorg.gradle.appname=gradlew org.gradle.wrapper.GradleWrapperMain -q -Ptarget-platform=android-x64 -Ptarget=D:\Naouma Last\lib\main.dart -Pbase-application-name=android.app.Application -Pdart-defines=Zmx1dHRlci5pbnNwZWN0b3Iuc3RydWN0dXJlZEVycm9ycz10cnVl,RkxVVFRFUl9XRUJfQVVUT19ERVRFQ1Q9dHJ1ZQ== -Pdart-obfuscation=false -Ptrack-widget-creation=true -Ptree-shake-icons=false -Pfilesystem-scheme=org-dartlang-root assembleDebug

Host: Intel(R) Core(TM) i5-7300U CPU @ 2.60GHz, 4 cores, 15G,  Windows 10 , 64 bit Build 19041 (10.0.19041.3393)
Time: Thu Sep 28 09:29:33 2023 Egypt Daylight Time elapsed time: 2.699489 seconds (0d 0h 0m 2s)

---------------  T H R E A D  ---------------

Current thread (0x00000185ac474460):  JavaThread "C2 CompilerThread0" daemon [_thread_in_native, id=8524, stack(0x0000002897e00000,0x0000002897f00000)]


Current CompileTask:
C2:   2699  866       4       java.io.WinNTFileSystem::normalize (143 bytes)

Stack: [0x0000002897e00000,0x0000002897f00000]
Native frames: (J=compiled Java code, j=interpreted, Vv=VM code, C=native code)
V  [jvm.dll+0x683c9a]
V  [jvm.dll+0x8427a4]
V  [jvm.dll+0x843f9e]
V  [jvm.dll+0x844603]
V  [jvm.dll+0x249b75]
V  [jvm.dll+0xabcac]
V  [jvm.dll+0xac27c]
V  [jvm.dll+0x11f257]
V  [jvm.dll+0x615b35]
V  [jvm.dll+0x614204]
V  [jvm.dll+0x21c078]
V  [jvm.dll+0x21b621]
V  [jvm.dll+0x1a4fdd]
V  [jvm.dll+0x22b098]
V  [jvm.dll+0x229159]
V  [jvm.dll+0x7f81ec]
V  [jvm.dll+0x7f274a]
V  [jvm.dll+0x682ad5]
C  [ucrtbase.dll+0x21bb2]
C  [KERNEL32.DLL+0x17344]
C  [ntdll.dll+0x526b1]


---------------  P R O C E S S  ---------------

Threads class SMR info:
_java_thread_list=0x00000185ad259c80, length=13, elements={
0x000001858b98c830, 0x00000185ac420c80, 0x00000185ac421a00, 0x00000185ac46e910,
0x00000185ac4726f0, 0x00000185ac472fb0, 0x00000185ac473870, 0x00000185ac474460,
0x00000185ac475e20, 0x00000185ac4edee0, 0x00000185ac5e2af0, 0x00000185ac5e3250,
0x00000185ad272390
}

Java Threads: ( => current thread )
  0x000001858b98c830 JavaThread "main" [_thread_in_vm, id=10484, stack(0x0000002897000000,0x0000002897100000)]
  0x00000185ac420c80 JavaThread "Reference Handler" daemon [_thread_blocked, id=10672, stack(0x0000002897800000,0x0000002897900000)]
  0x00000185ac421a00 JavaThread "Finalizer" daemon [_thread_blocked, id=1128, stack(0x0000002897900000,0x0000002897a00000)]
  0x00000185ac46e910 JavaThread "Signal Dispatcher" daemon [_thread_blocked, id=3684, stack(0x0000002897a00000,0x0000002897b00000)]
  0x00000185ac4726f0 JavaThread "Attach Listener" daemon [_thread_blocked, id=10844, stack(0x0000002897b00000,0x0000002897c00000)]
  0x00000185ac472fb0 JavaThread "Service Thread" daemon [_thread_blocked, id=10548, stack(0x0000002897c00000,0x0000002897d00000)]
  0x00000185ac473870 JavaThread "Monitor Deflation Thread" daemon [_thread_blocked, id=10980, stack(0x0000002897d00000,0x0000002897e00000)]
=>0x00000185ac474460 JavaThread "C2 CompilerThread0" daemon [_thread_in_native, id=8524, stack(0x0000002897e00000,0x0000002897f00000)]
  0x00000185ac475e20 JavaThread "C1 CompilerThread0" daemon [_thread_blocked, id=7216, stack(0x0000002897f00000,0x0000002898000000)]
  0x00000185ac4edee0 JavaThread "Sweeper thread" daemon [_thread_blocked, id=6024, stack(0x0000002898000000,0x0000002898100000)]
  0x00000185ac5e2af0 JavaThread "Notification Thread" daemon [_thread_blocked, id=32, stack(0x0000002898100000,0x0000002898200000)]
  0x00000185ac5e3250 JavaThread "Common-Cleaner" daemon [_thread_blocked, id=9528, stack(0x0000002898300000,0x0000002898400000)]
  0x00000185ad272390 JavaThread "pool-1-thread-1" [_thread_blocked, id=13116, stack(0x0000002898400000,0x0000002898500000)]

Other Threads:
  0x00000185ac41d140 VMThread "VM Thread" [stack: 0x0000002897700000,0x0000002897800000] [id=5964]
  0x00000185ac5e2fc0 WatcherThread [stack: 0x0000002898200000,0x0000002898300000] [id=12444]
  0x000001858b9f7b80 GCTaskThread "GC Thread#0" [stack: 0x0000002897200000,0x0000002897300000] [id=7452]
  0x00000185acb9a2a0 GCTaskThread "GC Thread#1" [stack: 0x0000002898500000,0x0000002898600000] [id=12780]
  0x00000185acb9a550 GCTaskThread "GC Thread#2" [stack: 0x0000002898600000,0x0000002898700000] [id=13276]
  0x00000185acb9a800 GCTaskThread "GC Thread#3" [stack: 0x0000002898700000,0x0000002898800000] [id=3744]
  0x000001858ba087a0 ConcurrentGCThread "G1 Main Marker" [stack: 0x0000002897300000,0x0000002897400000] [id=9968]
  0x000001858ba0a0d0 ConcurrentGCThread "G1 Conc#0" [stack: 0x0000002897400000,0x0000002897500000] [id=5740]
  0x000001858ba4bc50 ConcurrentGCThread "G1 Refine#0" [stack: 0x0000002897500000,0x0000002897600000] [id=9952]
  0x00000185ab852720 ConcurrentGCThread "G1 Service" [stack: 0x0000002897600000,0x0000002897700000] [id=11324]

Threads with active compile tasks:
C2 CompilerThread0     2738  866       4       java.io.WinNTFileSystem::normalize (143 bytes)

VM state: not at safepoint (normal execution)

VM Mutex/Monitor currently owned by a thread: None

Heap address: 0x0000000702200000, size: 4062 MB, Compressed Oops mode: Zero based, Oop shift amount: 3

CDS archive(s) not mapped
Compressed class space mapped at: 0x0000000800000000-0x0000000840000000, reserved size: 1073741824
Narrow klass base: 0x0000000800000000, Narrow klass shift: 0, Narrow klass range: 0x40000000

GC Precious Log:
 CPUs: 4 total, 4 available
 Memory: 16242M
 Large Page Support: Disabled
 NUMA Support: Disabled
 Compressed Oops: Enabled (Zero based)
 Heap Region Size: 2M
 Heap Min Capacity: 8M
 Heap Initial Capacity: 254M
 Heap Max Capacity: 4062M
 Pre-touch: Disabled
 Parallel Workers: 4
 Concurrent Workers: 1
 Concurrent Refinement Workers: 4
 Periodic GC: Disabled

Heap:
 garbage-first heap   total 260096K, used 17257K [0x0000000702200000, 0x0000000800000000)
  region size 2048K, 7 young (14336K), 1 survivors (2048K)
 Metaspace       used 11883K, committed 12032K, reserved 1064960K
  class space    used 1287K, committed 1344K, reserved 1048576K

Heap Regions: E=young(eden), S=young(survivor), O=old, HS=humongous(starts), HC=humongous(continues), CS=collection set, F=free, OA=open archive, CA=closed archive, TAMS=top-at-mark-start (previous, next)
|   0|0x0000000702200000, 0x0000000702400000, 0x0000000702400000|100%|HS|  |TAMS 0x0000000702200000, 0x0000000702200000| Complete 
|   1|0x0000000702400000, 0x0000000702600000, 0x0000000702600000|100%|HC|  |TAMS 0x0000000702400000, 0x0000000702400000| Complete 
|   2|0x0000000702600000, 0x00000007026da600, 0x0000000702800000| 42%| O|  |TAMS 0x0000000702600000, 0x0000000702600000| Untracked 
|   3|0x0000000702800000, 0x0000000702800000, 0x0000000702a00000|  0%| F|  |TAMS 0x0000000702800000, 0x0000000702800000| Untracked 
|   4|0x0000000702a00000, 0x0000000702a00000, 0x0000000702c00000|  0%| F|  |TAMS 0x0000000702a00000, 0x0000000702a00000| Untracked 
|   5|0x0000000702c00000, 0x0000000702c00000, 0x0000000702e00000|  0%| F|  |TAMS 0x0000000702c00000, 0x0000000702c00000| Untracked 
|   6|0x0000000702e00000, 0x0000000702e00000, 0x0000000703000000|  0%| F|  |TAMS 0x0000000702e00000, 0x0000000702e00000| Untracked 
|   7|0x0000000703000000, 0x0000000703000000, 0x0000000703200000|  0%| F|  |TAMS 0x0000000703000000, 0x0000000703000000| Untracked 
|   8|0x0000000703200000, 0x0000000703200000, 0x0000000703400000|  0%| F|  |TAMS 0x0000000703200000, 0x0000000703200000| Untracked 
|   9|0x0000000703400000, 0x0000000703400000, 0x0000000703600000|  0%| F|  |TAMS 0x0000000703400000, 0x0000000703400000| Untracked 
|  10|0x0000000703600000, 0x0000000703600000, 0x0000000703800000|  0%| F|  |TAMS 0x0000000703600000, 0x0000000703600000| Untracked 
|  11|0x0000000703800000, 0x0000000703800000, 0x0000000703a00000|  0%| F|  |TAMS 0x0000000703800000, 0x0000000703800000| Untracked 
|  12|0x0000000703a00000, 0x0000000703a00000, 0x0000000703c00000|  0%| F|  |TAMS 0x0000000703a00000, 0x0000000703a00000| Untracked 
|  13|0x0000000703c00000, 0x0000000703c00000, 0x0000000703e00000|  0%| F|  |TAMS 0x0000000703c00000, 0x0000000703c00000| Untracked 
|  14|0x0000000703e00000, 0x0000000703e00000, 0x0000000704000000|  0%| F|  |TAMS 0x0000000703e00000, 0x0000000703e00000| Untracked 
|  15|0x0000000704000000, 0x0000000704000000, 0x0000000704200000|  0%| F|  |TAMS 0x0000000704000000, 0x0000000704000000| Untracked 
|  16|0x0000000704200000, 0x0000000704200000, 0x0000000704400000|  0%| F|  |TAMS 0x0000000704200000, 0x0000000704200000| Untracked 
|  17|0x0000000704400000, 0x0000000704400000, 0x0000000704600000|  0%| F|  |TAMS 0x0000000704400000, 0x0000000704400000| Untracked 
|  18|0x0000000704600000, 0x0000000704600000, 0x0000000704800000|  0%| F|  |TAMS 0x0000000704600000, 0x0000000704600000| Untracked 
|  19|0x0000000704800000, 0x0000000704800000, 0x0000000704a00000|  0%| F|  |TAMS 0x0000000704800000, 0x0000000704800000| Untracked 
|  20|0x0000000704a00000, 0x0000000704a00000, 0x0000000704c00000|  0%| F|  |TAMS 0x0000000704a00000, 0x0000000704a00000| Untracked 
|  21|0x0000000704c00000, 0x0000000704c00000, 0x0000000704e00000|  0%| F|  |TAMS 0x0000000704c00000, 0x0000000704c00000| Untracked 
|  22|0x0000000704e00000, 0x0000000704e00000, 0x0000000705000000|  0%| F|  |TAMS 0x0000000704e00000, 0x0000000704e00000| Untracked 
|  23|0x0000000705000000, 0x0000000705000000, 0x0000000705200000|  0%| F|  |TAMS 0x0000000705000000, 0x0000000705000000| Untracked 
|  24|0x0000000705200000, 0x0000000705200000, 0x0000000705400000|  0%| F|  |TAMS 0x0000000705200000, 0x0000000705200000| Untracked 
|  25|0x0000000705400000, 0x0000000705400000, 0x0000000705600000|  0%| F|  |TAMS 0x0000000705400000, 0x0000000705400000| Untracked 
|  26|0x0000000705600000, 0x0000000705600000, 0x0000000705800000|  0%| F|  |TAMS 0x0000000705600000, 0x0000000705600000| Untracked 
|  27|0x0000000705800000, 0x0000000705800000, 0x0000000705a00000|  0%| F|  |TAMS 0x0000000705800000, 0x0000000705800000| Untracked 
|  28|0x0000000705a00000, 0x0000000705a00000, 0x0000000705c00000|  0%| F|  |TAMS 0x0000000705a00000, 0x0000000705a00000| Untracked 
|  29|0x0000000705c00000, 0x0000000705c00000, 0x0000000705e00000|  0%| F|  |TAMS 0x0000000705c00000, 0x0000000705c00000| Untracked 
|  30|0x0000000705e00000, 0x0000000705e00000, 0x0000000706000000|  0%| F|  |TAMS 0x0000000705e00000, 0x0000000705e00000| Untracked 
|  31|0x0000000706000000, 0x0000000706000000, 0x0000000706200000|  0%| F|  |TAMS 0x0000000706000000, 0x0000000706000000| Untracked 
|  32|0x0000000706200000, 0x0000000706200000, 0x0000000706400000|  0%| F|  |TAMS 0x0000000706200000, 0x0000000706200000| Untracked 
|  33|0x0000000706400000, 0x0000000706400000, 0x0000000706600000|  0%| F|  |TAMS 0x0000000706400000, 0x0000000706400000| Untracked 
|  34|0x0000000706600000, 0x0000000706600000, 0x0000000706800000|  0%| F|  |TAMS 0x0000000706600000, 0x0000000706600000| Untracked 
|  35|0x0000000706800000, 0x0000000706800000, 0x0000000706a00000|  0%| F|  |TAMS 0x0000000706800000, 0x0000000706800000| Untracked 
|  36|0x0000000706a00000, 0x0000000706a00000, 0x0000000706c00000|  0%| F|  |TAMS 0x0000000706a00000, 0x0000000706a00000| Untracked 
|  37|0x0000000706c00000, 0x0000000706c00000, 0x0000000706e00000|  0%| F|  |TAMS 0x0000000706c00000, 0x0000000706c00000| Untracked 
|  38|0x0000000706e00000, 0x0000000706e00000, 0x0000000707000000|  0%| F|  |TAMS 0x0000000706e00000, 0x0000000706e00000| Untracked 
|  39|0x0000000707000000, 0x0000000707000000, 0x0000000707200000|  0%| F|  |TAMS 0x0000000707000000, 0x0000000707000000| Untracked 
|  40|0x0000000707200000, 0x0000000707200000, 0x0000000707400000|  0%| F|  |TAMS 0x0000000707200000, 0x0000000707200000| Untracked 
|  41|0x0000000707400000, 0x0000000707400000, 0x0000000707600000|  0%| F|  |TAMS 0x0000000707400000, 0x0000000707400000| Untracked 
|  42|0x0000000707600000, 0x0000000707600000, 0x0000000707800000|  0%| F|  |TAMS 0x0000000707600000, 0x0000000707600000| Untracked 
|  43|0x0000000707800000, 0x0000000707800000, 0x0000000707a00000|  0%| F|  |TAMS 0x0000000707800000, 0x0000000707800000| Untracked 
|  44|0x0000000707a00000, 0x0000000707a00000, 0x0000000707c00000|  0%| F|  |TAMS 0x0000000707a00000, 0x0000000707a00000| Untracked 
|  45|0x0000000707c00000, 0x0000000707c00000, 0x0000000707e00000|  0%| F|  |TAMS 0x0000000707c00000, 0x0000000707c00000| Untracked 
|  46|0x0000000707e00000, 0x0000000707e00000, 0x0000000708000000|  0%| F|  |TAMS 0x0000000707e00000, 0x0000000707e00000| Untracked 
|  47|0x0000000708000000, 0x0000000708000000, 0x0000000708200000|  0%| F|  |TAMS 0x0000000708000000, 0x0000000708000000| Untracked 
|  48|0x0000000708200000, 0x0000000708200000, 0x0000000708400000|  0%| F|  |TAMS 0x0000000708200000, 0x0000000708200000| Untracked 
|  49|0x0000000708400000, 0x0000000708400000, 0x0000000708600000|  0%| F|  |TAMS 0x0000000708400000, 0x0000000708400000| Untracked 
|  50|0x0000000708600000, 0x0000000708600000, 0x0000000708800000|  0%| F|  |TAMS 0x0000000708600000, 0x0000000708600000| Untracked 
|  51|0x0000000708800000, 0x0000000708800000, 0x0000000708a00000|  0%| F|  |TAMS 0x0000000708800000, 0x0000000708800000| Untracked 
|  52|0x0000000708a00000, 0x0000000708a00000, 0x0000000708c00000|  0%| F|  |TAMS 0x0000000708a00000, 0x0000000708a00000| Untracked 
|  53|0x0000000708c00000, 0x0000000708c00000, 0x0000000708e00000|  0%| F|  |TAMS 0x0000000708c00000, 0x0000000708c00000| Untracked 
|  54|0x0000000708e00000, 0x0000000708e00000, 0x0000000709000000|  0%| F|  |TAMS 0x0000000708e00000, 0x0000000708e00000| Untracked 
|  55|0x0000000709000000, 0x0000000709000000, 0x0000000709200000|  0%| F|  |TAMS 0x0000000709000000, 0x0000000709000000| Untracked 
|  56|0x0000000709200000, 0x0000000709200000, 0x0000000709400000|  0%| F|  |TAMS 0x0000000709200000, 0x0000000709200000| Untracked 
|  57|0x0000000709400000, 0x0000000709400000, 0x0000000709600000|  0%| F|  |TAMS 0x0000000709400000, 0x0000000709400000| Untracked 
|  58|0x0000000709600000, 0x0000000709600000, 0x0000000709800000|  0%| F|  |TAMS 0x0000000709600000, 0x0000000709600000| Untracked 
|  59|0x0000000709800000, 0x0000000709800000, 0x0000000709a00000|  0%| F|  |TAMS 0x0000000709800000, 0x0000000709800000| Untracked 
|  60|0x0000000709a00000, 0x0000000709a00000, 0x0000000709c00000|  0%| F|  |TAMS 0x0000000709a00000, 0x0000000709a00000| Untracked 
|  61|0x0000000709c00000, 0x0000000709c00000, 0x0000000709e00000|  0%| F|  |TAMS 0x0000000709c00000, 0x0000000709c00000| Untracked 
|  62|0x0000000709e00000, 0x0000000709e00000, 0x000000070a000000|  0%| F|  |TAMS 0x0000000709e00000, 0x0000000709e00000| Untracked 
|  63|0x000000070a000000, 0x000000070a000000, 0x000000070a200000|  0%| F|  |TAMS 0x000000070a000000, 0x000000070a000000| Untracked 
|  64|0x000000070a200000, 0x000000070a200000, 0x000000070a400000|  0%| F|  |TAMS 0x000000070a200000, 0x000000070a200000| Untracked 
|  65|0x000000070a400000, 0x000000070a400000, 0x000000070a600000|  0%| F|  |TAMS 0x000000070a400000, 0x000000070a400000| Untracked 
|  66|0x000000070a600000, 0x000000070a600000, 0x000000070a800000|  0%| F|  |TAMS 0x000000070a600000, 0x000000070a600000| Untracked 
|  67|0x000000070a800000, 0x000000070a800000, 0x000000070aa00000|  0%| F|  |TAMS 0x000000070a800000, 0x000000070a800000| Untracked 
|  68|0x000000070aa00000, 0x000000070aa00000, 0x000000070ac00000|  0%| F|  |TAMS 0x000000070aa00000, 0x000000070aa00000| Untracked 
|  69|0x000000070ac00000, 0x000000070ac00000, 0x000000070ae00000|  0%| F|  |TAMS 0x000000070ac00000, 0x000000070ac00000| Untracked 
|  70|0x000000070ae00000, 0x000000070ae00000, 0x000000070b000000|  0%| F|  |TAMS 0x000000070ae00000, 0x000000070ae00000| Untracked 
|  71|0x000000070b000000, 0x000000070b000000, 0x000000070b200000|  0%| F|  |TAMS 0x000000070b000000, 0x000000070b000000| Untracked 
|  72|0x000000070b200000, 0x000000070b200000, 0x000000070b400000|  0%| F|  |TAMS 0x000000070b200000, 0x000000070b200000| Untracked 
|  73|0x000000070b400000, 0x000000070b400000, 0x000000070b600000|  0%| F|  |TAMS 0x000000070b400000, 0x000000070b400000| Untracked 
|  74|0x000000070b600000, 0x000000070b600000, 0x000000070b800000|  0%| F|  |TAMS 0x000000070b600000, 0x000000070b600000| Untracked 
|  75|0x000000070b800000, 0x000000070b800000, 0x000000070ba00000|  0%| F|  |TAMS 0x000000070b800000, 0x000000070b800000| Untracked 
|  76|0x000000070ba00000, 0x000000070ba00000, 0x000000070bc00000|  0%| F|  |TAMS 0x000000070ba00000, 0x000000070ba00000| Untracked 
|  77|0x000000070bc00000, 0x000000070bc00000, 0x000000070be00000|  0%| F|  |TAMS 0x000000070bc00000, 0x000000070bc00000| Untracked 
|  78|0x000000070be00000, 0x000000070be00000, 0x000000070c000000|  0%| F|  |TAMS 0x000000070be00000, 0x000000070be00000| Untracked 
|  79|0x000000070c000000, 0x000000070c000000, 0x000000070c200000|  0%| F|  |TAMS 0x000000070c000000, 0x000000070c000000| Untracked 
|  80|0x000000070c200000, 0x000000070c200000, 0x000000070c400000|  0%| F|  |TAMS 0x000000070c200000, 0x000000070c200000| Untracked 
|  81|0x000000070c400000, 0x000000070c400000, 0x000000070c600000|  0%| F|  |TAMS 0x000000070c400000, 0x000000070c400000| Untracked 
|  82|0x000000070c600000, 0x000000070c600000, 0x000000070c800000|  0%| F|  |TAMS 0x000000070c600000, 0x000000070c600000| Untracked 
|  83|0x000000070c800000, 0x000000070c800000, 0x000000070ca00000|  0%| F|  |TAMS 0x000000070c800000, 0x000000070c800000| Untracked 
|  84|0x000000070ca00000, 0x000000070ca00000, 0x000000070cc00000|  0%| F|  |TAMS 0x000000070ca00000, 0x000000070ca00000| Untracked 
|  85|0x000000070cc00000, 0x000000070cc00000, 0x000000070ce00000|  0%| F|  |TAMS 0x000000070cc00000, 0x000000070cc00000| Untracked 
|  86|0x000000070ce00000, 0x000000070ce00000, 0x000000070d000000|  0%| F|  |TAMS 0x000000070ce00000, 0x000000070ce00000| Untracked 
|  87|0x000000070d000000, 0x000000070d000000, 0x000000070d200000|  0%| F|  |TAMS 0x000000070d000000, 0x000000070d000000| Untracked 
|  88|0x000000070d200000, 0x000000070d200000, 0x000000070d400000|  0%| F|  |TAMS 0x000000070d200000, 0x000000070d200000| Untracked 
|  89|0x000000070d400000, 0x000000070d400000, 0x000000070d600000|  0%| F|  |TAMS 0x000000070d400000, 0x000000070d400000| Untracked 
|  90|0x000000070d600000, 0x000000070d600000, 0x000000070d800000|  0%| F|  |TAMS 0x000000070d600000, 0x000000070d600000| Untracked 
|  91|0x000000070d800000, 0x000000070d800000, 0x000000070da00000|  0%| F|  |TAMS 0x000000070d800000, 0x000000070d800000| Untracked 
|  92|0x000000070da00000, 0x000000070da00000, 0x000000070dc00000|  0%| F|  |TAMS 0x000000070da00000, 0x000000070da00000| Untracked 
|  93|0x000000070dc00000, 0x000000070dc00000, 0x000000070de00000|  0%| F|  |TAMS 0x000000070dc00000, 0x000000070dc00000| Untracked 
|  94|0x000000070de00000, 0x000000070de00000, 0x000000070e000000|  0%| F|  |TAMS 0x000000070de00000, 0x000000070de00000| Untracked 
|  95|0x000000070e000000, 0x000000070e000000, 0x000000070e200000|  0%| F|  |TAMS 0x000000070e000000, 0x000000070e000000| Untracked 
|  96|0x000000070e200000, 0x000000070e200000, 0x000000070e400000|  0%| F|  |TAMS 0x000000070e200000, 0x000000070e200000| Untracked 
|  97|0x000000070e400000, 0x000000070e400000, 0x000000070e600000|  0%| F|  |TAMS 0x000000070e400000, 0x000000070e400000| Untracked 
|  98|0x000000070e600000, 0x000000070e600000, 0x000000070e800000|  0%| F|  |TAMS 0x000000070e600000, 0x000000070e600000| Untracked 
|  99|0x000000070e800000, 0x000000070e800000, 0x000000070ea00000|  0%| F|  |TAMS 0x000000070e800000, 0x000000070e800000| Untracked 
| 100|0x000000070ea00000, 0x000000070ea00000, 0x000000070ec00000|  0%| F|  |TAMS 0x000000070ea00000, 0x000000070ea00000| Untracked 
| 101|0x000000070ec00000, 0x000000070ec00000, 0x000000070ee00000|  0%| F|  |TAMS 0x000000070ec00000, 0x000000070ec00000| Untracked 
| 102|0x000000070ee00000, 0x000000070ee00000, 0x000000070f000000|  0%| F|  |TAMS 0x000000070ee00000, 0x000000070ee00000| Untracked 
| 103|0x000000070f000000, 0x000000070f000000, 0x000000070f200000|  0%| F|  |TAMS 0x000000070f000000, 0x000000070f000000| Untracked 
| 104|0x000000070f200000, 0x000000070f200000, 0x000000070f400000|  0%| F|  |TAMS 0x000000070f200000, 0x000000070f200000| Untracked 
| 105|0x000000070f400000, 0x000000070f400000, 0x000000070f600000|  0%| F|  |TAMS 0x000000070f400000, 0x000000070f400000| Untracked 
| 106|0x000000070f600000, 0x000000070f600000, 0x000000070f800000|  0%| F|  |TAMS 0x000000070f600000, 0x000000070f600000| Untracked 
| 107|0x000000070f800000, 0x000000070f800000, 0x000000070fa00000|  0%| F|  |TAMS 0x000000070f800000, 0x000000070f800000| Untracked 
| 108|0x000000070fa00000, 0x000000070fa00000, 0x000000070fc00000|  0%| F|  |TAMS 0x000000070fa00000, 0x000000070fa00000| Untracked 
| 109|0x000000070fc00000, 0x000000070fc00000, 0x000000070fe00000|  0%| F|  |TAMS 0x000000070fc00000, 0x000000070fc00000| Untracked 
| 110|0x000000070fe00000, 0x000000070fe00000, 0x0000000710000000|  0%| F|  |TAMS 0x000000070fe00000, 0x000000070fe00000| Untracked 
| 111|0x0000000710000000, 0x0000000710000000, 0x0000000710200000|  0%| F|  |TAMS 0x0000000710000000, 0x0000000710000000| Untracked 
| 112|0x0000000710200000, 0x0000000710200000, 0x0000000710400000|  0%| F|  |TAMS 0x0000000710200000, 0x0000000710200000| Untracked 
| 113|0x0000000710400000, 0x0000000710400000, 0x0000000710600000|  0%| F|  |TAMS 0x0000000710400000, 0x0000000710400000| Untracked 
| 114|0x0000000710600000, 0x0000000710600000, 0x0000000710800000|  0%| F|  |TAMS 0x0000000710600000, 0x0000000710600000| Untracked 
| 115|0x0000000710800000, 0x0000000710800000, 0x0000000710a00000|  0%| F|  |TAMS 0x0000000710800000, 0x0000000710800000| Untracked 
| 116|0x0000000710a00000, 0x0000000710a00000, 0x0000000710c00000|  0%| F|  |TAMS 0x0000000710a00000, 0x0000000710a00000| Untracked 
| 117|0x0000000710c00000, 0x0000000710c00000, 0x0000000710e00000|  0%| F|  |TAMS 0x0000000710c00000, 0x0000000710c00000| Untracked 
| 118|0x0000000710e00000, 0x0000000710e00000, 0x0000000711000000|  0%| F|  |TAMS 0x0000000710e00000, 0x0000000710e00000| Untracked 
| 119|0x0000000711000000, 0x0000000711000000, 0x0000000711200000|  0%| F|  |TAMS 0x0000000711000000, 0x0000000711000000| Untracked 
| 120|0x0000000711200000, 0x0000000711400000, 0x0000000711400000|100%| S|CS|TAMS 0x0000000711200000, 0x0000000711200000| Complete 
| 121|0x0000000711400000, 0x0000000711600000, 0x0000000711600000|100%| E|  |TAMS 0x0000000711400000, 0x0000000711400000| Complete 
| 122|0x0000000711600000, 0x0000000711800000, 0x0000000711800000|100%| E|CS|TAMS 0x0000000711600000, 0x0000000711600000| Complete 
| 123|0x0000000711800000, 0x0000000711a00000, 0x0000000711a00000|100%| E|CS|TAMS 0x0000000711800000, 0x0000000711800000| Complete 
| 124|0x0000000711a00000, 0x0000000711c00000, 0x0000000711c00000|100%| E|CS|TAMS 0x0000000711a00000, 0x0000000711a00000| Complete 
| 125|0x0000000711c00000, 0x0000000711e00000, 0x0000000711e00000|100%| E|CS|TAMS 0x0000000711c00000, 0x0000000711c00000| Complete 
| 126|0x0000000711e00000, 0x0000000712000000, 0x0000000712000000|100%| E|CS|TAMS 0x0000000711e00000, 0x0000000711e00000| Complete 

Card table byte_map: [0x00000185a0460000,0x00000185a0c50000] _byte_map_base: 0x000001859cc4f000

Marking Bits (Prev, Next): (CMBitMap*) 0x000001858b9f80a0, (CMBitMap*) 0x000001858b9f80e0
 Prev Bits: [0x00000185a1440000, 0x00000185a53b8000)
 Next Bits: [0x00000185a53c0000, 0x00000185a9338000)

Polling page: 0x000001858ba60000

Metaspace:

Usage:
  Non-class:     10.35 MB used.
      Class:      1.26 MB used.
       Both:     11.61 MB used.

Virtual space:
  Non-class space:       16.00 MB reserved,      10.44 MB ( 65%) committed,  2 nodes.
      Class space:        1.00 GB reserved,       1.31 MB ( <1%) committed,  1 nodes.
             Both:        1.02 GB reserved,      11.75 MB (  1%) committed. 

Chunk freelists:
   Non-Class:  770.00 KB
       Class:  2.51 MB
        Both:  3.26 MB

MaxMetaspaceSize: unlimited
CompressedClassSpaceSize: 1.00 GB
Initial GC threshold: 21.00 MB
Current GC threshold: 21.00 MB
CDS: off
MetaspaceReclaimPolicy: balanced
 - commit_granule_bytes: 65536.
 - commit_granule_words: 8192.
 - virtual_space_node_default_size: 1048576.
 - enlarge_chunks_in_place: 1.
 - new_chunks_are_fully_committed: 0.
 - uncommit_free_chunks: 1.
 - use_allocation_guard: 0.
 - handle_deallocations: 1.


Internal statistics:

num_allocs_failed_limit: 0.
num_arena_births: 58.
num_arena_deaths: 0.
num_vsnodes_births: 3.
num_vsnodes_deaths: 0.
num_space_committed: 188.
num_space_uncommitted: 0.
num_chunks_returned_to_freelist: 0.
num_chunks_taken_from_freelist: 187.
num_chunk_merges: 0.
num_chunk_splits: 115.
num_chunks_enlarged: 94.
num_purges: 0.
num_inconsistent_stats: 0.

CodeHeap 'non-profiled nmethods': size=120000Kb used=347Kb max_used=347Kb free=119652Kb
 bounds [0x0000018598100000, 0x0000018598370000, 0x000001859f630000]
CodeHeap 'profiled nmethods': size=120000Kb used=1696Kb max_used=1696Kb free=118303Kb
 bounds [0x0000018590630000, 0x00000185908a0000, 0x0000018597b60000]
CodeHeap 'non-nmethods': size=5760Kb used=1130Kb max_used=1168Kb free=4629Kb
 bounds [0x0000018597b60000, 0x0000018597dd0000, 0x0000018598100000]
 total_blobs=1327 nmethods=912 adapters=328
 compilation: enabled
              stopped_count=0, restarted_count=0
 full_count=0

Compilation events (20 events):
Event: 2.655 Thread 0x00000185ac474460  859       4       java.lang.StringCoding::hasNegatives (25 bytes)
Event: 2.655 Thread 0x00000185ac475e20 nmethod 857 0x00000185907c2890 code [0x00000185907c2b80, 0x00000185907c39e8]
Event: 2.655 Thread 0x00000185ac475e20  858       3       java.lang.ClassLoader::getNamedPackage (73 bytes)
Event: 2.655 Thread 0x00000185ac475e20 nmethod 858 0x00000185907c3f90 code [0x00000185907c4180, 0x00000185907c46e8]
Event: 2.658 Thread 0x00000185ac474460 nmethod 859 0x0000018598153a90 code [0x0000018598153c00, 0x0000018598153d78]
Event: 2.664 Thread 0x00000185ac475e20  860       3       java.lang.invoke.MemberName::isResolved (13 bytes)
Event: 2.664 Thread 0x00000185ac475e20 nmethod 860 0x00000185907c4910 code [0x00000185907c4aa0, 0x00000185907c4c18]
Event: 2.665 Thread 0x00000185ac474460  861       4       java.lang.String::startsWith (138 bytes)
Event: 2.666 Thread 0x00000185ac475e20  862       3       java.util.WeakHashMap::put (160 bytes)
Event: 2.667 Thread 0x00000185ac475e20 nmethod 862 0x00000185907c4c90 code [0x00000185907c4f20, 0x00000185907c5fa8]
Event: 2.669 Thread 0x00000185ac475e20  864       3       java.util.ArrayList::<init> (12 bytes)
Event: 2.669 Thread 0x00000185ac475e20 nmethod 864 0x00000185907c6510 code [0x00000185907c66c0, 0x00000185907c6958]
Event: 2.670 Thread 0x00000185ac475e20  865       3       sun.nio.fs.WindowsPath::elementAsString (62 bytes)
Event: 2.671 Thread 0x00000185ac475e20 nmethod 865 0x00000185907c6a90 code [0x00000185907c6ca0, 0x00000185907c7168]
Event: 2.671 Thread 0x00000185ac474460 nmethod 861 0x0000018598153e10 code [0x0000018598153fa0, 0x00000185981542b8]
Event: 2.671 Thread 0x00000185ac474460  863       4       java.lang.CharacterData::of (136 bytes)
Event: 2.672 Thread 0x00000185ac474460 nmethod 863 0x0000018598154490 code [0x0000018598154600, 0x0000018598154678]
Event: 2.673 Thread 0x00000185ac474460  866       4       java.io.WinNTFileSystem::normalize (143 bytes)
Event: 2.697 Thread 0x00000185ac475e20  867       1       java.lang.reflect.Method::getReturnType (5 bytes)
Event: 2.697 Thread 0x00000185ac475e20 nmethod 867 0x0000018598154790 code [0x0000018598154920, 0x00000185981549f8]

GC Heap History (2 events):
Event: 1.799 GC heap before
{Heap before GC invocations=0 (full 0):
 garbage-first heap   total 260096K, used 16384K [0x0000000702200000, 0x0000000800000000)
  region size 2048K, 6 young (12288K), 0 survivors (0K)
 Metaspace       used 8394K, committed 8576K, reserved 1056768K
  class space    used 736K, committed 832K, reserved 1048576K
}
Event: 1.804 GC heap after
{Heap after GC invocations=1 (full 0):
 garbage-first heap   total 260096K, used 2921K [0x0000000702200000, 0x0000000800000000)
  region size 2048K, 1 young (2048K), 1 survivors (2048K)
 Metaspace       used 8394K, committed 8576K, reserved 1056768K
  class space    used 736K, committed 832K, reserved 1048576K
}

Dll operation events (2 events):
Event: 0.028 Loaded shared library C:\Program Files\Android\Android Studio\jre\bin\java.dll
Event: 0.458 Loaded shared library C:\Program Files\Android\Android Studio\jre\bin\verify.dll

Deoptimization events (20 events):
Event: 2.427 Thread 0x000001858b98c830 Uncommon trap: trap_request=0xffffffde fr.pc=0x000001859811d978 relative=0x0000000000000418
Event: 2.427 Thread 0x000001858b98c830 Uncommon trap: reason=class_check action=maybe_recompile pc=0x000001859811d978 method=java.util.regex.Matcher.match(II)Z @ 121 c2
Event: 2.427 Thread 0x000001858b98c830 DEOPT PACKING pc=0x000001859811d978 sp=0x00000028970fda50
Event: 2.427 Thread 0x000001858b98c830 DEOPT UNPACKING pc=0x0000018597bb69a3 sp=0x00000028970fd9f8 mode 2
Event: 2.427 Thread 0x000001858b98c830 Uncommon trap: trap_request=0xffffffde fr.pc=0x000001859811d978 relative=0x0000000000000418
Event: 2.427 Thread 0x000001858b98c830 Uncommon trap: reason=class_check action=maybe_recompile pc=0x000001859811d978 method=java.util.regex.Matcher.match(II)Z @ 121 c2
Event: 2.427 Thread 0x000001858b98c830 DEOPT PACKING pc=0x000001859811d978 sp=0x00000028970fda50
Event: 2.427 Thread 0x000001858b98c830 DEOPT UNPACKING pc=0x0000018597bb69a3 sp=0x00000028970fd9f8 mode 2
Event: 2.427 Thread 0x000001858b98c830 Uncommon trap: trap_request=0xffffffde fr.pc=0x000001859811d978 relative=0x0000000000000418
Event: 2.427 Thread 0x000001858b98c830 Uncommon trap: reason=class_check action=maybe_recompile pc=0x000001859811d978 method=java.util.regex.Matcher.match(II)Z @ 121 c2
Event: 2.427 Thread 0x000001858b98c830 DEOPT PACKING pc=0x000001859811d978 sp=0x00000028970fd8d0
Event: 2.427 Thread 0x000001858b98c830 DEOPT UNPACKING pc=0x0000018597bb69a3 sp=0x00000028970fd878 mode 2
Event: 2.427 Thread 0x000001858b98c830 Uncommon trap: trap_request=0xffffffde fr.pc=0x000001859811d978 relative=0x0000000000000418
Event: 2.427 Thread 0x000001858b98c830 Uncommon trap: reason=class_check action=maybe_recompile pc=0x000001859811d978 method=java.util.regex.Matcher.match(II)Z @ 121 c2
Event: 2.427 Thread 0x000001858b98c830 DEOPT PACKING pc=0x000001859811d978 sp=0x00000028970fd8d0
Event: 2.427 Thread 0x000001858b98c830 DEOPT UNPACKING pc=0x0000018597bb69a3 sp=0x00000028970fd878 mode 2
Event: 2.522 Thread 0x000001858b98c830 DEOPT PACKING pc=0x0000018590727b8b sp=0x00000028970f91f0
Event: 2.522 Thread 0x000001858b98c830 DEOPT UNPACKING pc=0x0000018597bb7143 sp=0x00000028970f8650 mode 0
Event: 2.655 Thread 0x000001858b98c830 DEOPT PACKING pc=0x000001859068d156 sp=0x00000028970fbf10
Event: 2.655 Thread 0x000001858b98c830 DEOPT UNPACKING pc=0x0000018597bb7143 sp=0x00000028970fb398 mode 0

Classes unloaded (0 events):
No events

Classes redefined (0 events):
No events

Internal exceptions (9 events):
Event: 0.790 Thread 0x000001858b98c830 Exception <a 'java/lang/NoSuchMethodError'{0x0000000711d1d138}: 'int java.lang.invoke.DirectMethodHandle$Holder.invokeStaticInit(java.lang.Object, java.lang.Object)'> (0x0000000711d1d138) 
thrown [s\src\hotspot\share\interpreter\linkResolver.cpp, line 771]
Event: 2.434 Thread 0x000001858b98c830 Exception <a 'java/lang/NoSuchMethodError'{0x00000007119976b0}: 'void java.lang.invoke.DirectMethodHandle$Holder.invokeStatic(java.lang.Object, java.lang.Object)'> (0x00000007119976b0) 
thrown [s\src\hotspot\share\interpreter\linkResolver.cpp, line 771]
Event: 2.492 Thread 0x000001858b98c830 Exception <a 'java/lang/NoClassDefFoundError'{0x0000000711620878}: org/slf4j/impl/StaticMarkerBinder> (0x0000000711620878) 
thrown [s\src\hotspot\share\classfile\systemDictionary.cpp, line 245]
Event: 2.537 Thread 0x000001858b98c830 Exception <a 'java/lang/NoSuchMethodError'{0x00000007116bb9f0}: 'java.lang.Object java.lang.invoke.DirectMethodHandle$Holder.invokeVirtual(java.lang.Object, java.lang.Object, java.lang.Object, java.lang.Object, java.lang.Object, java.lang.Object, java.lang.Object)'> (0x00000007116bb9f0) 
thrown [s\src\hotspot\share\interpreter\linkResolver.cpp, line 771]
Event: 2.544 Thread 0x000001858b98c830 Exception <a 'java/lang/NoSuchMethodError'{0x00000007116ccaf0}: 'java.lang.Object java.lang.invoke.Invokers$Holder.invoker(java.lang.Object, java.lang.Object, java.lang.Object)'> (0x00000007116ccaf0) 
thrown [s\src\hotspot\share\interpreter\linkResolver.cpp, line 771]
Event: 2.547 Thread 0x000001858b98c830 Exception <a 'java/lang/NoSuchMethodError'{0x00000007116d5b98}: 'java.lang.Object java.lang.invoke.DirectMethodHandle$Holder.invokeStatic(java.lang.Object, java.lang.Object, int)'> (0x00000007116d5b98) 
thrown [s\src\hotspot\share\interpreter\linkResolver.cpp, line 771]
Event: 2.551 Thread 0x000001858b98c830 Exception <a 'java/lang/NoSuchMethodError'{0x00000007116e1c28}: 'void java.lang.invoke.DelegatingMethodHandle$Holder.delegate(java.lang.Object, java.lang.Object, int, java.lang.Object)'> (0x00000007116e1c28) 
thrown [s\src\hotspot\share\interpreter\linkResolver.cpp, line 771]
Event: 2.551 Thread 0x000001858b98c830 Exception <a 'java/lang/NoSuchMethodError'{0x00000007116e5d70}: 'int java.lang.invoke.DirectMethodHandle$Holder.invokeSpecial(java.lang.Object, java.lang.Object, java.lang.Object)'> (0x00000007116e5d70) 
thrown [s\src\hotspot\share\interpreter\linkResolver.cpp, line 771]
Event: 2.568 Thread 0x000001858b98c830 Exception <a 'java/lang/NoSuchMethodError'{0x00000007116f8f28}: 'java.lang.Object java.lang.invoke.Invokers$Holder.invokeExact_MT(java.lang.Object, java.lang.Object, java.lang.Object, java.lang.Object)'> (0x00000007116f8f28) 
thrown [s\src\hotspot\share\interpreter\linkResolver.cpp, line 771]

VM Operations (10 events):
Event: 0.451 Executing VM operation: HandshakeAllThreads
Event: 0.451 Executing VM operation: HandshakeAllThreads done
Event: 1.460 Executing VM operation: Cleanup
Event: 1.460 Executing VM operation: Cleanup done
Event: 1.799 Executing VM operation: G1CollectForAllocation
Event: 1.804 Executing VM operation: G1CollectForAllocation done
Event: 2.120 Executing VM operation: HandshakeAllThreads
Event: 2.120 Executing VM operation: HandshakeAllThreads done
Event: 2.547 Executing VM operation: HandshakeAllThreads
Event: 2.547 Executing VM operation: HandshakeAllThreads done

Events (20 events):
Event: 2.664 loading class java/util/concurrent/ThreadPoolExecutor$Worker done
Event: 2.664 loading class java/lang/Thread$State
Event: 2.665 loading class java/lang/Thread$State done
Event: 2.665 Thread 0x00000185ad272390 Thread added: 0x00000185ad272390
Event: 2.690 loading class java/util/concurrent/TimeUnit$1
Event: 2.690 loading class java/util/concurrent/TimeUnit$1 done
Event: 2.690 loading class java/time/temporal/ChronoUnit
Event: 2.691 loading class java/time/temporal/TemporalUnit
Event: 2.691 loading class java/time/temporal/TemporalUnit done
Event: 2.691 loading class java/time/temporal/ChronoUnit done
Event: 2.691 loading class java/time/Duration
Event: 2.694 loading class java/time/temporal/TemporalAmount
Event: 2.695 loading class java/time/temporal/TemporalAmount done
Event: 2.698 loading class sun/reflect/generics/scope/MethodScope
Event: 2.698 loading class java/time/Duration done
Event: 2.698 loading class sun/reflect/generics/scope/MethodScope done
Event: 2.698 loading class sun/reflect/generics/repository/MethodRepository
Event: 2.698 loading class sun/reflect/generics/repository/ConstructorRepository
Event: 2.698 loading class sun/reflect/generics/repository/ConstructorRepository done
Event: 2.698 loading class sun/reflect/generics/repository/MethodRepository done


Dynamic libraries:
0x00007ff6ee720000 - 0x00007ff6ee72a000 	C:\Program Files\Android\Android Studio\jre\bin\java.exe
0x00007ffdaea90000 - 0x00007ffdaec88000 	C:\Windows\SYSTEM32\ntdll.dll
0x00007ffdae410000 - 0x00007ffdae4cd000 	C:\Windows\System32\KERNEL32.DLL
0x00007ffdac730000 - 0x00007ffdaca26000 	C:\Windows\System32\KERNELBASE.dll
0x00007ffdac450000 - 0x00007ffdac550000 	C:\Windows\System32\ucrtbase.dll
0x00007ffda4750000 - 0x00007ffda4767000 	C:\Program Files\Android\Android Studio\jre\bin\jli.dll
0x00007ffdacaf0000 - 0x00007ffdacc8e000 	C:\Windows\System32\USER32.dll
0x00007ffdac550000 - 0x00007ffdac572000 	C:\Windows\System32\win32u.dll
0x00007ffdadf50000 - 0x00007ffdadf7c000 	C:\Windows\System32\GDI32.dll
0x00007ffdac330000 - 0x00007ffdac44a000 	C:\Windows\System32\gdi32full.dll
0x00007ffdac220000 - 0x00007ffdac2bd000 	C:\Windows\System32\msvcp_win.dll
0x00007ffda4730000 - 0x00007ffda474b000 	C:\Program Files\Android\Android Studio\jre\bin\VCRUNTIME140.dll
0x00007ffd99730000 - 0x00007ffd999ca000 	C:\Windows\WinSxS\amd64_microsoft.windows.common-controls_6595b64144ccf1df_6.0.19041.1110_none_60b5254171f9507e\COMCTL32.dll
0x00007ffdae070000 - 0x00007ffdae10e000 	C:\Windows\System32\msvcrt.dll
0x00007ffdacda0000 - 0x00007ffdacdd0000 	C:\Windows\System32\IMM32.DLL
0x00007ffd88c00000 - 0x00007ffd88c0c000 	C:\Program Files\Android\Android Studio\jre\bin\vcruntime140_1.dll
0x00007ffd35110000 - 0x00007ffd3519d000 	C:\Program Files\Android\Android Studio\jre\bin\msvcp140.dll
0x00007ffd23580000 - 0x00007ffd241ee000 	C:\Program Files\Android\Android Studio\jre\bin\server\jvm.dll
0x00007ffdad650000 - 0x00007ffdad6fe000 	C:\Windows\System32\ADVAPI32.dll
0x00007ffdada70000 - 0x00007ffdadb0c000 	C:\Windows\System32\sechost.dll
0x00007ffdae2e0000 - 0x00007ffdae406000 	C:\Windows\System32\RPCRT4.dll
0x00007ffd96b90000 - 0x00007ffd96b99000 	C:\Windows\SYSTEM32\WSOCK32.dll
0x00007ffdadf80000 - 0x00007ffdadfeb000 	C:\Windows\System32\WS2_32.dll
0x00007ffd99480000 - 0x00007ffd994a7000 	C:\Windows\SYSTEM32\WINMM.dll
0x00007ffda1e50000 - 0x00007ffda1e5a000 	C:\Windows\SYSTEM32\VERSION.dll
0x00007ffdaa9e0000 - 0x00007ffdaa9f2000 	C:\Windows\SYSTEM32\kernel.appcore.dll
0x00007ffd80f30000 - 0x00007ffd80f3a000 	C:\Program Files\Android\Android Studio\jre\bin\jimage.dll
0x00007ffda6eb0000 - 0x00007ffda7094000 	C:\Windows\SYSTEM32\DBGHELP.DLL
0x00007ffd93620000 - 0x00007ffd93654000 	C:\Windows\SYSTEM32\dbgcore.DLL
0x00007ffdaca60000 - 0x00007ffdacae2000 	C:\Windows\System32\bcryptPrimitives.dll
0x00007ffd49ad0000 - 0x00007ffd49af5000 	C:\Program Files\Android\Android Studio\jre\bin\java.dll
0x00007ffd49ab0000 - 0x00007ffd49ac8000 	C:\Program Files\Android\Android Studio\jre\bin\zip.dll
0x00007ffdacdd0000 - 0x00007ffdad515000 	C:\Windows\System32\SHELL32.dll
0x00007ffda70a0000 - 0x00007ffda783b000 	C:\Windows\SYSTEM32\windows.storage.dll
0x00007ffdadbf0000 - 0x00007ffdadf44000 	C:\Windows\System32\combase.dll
0x00007ffdabae0000 - 0x00007ffdabb0e000 	C:\Windows\SYSTEM32\Wldp.dll
0x00007ffdae110000 - 0x00007ffdae1bd000 	C:\Windows\System32\SHCORE.dll
0x00007ffdacd40000 - 0x00007ffdacd95000 	C:\Windows\System32\shlwapi.dll
0x00007ffdac0a0000 - 0x00007ffdac0c5000 	C:\Windows\SYSTEM32\profapi.dll
0x00007ffd47880000 - 0x00007ffd47899000 	C:\Program Files\Android\Android Studio\jre\bin\net.dll
0x00007ffda2150000 - 0x00007ffda225a000 	C:\Windows\SYSTEM32\WINHTTP.dll
0x00007ffdab840000 - 0x00007ffdab8aa000 	C:\Windows\system32\mswsock.dll
0x00007ffd47830000 - 0x00007ffd47846000 	C:\Program Files\Android\Android Studio\jre\bin\nio.dll
0x00007ffd7dd10000 - 0x00007ffd7dd20000 	C:\Program Files\Android\Android Studio\jre\bin\verify.dll
0x00007ffd38790000 - 0x00007ffd387b7000 	C:\Users\hedra\.gradle\native\e1d6ef7f7dcc3fd88c89a11ec53ec762bb8ba0a96d01ffa2cd45eb1d1d8dd5c5\windows-amd64\native-platform.dll

dbghelp: loaded successfully - version: 4.0.5 - missing functions: none
symbol engine: initialized successfully - sym options: 0x614 - pdb path: .;C:\Program Files\Android\Android Studio\jre\bin;C:\Windows\SYSTEM32;C:\Windows\WinSxS\amd64_microsoft.windows.common-controls_6595b64144ccf1df_6.0.19041.1110_none_60b5254171f9507e;C:\Program Files\Android\Android Studio\jre\bin\server;C:\Users\hedra\.gradle\native\e1d6ef7f7dcc3fd88c89a11ec53ec762bb8ba0a96d01ffa2cd45eb1d1d8dd5c5\windows-amd64

VM Arguments:
jvm_args: -Dorg.gradle.appname=gradlew 
java_command: org.gradle.wrapper.GradleWrapperMain -q -Ptarget-platform=android-x64 -Ptarget=D:\Naouma Last\lib\main.dart -Pbase-application-name=android.app.Application -Pdart-defines=Zmx1dHRlci5pbnNwZWN0b3Iuc3RydWN0dXJlZEVycm9ycz10cnVl,RkxVVFRFUl9XRUJfQVVUT19ERVRFQ1Q9dHJ1ZQ== -Pdart-obfuscation=false -Ptrack-widget-creation=true -Ptree-shake-icons=false -Pfilesystem-scheme=org-dartlang-root assembleDebug
java_class_path (initial): D:\Naouma Last\android\\gradle\wrapper\gradle-wrapper.jar
Launcher Type: SUN_STANDARD

[Global flags]
     intx CICompilerCount                          = 3                                         {product} {ergonomic}
     uint ConcGCThreads                            = 1                                         {product} {ergonomic}
     uint G1ConcRefinementThreads                  = 4                                         {product} {ergonomic}
   size_t G1HeapRegionSize                         = 2097152                                   {product} {ergonomic}
    uintx GCDrainStackTargetSize                   = 64                                        {product} {ergonomic}
   size_t InitialHeapSize                          = 266338304                                 {product} {ergonomic}
   size_t MarkStackSize                            = 4194304                                   {product} {ergonomic}
   size_t MaxHeapSize                              = 4259315712                                {product} {ergonomic}
   size_t MaxNewSize                               = 2554331136                                {product} {ergonomic}
   size_t MinHeapDeltaBytes                        = 2097152                                   {product} {ergonomic}
   size_t MinHeapSize                              = 8388608                                   {product} {ergonomic}
    uintx NonNMethodCodeHeapSize                   = 5832780                                {pd product} {ergonomic}
    uintx NonProfiledCodeHeapSize                  = 122912730                              {pd product} {ergonomic}
    uintx ProfiledCodeHeapSize                     = 122912730                              {pd product} {ergonomic}
    uintx ReservedCodeCacheSize                    = 251658240                              {pd product} {ergonomic}
     bool SegmentedCodeCache                       = true                                      {product} {ergonomic}
   size_t SoftMaxHeapSize                          = 4259315712                             {manageable} {ergonomic}
     bool UseCompressedClassPointers               = true                           {product lp64_product} {ergonomic}
     bool UseCompressedOops                        = true                           {product lp64_product} {ergonomic}
     bool UseG1GC                                  = true                                      {product} {ergonomic}
     bool UseLargePagesIndividualAllocation        = false                                  {pd product} {ergonomic}

Logging:
Log output configuration:
 #0: stdout all=warning uptime,level,tags
 #1: stderr all=off uptime,level,tags

Environment Variables:
JAVA_HOME=C:\Program Files\Android\Android Studio\jre
CLASSPATH=D:\Naouma Last\android\\gradle\wrapper\gradle-wrapper.jar
PATH=C:\Program Files\Common Files\Oracle\Java\javapath;C:\Windows\system32;C:\Windows;C:\Windows\System32\Wbem;C:\Windows\System32\WindowsPowerShell\v1.0\;C:\Windows\System32\OpenSSH\;C:\Program Files\dotnet\;C:\Program Files (x86)\Intel\Intel(R) Management Engine Components\DAL;C:\Program Files\Intel\Intel(R) Management Engine Components\DAL;C:\Program Files\Git\cmd;D:\nauma\flutter-3.0\bin;C:\Program Files\Git\cmd;C:\Program Files\nodejs\;C:\ProgramData\chocolatey;C:\Program Files\PuTTY\;C:\Users\hedra\AppData\Local\Microsoft\WindowsApps;C:\Program Files\Git;C:\flutter;C:\Users\hedra\AppData\Roaming\npm;C:\Users\hedra\AppData\Local\Programs\Microsoft VS Code\bin;C:\Users\hedra\AppData\Local\GitHubDesktop\bin;C:\Users\hedra\AppData\Local\Google\Cloud SDK\google-cloud-sdk\bin;C:\flutter\bin\mingit\cmd
USERNAME=hedra
OS=Windows_NT
PROCESSOR_IDENTIFIER=Intel64 Family 6 Model 142 Stepping 9, GenuineIntel
TMP=C:\Users\hedra\AppData\Local\Temp
TEMP=C:\Users\hedra\AppData\Local\Temp


JNI global refs:
JNI global refs: 7, weak refs: 0

JNI global refs memory usage: 843, weak refs: 841


---------------  S Y S T E M  ---------------

OS:
 Windows 10 , 64 bit Build 19041 (10.0.19041.3393)
OS uptime: 0 days 3:58 hours

CPU: total 4 (initial active 4) (2 cores per cpu, 2 threads per core) family 6 model 142 stepping 9 microcode 0xf4, cx8, cmov, fxsr, ht, mmx, 3dnowpref, sse, sse2, sse3, ssse3, sse4.1, sse4.2, popcnt, lzcnt, tsc, tscinvbit, avx, avx2, aes, erms, clmul, bmi1, bmi2, rtm, adx, fma, vzeroupper, clflush, clflushopt

Memory: 4k page, system-wide physical 16242M (3821M free)
TotalPageFile size 17266M (AvailPageFile size 2M)
current process WorkingSet (physical memory assigned to process): 71M, peak: 71M
current process commit charge ("private bytes"): 347M, peak: 347M

vm_info: OpenJDK 64-Bit Server VM (17.0.6+0-b2043.56-10027231) for windows-amd64 JRE (17.0.6+0-b2043.56-10027231), built on Apr 28 2023 00:43:19 by "androidbuild" with MS VC++ 16.10 / 16.11 (VS2019)

END.
