#
# There is insufficient memory for the Java Runtime Environment to continue.
# Native memory allocation (malloc) failed to allocate 32744 bytes for ChunkPool::allocate
# Possible reasons:
#   The system is out of physical RAM or swap space
#   The process is running with CompressedOops enabled, and the Java Heap may be blocking the growth of the native heap
# Possible solutions:
#   Reduce memory load on the system
#   Increase physical memory or swap space
#   Check if swap backing store is full
#   Decrease Java heap size (-Xmx/-Xms)
#   Decrease number of Java threads
#   Decrease Java thread stack sizes (-Xss)
#   Set larger code cache with -XX:ReservedCodeCacheSize=
#   JVM is running with Zero Based Compressed Oops mode in which the Java heap is
#     placed in the first 32GB address space. The Java Heap base address is the
#     maximum limit for the native heap growth. Please use -XX:HeapBaseMinAddress
#     to set the Java Heap base and to place the Java Heap above 32GB virtual address.
# This output file may be truncated or incomplete.
#
#  Out of Memory Error (arena.cpp:78), pid=12292, tid=5836
#
# JRE version: OpenJDK Runtime Environment (17.0.6) (build 17.0.6+0-b2043.56-10027231)
# Java VM: OpenJDK 64-Bit Server VM (17.0.6+0-b2043.56-10027231, mixed mode, tiered, compressed oops, compressed class ptrs, g1 gc, windows-amd64)
# No core dump will be written. Minidumps are not enabled by default on client versions of Windows
#

---------------  S U M M A R Y ------------

Command Line: --add-opens=java.base/java.util=ALL-UNNAMED --add-opens=java.base/java.lang=ALL-UNNAMED --add-opens=java.base/java.lang.invoke=ALL-UNNAMED --add-opens=java.base/java.util=ALL-UNNAMED --add-opens=java.prefs/java.util.prefs=ALL-UNNAMED --add-opens=java.prefs/java.util.prefs=ALL-UNNAMED --add-opens=java.base/java.nio.charset=ALL-UNNAMED --add-opens=java.base/java.net=ALL-UNNAMED --add-opens=java.base/java.util.concurrent.atomic=ALL-UNNAMED -Xmx2536M -Dfile.encoding=windows-1252 -Duser.country=US -Duser.language=en -Duser.variant org.gradle.launcher.daemon.bootstrap.GradleDaemon 7.3.3

Host: Intel(R) Core(TM) i5-7300U CPU @ 2.60GHz, 4 cores, 15G,  Windows 10 , 64 bit Build 19041 (10.0.19041.3393)
Time: Mon Sep 25 18:06:18 2023 Egypt Daylight Time elapsed time: 70.313448 seconds (0d 0h 1m 10s)

---------------  T H R E A D  ---------------

Current thread (0x00000296eac65400):  JavaThread "C2 CompilerThread0" daemon [_thread_in_native, id=5836, stack(0x000000f0af600000,0x000000f0af700000)]


Current CompileTask:
C2:  70313 16055       4       org.gradle.internal.logging.text.AbstractLineChoppingStyledTextOutput::doAppend (43 bytes)

Stack: [0x000000f0af600000,0x000000f0af700000]
Native frames: (J=compiled Java code, j=interpreted, Vv=VM code, C=native code)
V  [jvm.dll+0x683c9a]
V  [jvm.dll+0x8427a4]
V  [jvm.dll+0x843f9e]
V  [jvm.dll+0x844603]
V  [jvm.dll+0x249b75]
V  [jvm.dll+0xabecc]
V  [jvm.dll+0xac27c]
V  [jvm.dll+0x36e380]
V  [jvm.dll+0x36d8d1]
V  [jvm.dll+0x36d914]
V  [jvm.dll+0x56b6e1]
V  [jvm.dll+0x56beb3]
V  [jvm.dll+0x332f60]
V  [jvm.dll+0x3323da]
V  [jvm.dll+0x21c201]
V  [jvm.dll+0x21b621]
V  [jvm.dll+0x1a4fdd]
V  [jvm.dll+0x22b098]
V  [jvm.dll+0x229159]
V  [jvm.dll+0x7f81ec]
V  [jvm.dll+0x7f274a]
V  [jvm.dll+0x682ad5]
C  [ucrtbase.dll+0x21bb2]
C  [KERNEL32.DLL+0x17344]
C  [ntdll.dll+0x526b1]


---------------  P R O C E S S  ---------------

Threads class SMR info:
_java_thread_list=0x00000296f3e52fa0, length=87, elements={
0x00000296cd9fc4b0, 0x00000296ea194d60, 0x00000296ea195ae0, 0x00000296eac4c6b0,
0x00000296eac50090, 0x00000296eac52960, 0x00000296eac53220, 0x00000296eac65400,
0x00000296eacc37c0, 0x00000296eacc7cf0, 0x00000296eadd7030, 0x00000296eadd7500,
0x00000296eb29d010, 0x00000296ebbaca80, 0x00000296eb0d7160, 0x00000296eb149330,
0x00000296eb94ef10, 0x00000296eaf2c1b0, 0x00000296eaf2d4f0, 0x00000296eaf2ae70,
0x00000296eaf2a000, 0x00000296eaf2c680, 0x00000296eaf2b810, 0x00000296eaf2a9a0,
0x00000296eaf2b340, 0x00000296eaf2d9c0, 0x00000296eaf2cb50, 0x00000296eaf2bce0,
0x00000296eaf2d020, 0x00000296ed4d8f10, 0x00000296ed4d5080, 0x00000296ed4d4bb0,
0x00000296ed4d93e0, 0x00000296ed4d3d40, 0x00000296ed4d80a0, 0x00000296ed4d5550,
0x00000296ed4d5a20, 0x00000296ed4d8570, 0x00000296ed4d8a40, 0x00000296ed4d9d80,
0x00000296ed4da250, 0x00000296ed4da720, 0x00000296ed4dabf0, 0x00000296ed4d33a0,
0x00000296eb192530, 0x00000296eb194210, 0x00000296eb192ed0, 0x00000296eb1933a0,
0x00000296eb197bd0, 0x00000296eb1946e0, 0x00000296eb192a00, 0x00000296eb195080,
0x00000296eb195550, 0x00000296eb1993e0, 0x00000296eb1963c0, 0x00000296eb193870,
0x00000296eb197700, 0x00000296eb196d60, 0x00000296eb1998b0, 0x00000296eb196890,
0x00000296eb193d40, 0x00000296eb194bb0, 0x00000296eb198570, 0x00000296eb195a20,
0x00000296eb195ef0, 0x00000296eb197230, 0x00000296eb1980a0, 0x00000296eb198a40,
0x00000296eb198f10, 0x00000296eb192060, 0x00000296eafabe00, 0x00000296eafac7a0,
0x00000296eafa5420, 0x00000296eafa6760, 0x00000296eafa6290, 0x00000296eafaaf90,
0x00000296eafa9c50, 0x00000296eafa5dc0, 0x00000296eafa8910, 0x00000296eafa92b0,
0x00000296f6371fb0, 0x00000296f6372480, 0x00000296f636eac0, 0x00000296f63702d0,
0x00000296f768da00, 0x00000296f768e3a0, 0x00000296f768e870
}

Java Threads: ( => current thread )
  0x00000296cd9fc4b0 JavaThread "main" [_thread_blocked, id=14080, stack(0x000000f0ae800000,0x000000f0ae900000)]
  0x00000296ea194d60 JavaThread "Reference Handler" daemon [_thread_blocked, id=6312, stack(0x000000f0af000000,0x000000f0af100000)]
  0x00000296ea195ae0 JavaThread "Finalizer" daemon [_thread_blocked, id=12016, stack(0x000000f0af100000,0x000000f0af200000)]
  0x00000296eac4c6b0 JavaThread "Signal Dispatcher" daemon [_thread_blocked, id=11228, stack(0x000000f0af200000,0x000000f0af300000)]
  0x00000296eac50090 JavaThread "Attach Listener" daemon [_thread_blocked, id=9872, stack(0x000000f0af300000,0x000000f0af400000)]
  0x00000296eac52960 JavaThread "Service Thread" daemon [_thread_blocked, id=4760, stack(0x000000f0af400000,0x000000f0af500000)]
  0x00000296eac53220 JavaThread "Monitor Deflation Thread" daemon [_thread_blocked, id=12936, stack(0x000000f0af500000,0x000000f0af600000)]
=>0x00000296eac65400 JavaThread "C2 CompilerThread0" daemon [_thread_in_native, id=5836, stack(0x000000f0af600000,0x000000f0af700000)]
  0x00000296eacc37c0 JavaThread "C1 CompilerThread0" daemon [_thread_blocked, id=1200, stack(0x000000f0af700000,0x000000f0af800000)]
  0x00000296eacc7cf0 JavaThread "Sweeper thread" daemon [_thread_blocked, id=5260, stack(0x000000f0af800000,0x000000f0af900000)]
  0x00000296eadd7030 JavaThread "Common-Cleaner" daemon [_thread_blocked, id=12180, stack(0x000000f0af900000,0x000000f0afa00000)]
  0x00000296eadd7500 JavaThread "Notification Thread" daemon [_thread_blocked, id=6588, stack(0x000000f0afa00000,0x000000f0afb00000)]
  0x00000296eb29d010 JavaThread "Daemon health stats" [_thread_blocked, id=10100, stack(0x000000f0aff00000,0x000000f0b0000000)]
  0x00000296ebbaca80 JavaThread "Incoming local TCP Connector on port 59298" [_thread_in_native, id=1968, stack(0x000000f0b0000000,0x000000f0b0100000)]
  0x00000296eb0d7160 JavaThread "Daemon periodic checks" [_thread_blocked, id=6028, stack(0x000000f0b0100000,0x000000f0b0200000)]
  0x00000296eb149330 JavaThread "Daemon" [_thread_blocked, id=1732, stack(0x000000f0b0200000,0x000000f0b0300000)]
  0x00000296eb94ef10 JavaThread "Handler for socket connection from /127.0.0.1:59298 to /127.0.0.1:59299" [_thread_in_native, id=11052, stack(0x000000f0b0300000,0x000000f0b0400000)]
  0x00000296eaf2c1b0 JavaThread "Cancel handler" [_thread_blocked, id=13736, stack(0x000000f0b0400000,0x000000f0b0500000)]
  0x00000296eaf2d4f0 JavaThread "Daemon worker" [_thread_blocked, id=15532, stack(0x000000f0b0500000,0x000000f0b0600000)]
  0x00000296eaf2ae70 JavaThread "Asynchronous log dispatcher for DefaultDaemonConnection: socket connection from /127.0.0.1:59298 to /127.0.0.1:59299" [_thread_blocked, id=8032, stack(0x000000f0b0600000,0x000000f0b0700000)]
  0x00000296eaf2a000 JavaThread "Stdin handler" [_thread_blocked, id=12272, stack(0x000000f0b0700000,0x000000f0b0800000)]
  0x00000296eaf2c680 JavaThread "Daemon client event forwarder" [_thread_blocked, id=5312, stack(0x000000f0b0800000,0x000000f0b0900000)]
  0x00000296eaf2b810 JavaThread "Cache worker for journal cache (C:\Users\hedra\.gradle\caches\journal-1)" [_thread_blocked, id=5004, stack(0x000000f0b0900000,0x000000f0b0a00000)]
  0x00000296eaf2a9a0 JavaThread "File lock request listener" [_thread_in_native, id=6520, stack(0x000000f0b0a00000,0x000000f0b0b00000)]
  0x00000296eaf2b340 JavaThread "Cache worker for file hash cache (C:\Users\hedra\.gradle\caches\7.3.3\fileHashes)" [_thread_blocked, id=3096, stack(0x000000f0b0b00000,0x000000f0b0c00000)]
  0x00000296eaf2d9c0 JavaThread "Cache worker for file hash cache (D:\Naouma Last\android\.gradle\7.3.3\fileHashes)" [_thread_blocked, id=15688, stack(0x000000f0b0c00000,0x000000f0b0d00000)]
  0x00000296eaf2cb50 JavaThread "File watcher server" daemon [_thread_in_native, id=6248, stack(0x000000f0b0d00000,0x000000f0b0e00000)]
  0x00000296eaf2bce0 JavaThread "File watcher consumer" daemon [_thread_blocked, id=1740, stack(0x000000f0b0e00000,0x000000f0b0f00000)]
  0x00000296eaf2d020 JavaThread "Cache worker for checksums cache (D:\Naouma Last\android\.gradle\7.3.3\checksums)" [_thread_blocked, id=13932, stack(0x000000f0b0f00000,0x000000f0b1000000)]
  0x00000296ed4d8f10 JavaThread "Cache worker for cache directory md-supplier (C:\Users\hedra\.gradle\caches\7.3.3\md-supplier)" [_thread_blocked, id=16052, stack(0x000000f0b1000000,0x000000f0b1100000)]
  0x00000296ed4d5080 JavaThread "Cache worker for cache directory md-rule (C:\Users\hedra\.gradle\caches\7.3.3\md-rule)" [_thread_blocked, id=17000, stack(0x000000f0b1200000,0x000000f0b1300000)]
  0x00000296ed4d4bb0 JavaThread "Cache worker for execution history cache (C:\Users\hedra\.gradle\caches\7.3.3\executionHistory)" [_thread_blocked, id=13524, stack(0x000000f0b1300000,0x000000f0b1400000)]
  0x00000296ed4d93e0 JavaThread "jar transforms" [_thread_blocked, id=12640, stack(0x000000f0b1400000,0x000000f0b1500000)]
  0x00000296ed4d3d40 JavaThread "jar transforms Thread 2" [_thread_blocked, id=16988, stack(0x000000f0b1500000,0x000000f0b1600000)]
  0x00000296ed4d80a0 JavaThread "Cache worker for file content cache (C:\Users\hedra\.gradle\caches\7.3.3\fileContent)" [_thread_blocked, id=4988, stack(0x000000f0b1600000,0x000000f0b1700000)]
  0x00000296ed4d5550 JavaThread "jar transforms Thread 3" [_thread_blocked, id=14032, stack(0x000000f0b1100000,0x000000f0b1200000)]
  0x00000296ed4d5a20 JavaThread "jar transforms Thread 4" [_thread_blocked, id=7568, stack(0x000000f0b1700000,0x000000f0b1800000)]
  0x00000296ed4d8570 JavaThread "Cache worker for dependencies-accessors (D:\Naouma Last\android\.gradle\7.3.3\dependencies-accessors)" [_thread_blocked, id=15528, stack(0x000000f0b1900000,0x000000f0b1a00000)]
  0x00000296ed4d8a40 JavaThread "Cache worker for Build Output Cleanup Cache (D:\Naouma Last\android\.gradle\buildOutputCleanup)" [_thread_blocked, id=2400, stack(0x000000f0b1a00000,0x000000f0b1b00000)]
  0x00000296ed4d9d80 JavaThread "Unconstrained build operations" [_thread_blocked, id=15920, stack(0x000000f0b1b00000,0x000000f0b1c00000)]
  0x00000296ed4da250 JavaThread "Unconstrained build operations Thread 2" [_thread_blocked, id=13228, stack(0x000000f0b1c00000,0x000000f0b1d00000)]
  0x00000296ed4da720 JavaThread "Unconstrained build operations Thread 3" [_thread_blocked, id=5588, stack(0x000000f0b1d00000,0x000000f0b1e00000)]
  0x00000296ed4dabf0 JavaThread "Unconstrained build operations Thread 4" [_thread_blocked, id=11808, stack(0x000000f0b1e00000,0x000000f0b1f00000)]
  0x00000296ed4d33a0 JavaThread "Unconstrained build operations Thread 5" [_thread_blocked, id=7532, stack(0x000000f0b1f00000,0x000000f0b2000000)]
  0x00000296eb192530 JavaThread "Unconstrained build operations Thread 6" [_thread_blocked, id=11188, stack(0x000000f0b2000000,0x000000f0b2100000)]
  0x00000296eb194210 JavaThread "Unconstrained build operations Thread 7" [_thread_blocked, id=15808, stack(0x000000f0b2100000,0x000000f0b2200000)]
  0x00000296eb192ed0 JavaThread "Unconstrained build operations Thread 8" [_thread_blocked, id=16448, stack(0x000000f0b2200000,0x000000f0b2300000)]
  0x00000296eb1933a0 JavaThread "Unconstrained build operations Thread 9" [_thread_blocked, id=12192, stack(0x000000f0b2300000,0x000000f0b2400000)]
  0x00000296eb197bd0 JavaThread "Unconstrained build operations Thread 10" [_thread_blocked, id=1456, stack(0x000000f0b2400000,0x000000f0b2500000)]
  0x00000296eb1946e0 JavaThread "Unconstrained build operations Thread 11" [_thread_blocked, id=3564, stack(0x000000f0b2500000,0x000000f0b2600000)]
  0x00000296eb192a00 JavaThread "Unconstrained build operations Thread 12" [_thread_blocked, id=17232, stack(0x000000f0b2600000,0x000000f0b2700000)]
  0x00000296eb195080 JavaThread "Unconstrained build operations Thread 13" [_thread_blocked, id=6856, stack(0x000000f0b2700000,0x000000f0b2800000)]
  0x00000296eb195550 JavaThread "Unconstrained build operations Thread 14" [_thread_blocked, id=14612, stack(0x000000f0b2800000,0x000000f0b2900000)]
  0x00000296eb1993e0 JavaThread "Unconstrained build operations Thread 15" [_thread_blocked, id=2300, stack(0x000000f0b2900000,0x000000f0b2a00000)]
  0x00000296eb1963c0 JavaThread "Unconstrained build operations Thread 16" [_thread_blocked, id=12480, stack(0x000000f0b2a00000,0x000000f0b2b00000)]
  0x00000296eb193870 JavaThread "Unconstrained build operations Thread 17" [_thread_blocked, id=7196, stack(0x000000f0b2b00000,0x000000f0b2c00000)]
  0x00000296eb197700 JavaThread "Unconstrained build operations Thread 18" [_thread_blocked, id=8972, stack(0x000000f0b2c00000,0x000000f0b2d00000)]
  0x00000296eb196d60 JavaThread "Unconstrained build operations Thread 19" [_thread_blocked, id=5972, stack(0x000000f0b2d00000,0x000000f0b2e00000)]
  0x00000296eb1998b0 JavaThread "Unconstrained build operations Thread 20" [_thread_blocked, id=6364, stack(0x000000f0b2e00000,0x000000f0b2f00000)]
  0x00000296eb196890 JavaThread "Unconstrained build operations Thread 21" [_thread_blocked, id=11832, stack(0x000000f0b2f00000,0x000000f0b3000000)]
  0x00000296eb193d40 JavaThread "Unconstrained build operations Thread 22" [_thread_blocked, id=14564, stack(0x000000f0b3000000,0x000000f0b3100000)]
  0x00000296eb194bb0 JavaThread "Unconstrained build operations Thread 23" [_thread_blocked, id=14164, stack(0x000000f0b3100000,0x000000f0b3200000)]
  0x00000296eb198570 JavaThread "Unconstrained build operations Thread 24" [_thread_blocked, id=13280, stack(0x000000f0b3200000,0x000000f0b3300000)]
  0x00000296eb195a20 JavaThread "Unconstrained build operations Thread 25" [_thread_blocked, id=16924, stack(0x000000f0b3300000,0x000000f0b3400000)]
  0x00000296eb195ef0 JavaThread "Unconstrained build operations Thread 26" [_thread_blocked, id=16344, stack(0x000000f0b3400000,0x000000f0b3500000)]
  0x00000296eb197230 JavaThread "Unconstrained build operations Thread 27" [_thread_blocked, id=7544, stack(0x000000f0b3500000,0x000000f0b3600000)]
  0x00000296eb1980a0 JavaThread "Unconstrained build operations Thread 28" [_thread_blocked, id=6796, stack(0x000000f0b3600000,0x000000f0b3700000)]
  0x00000296eb198a40 JavaThread "Unconstrained build operations Thread 29" [_thread_blocked, id=14964, stack(0x000000f0b3700000,0x000000f0b3800000)]
  0x00000296eb198f10 JavaThread "Unconstrained build operations Thread 30" [_thread_blocked, id=13668, stack(0x000000f0b3800000,0x000000f0b3900000)]
  0x00000296eb192060 JavaThread "Unconstrained build operations Thread 31" [_thread_blocked, id=10836, stack(0x000000f0b3900000,0x000000f0b3a00000)]
  0x00000296eafabe00 JavaThread "Unconstrained build operations Thread 32" [_thread_blocked, id=13636, stack(0x000000f0b3a00000,0x000000f0b3b00000)]
  0x00000296eafac7a0 JavaThread "Unconstrained build operations Thread 33" [_thread_blocked, id=11552, stack(0x000000f0b3b00000,0x000000f0b3c00000)]
  0x00000296eafa5420 JavaThread "Unconstrained build operations Thread 34" [_thread_blocked, id=14076, stack(0x000000f0b3c00000,0x000000f0b3d00000)]
  0x00000296eafa6760 JavaThread "Unconstrained build operations Thread 35" [_thread_blocked, id=9660, stack(0x000000f0b3d00000,0x000000f0b3e00000)]
  0x00000296eafa6290 JavaThread "Unconstrained build operations Thread 36" [_thread_blocked, id=4012, stack(0x000000f0b3e00000,0x000000f0b3f00000)]
  0x00000296eafaaf90 JavaThread "Unconstrained build operations Thread 37" [_thread_blocked, id=6804, stack(0x000000f0b3f00000,0x000000f0b4000000)]
  0x00000296eafa9c50 JavaThread "Unconstrained build operations Thread 38" [_thread_blocked, id=6088, stack(0x000000f0b4000000,0x000000f0b4100000)]
  0x00000296eafa5dc0 JavaThread "Unconstrained build operations Thread 39" [_thread_blocked, id=3236, stack(0x000000f0b4100000,0x000000f0b4200000)]
  0x00000296eafa8910 JavaThread "Unconstrained build operations Thread 40" [_thread_blocked, id=8880, stack(0x000000f0b4200000,0x000000f0b4300000)]
  0x00000296eafa92b0 JavaThread "Memory manager" [_thread_blocked, id=11944, stack(0x000000f0b1800000,0x000000f0b1900000)]
  0x00000296f6371fb0 JavaThread "Execution worker for ':'" [_thread_blocked, id=9236, stack(0x000000f0b4600000,0x000000f0b4700000)]
  0x00000296f6372480 JavaThread "Execution worker for ':' Thread 2" [_thread_blocked, id=6580, stack(0x000000f0b4700000,0x000000f0b4800000)]
  0x00000296f636eac0 JavaThread "Execution worker for ':' Thread 3" [_thread_blocked, id=3992, stack(0x000000f0b4800000,0x000000f0b4900000)]
  0x00000296f63702d0 JavaThread "Cache worker for execution history cache (D:\Naouma Last\android\.gradle\7.3.3\executionHistory)" [_thread_blocked, id=5420, stack(0x000000f0b4900000,0x000000f0b4a00000)]
  0x00000296f768da00 JavaThread "Exec process" [_thread_in_native, id=12532, stack(0x000000f0b4a00000,0x000000f0b4b00000)]
  0x00000296f768e3a0 JavaThread "Exec process Thread 2" [_thread_in_native, id=10988, stack(0x000000f0b4b00000,0x000000f0b4c00000)]
  0x00000296f768e870 JavaThread "Exec process Thread 3" [_thread_in_native, id=15304, stack(0x000000f0b4c00000,0x000000f0b4d00000)]

Other Threads:
  0x00000296ea1911e0 VMThread "VM Thread" [stack: 0x000000f0aef00000,0x000000f0af000000] [id=11340]
  0x00000296eadd9df0 WatcherThread [stack: 0x000000f0afb00000,0x000000f0afc00000] [id=3792]
  0x00000296cda4c0d0 GCTaskThread "GC Thread#0" [stack: 0x000000f0aea00000,0x000000f0aeb00000] [id=3972]
  0x00000296eb36cbb0 GCTaskThread "GC Thread#1" [stack: 0x000000f0afc00000,0x000000f0afd00000] [id=14436]
  0x00000296eaf33f40 GCTaskThread "GC Thread#2" [stack: 0x000000f0afd00000,0x000000f0afe00000] [id=3324]
  0x00000296eae73ea0 GCTaskThread "GC Thread#3" [stack: 0x000000f0afe00000,0x000000f0aff00000] [id=7368]
  0x00000296cda56da0 ConcurrentGCThread "G1 Main Marker" [stack: 0x000000f0aeb00000,0x000000f0aec00000] [id=11624]
  0x00000296cda576c0 ConcurrentGCThread "G1 Conc#0" [stack: 0x000000f0aec00000,0x000000f0aed00000] [id=12156]
  0x00000296ea0124c0 ConcurrentGCThread "G1 Refine#0" [stack: 0x000000f0aed00000,0x000000f0aee00000] [id=8560]
  0x00000296ea012df0 ConcurrentGCThread "G1 Service" [stack: 0x000000f0aee00000,0x000000f0aef00000] [id=3688]

Threads with active compile tasks:
C2 CompilerThread0    70354 16055       4       org.gradle.internal.logging.text.AbstractLineChoppingStyledTextOutput::doAppend (43 bytes)

VM state: not at safepoint (normal execution)

VM Mutex/Monitor currently owned by a thread: None

Heap address: 0x0000000761800000, size: 2536 MB, Compressed Oops mode: Zero based, Oop shift amount: 3

CDS archive(s) not mapped
Compressed class space mapped at: 0x0000000800000000-0x0000000840000000, reserved size: 1073741824
Narrow klass base: 0x0000000800000000, Narrow klass shift: 0, Narrow klass range: 0x40000000

GC Precious Log:
 CPUs: 4 total, 4 available
 Memory: 16242M
 Large Page Support: Disabled
 NUMA Support: Disabled
 Compressed Oops: Enabled (Zero based)
 Heap Region Size: 2M
 Heap Min Capacity: 8M
 Heap Initial Capacity: 254M
 Heap Max Capacity: 2536M
 Pre-touch: Disabled
 Parallel Workers: 4
 Concurrent Workers: 1
 Concurrent Refinement Workers: 4
 Periodic GC: Disabled

Heap:
 garbage-first heap   total 618496K, used 352742K [0x0000000761800000, 0x0000000800000000)
  region size 2048K, 71 young (145408K), 2 survivors (4096K)
 Metaspace       used 100871K, committed 102400K, reserved 1138688K
  class space    used 13697K, committed 14336K, reserved 1048576K

Heap Regions: E=young(eden), S=young(survivor), O=old, HS=humongous(starts), HC=humongous(continues), CS=collection set, F=free, OA=open archive, CA=closed archive, TAMS=top-at-mark-start (previous, next)
|   0|0x0000000761800000, 0x0000000761a00000, 0x0000000761a00000|100%|HS|  |TAMS 0x0000000761a00000, 0x0000000761800000| Complete 
|   1|0x0000000761a00000, 0x0000000761c00000, 0x0000000761c00000|100%|HC|  |TAMS 0x0000000761c00000, 0x0000000761a00000| Complete 
|   2|0x0000000761c00000, 0x0000000761e00000, 0x0000000761e00000|100%| O|  |TAMS 0x0000000761e00000, 0x0000000761c00000| Untracked 
|   3|0x0000000761e00000, 0x0000000762000000, 0x0000000762000000|100%| O|  |TAMS 0x0000000762000000, 0x0000000761e00000| Untracked 
|   4|0x0000000762000000, 0x0000000762200000, 0x0000000762200000|100%| O|  |TAMS 0x0000000762200000, 0x0000000762000000| Untracked 
|   5|0x0000000762200000, 0x0000000762400000, 0x0000000762400000|100%| O|  |TAMS 0x0000000762400000, 0x0000000762200000| Untracked 
|   6|0x0000000762400000, 0x0000000762600000, 0x0000000762600000|100%| O|  |TAMS 0x0000000762600000, 0x0000000762400000| Untracked 
|   7|0x0000000762600000, 0x0000000762800000, 0x0000000762800000|100%| O|  |TAMS 0x0000000762800000, 0x0000000762600000| Untracked 
|   8|0x0000000762800000, 0x0000000762a00000, 0x0000000762a00000|100%| O|  |TAMS 0x0000000762a00000, 0x0000000762800000| Untracked 
|   9|0x0000000762a00000, 0x0000000762c00000, 0x0000000762c00000|100%| O|  |TAMS 0x0000000762c00000, 0x0000000762a00000| Untracked 
|  10|0x0000000762c00000, 0x0000000762e00000, 0x0000000762e00000|100%| O|  |TAMS 0x0000000762e00000, 0x0000000762c00000| Untracked 
|  11|0x0000000762e00000, 0x0000000763000000, 0x0000000763000000|100%| O|  |TAMS 0x0000000763000000, 0x0000000762e00000| Untracked 
|  12|0x0000000763000000, 0x0000000763200000, 0x0000000763200000|100%| O|  |TAMS 0x0000000763200000, 0x0000000763000000| Untracked 
|  13|0x0000000763200000, 0x0000000763400000, 0x0000000763400000|100%| O|  |TAMS 0x0000000763400000, 0x0000000763200000| Untracked 
|  14|0x0000000763400000, 0x0000000763600000, 0x0000000763600000|100%| O|  |TAMS 0x0000000763600000, 0x0000000763400000| Untracked 
|  15|0x0000000763600000, 0x0000000763800000, 0x0000000763800000|100%| O|  |TAMS 0x0000000763800000, 0x0000000763600000| Untracked 
|  16|0x0000000763800000, 0x0000000763a00000, 0x0000000763a00000|100%| O|  |TAMS 0x0000000763a00000, 0x0000000763800000| Untracked 
|  17|0x0000000763a00000, 0x0000000763c00000, 0x0000000763c00000|100%| O|  |TAMS 0x0000000763c00000, 0x0000000763a00000| Untracked 
|  18|0x0000000763c00000, 0x0000000763e00000, 0x0000000763e00000|100%|HS|  |TAMS 0x0000000763e00000, 0x0000000763c00000| Complete 
|  19|0x0000000763e00000, 0x0000000764000000, 0x0000000764000000|100%|HC|  |TAMS 0x0000000764000000, 0x0000000763e00000| Complete 
|  20|0x0000000764000000, 0x0000000764200000, 0x0000000764200000|100%| O|  |TAMS 0x0000000764200000, 0x0000000764000000| Untracked 
|  21|0x0000000764200000, 0x0000000764400000, 0x0000000764400000|100%| O|  |TAMS 0x0000000764400000, 0x0000000764200000| Untracked 
|  22|0x0000000764400000, 0x0000000764600000, 0x0000000764600000|100%|HS|  |TAMS 0x0000000764600000, 0x0000000764400000| Complete 
|  23|0x0000000764600000, 0x0000000764800000, 0x0000000764800000|100%| O|  |TAMS 0x0000000764800000, 0x0000000764600000| Untracked 
|  24|0x0000000764800000, 0x0000000764a00000, 0x0000000764a00000|100%| O|  |TAMS 0x0000000764a00000, 0x0000000764800000| Untracked 
|  25|0x0000000764a00000, 0x0000000764c00000, 0x0000000764c00000|100%| O|  |TAMS 0x0000000764c00000, 0x0000000764a00000| Untracked 
|  26|0x0000000764c00000, 0x0000000764e00000, 0x0000000764e00000|100%| O|  |TAMS 0x0000000764e00000, 0x0000000764c00000| Untracked 
|  27|0x0000000764e00000, 0x0000000765000000, 0x0000000765000000|100%| O|  |TAMS 0x0000000765000000, 0x0000000764e00000| Untracked 
|  28|0x0000000765000000, 0x0000000765200000, 0x0000000765200000|100%| O|  |TAMS 0x0000000765200000, 0x0000000765000000| Untracked 
|  29|0x0000000765200000, 0x0000000765400000, 0x0000000765400000|100%| O|  |TAMS 0x0000000765400000, 0x0000000765200000| Untracked 
|  30|0x0000000765400000, 0x0000000765600000, 0x0000000765600000|100%|HS|  |TAMS 0x0000000765600000, 0x0000000765400000| Complete 
|  31|0x0000000765600000, 0x0000000765800000, 0x0000000765800000|100%| O|  |TAMS 0x0000000765800000, 0x0000000765600000| Untracked 
|  32|0x0000000765800000, 0x0000000765a00000, 0x0000000765a00000|100%| O|  |TAMS 0x0000000765a00000, 0x0000000765800000| Untracked 
|  33|0x0000000765a00000, 0x0000000765c00000, 0x0000000765c00000|100%| O|  |TAMS 0x0000000765c00000, 0x0000000765a00000| Untracked 
|  34|0x0000000765c00000, 0x0000000765e00000, 0x0000000765e00000|100%| O|  |TAMS 0x0000000765e00000, 0x0000000765c00000| Untracked 
|  35|0x0000000765e00000, 0x0000000766000000, 0x0000000766000000|100%| O|  |TAMS 0x0000000766000000, 0x0000000765e00000| Untracked 
|  36|0x0000000766000000, 0x0000000766200000, 0x0000000766200000|100%| O|  |TAMS 0x0000000766200000, 0x0000000766000000| Untracked 
|  37|0x0000000766200000, 0x0000000766400000, 0x0000000766400000|100%| O|  |TAMS 0x0000000766400000, 0x0000000766200000| Untracked 
|  38|0x0000000766400000, 0x0000000766600000, 0x0000000766600000|100%| O|  |TAMS 0x0000000766600000, 0x0000000766400000| Untracked 
|  39|0x0000000766600000, 0x0000000766800000, 0x0000000766800000|100%|HS|  |TAMS 0x0000000766800000, 0x0000000766600000| Complete 
|  40|0x0000000766800000, 0x0000000766a00000, 0x0000000766a00000|100%|HC|  |TAMS 0x0000000766a00000, 0x0000000766800000| Complete 
|  41|0x0000000766a00000, 0x0000000766c00000, 0x0000000766c00000|100%| O|  |TAMS 0x0000000766c00000, 0x0000000766a00000| Untracked 
|  42|0x0000000766c00000, 0x0000000766e00000, 0x0000000766e00000|100%| O|  |TAMS 0x0000000766e00000, 0x0000000766c00000| Untracked 
|  43|0x0000000766e00000, 0x0000000767000000, 0x0000000767000000|100%| O|  |TAMS 0x0000000766e00000, 0x0000000766e00000| Untracked 
|  44|0x0000000767000000, 0x0000000767200000, 0x0000000767200000|100%| O|  |TAMS 0x0000000767200000, 0x0000000767000000| Untracked 
|  45|0x0000000767200000, 0x0000000767400000, 0x0000000767400000|100%| O|  |TAMS 0x0000000767400000, 0x0000000767200000| Untracked 
|  46|0x0000000767400000, 0x0000000767600000, 0x0000000767600000|100%| O|  |TAMS 0x0000000767600000, 0x0000000767400000| Untracked 
|  47|0x0000000767600000, 0x0000000767800000, 0x0000000767800000|100%| O|  |TAMS 0x0000000767800000, 0x0000000767600000| Untracked 
|  48|0x0000000767800000, 0x0000000767a00000, 0x0000000767a00000|100%| O|  |TAMS 0x0000000767a00000, 0x0000000767800000| Untracked 
|  49|0x0000000767a00000, 0x0000000767c00000, 0x0000000767c00000|100%| O|  |TAMS 0x0000000767c00000, 0x0000000767a00000| Untracked 
|  50|0x0000000767c00000, 0x0000000767e00000, 0x0000000767e00000|100%| O|  |TAMS 0x0000000767e00000, 0x0000000767c00000| Untracked 
|  51|0x0000000767e00000, 0x0000000768000000, 0x0000000768000000|100%| O|  |TAMS 0x0000000768000000, 0x0000000767e00000| Untracked 
|  52|0x0000000768000000, 0x0000000768200000, 0x0000000768200000|100%| O|  |TAMS 0x0000000768200000, 0x0000000768000000| Untracked 
|  53|0x0000000768200000, 0x0000000768400000, 0x0000000768400000|100%| O|  |TAMS 0x0000000768400000, 0x0000000768200000| Untracked 
|  54|0x0000000768400000, 0x0000000768600000, 0x0000000768600000|100%| O|  |TAMS 0x0000000768600000, 0x0000000768400000| Untracked 
|  55|0x0000000768600000, 0x0000000768800000, 0x0000000768800000|100%| O|  |TAMS 0x0000000768800000, 0x0000000768600000| Untracked 
|  56|0x0000000768800000, 0x0000000768a00000, 0x0000000768a00000|100%| O|  |TAMS 0x0000000768a00000, 0x0000000768800000| Untracked 
|  57|0x0000000768a00000, 0x0000000768c00000, 0x0000000768c00000|100%| O|  |TAMS 0x0000000768c00000, 0x0000000768a00000| Untracked 
|  58|0x0000000768c00000, 0x0000000768e00000, 0x0000000768e00000|100%| O|  |TAMS 0x0000000768e00000, 0x0000000768c00000| Untracked 
|  59|0x0000000768e00000, 0x0000000769000000, 0x0000000769000000|100%| O|  |TAMS 0x0000000769000000, 0x0000000768e00000| Untracked 
|  60|0x0000000769000000, 0x0000000769200000, 0x0000000769200000|100%| O|  |TAMS 0x0000000769200000, 0x0000000769000000| Untracked 
|  61|0x0000000769200000, 0x0000000769400000, 0x0000000769400000|100%|HS|  |TAMS 0x0000000769400000, 0x0000000769200000| Complete 
|  62|0x0000000769400000, 0x0000000769600000, 0x0000000769600000|100%|HC|  |TAMS 0x0000000769600000, 0x0000000769400000| Complete 
|  63|0x0000000769600000, 0x0000000769800000, 0x0000000769800000|100%| O|  |TAMS 0x0000000769800000, 0x0000000769600000| Untracked 
|  64|0x0000000769800000, 0x0000000769a00000, 0x0000000769a00000|100%| O|  |TAMS 0x0000000769a00000, 0x0000000769800000| Untracked 
|  65|0x0000000769a00000, 0x0000000769c00000, 0x0000000769c00000|100%| O|  |TAMS 0x0000000769c00000, 0x0000000769a00000| Untracked 
|  66|0x0000000769c00000, 0x0000000769e00000, 0x0000000769e00000|100%|HS|  |TAMS 0x0000000769e00000, 0x0000000769c00000| Complete 
|  67|0x0000000769e00000, 0x000000076a000000, 0x000000076a000000|100%|HC|  |TAMS 0x000000076a000000, 0x0000000769e00000| Complete 
|  68|0x000000076a000000, 0x000000076a200000, 0x000000076a200000|100%| O|  |TAMS 0x000000076a200000, 0x000000076a000000| Untracked 
|  69|0x000000076a200000, 0x000000076a400000, 0x000000076a400000|100%| O|  |TAMS 0x000000076a400000, 0x000000076a200000| Untracked 
|  70|0x000000076a400000, 0x000000076a600000, 0x000000076a600000|100%| O|  |TAMS 0x000000076a600000, 0x000000076a400000| Untracked 
|  71|0x000000076a600000, 0x000000076a800000, 0x000000076a800000|100%| O|  |TAMS 0x000000076a800000, 0x000000076a600000| Untracked 
|  72|0x000000076a800000, 0x000000076aa00000, 0x000000076aa00000|100%| O|  |TAMS 0x000000076aa00000, 0x000000076a800000| Untracked 
|  73|0x000000076aa00000, 0x000000076ac00000, 0x000000076ac00000|100%| O|  |TAMS 0x000000076ac00000, 0x000000076aa00000| Untracked 
|  74|0x000000076ac00000, 0x000000076ae00000, 0x000000076ae00000|100%|HS|  |TAMS 0x000000076ae00000, 0x000000076ac00000| Complete 
|  75|0x000000076ae00000, 0x000000076b000000, 0x000000076b000000|100%|HC|  |TAMS 0x000000076b000000, 0x000000076ae00000| Complete 
|  76|0x000000076b000000, 0x000000076b200000, 0x000000076b200000|100%| O|  |TAMS 0x000000076b200000, 0x000000076b000000| Untracked 
|  77|0x000000076b200000, 0x000000076b400000, 0x000000076b400000|100%| O|  |TAMS 0x000000076b400000, 0x000000076b200000| Untracked 
|  78|0x000000076b400000, 0x000000076b600000, 0x000000076b600000|100%| O|  |TAMS 0x000000076b600000, 0x000000076b400000| Untracked 
|  79|0x000000076b600000, 0x000000076b800000, 0x000000076b800000|100%| O|  |TAMS 0x000000076b800000, 0x000000076b600000| Untracked 
|  80|0x000000076b800000, 0x000000076ba00000, 0x000000076ba00000|100%| O|  |TAMS 0x000000076ba00000, 0x000000076b800000| Untracked 
|  81|0x000000076ba00000, 0x000000076bc00000, 0x000000076bc00000|100%| O|  |TAMS 0x000000076bc00000, 0x000000076ba00000| Untracked 
|  82|0x000000076bc00000, 0x000000076be00000, 0x000000076be00000|100%| O|  |TAMS 0x000000076be00000, 0x000000076bc00000| Untracked 
|  83|0x000000076be00000, 0x000000076c000000, 0x000000076c000000|100%| O|  |TAMS 0x000000076c000000, 0x000000076be00000| Untracked 
|  84|0x000000076c000000, 0x000000076c200000, 0x000000076c200000|100%| O|  |TAMS 0x000000076c200000, 0x000000076c000000| Untracked 
|  85|0x000000076c200000, 0x000000076c400000, 0x000000076c400000|100%| O|  |TAMS 0x000000076c400000, 0x000000076c200000| Untracked 
|  86|0x000000076c400000, 0x000000076c600000, 0x000000076c600000|100%| O|  |TAMS 0x000000076c600000, 0x000000076c400000| Untracked 
|  87|0x000000076c600000, 0x000000076c800000, 0x000000076c800000|100%| O|  |TAMS 0x000000076c800000, 0x000000076c600000| Untracked 
|  88|0x000000076c800000, 0x000000076ca00000, 0x000000076ca00000|100%| O|  |TAMS 0x000000076ca00000, 0x000000076c800000| Untracked 
|  89|0x000000076ca00000, 0x000000076cc00000, 0x000000076cc00000|100%| O|  |TAMS 0x000000076cc00000, 0x000000076ca00000| Untracked 
|  90|0x000000076cc00000, 0x000000076ce00000, 0x000000076ce00000|100%| O|  |TAMS 0x000000076ce00000, 0x000000076cc00000| Untracked 
|  91|0x000000076ce00000, 0x000000076d000000, 0x000000076d000000|100%| O|  |TAMS 0x000000076d000000, 0x000000076ce00000| Untracked 
|  92|0x000000076d000000, 0x000000076d200000, 0x000000076d200000|100%| O|  |TAMS 0x000000076d200000, 0x000000076d000000| Untracked 
|  93|0x000000076d200000, 0x000000076d400000, 0x000000076d400000|100%| O|  |TAMS 0x000000076d400000, 0x000000076d200000| Untracked 
|  94|0x000000076d400000, 0x000000076d600000, 0x000000076d600000|100%| O|  |TAMS 0x000000076d600000, 0x000000076d400000| Untracked 
|  95|0x000000076d600000, 0x000000076d800000, 0x000000076d800000|100%| O|  |TAMS 0x000000076d800000, 0x000000076d600000| Untracked 
|  96|0x000000076d800000, 0x000000076da00000, 0x000000076da00000|100%| O|  |TAMS 0x000000076da00000, 0x000000076d800000| Untracked 
|  97|0x000000076da00000, 0x000000076dc00000, 0x000000076dc00000|100%| O|  |TAMS 0x000000076dc00000, 0x000000076da00000| Untracked 
|  98|0x000000076dc00000, 0x000000076de00000, 0x000000076de00000|100%| O|  |TAMS 0x000000076de00000, 0x000000076dc00000| Untracked 
|  99|0x000000076de00000, 0x000000076de00000, 0x000000076e000000|  0%| F|  |TAMS 0x000000076de00000, 0x000000076de00000| Untracked 
| 100|0x000000076e000000, 0x000000076e200000, 0x000000076e200000|100%| O|  |TAMS 0x000000076e000000, 0x000000076e000000| Untracked 
| 101|0x000000076e200000, 0x000000076e400000, 0x000000076e400000|100%| O|  |TAMS 0x000000076e200000, 0x000000076e200000| Untracked 
| 102|0x000000076e400000, 0x000000076e600000, 0x000000076e600000|100%| O|  |TAMS 0x000000076e400000, 0x000000076e400000| Untracked 
| 103|0x000000076e600000, 0x000000076e800000, 0x000000076e800000|100%| O|  |TAMS 0x000000076e600000, 0x000000076e600000| Untracked 
| 104|0x000000076e800000, 0x000000076ea00000, 0x000000076ea00000|100%| O|  |TAMS 0x000000076e800000, 0x000000076e800000| Untracked 
| 105|0x000000076ea00000, 0x000000076ea4d200, 0x000000076ec00000| 15%| O|  |TAMS 0x000000076ea00000, 0x000000076ea00000| Untracked 
| 106|0x000000076ec00000, 0x000000076ec00000, 0x000000076ee00000|  0%| F|  |TAMS 0x000000076ec00000, 0x000000076ec00000| Untracked 
| 107|0x000000076ee00000, 0x000000076ee00000, 0x000000076f000000|  0%| F|  |TAMS 0x000000076ee00000, 0x000000076ee00000| Untracked 
| 108|0x000000076f000000, 0x000000076f000000, 0x000000076f200000|  0%| F|  |TAMS 0x000000076f000000, 0x000000076f000000| Untracked 
| 109|0x000000076f200000, 0x000000076f200000, 0x000000076f400000|  0%| F|  |TAMS 0x000000076f200000, 0x000000076f200000| Untracked 
| 110|0x000000076f400000, 0x000000076f400000, 0x000000076f600000|  0%| F|  |TAMS 0x000000076f400000, 0x000000076f400000| Untracked 
| 111|0x000000076f600000, 0x000000076f600000, 0x000000076f800000|  0%| F|  |TAMS 0x000000076f600000, 0x000000076f600000| Untracked 
| 112|0x000000076f800000, 0x000000076f800000, 0x000000076fa00000|  0%| F|  |TAMS 0x000000076f800000, 0x000000076f800000| Untracked 
| 113|0x000000076fa00000, 0x000000076fa00000, 0x000000076fc00000|  0%| F|  |TAMS 0x000000076fa00000, 0x000000076fa00000| Untracked 
| 114|0x000000076fc00000, 0x000000076fc00000, 0x000000076fe00000|  0%| F|  |TAMS 0x000000076fc00000, 0x000000076fc00000| Untracked 
| 115|0x000000076fe00000, 0x000000076fe00000, 0x0000000770000000|  0%| F|  |TAMS 0x000000076fe00000, 0x000000076fe00000| Untracked 
| 116|0x0000000770000000, 0x0000000770000000, 0x0000000770200000|  0%| F|  |TAMS 0x0000000770000000, 0x0000000770000000| Untracked 
| 117|0x0000000770200000, 0x0000000770200000, 0x0000000770400000|  0%| F|  |TAMS 0x0000000770200000, 0x0000000770200000| Untracked 
| 118|0x0000000770400000, 0x0000000770400000, 0x0000000770600000|  0%| F|  |TAMS 0x0000000770400000, 0x0000000770400000| Untracked 
| 119|0x0000000770600000, 0x0000000770600000, 0x0000000770800000|  0%| F|  |TAMS 0x0000000770600000, 0x0000000770600000| Untracked 
| 120|0x0000000770800000, 0x0000000770800000, 0x0000000770a00000|  0%| F|  |TAMS 0x0000000770800000, 0x0000000770800000| Untracked 
| 121|0x0000000770a00000, 0x0000000770a00000, 0x0000000770c00000|  0%| F|  |TAMS 0x0000000770a00000, 0x0000000770a00000| Untracked 
| 122|0x0000000770c00000, 0x0000000770c00000, 0x0000000770e00000|  0%| F|  |TAMS 0x0000000770c00000, 0x0000000770c00000| Untracked 
| 123|0x0000000770e00000, 0x0000000770e00000, 0x0000000771000000|  0%| F|  |TAMS 0x0000000770e00000, 0x0000000770e00000| Untracked 
| 124|0x0000000771000000, 0x0000000771000000, 0x0000000771200000|  0%| F|  |TAMS 0x0000000771000000, 0x0000000771000000| Untracked 
| 125|0x0000000771200000, 0x0000000771200000, 0x0000000771400000|  0%| F|  |TAMS 0x0000000771200000, 0x0000000771200000| Untracked 
| 126|0x0000000771400000, 0x0000000771400000, 0x0000000771600000|  0%| F|  |TAMS 0x0000000771400000, 0x0000000771400000| Untracked 
| 127|0x0000000771600000, 0x0000000771600000, 0x0000000771800000|  0%| F|  |TAMS 0x0000000771600000, 0x0000000771600000| Untracked 
| 128|0x0000000771800000, 0x0000000771800000, 0x0000000771a00000|  0%| F|  |TAMS 0x0000000771800000, 0x0000000771800000| Untracked 
| 129|0x0000000771a00000, 0x0000000771a00000, 0x0000000771c00000|  0%| F|  |TAMS 0x0000000771a00000, 0x0000000771a00000| Untracked 
| 130|0x0000000771c00000, 0x0000000771c00000, 0x0000000771e00000|  0%| F|  |TAMS 0x0000000771c00000, 0x0000000771c00000| Untracked 
| 131|0x0000000771e00000, 0x0000000771e00000, 0x0000000772000000|  0%| F|  |TAMS 0x0000000771e00000, 0x0000000771e00000| Untracked 
| 132|0x0000000772000000, 0x0000000772000000, 0x0000000772200000|  0%| F|  |TAMS 0x0000000772000000, 0x0000000772000000| Untracked 
| 133|0x0000000772200000, 0x0000000772200000, 0x0000000772400000|  0%| F|  |TAMS 0x0000000772200000, 0x0000000772200000| Untracked 
| 134|0x0000000772400000, 0x0000000772400000, 0x0000000772600000|  0%| F|  |TAMS 0x0000000772400000, 0x0000000772400000| Untracked 
| 135|0x0000000772600000, 0x0000000772600000, 0x0000000772800000|  0%| F|  |TAMS 0x0000000772600000, 0x0000000772600000| Untracked 
| 136|0x0000000772800000, 0x0000000772800000, 0x0000000772a00000|  0%| F|  |TAMS 0x0000000772800000, 0x0000000772800000| Untracked 
| 137|0x0000000772a00000, 0x0000000772a00000, 0x0000000772c00000|  0%| F|  |TAMS 0x0000000772a00000, 0x0000000772a00000| Untracked 
| 138|0x0000000772c00000, 0x0000000772c00000, 0x0000000772e00000|  0%| F|  |TAMS 0x0000000772c00000, 0x0000000772c00000| Untracked 
| 139|0x0000000772e00000, 0x0000000772e00000, 0x0000000773000000|  0%| F|  |TAMS 0x0000000772e00000, 0x0000000772e00000| Untracked 
| 140|0x0000000773000000, 0x0000000773000000, 0x0000000773200000|  0%| F|  |TAMS 0x0000000773000000, 0x0000000773000000| Untracked 
| 141|0x0000000773200000, 0x0000000773200000, 0x0000000773400000|  0%| F|  |TAMS 0x0000000773200000, 0x0000000773200000| Untracked 
| 142|0x0000000773400000, 0x0000000773400000, 0x0000000773600000|  0%| F|  |TAMS 0x0000000773400000, 0x0000000773400000| Untracked 
| 143|0x0000000773600000, 0x0000000773600000, 0x0000000773800000|  0%| F|  |TAMS 0x0000000773600000, 0x0000000773600000| Untracked 
| 144|0x0000000773800000, 0x0000000773800000, 0x0000000773a00000|  0%| F|  |TAMS 0x0000000773800000, 0x0000000773800000| Untracked 
| 145|0x0000000773a00000, 0x0000000773a00000, 0x0000000773c00000|  0%| F|  |TAMS 0x0000000773a00000, 0x0000000773a00000| Untracked 
| 146|0x0000000773c00000, 0x0000000773c00000, 0x0000000773e00000|  0%| F|  |TAMS 0x0000000773c00000, 0x0000000773c00000| Untracked 
| 147|0x0000000773e00000, 0x0000000773e00000, 0x0000000774000000|  0%| F|  |TAMS 0x0000000773e00000, 0x0000000773e00000| Untracked 
| 148|0x0000000774000000, 0x0000000774000000, 0x0000000774200000|  0%| F|  |TAMS 0x0000000774000000, 0x0000000774000000| Untracked 
| 149|0x0000000774200000, 0x0000000774200000, 0x0000000774400000|  0%| F|  |TAMS 0x0000000774200000, 0x0000000774200000| Untracked 
| 150|0x0000000774400000, 0x0000000774400000, 0x0000000774600000|  0%| F|  |TAMS 0x0000000774400000, 0x0000000774400000| Untracked 
| 151|0x0000000774600000, 0x0000000774600000, 0x0000000774800000|  0%| F|  |TAMS 0x0000000774600000, 0x0000000774600000| Untracked 
| 152|0x0000000774800000, 0x0000000774800000, 0x0000000774a00000|  0%| F|  |TAMS 0x0000000774800000, 0x0000000774800000| Untracked 
| 153|0x0000000774a00000, 0x0000000774a00000, 0x0000000774c00000|  0%| F|  |TAMS 0x0000000774a00000, 0x0000000774a00000| Untracked 
| 154|0x0000000774c00000, 0x0000000774c00000, 0x0000000774e00000|  0%| F|  |TAMS 0x0000000774c00000, 0x0000000774c00000| Untracked 
| 155|0x0000000774e00000, 0x0000000774e00000, 0x0000000775000000|  0%| F|  |TAMS 0x0000000774e00000, 0x0000000774e00000| Untracked 
| 156|0x0000000775000000, 0x0000000775000000, 0x0000000775200000|  0%| F|  |TAMS 0x0000000775000000, 0x0000000775000000| Untracked 
| 157|0x0000000775200000, 0x0000000775200000, 0x0000000775400000|  0%| F|  |TAMS 0x0000000775200000, 0x0000000775200000| Untracked 
| 158|0x0000000775400000, 0x0000000775400000, 0x0000000775600000|  0%| F|  |TAMS 0x0000000775400000, 0x0000000775400000| Untracked 
| 159|0x0000000775600000, 0x0000000775600000, 0x0000000775800000|  0%| F|  |TAMS 0x0000000775600000, 0x0000000775600000| Untracked 
| 160|0x0000000775800000, 0x0000000775800000, 0x0000000775a00000|  0%| F|  |TAMS 0x0000000775800000, 0x0000000775800000| Untracked 
| 161|0x0000000775a00000, 0x0000000775a00000, 0x0000000775c00000|  0%| F|  |TAMS 0x0000000775a00000, 0x0000000775a00000| Untracked 
| 162|0x0000000775c00000, 0x0000000775c00000, 0x0000000775e00000|  0%| F|  |TAMS 0x0000000775c00000, 0x0000000775c00000| Untracked 
| 163|0x0000000775e00000, 0x0000000775e00000, 0x0000000776000000|  0%| F|  |TAMS 0x0000000775e00000, 0x0000000775e00000| Untracked 
| 164|0x0000000776000000, 0x0000000776000000, 0x0000000776200000|  0%| F|  |TAMS 0x0000000776000000, 0x0000000776000000| Untracked 
| 165|0x0000000776200000, 0x0000000776200000, 0x0000000776400000|  0%| F|  |TAMS 0x0000000776200000, 0x0000000776200000| Untracked 
| 166|0x0000000776400000, 0x0000000776400000, 0x0000000776600000|  0%| F|  |TAMS 0x0000000776400000, 0x0000000776400000| Untracked 
| 167|0x0000000776600000, 0x0000000776600000, 0x0000000776800000|  0%| F|  |TAMS 0x0000000776600000, 0x0000000776600000| Untracked 
| 168|0x0000000776800000, 0x0000000776800000, 0x0000000776a00000|  0%| F|  |TAMS 0x0000000776800000, 0x0000000776800000| Untracked 
| 169|0x0000000776a00000, 0x0000000776a00000, 0x0000000776c00000|  0%| F|  |TAMS 0x0000000776a00000, 0x0000000776a00000| Untracked 
| 170|0x0000000776c00000, 0x0000000776c00000, 0x0000000776e00000|  0%| F|  |TAMS 0x0000000776c00000, 0x0000000776c00000| Untracked 
| 171|0x0000000776e00000, 0x0000000776e00000, 0x0000000777000000|  0%| F|  |TAMS 0x0000000776e00000, 0x0000000776e00000| Untracked 
| 172|0x0000000777000000, 0x0000000777000000, 0x0000000777200000|  0%| F|  |TAMS 0x0000000777000000, 0x0000000777000000| Untracked 
| 173|0x0000000777200000, 0x0000000777200000, 0x0000000777400000|  0%| F|  |TAMS 0x0000000777200000, 0x0000000777200000| Untracked 
| 174|0x0000000777400000, 0x0000000777400000, 0x0000000777600000|  0%| F|  |TAMS 0x0000000777400000, 0x0000000777400000| Untracked 
| 175|0x0000000777600000, 0x0000000777600000, 0x0000000777800000|  0%| F|  |TAMS 0x0000000777600000, 0x0000000777600000| Untracked 
| 176|0x0000000777800000, 0x0000000777800000, 0x0000000777a00000|  0%| F|  |TAMS 0x0000000777800000, 0x0000000777800000| Untracked 
| 177|0x0000000777a00000, 0x0000000777a00000, 0x0000000777c00000|  0%| F|  |TAMS 0x0000000777a00000, 0x0000000777a00000| Untracked 
| 178|0x0000000777c00000, 0x0000000777c00000, 0x0000000777e00000|  0%| F|  |TAMS 0x0000000777c00000, 0x0000000777c00000| Untracked 
| 179|0x0000000777e00000, 0x0000000777e00000, 0x0000000778000000|  0%| F|  |TAMS 0x0000000777e00000, 0x0000000777e00000| Untracked 
| 180|0x0000000778000000, 0x0000000778000000, 0x0000000778200000|  0%| F|  |TAMS 0x0000000778000000, 0x0000000778000000| Untracked 
| 181|0x0000000778200000, 0x000000077822c9f8, 0x0000000778400000|  8%| S|CS|TAMS 0x0000000778200000, 0x0000000778200000| Complete 
| 182|0x0000000778400000, 0x0000000778600000, 0x0000000778600000|100%| S|CS|TAMS 0x0000000778400000, 0x0000000778400000| Complete 
| 183|0x0000000778600000, 0x0000000778600000, 0x0000000778800000|  0%| F|  |TAMS 0x0000000778600000, 0x0000000778600000| Untracked 
| 184|0x0000000778800000, 0x0000000778800000, 0x0000000778a00000|  0%| F|  |TAMS 0x0000000778800000, 0x0000000778800000| Untracked 
| 185|0x0000000778a00000, 0x0000000778a00000, 0x0000000778c00000|  0%| F|  |TAMS 0x0000000778a00000, 0x0000000778a00000| Untracked 
| 186|0x0000000778c00000, 0x0000000778c00000, 0x0000000778e00000|  0%| F|  |TAMS 0x0000000778c00000, 0x0000000778c00000| Untracked 
| 187|0x0000000778e00000, 0x0000000778e00000, 0x0000000779000000|  0%| F|  |TAMS 0x0000000778e00000, 0x0000000778e00000| Untracked 
| 188|0x0000000779000000, 0x0000000779000000, 0x0000000779200000|  0%| F|  |TAMS 0x0000000779000000, 0x0000000779000000| Untracked 
| 189|0x0000000779200000, 0x0000000779200000, 0x0000000779400000|  0%| F|  |TAMS 0x0000000779200000, 0x0000000779200000| Untracked 
| 190|0x0000000779400000, 0x0000000779400000, 0x0000000779600000|  0%| F|  |TAMS 0x0000000779400000, 0x0000000779400000| Untracked 
| 191|0x0000000779600000, 0x0000000779600000, 0x0000000779800000|  0%| F|  |TAMS 0x0000000779600000, 0x0000000779600000| Untracked 
| 192|0x0000000779800000, 0x0000000779800000, 0x0000000779a00000|  0%| F|  |TAMS 0x0000000779800000, 0x0000000779800000| Untracked 
| 193|0x0000000779a00000, 0x0000000779a00000, 0x0000000779c00000|  0%| F|  |TAMS 0x0000000779a00000, 0x0000000779a00000| Untracked 
| 194|0x0000000779c00000, 0x0000000779c00000, 0x0000000779e00000|  0%| F|  |TAMS 0x0000000779c00000, 0x0000000779c00000| Untracked 
| 195|0x0000000779e00000, 0x0000000779e00000, 0x000000077a000000|  0%| F|  |TAMS 0x0000000779e00000, 0x0000000779e00000| Untracked 
| 196|0x000000077a000000, 0x000000077a000000, 0x000000077a200000|  0%| F|  |TAMS 0x000000077a000000, 0x000000077a000000| Untracked 
| 197|0x000000077a200000, 0x000000077a200000, 0x000000077a400000|  0%| F|  |TAMS 0x000000077a200000, 0x000000077a200000| Untracked 
| 198|0x000000077a400000, 0x000000077a400000, 0x000000077a600000|  0%| F|  |TAMS 0x000000077a400000, 0x000000077a400000| Untracked 
| 199|0x000000077a600000, 0x000000077a600000, 0x000000077a800000|  0%| F|  |TAMS 0x000000077a600000, 0x000000077a600000| Untracked 
| 200|0x000000077a800000, 0x000000077a800000, 0x000000077aa00000|  0%| F|  |TAMS 0x000000077a800000, 0x000000077a800000| Untracked 
| 201|0x000000077aa00000, 0x000000077aa00000, 0x000000077ac00000|  0%| F|  |TAMS 0x000000077aa00000, 0x000000077aa00000| Untracked 
| 202|0x000000077ac00000, 0x000000077ac00000, 0x000000077ae00000|  0%| F|  |TAMS 0x000000077ac00000, 0x000000077ac00000| Untracked 
| 203|0x000000077ae00000, 0x000000077ae00000, 0x000000077b000000|  0%| F|  |TAMS 0x000000077ae00000, 0x000000077ae00000| Untracked 
| 204|0x000000077b000000, 0x000000077b000000, 0x000000077b200000|  0%| F|  |TAMS 0x000000077b000000, 0x000000077b000000| Untracked 
| 205|0x000000077b200000, 0x000000077b200000, 0x000000077b400000|  0%| F|  |TAMS 0x000000077b200000, 0x000000077b200000| Untracked 
| 206|0x000000077b400000, 0x000000077b400000, 0x000000077b600000|  0%| F|  |TAMS 0x000000077b400000, 0x000000077b400000| Untracked 
| 207|0x000000077b600000, 0x000000077b600000, 0x000000077b800000|  0%| F|  |TAMS 0x000000077b600000, 0x000000077b600000| Untracked 
| 208|0x000000077b800000, 0x000000077b800000, 0x000000077ba00000|  0%| F|  |TAMS 0x000000077b800000, 0x000000077b800000| Untracked 
| 209|0x000000077ba00000, 0x000000077ba00000, 0x000000077bc00000|  0%| F|  |TAMS 0x000000077ba00000, 0x000000077ba00000| Untracked 
| 210|0x000000077bc00000, 0x000000077bc00000, 0x000000077be00000|  0%| F|  |TAMS 0x000000077bc00000, 0x000000077bc00000| Untracked 
| 211|0x000000077be00000, 0x000000077be00000, 0x000000077c000000|  0%| F|  |TAMS 0x000000077be00000, 0x000000077be00000| Untracked 
| 212|0x000000077c000000, 0x000000077c000000, 0x000000077c200000|  0%| F|  |TAMS 0x000000077c000000, 0x000000077c000000| Untracked 
| 213|0x000000077c200000, 0x000000077c200000, 0x000000077c400000|  0%| F|  |TAMS 0x000000077c200000, 0x000000077c200000| Untracked 
| 214|0x000000077c400000, 0x000000077c400000, 0x000000077c600000|  0%| F|  |TAMS 0x000000077c400000, 0x000000077c400000| Untracked 
| 215|0x000000077c600000, 0x000000077c600000, 0x000000077c800000|  0%| F|  |TAMS 0x000000077c600000, 0x000000077c600000| Untracked 
| 216|0x000000077c800000, 0x000000077c800000, 0x000000077ca00000|  0%| F|  |TAMS 0x000000077c800000, 0x000000077c800000| Untracked 
| 217|0x000000077ca00000, 0x000000077ca00000, 0x000000077cc00000|  0%| F|  |TAMS 0x000000077ca00000, 0x000000077ca00000| Untracked 
| 218|0x000000077cc00000, 0x000000077cc00000, 0x000000077ce00000|  0%| F|  |TAMS 0x000000077cc00000, 0x000000077cc00000| Untracked 
| 219|0x000000077ce00000, 0x000000077ce00000, 0x000000077d000000|  0%| F|  |TAMS 0x000000077ce00000, 0x000000077ce00000| Untracked 
| 220|0x000000077d000000, 0x000000077d000000, 0x000000077d200000|  0%| F|  |TAMS 0x000000077d000000, 0x000000077d000000| Untracked 
| 221|0x000000077d200000, 0x000000077d200000, 0x000000077d400000|  0%| F|  |TAMS 0x000000077d200000, 0x000000077d200000| Untracked 
| 222|0x000000077d400000, 0x000000077d400000, 0x000000077d600000|  0%| F|  |TAMS 0x000000077d400000, 0x000000077d400000| Untracked 
| 223|0x000000077d600000, 0x000000077d600000, 0x000000077d800000|  0%| F|  |TAMS 0x000000077d600000, 0x000000077d600000| Untracked 
| 224|0x000000077d800000, 0x000000077d800000, 0x000000077da00000|  0%| F|  |TAMS 0x000000077d800000, 0x000000077d800000| Untracked 
| 225|0x000000077da00000, 0x000000077da00000, 0x000000077dc00000|  0%| F|  |TAMS 0x000000077da00000, 0x000000077da00000| Untracked 
| 226|0x000000077dc00000, 0x000000077dc00000, 0x000000077de00000|  0%| F|  |TAMS 0x000000077dc00000, 0x000000077dc00000| Untracked 
| 227|0x000000077de00000, 0x000000077de00000, 0x000000077e000000|  0%| F|  |TAMS 0x000000077de00000, 0x000000077de00000| Untracked 
| 228|0x000000077e000000, 0x000000077e000000, 0x000000077e200000|  0%| F|  |TAMS 0x000000077e000000, 0x000000077e000000| Untracked 
| 229|0x000000077e200000, 0x000000077e200000, 0x000000077e400000|  0%| F|  |TAMS 0x000000077e200000, 0x000000077e200000| Untracked 
| 230|0x000000077e400000, 0x000000077e400000, 0x000000077e600000|  0%| F|  |TAMS 0x000000077e400000, 0x000000077e400000| Untracked 
| 231|0x000000077e600000, 0x000000077e600000, 0x000000077e800000|  0%| F|  |TAMS 0x000000077e600000, 0x000000077e600000| Untracked 
| 232|0x000000077e800000, 0x000000077e800000, 0x000000077ea00000|  0%| F|  |TAMS 0x000000077e800000, 0x000000077e800000| Untracked 
| 233|0x000000077ea00000, 0x000000077ea3e408, 0x000000077ec00000| 12%| E|  |TAMS 0x000000077ea00000, 0x000000077ea00000| Complete 
| 234|0x000000077ec00000, 0x000000077ee00000, 0x000000077ee00000|100%| E|CS|TAMS 0x000000077ec00000, 0x000000077ec00000| Complete 
| 235|0x000000077ee00000, 0x000000077f000000, 0x000000077f000000|100%| E|CS|TAMS 0x000000077ee00000, 0x000000077ee00000| Complete 
| 236|0x000000077f000000, 0x000000077f200000, 0x000000077f200000|100%| E|CS|TAMS 0x000000077f000000, 0x000000077f000000| Complete 
| 237|0x000000077f200000, 0x000000077f400000, 0x000000077f400000|100%| E|CS|TAMS 0x000000077f200000, 0x000000077f200000| Complete 
| 238|0x000000077f400000, 0x000000077f600000, 0x000000077f600000|100%| E|CS|TAMS 0x000000077f400000, 0x000000077f400000| Complete 
| 239|0x000000077f600000, 0x000000077f800000, 0x000000077f800000|100%| E|CS|TAMS 0x000000077f600000, 0x000000077f600000| Complete 
| 240|0x000000077f800000, 0x000000077fa00000, 0x000000077fa00000|100%| E|CS|TAMS 0x000000077f800000, 0x000000077f800000| Complete 
| 241|0x000000077fa00000, 0x000000077fc00000, 0x000000077fc00000|100%| E|CS|TAMS 0x000000077fa00000, 0x000000077fa00000| Complete 
| 242|0x000000077fc00000, 0x000000077fe00000, 0x000000077fe00000|100%| E|CS|TAMS 0x000000077fc00000, 0x000000077fc00000| Complete 
| 243|0x000000077fe00000, 0x0000000780000000, 0x0000000780000000|100%| E|CS|TAMS 0x000000077fe00000, 0x000000077fe00000| Complete 
| 244|0x0000000780000000, 0x0000000780200000, 0x0000000780200000|100%| E|CS|TAMS 0x0000000780000000, 0x0000000780000000| Complete 
| 245|0x0000000780200000, 0x0000000780400000, 0x0000000780400000|100%| E|CS|TAMS 0x0000000780200000, 0x0000000780200000| Complete 
| 246|0x0000000780400000, 0x0000000780600000, 0x0000000780600000|100%| E|CS|TAMS 0x0000000780400000, 0x0000000780400000| Complete 
| 247|0x0000000780600000, 0x0000000780800000, 0x0000000780800000|100%| E|CS|TAMS 0x0000000780600000, 0x0000000780600000| Complete 
| 248|0x0000000780800000, 0x0000000780a00000, 0x0000000780a00000|100%| E|CS|TAMS 0x0000000780800000, 0x0000000780800000| Complete 
| 249|0x0000000780a00000, 0x0000000780c00000, 0x0000000780c00000|100%| E|CS|TAMS 0x0000000780a00000, 0x0000000780a00000| Complete 
| 250|0x0000000780c00000, 0x0000000780e00000, 0x0000000780e00000|100%| E|CS|TAMS 0x0000000780c00000, 0x0000000780c00000| Complete 
| 251|0x0000000780e00000, 0x0000000781000000, 0x0000000781000000|100%| E|CS|TAMS 0x0000000780e00000, 0x0000000780e00000| Complete 
| 252|0x0000000781000000, 0x0000000781200000, 0x0000000781200000|100%| E|CS|TAMS 0x0000000781000000, 0x0000000781000000| Complete 
| 253|0x0000000781200000, 0x0000000781400000, 0x0000000781400000|100%| E|CS|TAMS 0x0000000781200000, 0x0000000781200000| Complete 
| 254|0x0000000781400000, 0x0000000781600000, 0x0000000781600000|100%| E|CS|TAMS 0x0000000781400000, 0x0000000781400000| Complete 
| 255|0x0000000781600000, 0x0000000781800000, 0x0000000781800000|100%| E|CS|TAMS 0x0000000781600000, 0x0000000781600000| Complete 
| 256|0x0000000781800000, 0x0000000781a00000, 0x0000000781a00000|100%| E|CS|TAMS 0x0000000781800000, 0x0000000781800000| Complete 
| 257|0x0000000781a00000, 0x0000000781c00000, 0x0000000781c00000|100%| E|CS|TAMS 0x0000000781a00000, 0x0000000781a00000| Complete 
| 258|0x0000000781c00000, 0x0000000781e00000, 0x0000000781e00000|100%| E|CS|TAMS 0x0000000781c00000, 0x0000000781c00000| Complete 
| 259|0x0000000781e00000, 0x0000000782000000, 0x0000000782000000|100%| E|CS|TAMS 0x0000000781e00000, 0x0000000781e00000| Complete 
| 260|0x0000000782000000, 0x0000000782200000, 0x0000000782200000|100%| E|CS|TAMS 0x0000000782000000, 0x0000000782000000| Complete 
| 261|0x0000000782200000, 0x0000000782400000, 0x0000000782400000|100%| E|CS|TAMS 0x0000000782200000, 0x0000000782200000| Complete 
| 262|0x0000000782400000, 0x0000000782600000, 0x0000000782600000|100%| E|CS|TAMS 0x0000000782400000, 0x0000000782400000| Complete 
| 263|0x0000000782600000, 0x0000000782800000, 0x0000000782800000|100%| E|CS|TAMS 0x0000000782600000, 0x0000000782600000| Complete 
| 264|0x0000000782800000, 0x0000000782a00000, 0x0000000782a00000|100%| E|CS|TAMS 0x0000000782800000, 0x0000000782800000| Complete 
| 265|0x0000000782a00000, 0x0000000782c00000, 0x0000000782c00000|100%| E|CS|TAMS 0x0000000782a00000, 0x0000000782a00000| Complete 
| 266|0x0000000782c00000, 0x0000000782e00000, 0x0000000782e00000|100%| E|CS|TAMS 0x0000000782c00000, 0x0000000782c00000| Complete 
| 267|0x0000000782e00000, 0x0000000783000000, 0x0000000783000000|100%| E|CS|TAMS 0x0000000782e00000, 0x0000000782e00000| Complete 
| 268|0x0000000783000000, 0x0000000783200000, 0x0000000783200000|100%| E|CS|TAMS 0x0000000783000000, 0x0000000783000000| Complete 
| 269|0x0000000783200000, 0x0000000783400000, 0x0000000783400000|100%| E|CS|TAMS 0x0000000783200000, 0x0000000783200000| Complete 
| 270|0x0000000783400000, 0x0000000783600000, 0x0000000783600000|100%| E|CS|TAMS 0x0000000783400000, 0x0000000783400000| Complete 
| 271|0x0000000783600000, 0x0000000783800000, 0x0000000783800000|100%| E|CS|TAMS 0x0000000783600000, 0x0000000783600000| Complete 
| 272|0x0000000783800000, 0x0000000783a00000, 0x0000000783a00000|100%| E|CS|TAMS 0x0000000783800000, 0x0000000783800000| Complete 
| 273|0x0000000783a00000, 0x0000000783c00000, 0x0000000783c00000|100%| E|CS|TAMS 0x0000000783a00000, 0x0000000783a00000| Complete 
| 274|0x0000000783c00000, 0x0000000783e00000, 0x0000000783e00000|100%| E|CS|TAMS 0x0000000783c00000, 0x0000000783c00000| Complete 
| 275|0x0000000783e00000, 0x0000000784000000, 0x0000000784000000|100%| E|CS|TAMS 0x0000000783e00000, 0x0000000783e00000| Complete 
| 276|0x0000000784000000, 0x0000000784200000, 0x0000000784200000|100%| E|CS|TAMS 0x0000000784000000, 0x0000000784000000| Complete 
| 277|0x0000000784200000, 0x0000000784400000, 0x0000000784400000|100%| E|CS|TAMS 0x0000000784200000, 0x0000000784200000| Complete 
| 278|0x0000000784400000, 0x0000000784600000, 0x0000000784600000|100%| E|CS|TAMS 0x0000000784400000, 0x0000000784400000| Complete 
| 279|0x0000000784600000, 0x0000000784800000, 0x0000000784800000|100%| E|CS|TAMS 0x0000000784600000, 0x0000000784600000| Complete 
| 280|0x0000000784800000, 0x0000000784a00000, 0x0000000784a00000|100%| E|CS|TAMS 0x0000000784800000, 0x0000000784800000| Complete 
| 281|0x0000000784a00000, 0x0000000784c00000, 0x0000000784c00000|100%| E|  |TAMS 0x0000000784a00000, 0x0000000784a00000| Complete 
| 282|0x0000000784c00000, 0x0000000784e00000, 0x0000000784e00000|100%| E|CS|TAMS 0x0000000784c00000, 0x0000000784c00000| Complete 
| 283|0x0000000784e00000, 0x0000000785000000, 0x0000000785000000|100%| E|CS|TAMS 0x0000000784e00000, 0x0000000784e00000| Complete 
| 284|0x0000000785000000, 0x0000000785200000, 0x0000000785200000|100%| E|CS|TAMS 0x0000000785000000, 0x0000000785000000| Complete 
| 285|0x0000000785200000, 0x0000000785400000, 0x0000000785400000|100%| E|CS|TAMS 0x0000000785200000, 0x0000000785200000| Complete 
| 286|0x0000000785400000, 0x0000000785600000, 0x0000000785600000|100%| E|CS|TAMS 0x0000000785400000, 0x0000000785400000| Complete 
| 287|0x0000000785600000, 0x0000000785800000, 0x0000000785800000|100%| E|CS|TAMS 0x0000000785600000, 0x0000000785600000| Complete 
| 288|0x0000000785800000, 0x0000000785a00000, 0x0000000785a00000|100%| E|CS|TAMS 0x0000000785800000, 0x0000000785800000| Complete 
| 289|0x0000000785a00000, 0x0000000785c00000, 0x0000000785c00000|100%| E|CS|TAMS 0x0000000785a00000, 0x0000000785a00000| Complete 
| 290|0x0000000785c00000, 0x0000000785e00000, 0x0000000785e00000|100%| E|CS|TAMS 0x0000000785c00000, 0x0000000785c00000| Complete 
| 291|0x0000000785e00000, 0x0000000786000000, 0x0000000786000000|100%| E|CS|TAMS 0x0000000785e00000, 0x0000000785e00000| Complete 
| 292|0x0000000786000000, 0x0000000786200000, 0x0000000786200000|100%| E|CS|TAMS 0x0000000786000000, 0x0000000786000000| Complete 
| 293|0x0000000786200000, 0x0000000786400000, 0x0000000786400000|100%| E|CS|TAMS 0x0000000786200000, 0x0000000786200000| Complete 
| 294|0x0000000786400000, 0x0000000786600000, 0x0000000786600000|100%| E|CS|TAMS 0x0000000786400000, 0x0000000786400000| Complete 
| 295|0x0000000786600000, 0x0000000786800000, 0x0000000786800000|100%| E|CS|TAMS 0x0000000786600000, 0x0000000786600000| Complete 
| 296|0x0000000786800000, 0x0000000786a00000, 0x0000000786a00000|100%| E|CS|TAMS 0x0000000786800000, 0x0000000786800000| Complete 
| 297|0x0000000786a00000, 0x0000000786c00000, 0x0000000786c00000|100%| E|CS|TAMS 0x0000000786a00000, 0x0000000786a00000| Complete 
| 298|0x0000000786c00000, 0x0000000786e00000, 0x0000000786e00000|100%| E|CS|TAMS 0x0000000786c00000, 0x0000000786c00000| Complete 
| 299|0x0000000786e00000, 0x0000000787000000, 0x0000000787000000|100%| E|CS|TAMS 0x0000000786e00000, 0x0000000786e00000| Complete 
| 300|0x0000000787000000, 0x0000000787200000, 0x0000000787200000|100%| E|CS|TAMS 0x0000000787000000, 0x0000000787000000| Complete 
| 301|0x0000000787200000, 0x0000000787400000, 0x0000000787400000|100%| E|CS|TAMS 0x0000000787200000, 0x0000000787200000| Complete 

Card table byte_map: [0x00000296e21f0000,0x00000296e26f0000] _byte_map_base: 0x00000296de6e4000

Marking Bits (Prev, Next): (CMBitMap*) 0x00000296cda4c5f0, (CMBitMap*) 0x00000296cda4c630
 Prev Bits: [0x00000296e2bf0000, 0x00000296e5390000)
 Next Bits: [0x00000296e5390000, 0x00000296e7b30000)

Polling page: 0x00000296d2680000

Metaspace:

Usage:
  Non-class:     85.13 MB used.
      Class:     13.38 MB used.
       Both:     98.51 MB used.

Virtual space:
  Non-class space:       88.00 MB reserved,      86.00 MB ( 98%) committed,  11 nodes.
      Class space:        1.00 GB reserved,      14.00 MB (  1%) committed,  1 nodes.
             Both:        1.09 GB reserved,     100.00 MB (  9%) committed. 

Chunk freelists:
   Non-Class:  1.51 MB
       Class:  1.84 MB
        Both:  3.35 MB

MaxMetaspaceSize: unlimited
CompressedClassSpaceSize: 1.00 GB
Initial GC threshold: 21.00 MB
Current GC threshold: 155.94 MB
CDS: off
MetaspaceReclaimPolicy: balanced
 - commit_granule_bytes: 65536.
 - commit_granule_words: 8192.
 - virtual_space_node_default_size: 1048576.
 - enlarge_chunks_in_place: 1.
 - new_chunks_are_fully_committed: 0.
 - uncommit_free_chunks: 1.
 - use_allocation_guard: 0.
 - handle_deallocations: 1.


Internal statistics:

num_allocs_failed_limit: 6.
num_arena_births: 1926.
num_arena_deaths: 0.
num_vsnodes_births: 12.
num_vsnodes_deaths: 0.
num_space_committed: 1600.
num_space_uncommitted: 0.
num_chunks_returned_to_freelist: 6.
num_chunks_taken_from_freelist: 6120.
num_chunk_merges: 0.
num_chunk_splits: 3752.
num_chunks_enlarged: 2098.
num_purges: 0.
num_inconsistent_stats: 0.

CodeHeap 'non-profiled nmethods': size=120000Kb used=10548Kb max_used=10548Kb free=109451Kb
 bounds [0x00000296da170000, 0x00000296dabc0000, 0x00000296e16a0000]
CodeHeap 'profiled nmethods': size=120000Kb used=27349Kb max_used=27349Kb free=92650Kb
 bounds [0x00000296d26a0000, 0x00000296d4160000, 0x00000296d9bd0000]
CodeHeap 'non-nmethods': size=5760Kb used=2399Kb max_used=2531Kb free=3360Kb
 bounds [0x00000296d9bd0000, 0x00000296d9e50000, 0x00000296da170000]
 total_blobs=14661 nmethods=13733 adapters=839
 compilation: enabled
              stopped_count=0, restarted_count=0
 full_count=0

Compilation events (20 events):
Event: 65.030 Thread 0x00000296eacc37c0 nmethod 16049 0x00000296dabbb790 code [0x00000296dabbb920, 0x00000296dabbb9f8]
Event: 65.030 Thread 0x00000296eacc37c0 16050       1       java.lang.management.DefaultPlatformMBeanProvider$5::mbeanInterfaceNames (5 bytes)
Event: 65.030 Thread 0x00000296eacc37c0 nmethod 16050 0x00000296dabbba90 code [0x00000296dabbbc20, 0x00000296dabbbcf8]
Event: 65.030 Thread 0x00000296eacc37c0 16051       1       java.lang.management.DefaultPlatformMBeanProvider$6::mbeanInterfaceNames (5 bytes)
Event: 65.030 Thread 0x00000296eacc37c0 nmethod 16051 0x00000296dabbbd90 code [0x00000296dabbbf20, 0x00000296dabbbff8]
Event: 69.917 Thread 0x00000296eacc37c0 16052       1       org.gradle.launcher.daemon.server.health.gc.GarbageCollectionEvent::getUsage (5 bytes)
Event: 69.917 Thread 0x00000296eacc37c0 nmethod 16052 0x00000296dabbc090 code [0x00000296dabbc220, 0x00000296dabbc2f8]
Event: 70.201 Thread 0x00000296eac65400 16053       4       org.gradle.internal.logging.text.AbstractLineChoppingStyledTextOutput$1::execute (140 bytes)
Event: 70.203 Thread 0x00000296eacc37c0 16056       2       org.gradle.internal.logging.text.AbstractLineChoppingStyledTextOutput$1::execute (9 bytes)
Event: 70.204 Thread 0x00000296eacc37c0 nmethod 16056 0x00000296d4152f90 code [0x00000296d4153120, 0x00000296d4153288]
Event: 70.204 Thread 0x00000296eacc37c0 16057       3       org.gradle.internal.io.LineBufferingOutputStream::write (59 bytes)
Event: 70.205 Thread 0x00000296eacc37c0 nmethod 16057 0x00000296d4153390 code [0x00000296d4153640, 0x00000296d4154498]
Event: 70.205 Thread 0x00000296eacc37c0 16058       3       org.gradle.internal.io.StreamByteBuffer$StreamByteBufferOutputStream::write (22 bytes)
Event: 70.206 Thread 0x00000296eacc37c0 nmethod 16058 0x00000296d4154a10 code [0x00000296d4154bc0, 0x00000296d4154d98]
Event: 70.206 Thread 0x00000296eacc37c0 16059       3       org.gradle.internal.io.StreamByteBuffer$StreamByteBufferChunk::write (32 bytes)
Event: 70.206 Thread 0x00000296eacc37c0 nmethod 16059 0x00000296d4154f10 code [0x00000296d41550c0, 0x00000296d4155278]
Event: 70.206 Thread 0x00000296eacc37c0 16060       3       java.nio.charset.CharsetDecoder::<init> (10 bytes)
Event: 70.206 Thread 0x00000296eacc37c0 nmethod 16060 0x00000296d4155390 code [0x00000296d4155540, 0x00000296d4155688]
Event: 70.216 Thread 0x00000296eac65400 nmethod 16053 0x00000296dabbc390 code [0x00000296dabbc560, 0x00000296dabbcc48]
Event: 70.216 Thread 0x00000296eac65400 16055       4       org.gradle.internal.logging.text.AbstractLineChoppingStyledTextOutput::doAppend (43 bytes)

GC Heap History (20 events):
Event: 38.567 GC heap before
{Heap before GC invocations=53 (full 0):
 garbage-first heap   total 243712K, used 152349K [0x0000000761800000, 0x0000000800000000)
  region size 2048K, 13 young (26624K), 3 survivors (6144K)
 Metaspace       used 81172K, committed 82176K, reserved 1122304K
  class space    used 10871K, committed 11264K, reserved 1048576K
}
Event: 38.580 GC heap after
{Heap after GC invocations=54 (full 0):
 garbage-first heap   total 243712K, used 137851K [0x0000000761800000, 0x0000000800000000)
  region size 2048K, 2 young (4096K), 2 survivors (4096K)
 Metaspace       used 81172K, committed 82176K, reserved 1122304K
  class space    used 10871K, committed 11264K, reserved 1048576K
}
Event: 39.552 GC heap before
{Heap before GC invocations=55 (full 0):
 garbage-first heap   total 256000K, used 187003K [0x0000000761800000, 0x0000000800000000)
  region size 2048K, 24 young (49152K), 2 survivors (4096K)
 Metaspace       used 82556K, committed 83712K, reserved 1122304K
  class space    used 11062K, committed 11520K, reserved 1048576K
}
Event: 39.569 GC heap after
{Heap after GC invocations=56 (full 0):
 garbage-first heap   total 256000K, used 150265K [0x0000000761800000, 0x0000000800000000)
  region size 2048K, 3 young (6144K), 3 survivors (6144K)
 Metaspace       used 82556K, committed 83712K, reserved 1122304K
  class space    used 11062K, committed 11520K, reserved 1048576K
}
Event: 39.962 GC heap before
{Heap before GC invocations=56 (full 0):
 garbage-first heap   total 256000K, used 172793K [0x0000000761800000, 0x0000000800000000)
  region size 2048K, 16 young (32768K), 3 survivors (6144K)
 Metaspace       used 82851K, committed 84032K, reserved 1122304K
  class space    used 11112K, committed 11584K, reserved 1048576K
}
Event: 39.976 GC heap after
{Heap after GC invocations=57 (full 0):
 garbage-first heap   total 307200K, used 155042K [0x0000000761800000, 0x0000000800000000)
  region size 2048K, 3 young (6144K), 3 survivors (6144K)
 Metaspace       used 82851K, committed 84032K, reserved 1122304K
  class space    used 11112K, committed 11584K, reserved 1048576K
}
Event: 41.603 GC heap before
{Heap before GC invocations=58 (full 0):
 garbage-first heap   total 307200K, used 228770K [0x0000000761800000, 0x0000000800000000)
  region size 2048K, 37 young (75776K), 3 survivors (6144K)
 Metaspace       used 87246K, committed 88512K, reserved 1130496K
  class space    used 11770K, committed 12288K, reserved 1048576K
}
Event: 41.626 GC heap after
{Heap after GC invocations=59 (full 0):
 garbage-first heap   total 307200K, used 170215K [0x0000000761800000, 0x0000000800000000)
  region size 2048K, 5 young (10240K), 5 survivors (10240K)
 Metaspace       used 87246K, committed 88512K, reserved 1130496K
  class space    used 11770K, committed 12288K, reserved 1048576K
}
Event: 43.410 GC heap before
{Heap before GC invocations=59 (full 0):
 garbage-first heap   total 307200K, used 233703K [0x0000000761800000, 0x0000000800000000)
  region size 2048K, 36 young (73728K), 5 survivors (10240K)
 Metaspace       used 90882K, committed 92160K, reserved 1130496K
  class space    used 12216K, committed 12736K, reserved 1048576K
}
Event: 43.451 GC heap after
{Heap after GC invocations=60 (full 0):
 garbage-first heap   total 307200K, used 184078K [0x0000000761800000, 0x0000000800000000)
  region size 2048K, 5 young (10240K), 5 survivors (10240K)
 Metaspace       used 90882K, committed 92160K, reserved 1130496K
  class space    used 12216K, committed 12736K, reserved 1048576K
}
Event: 45.476 GC heap before
{Heap before GC invocations=61 (full 0):
 garbage-first heap   total 321536K, used 237326K [0x0000000761800000, 0x0000000800000000)
  region size 2048K, 32 young (65536K), 5 survivors (10240K)
 Metaspace       used 91388K, committed 92736K, reserved 1130496K
  class space    used 12288K, committed 12864K, reserved 1048576K
}
Event: 45.513 GC heap after
{Heap after GC invocations=62 (full 0):
 garbage-first heap   total 321536K, used 201215K [0x0000000761800000, 0x0000000800000000)
  region size 2048K, 4 young (8192K), 4 survivors (8192K)
 Metaspace       used 91388K, committed 92736K, reserved 1130496K
  class space    used 12288K, committed 12864K, reserved 1048576K
}
Event: 45.632 GC heap before
{Heap before GC invocations=62 (full 0):
 garbage-first heap   total 321536K, used 207359K [0x0000000761800000, 0x0000000800000000)
  region size 2048K, 7 young (14336K), 4 survivors (8192K)
 Metaspace       used 91572K, committed 92928K, reserved 1130496K
  class space    used 12324K, committed 12864K, reserved 1048576K
}
Event: 45.661 GC heap after
{Heap after GC invocations=63 (full 0):
 garbage-first heap   total 321536K, used 204042K [0x0000000761800000, 0x0000000800000000)
  region size 2048K, 1 young (2048K), 1 survivors (2048K)
 Metaspace       used 91572K, committed 92928K, reserved 1130496K
  class space    used 12324K, committed 12864K, reserved 1048576K
}
Event: 46.797 GC heap before
{Heap before GC invocations=63 (full 0):
 garbage-first heap   total 321536K, used 251146K [0x0000000761800000, 0x0000000800000000)
  region size 2048K, 25 young (51200K), 1 survivors (2048K)
 Metaspace       used 93840K, committed 95360K, reserved 1138688K
  class space    used 12768K, committed 13440K, reserved 1048576K
}
Event: 46.817 GC heap after
{Heap after GC invocations=64 (full 0):
 garbage-first heap   total 321536K, used 212615K [0x0000000761800000, 0x0000000800000000)
  region size 2048K, 4 young (8192K), 4 survivors (8192K)
 Metaspace       used 93840K, committed 95360K, reserved 1138688K
  class space    used 12768K, committed 13440K, reserved 1048576K
}
Event: 48.004 GC heap before
{Heap before GC invocations=65 (full 0):
 garbage-first heap   total 389120K, used 253575K [0x0000000761800000, 0x0000000800000000)
  region size 2048K, 25 young (51200K), 4 survivors (8192K)
 Metaspace       used 97728K, committed 99200K, reserved 1138688K
  class space    used 13310K, committed 13952K, reserved 1048576K
}
Event: 48.020 GC heap after
{Heap after GC invocations=66 (full 0):
 garbage-first heap   total 389120K, used 214628K [0x0000000761800000, 0x0000000800000000)
  region size 2048K, 2 young (4096K), 2 survivors (4096K)
 Metaspace       used 97728K, committed 99200K, reserved 1138688K
  class space    used 13310K, committed 13952K, reserved 1048576K
}
Event: 48.384 GC heap before
{Heap before GC invocations=66 (full 0):
 garbage-first heap   total 389120K, used 226916K [0x0000000761800000, 0x0000000800000000)
  region size 2048K, 9 young (18432K), 2 survivors (4096K)
 Metaspace       used 99369K, committed 100864K, reserved 1138688K
  class space    used 13503K, committed 14144K, reserved 1048576K
}
Event: 48.395 GC heap after
{Heap after GC invocations=67 (full 0):
 garbage-first heap   total 618496K, used 215526K [0x0000000761800000, 0x0000000800000000)
  region size 2048K, 2 young (4096K), 2 survivors (4096K)
 Metaspace       used 99369K, committed 100864K, reserved 1138688K
  class space    used 13503K, committed 14144K, reserved 1048576K
}

Dll operation events (2 events):
Event: 0.029 Loaded shared library C:\Program Files\Android\Android Studio\jre\bin\java.dll
Event: 2.065 Loaded shared library C:\Program Files\Android\Android Studio\jre\bin\verify.dll

Deoptimization events (20 events):
Event: 52.650 Thread 0x00000296f768da00 Uncommon trap: trap_request=0xffffff45 fr.pc=0x00000296da8e76a8 relative=0x00000000000003c8
Event: 52.650 Thread 0x00000296f768da00 Uncommon trap: reason=unstable_if action=reinterpret pc=0x00000296da8e76a8 method=jdk.internal.org.objectweb.asm.MethodWriter.visitFieldInsn(ILjava/lang/String;Ljava/lang/String;Ljava/lang/String;)V @ 223 c2
Event: 52.650 Thread 0x00000296f768da00 DEOPT PACKING pc=0x00000296da8e76a8 sp=0x000000f0b4afd990
Event: 52.650 Thread 0x00000296f768da00 DEOPT UNPACKING pc=0x00000296d9c269a3 sp=0x000000f0b4afd910 mode 2
Event: 70.200 Thread 0x00000296f768e3a0 Uncommon trap: trap_request=0xffffffc6 fr.pc=0x00000296da6c066c relative=0x000000000000030c
Event: 70.200 Thread 0x00000296f768e3a0 Uncommon trap: reason=bimorphic_or_optimized_type_check action=maybe_recompile pc=0x00000296da6c066c method=org.gradle.internal.logging.sink.OutputEventRenderer.onOutput(Lorg/gradle/internal/logging/events/OutputEvent;)V @ 1 c2
Event: 70.200 Thread 0x00000296f768e3a0 DEOPT PACKING pc=0x00000296da6c066c sp=0x000000f0b4bfee90
Event: 70.201 Thread 0x00000296f768e3a0 DEOPT UNPACKING pc=0x00000296d9c269a3 sp=0x000000f0b4bfee38 mode 2
Event: 70.202 Thread 0x00000296f768e3a0 Uncommon trap: trap_request=0xffffffc6 fr.pc=0x00000296da6c066c relative=0x000000000000030c
Event: 70.202 Thread 0x00000296f768e3a0 Uncommon trap: reason=bimorphic_or_optimized_type_check action=maybe_recompile pc=0x00000296da6c066c method=org.gradle.internal.logging.sink.OutputEventRenderer.onOutput(Lorg/gradle/internal/logging/events/OutputEvent;)V @ 1 c2
Event: 70.203 Thread 0x00000296f768e3a0 DEOPT PACKING pc=0x00000296da6c066c sp=0x000000f0b4bfee90
Event: 70.203 Thread 0x00000296f768e3a0 DEOPT UNPACKING pc=0x00000296d9c269a3 sp=0x000000f0b4bfee38 mode 2
Event: 70.204 Thread 0x00000296f768e3a0 Uncommon trap: trap_request=0xffffffc6 fr.pc=0x00000296da6c066c relative=0x000000000000030c
Event: 70.204 Thread 0x00000296f768e3a0 Uncommon trap: reason=bimorphic_or_optimized_type_check action=maybe_recompile pc=0x00000296da6c066c method=org.gradle.internal.logging.sink.OutputEventRenderer.onOutput(Lorg/gradle/internal/logging/events/OutputEvent;)V @ 1 c2
Event: 70.204 Thread 0x00000296f768e3a0 DEOPT PACKING pc=0x00000296da6c066c sp=0x000000f0b4bfee90
Event: 70.204 Thread 0x00000296f768e3a0 DEOPT UNPACKING pc=0x00000296d9c269a3 sp=0x000000f0b4bfee38 mode 2
Event: 70.204 Thread 0x00000296f768e3a0 Uncommon trap: trap_request=0xffffffc6 fr.pc=0x00000296da6c066c relative=0x000000000000030c
Event: 70.204 Thread 0x00000296f768e3a0 Uncommon trap: reason=bimorphic_or_optimized_type_check action=maybe_recompile pc=0x00000296da6c066c method=org.gradle.internal.logging.sink.OutputEventRenderer.onOutput(Lorg/gradle/internal/logging/events/OutputEvent;)V @ 1 c2
Event: 70.204 Thread 0x00000296f768e3a0 DEOPT PACKING pc=0x00000296da6c066c sp=0x000000f0b4bfee90
Event: 70.204 Thread 0x00000296f768e3a0 DEOPT UNPACKING pc=0x00000296d9c269a3 sp=0x000000f0b4bfee38 mode 2

Classes unloaded (0 events):
No events

Classes redefined (0 events):
No events

Internal exceptions (20 events):
Event: 52.613 Thread 0x00000296f6371fb0 Exception <a 'java/lang/ClassNotFoundException'{0x000000077ef55e38}: org/gradle/process/internal/DefaultExecHandleBuilderBeanInfo> (0x000000077ef55e38) 
thrown [s\src\hotspot\share\classfile\systemDictionary.cpp, line 256]
Event: 52.614 Thread 0x00000296f6371fb0 Exception <a 'java/lang/ClassNotFoundException'{0x000000077ef68ee8}: org/gradle/process/internal/AbstractExecHandleBuilderBeanInfo> (0x000000077ef68ee8) 
thrown [s\src\hotspot\share\classfile\systemDictionary.cpp, line 256]
Event: 52.615 Thread 0x00000296f6371fb0 Exception <a 'java/lang/ClassNotFoundException'{0x000000077ef7c798}: org/gradle/process/internal/DefaultProcessForkOptionsBeanInfo> (0x000000077ef7c798) 
thrown [s\src\hotspot\share\classfile\systemDictionary.cpp, line 256]
Event: 52.616 Thread 0x00000296f6371fb0 Exception <a 'java/lang/ClassNotFoundException'{0x000000077ef90110}: org/gradle/process/internal/DefaultProcessForkOptionsCustomizer> (0x000000077ef90110) 
thrown [s\src\hotspot\share\classfile\systemDictionary.cpp, line 256]
Event: 52.617 Thread 0x00000296f6371fb0 Exception <a 'java/lang/ClassNotFoundException'{0x000000077efaf410}: org/gradle/process/internal/AbstractExecHandleBuilderCustomizer> (0x000000077efaf410) 
thrown [s\src\hotspot\share\classfile\systemDictionary.cpp, line 256]
Event: 52.619 Thread 0x00000296f6371fb0 Exception <a 'java/lang/ClassNotFoundException'{0x000000077efd4620}: org/gradle/process/internal/DefaultExecHandleBuilderCustomizer> (0x000000077efd4620) 
thrown [s\src\hotspot\share\classfile\systemDictionary.cpp, line 256]
Event: 52.621 Thread 0x00000296f6371fb0 Exception <a 'java/lang/ClassNotFoundException'{0x000000077ec14c28}: org/gradle/process/internal/DefaultExecActionCustomizer> (0x000000077ec14c28) 
thrown [s\src\hotspot\share\classfile\systemDictionary.cpp, line 256]
Event: 52.622 Thread 0x00000296f6371fb0 Exception <a 'java/lang/ClassNotFoundException'{0x000000077ec30510}: org/gradle/process/internal/DefaultExecAction_DecoratedCustomizer> (0x000000077ec30510) 
thrown [s\src\hotspot\share\classfile\systemDictionary.cpp, line 256]
Event: 52.625 Thread 0x00000296f6371fb0 Exception <a 'java/lang/ClassNotFoundException'{0x000000077ec69228}: org/gradle/api/logging/LogLevelBeanInfo> (0x000000077ec69228) 
thrown [s\src\hotspot\share\classfile\systemDictionary.cpp, line 256]
Event: 52.626 Thread 0x00000296f6371fb0 Exception <a 'java/lang/ClassNotFoundException'{0x000000077ec7a738}: org/gradle/api/logging/LogLevelCustomizer> (0x000000077ec7a738) 
thrown [s\src\hotspot\share\classfile\systemDictionary.cpp, line 256]
Event: 52.631 Thread 0x00000296f6371fb0 Exception <a 'java/lang/ClassNotFoundException'{0x000000077ecbf8c0}: org/gradle/internal/logging/services/DefaultLoggingManagerBeanInfo> (0x000000077ecbf8c0) 
thrown [s\src\hotspot\share\classfile\systemDictionary.cpp, line 256]
Event: 52.632 Thread 0x00000296f6371fb0 Exception <a 'java/lang/ClassNotFoundException'{0x000000077ecd1538}: org/gradle/internal/logging/services/DefaultLoggingManagerCustomizer> (0x000000077ecd1538) 
thrown [s\src\hotspot\share\classfile\systemDictionary.cpp, line 256]
Event: 52.636 Thread 0x00000296f6371fb0 Exception <a 'java/lang/ClassNotFoundException'{0x000000077ed01f78}: java/lang/BooleanBeanInfo> (0x000000077ed01f78) 
thrown [s\src\hotspot\share\classfile\systemDictionary.cpp, line 256]
Event: 52.636 Thread 0x00000296f6371fb0 Exception <a 'java/lang/ClassNotFoundException'{0x000000077ed08550}: java/lang/BooleanCustomizer> (0x000000077ed08550) 
thrown [s\src\hotspot\share\classfile\systemDictionary.cpp, line 256]
Event: 52.650 Thread 0x00000296f768da00 Exception <a 'java/lang/NoSuchMethodError'{0x000000077ed61440}: 'void java.lang.invoke.DirectMethodHandle$Holder.invokeStatic(java.lang.Object, long)'> (0x000000077ed61440) 
thrown [s\src\hotspot\share\interpreter\linkResolver.cpp, line 771]
Event: 52.650 Thread 0x00000296f768da00 Exception <a 'java/lang/NoSuchMethodError'{0x000000077ed66a98}: 'java.lang.Object java.lang.invoke.DirectMethodHandle$Holder.newInvokeSpecial(java.lang.Object, long)'> (0x000000077ed66a98) 
thrown [s\src\hotspot\share\interpreter\linkResolver.cpp, line 771]
Event: 52.652 Thread 0x00000296f768da00 Exception <a 'java/lang/NoSuchMethodError'{0x000000077ed6d6c0}: 'java.lang.Object java.lang.invoke.DirectMethodHandle$Holder.invokeStatic(java.lang.Object, java.lang.Object, long, java.lang.Object)'> (0x000000077ed6d6c0) 
thrown [s\src\hotspot\share\interpreter\linkResolver.cpp, line 771]
Event: 52.652 Thread 0x00000296f768da00 Exception <a 'java/lang/NoSuchMethodError'{0x000000077ed71158}: 'java.lang.Object java.lang.invoke.DirectMethodHandle$Holder.invokeStaticInit(java.lang.Object, java.lang.Object, long, java.lang.Object)'> (0x000000077ed71158) 
thrown [s\src\hotspot\share\interpreter\linkResolver.cpp, line 771]
Event: 52.653 Thread 0x00000296f768da00 Exception <a 'java/lang/NoSuchMethodError'{0x000000077ed77770}: 'java.lang.Object java.lang.invoke.DirectMethodHandle$Holder.newInvokeSpecial(java.lang.Object, java.lang.Object, long)'> (0x000000077ed77770) 
thrown [s\src\hotspot\share\interpreter\linkResolver.cpp, line 771]
Event: 52.653 Thread 0x00000296f768da00 Exception <a 'java/lang/NoSuchMethodError'{0x000000077ed7b2e0}: 'java.lang.Object java.lang.invoke.Invokers$Holder.linkToTargetMethod(java.lang.Object, long, java.lang.Object)'> (0x000000077ed7b2e0) 
thrown [s\src\hotspot\share\interpreter\linkResolver.cpp, line 771]

VM Operations (20 events):
Event: 52.506 Executing VM operation: HandshakeAllThreads
Event: 52.507 Executing VM operation: HandshakeAllThreads done
Event: 52.510 Executing VM operation: HandshakeAllThreads
Event: 52.510 Executing VM operation: HandshakeAllThreads done
Event: 52.539 Executing VM operation: HandshakeAllThreads
Event: 52.539 Executing VM operation: HandshakeAllThreads done
Event: 52.584 Executing VM operation: HandshakeAllThreads
Event: 52.584 Executing VM operation: HandshakeAllThreads done
Event: 52.656 Executing VM operation: HandshakeAllThreads
Event: 52.656 Executing VM operation: HandshakeAllThreads done
Event: 53.665 Executing VM operation: Cleanup
Event: 53.665 Executing VM operation: Cleanup done
Event: 60.704 Executing VM operation: Cleanup
Event: 60.704 Executing VM operation: Cleanup done
Event: 62.715 Executing VM operation: Cleanup
Event: 62.715 Executing VM operation: Cleanup done
Event: 70.197 Executing VM operation: HandshakeAllThreads
Event: 70.198 Executing VM operation: HandshakeAllThreads done
Event: 70.198 Executing VM operation: Cleanup
Event: 70.198 Executing VM operation: Cleanup done

Events (20 events):
Event: 52.636 loading class java/lang/BooleanCustomizer
Event: 52.636 loading class java/lang/BooleanCustomizer done
Event: 52.636 loading class java/lang/BooleanCustomizer
Event: 52.636 loading class java/lang/BooleanCustomizer done
Event: 52.644 Thread 0x00000296f768da00 Thread added: 0x00000296f768da00
Event: 52.644 loading class java/lang/ProcessBuilder
Event: 52.645 loading class java/lang/ProcessBuilder done
Event: 52.646 loading class java/lang/ProcessImpl
Event: 52.646 loading class java/lang/ProcessImpl done
Event: 52.651 loading class java/lang/ProcessHandleImpl
Event: 52.651 loading class java/lang/ProcessHandleImpl done
Event: 52.654 loading class java/lang/ProcessImpl$2
Event: 52.655 loading class java/lang/ProcessImpl$2 done
Event: 52.655 loading class java/lang/Process$PipeInputStream
Event: 52.655 loading class java/lang/Process$PipeInputStream done
Event: 52.657 loading class jdk/internal/event/ProcessStartEvent
Event: 52.657 loading class jdk/internal/event/ProcessStartEvent done
Event: 52.659 Thread 0x00000296f768e3a0 Thread added: 0x00000296f768e3a0
Event: 52.660 Thread 0x00000296f768e870 Thread added: 0x00000296f768e870
Event: 57.732 Thread 0x00000296f7468780 Thread exited: 0x00000296f7468780


Dynamic libraries:
0x00007ff6385e0000 - 0x00007ff6385ea000 	C:\Program Files\Android\Android Studio\jre\bin\java.exe
0x00007ff82df50000 - 0x00007ff82e148000 	C:\Windows\SYSTEM32\ntdll.dll
0x00007ff82c030000 - 0x00007ff82c0ed000 	C:\Windows\System32\KERNEL32.DLL
0x00007ff82b850000 - 0x00007ff82bb46000 	C:\Windows\System32\KERNELBASE.dll
0x00007ff82bb50000 - 0x00007ff82bc50000 	C:\Windows\System32\ucrtbase.dll
0x00007ff823d80000 - 0x00007ff823d97000 	C:\Program Files\Android\Android Studio\jre\bin\jli.dll
0x00007ff82d790000 - 0x00007ff82d92e000 	C:\Windows\System32\USER32.dll
0x00007ff82b6f0000 - 0x00007ff82b712000 	C:\Windows\System32\win32u.dll
0x00007ff82da80000 - 0x00007ff82daac000 	C:\Windows\System32\GDI32.dll
0x00007ff82bc50000 - 0x00007ff82bd6a000 	C:\Windows\System32\gdi32full.dll
0x00007ff82b720000 - 0x00007ff82b7bd000 	C:\Windows\System32\msvcp_win.dll
0x00007ff816330000 - 0x00007ff81634b000 	C:\Program Files\Android\Android Studio\jre\bin\VCRUNTIME140.dll
0x00007ff816ea0000 - 0x00007ff81713a000 	C:\Windows\WinSxS\amd64_microsoft.windows.common-controls_6595b64144ccf1df_6.0.19041.1110_none_60b5254171f9507e\COMCTL32.dll
0x00007ff82d9e0000 - 0x00007ff82da7e000 	C:\Windows\System32\msvcrt.dll
0x00007ff82c6d0000 - 0x00007ff82c700000 	C:\Windows\System32\IMM32.DLL
0x00007ff8171f0000 - 0x00007ff8171fc000 	C:\Program Files\Android\Android Studio\jre\bin\vcruntime140_1.dll
0x00007ff8071d0000 - 0x00007ff80725d000 	C:\Program Files\Android\Android Studio\jre\bin\msvcp140.dll
0x00007fffa2b20000 - 0x00007fffa378e000 	C:\Program Files\Android\Android Studio\jre\bin\server\jvm.dll
0x00007ff82c700000 - 0x00007ff82c7ae000 	C:\Windows\System32\ADVAPI32.dll
0x00007ff82dab0000 - 0x00007ff82db4c000 	C:\Windows\System32\sechost.dll
0x00007ff82c8e0000 - 0x00007ff82ca06000 	C:\Windows\System32\RPCRT4.dll
0x00007ff825a00000 - 0x00007ff825a09000 	C:\Windows\SYSTEM32\WSOCK32.dll
0x00007ff82ca10000 - 0x00007ff82ca7b000 	C:\Windows\System32\WS2_32.dll
0x00007ff816ca0000 - 0x00007ff816cc7000 	C:\Windows\SYSTEM32\WINMM.dll
0x00007ff820c70000 - 0x00007ff820c7a000 	C:\Windows\SYSTEM32\VERSION.dll
0x00007ff829ea0000 - 0x00007ff829eb2000 	C:\Windows\SYSTEM32\kernel.appcore.dll
0x00007ff8121b0000 - 0x00007ff8121ba000 	C:\Program Files\Android\Android Studio\jre\bin\jimage.dll
0x00007ff826220000 - 0x00007ff826404000 	C:\Windows\SYSTEM32\DBGHELP.DLL
0x00007ff8181f0000 - 0x00007ff818224000 	C:\Windows\SYSTEM32\dbgcore.DLL
0x00007ff82b7c0000 - 0x00007ff82b842000 	C:\Windows\System32\bcryptPrimitives.dll
0x00007ff8071a0000 - 0x00007ff8071c5000 	C:\Program Files\Android\Android Studio\jre\bin\java.dll
0x00007ff807180000 - 0x00007ff807198000 	C:\Program Files\Android\Android Studio\jre\bin\zip.dll
0x00007ff82ceb0000 - 0x00007ff82d5f5000 	C:\Windows\System32\SHELL32.dll
0x00007ff826560000 - 0x00007ff826cfb000 	C:\Windows\SYSTEM32\windows.storage.dll
0x00007ff82ca90000 - 0x00007ff82cde4000 	C:\Windows\System32\combase.dll
0x00007ff82afa0000 - 0x00007ff82afce000 	C:\Windows\SYSTEM32\Wldp.dll
0x00007ff82d930000 - 0x00007ff82d9dd000 	C:\Windows\System32\SHCORE.dll
0x00007ff82db50000 - 0x00007ff82dba5000 	C:\Windows\System32\shlwapi.dll
0x00007ff82b560000 - 0x00007ff82b585000 	C:\Windows\SYSTEM32\profapi.dll
0x00007ff807160000 - 0x00007ff807179000 	C:\Program Files\Android\Android Studio\jre\bin\net.dll
0x00007ff821720000 - 0x00007ff82182a000 	C:\Windows\SYSTEM32\WINHTTP.dll
0x00007ff82ad00000 - 0x00007ff82ad6a000 	C:\Windows\system32\mswsock.dll
0x00007ff807140000 - 0x00007ff807156000 	C:\Program Files\Android\Android Studio\jre\bin\nio.dll
0x00007ff80c030000 - 0x00007ff80c040000 	C:\Program Files\Android\Android Studio\jre\bin\verify.dll
0x00007ff801ed0000 - 0x00007ff801ef7000 	C:\Users\hedra\.gradle\native\e1d6ef7f7dcc3fd88c89a11ec53ec762bb8ba0a96d01ffa2cd45eb1d1d8dd5c5\windows-amd64\native-platform.dll
0x00007fffb54e0000 - 0x00007fffb5624000 	C:\Users\hedra\.gradle\native\5664cfc778a61ccfe75a443a1ab52a65af34e5dc3c78e0209fed803814484fcb\windows-amd64\native-platform-file-events.dll
0x00007ff80bd80000 - 0x00007ff80bd89000 	C:\Program Files\Android\Android Studio\jre\bin\management.dll
0x00007ff80bd30000 - 0x00007ff80bd3b000 	C:\Program Files\Android\Android Studio\jre\bin\management_ext.dll
0x00007ff82d600000 - 0x00007ff82d608000 	C:\Windows\System32\PSAPI.DLL
0x00007ff82aef0000 - 0x00007ff82af08000 	C:\Windows\SYSTEM32\CRYPTSP.dll
0x00007ff82a610000 - 0x00007ff82a644000 	C:\Windows\system32\rsaenh.dll
0x00007ff82bd70000 - 0x00007ff82bd97000 	C:\Windows\System32\bcrypt.dll
0x00007ff82b4b0000 - 0x00007ff82b4de000 	C:\Windows\SYSTEM32\USERENV.dll
0x00007ff82af10000 - 0x00007ff82af1c000 	C:\Windows\SYSTEM32\CRYPTBASE.dll
0x00007ff82a9f0000 - 0x00007ff82aa2b000 	C:\Windows\SYSTEM32\IPHLPAPI.DLL
0x00007ff82ce10000 - 0x00007ff82ce18000 	C:\Windows\System32\NSI.dll
0x00007ff821e90000 - 0x00007ff821ea7000 	C:\Windows\SYSTEM32\dhcpcsvc6.DLL
0x00007ff821e10000 - 0x00007ff821e2d000 	C:\Windows\SYSTEM32\dhcpcsvc.DLL
0x00007ff82aa30000 - 0x00007ff82aafa000 	C:\Windows\SYSTEM32\DNSAPI.dll
0x00007ff8189c0000 - 0x00007ff8189c7000 	C:\Windows\system32\wshunix.dll

dbghelp: loaded successfully - version: 4.0.5 - missing functions: none
symbol engine: initialized successfully - sym options: 0x614 - pdb path: .;C:\Program Files\Android\Android Studio\jre\bin;C:\Windows\SYSTEM32;C:\Windows\WinSxS\amd64_microsoft.windows.common-controls_6595b64144ccf1df_6.0.19041.1110_none_60b5254171f9507e;C:\Program Files\Android\Android Studio\jre\bin\server;C:\Users\hedra\.gradle\native\e1d6ef7f7dcc3fd88c89a11ec53ec762bb8ba0a96d01ffa2cd45eb1d1d8dd5c5\windows-amd64;C:\Users\hedra\.gradle\native\5664cfc778a61ccfe75a443a1ab52a65af34e5dc3c78e0209fed803814484fcb\windows-amd64

VM Arguments:
jvm_args: --add-opens=java.base/java.util=ALL-UNNAMED --add-opens=java.base/java.lang=ALL-UNNAMED --add-opens=java.base/java.lang.invoke=ALL-UNNAMED --add-opens=java.base/java.util=ALL-UNNAMED --add-opens=java.prefs/java.util.prefs=ALL-UNNAMED --add-opens=java.prefs/java.util.prefs=ALL-UNNAMED --add-opens=java.base/java.nio.charset=ALL-UNNAMED --add-opens=java.base/java.net=ALL-UNNAMED --add-opens=java.base/java.util.concurrent.atomic=ALL-UNNAMED -Xmx2536M -Dfile.encoding=windows-1252 -Duser.country=US -Duser.language=en -Duser.variant 
java_command: org.gradle.launcher.daemon.bootstrap.GradleDaemon 7.3.3
java_class_path (initial): C:\Users\hedra\.gradle\wrapper\dists\gradle-7.3.3-all\4295vidhdd9hd3gbjyw1xqxpo\gradle-7.3.3\lib\gradle-launcher-7.3.3.jar
Launcher Type: SUN_STANDARD

[Global flags]
     intx CICompilerCount                          = 3                                         {product} {ergonomic}
     uint ConcGCThreads                            = 1                                         {product} {ergonomic}
     uint G1ConcRefinementThreads                  = 4                                         {product} {ergonomic}
   size_t G1HeapRegionSize                         = 2097152                                   {product} {ergonomic}
    uintx GCDrainStackTargetSize                   = 64                                        {product} {ergonomic}
   size_t InitialHeapSize                          = 266338304                                 {product} {ergonomic}
   size_t MarkStackSize                            = 4194304                                   {product} {ergonomic}
   size_t MaxHeapSize                              = 2659188736                                {product} {command line}
   size_t MaxNewSize                               = 1593835520                                {product} {ergonomic}
   size_t MinHeapDeltaBytes                        = 2097152                                   {product} {ergonomic}
   size_t MinHeapSize                              = 8388608                                   {product} {ergonomic}
    uintx NonNMethodCodeHeapSize                   = 5832780                                {pd product} {ergonomic}
    uintx NonProfiledCodeHeapSize                  = 122912730                              {pd product} {ergonomic}
    uintx ProfiledCodeHeapSize                     = 122912730                              {pd product} {ergonomic}
    uintx ReservedCodeCacheSize                    = 251658240                              {pd product} {ergonomic}
     bool SegmentedCodeCache                       = true                                      {product} {ergonomic}
   size_t SoftMaxHeapSize                          = 2659188736                             {manageable} {ergonomic}
     bool UseCompressedClassPointers               = true                           {product lp64_product} {ergonomic}
     bool UseCompressedOops                        = true                           {product lp64_product} {ergonomic}
     bool UseG1GC                                  = true                                      {product} {ergonomic}
     bool UseLargePagesIndividualAllocation        = false                                  {pd product} {ergonomic}

Logging:
Log output configuration:
 #0: stdout all=warning uptime,level,tags
 #1: stderr all=off uptime,level,tags

Environment Variables:
JAVA_HOME=C:\Program Files\Android\Android Studio\jre
CLASSPATH=D:\Naouma Last\android\\gradle\wrapper\gradle-wrapper.jar
PATH=C:\Program Files\Common Files\Oracle\Java\javapath;C:\Windows\system32;C:\Windows;C:\Windows\System32\Wbem;C:\Windows\System32\WindowsPowerShell\v1.0\;C:\Windows\System32\OpenSSH\;C:\Program Files\dotnet\;C:\Program Files (x86)\Intel\Intel(R) Management Engine Components\DAL;C:\Program Files\Intel\Intel(R) Management Engine Components\DAL;C:\Program Files\Git\cmd;D:\nauma\flutter-3.0\bin;C:\Program Files\Git\cmd;C:\Program Files\nodejs\;C:\ProgramData\chocolatey;C:\Program Files\PuTTY\;C:\Users\hedra\AppData\Local\Microsoft\WindowsApps;C:\Program Files\Git;C:\flutter;C:\Users\hedra\AppData\Roaming\npm;C:\Users\hedra\AppData\Local\Programs\Microsoft VS Code\bin;C:\Users\hedra\AppData\Local\GitHubDesktop\bin;C:\Users\hedra\AppData\Local\Google\Cloud SDK\google-cloud-sdk\bin;C:\flutter\bin\mingit\cmd
USERNAME=hedra
OS=Windows_NT
PROCESSOR_IDENTIFIER=Intel64 Family 6 Model 142 Stepping 9, GenuineIntel
TMP=C:\Users\hedra\AppData\Local\Temp
TEMP=C:\Users\hedra\AppData\Local\Temp


JNI global refs:
JNI global refs: 24, weak refs: 1

JNI global refs memory usage: 843, weak refs: 841


---------------  S Y S T E M  ---------------

OS:
 Windows 10 , 64 bit Build 19041 (10.0.19041.3393)
OS uptime: 1 days 11:16 hours

CPU: total 4 (initial active 4) (2 cores per cpu, 2 threads per core) family 6 model 142 stepping 9 microcode 0xf4, cx8, cmov, fxsr, ht, mmx, 3dnowpref, sse, sse2, sse3, ssse3, sse4.1, sse4.2, popcnt, lzcnt, tsc, tscinvbit, avx, avx2, aes, erms, clmul, bmi1, bmi2, rtm, adx, fma, vzeroupper, clflush, clflushopt

Memory: 4k page, system-wide physical 16242M (3969M free)
TotalPageFile size 17266M (AvailPageFile size 2M)
current process WorkingSet (physical memory assigned to process): 65M, peak: 798M
current process commit charge ("private bytes"): 948M, peak: 979M

vm_info: OpenJDK 64-Bit Server VM (17.0.6+0-b2043.56-10027231) for windows-amd64 JRE (17.0.6+0-b2043.56-10027231), built on Apr 28 2023 00:43:19 by "androidbuild" with MS VC++ 16.10 / 16.11 (VS2019)

END.
