#
# There is insufficient memory for the Java Runtime Environment to continue.
# Native memory allocation (malloc) failed to allocate 32744 bytes for ChunkPool::allocate
# Possible reasons:
#   The system is out of physical RAM or swap space
#   The process is running with CompressedOops enabled, and the Java Heap may be blocking the growth of the native heap
# Possible solutions:
#   Reduce memory load on the system
#   Increase physical memory or swap space
#   Check if swap backing store is full
#   Decrease Java heap size (-Xmx/-Xms)
#   Decrease number of Java threads
#   Decrease Java thread stack sizes (-Xss)
#   Set larger code cache with -XX:ReservedCodeCacheSize=
#   JVM is running with Zero Based Compressed Oops mode in which the Java heap is
#     placed in the first 32GB address space. The Java Heap base address is the
#     maximum limit for the native heap growth. Please use -XX:HeapBaseMinAddress
#     to set the Java Heap base and to place the Java Heap above 32GB virtual address.
# This output file may be truncated or incomplete.
#
#  Out of Memory Error (arena.cpp:78), pid=6956, tid=6488
#
# JRE version: OpenJDK Runtime Environment (17.0.6) (build 17.0.6+0-b2043.56-10027231)
# Java VM: OpenJDK 64-Bit Server VM (17.0.6+0-b2043.56-10027231, mixed mode, tiered, compressed oops, compressed class ptrs, g1 gc, windows-amd64)
# No core dump will be written. Minidumps are not enabled by default on client versions of Windows
#

---------------  S U M M A R Y ------------

Command Line: -Dorg.gradle.appname=gradlew org.gradle.wrapper.GradleWrapperMain -q -Ptarget-platform=android-x64 -Ptarget=D:\SourceCode\Naouma Last\lib\main.dart -Pbase-application-name=android.app.Application -Pdart-defines=Zmx1dHRlci5pbnNwZWN0b3Iuc3RydWN0dXJlZEVycm9ycz10cnVl,RkxVVFRFUl9XRUJfQVVUT19ERVRFQ1Q9dHJ1ZQ== -Pdart-obfuscation=false -Ptrack-widget-creation=true -Ptree-shake-icons=false -Pfilesystem-scheme=org-dartlang-root assembleDebug

Host: Intel(R) Core(TM) i5-7300U CPU @ 2.60GHz, 4 cores, 15G,  Windows 10 , 64 bit Build 19041 (10.0.19041.3636)
Time: Sat Mar  9 06:35:17 2024 Egypt Standard Time elapsed time: 9.353937 seconds (0d 0h 0m 9s)

---------------  T H R E A D  ---------------

Current thread (0x0000022c9788acd0):  JavaThread "C2 CompilerThread0" daemon [_thread_in_native, id=6488, stack(0x00000062cff00000,0x00000062d0000000)]


Current CompileTask:
C2:   9354 1185 % !   4       java.io.BufferedReader::readLine @ 139 (327 bytes)

Stack: [0x00000062cff00000,0x00000062d0000000]
Native frames: (J=compiled Java code, j=interpreted, Vv=VM code, C=native code)
V  [jvm.dll+0x683c9a]
V  [jvm.dll+0x8427a4]
V  [jvm.dll+0x843f9e]
V  [jvm.dll+0x844603]
V  [jvm.dll+0x249b75]
V  [jvm.dll+0xabecc]
V  [jvm.dll+0xac27c]
V  [jvm.dll+0x60f0c0]
V  [jvm.dll+0x614e27]
V  [jvm.dll+0x615ca2]
V  [jvm.dll+0x614204]
V  [jvm.dll+0x21c078]
V  [jvm.dll+0x21b621]
V  [jvm.dll+0x1a4fdd]
V  [jvm.dll+0x22b098]
V  [jvm.dll+0x229159]
V  [jvm.dll+0x7f81ec]
V  [jvm.dll+0x7f274a]
V  [jvm.dll+0x682ad5]
C  [ucrtbase.dll+0x21bb2]
C  [KERNEL32.DLL+0x17344]
C  [ntdll.dll+0x526b1]


---------------  P R O C E S S  ---------------

Threads class SMR info:
_java_thread_list=0x0000022c99319a10, length=14, elements={
0x0000022cf87e57a0, 0x0000022c97847620, 0x0000022c97849b50, 0x0000022c9787d900,
0x0000022c9787f530, 0x0000022c97882bb0, 0x0000022c97883470, 0x0000022c9788acd0,
0x0000022c97890740, 0x0000022c978f1a60, 0x0000022c979ef7f0, 0x0000022c97a0a640,
0x0000022c991d6470, 0x0000022c9918bdd0
}

Java Threads: ( => current thread )
  0x0000022cf87e57a0 JavaThread "main" [_thread_in_native, id=15212, stack(0x00000062cf100000,0x00000062cf200000)]
  0x0000022c97847620 JavaThread "Reference Handler" daemon [_thread_blocked, id=13460, stack(0x00000062cf800000,0x00000062cf900000)]
  0x0000022c97849b50 JavaThread "Finalizer" daemon [_thread_blocked, id=4768, stack(0x00000062cf900000,0x00000062cfa00000)]
  0x0000022c9787d900 JavaThread "Signal Dispatcher" daemon [_thread_blocked, id=15460, stack(0x00000062cfb00000,0x00000062cfc00000)]
  0x0000022c9787f530 JavaThread "Attach Listener" daemon [_thread_blocked, id=16192, stack(0x00000062cfc00000,0x00000062cfd00000)]
  0x0000022c97882bb0 JavaThread "Service Thread" daemon [_thread_blocked, id=8516, stack(0x00000062cfd00000,0x00000062cfe00000)]
  0x0000022c97883470 JavaThread "Monitor Deflation Thread" daemon [_thread_blocked, id=10300, stack(0x00000062cfe00000,0x00000062cff00000)]
=>0x0000022c9788acd0 JavaThread "C2 CompilerThread0" daemon [_thread_in_native, id=6488, stack(0x00000062cff00000,0x00000062d0000000)]
  0x0000022c97890740 JavaThread "C1 CompilerThread0" daemon [_thread_blocked, id=15740, stack(0x00000062d0000000,0x00000062d0100000)]
  0x0000022c978f1a60 JavaThread "Sweeper thread" daemon [_thread_blocked, id=5736, stack(0x00000062d0100000,0x00000062d0200000)]
  0x0000022c979ef7f0 JavaThread "Notification Thread" daemon [_thread_blocked, id=13876, stack(0x00000062d0200000,0x00000062d0300000)]
  0x0000022c97a0a640 JavaThread "Common-Cleaner" daemon [_thread_blocked, id=12088, stack(0x00000062d0400000,0x00000062d0500000)]
  0x0000022c991d6470 JavaThread "pool-1-thread-1" [_thread_blocked, id=1100, stack(0x00000062d0900000,0x00000062d0a00000)]
  0x0000022c9918bdd0 JavaThread "DisconnectableInputStream source reader" daemon [_thread_in_native, id=4392, stack(0x00000062d0a00000,0x00000062d0b00000)]

Other Threads:
  0x0000022cff9ae7b0 VMThread "VM Thread" [stack: 0x00000062cf700000,0x00000062cf800000] [id=1472]
  0x0000022c979efcc0 WatcherThread [stack: 0x00000062d0300000,0x00000062d0400000] [id=9948]
  0x0000022cf884d970 GCTaskThread "GC Thread#0" [stack: 0x00000062cf200000,0x00000062cf300000] [id=14320]
  0x0000022c97d315a0 GCTaskThread "GC Thread#1" [stack: 0x00000062d0500000,0x00000062d0600000] [id=4424]
  0x0000022c97e49130 GCTaskThread "GC Thread#2" [stack: 0x00000062d0600000,0x00000062d0700000] [id=14784]
  0x0000022c97e493e0 GCTaskThread "GC Thread#3" [stack: 0x00000062d0700000,0x00000062d0800000] [id=14060]
  0x0000022cf885e590 ConcurrentGCThread "G1 Main Marker" [stack: 0x00000062cf300000,0x00000062cf400000] [id=15984]
  0x0000022cf885eeb0 ConcurrentGCThread "G1 Conc#0" [stack: 0x00000062cf400000,0x00000062cf500000] [id=15280]
  0x0000022cf88a3990 ConcurrentGCThread "G1 Refine#0" [stack: 0x00000062cf500000,0x00000062cf600000] [id=8712]
  0x0000022cff832cd0 ConcurrentGCThread "G1 Service" [stack: 0x00000062cf600000,0x00000062cf700000] [id=5136]

Threads with active compile tasks:
C2 CompilerThread0     9386 1185 % !   4       java.io.BufferedReader::readLine @ 139 (327 bytes)

VM state: not at safepoint (normal execution)

VM Mutex/Monitor currently owned by a thread: None

Heap address: 0x0000000702200000, size: 4062 MB, Compressed Oops mode: Zero based, Oop shift amount: 3

CDS archive(s) not mapped
Compressed class space mapped at: 0x0000000800000000-0x0000000840000000, reserved size: 1073741824
Narrow klass base: 0x0000000800000000, Narrow klass shift: 0, Narrow klass range: 0x40000000

GC Precious Log:
 CPUs: 4 total, 4 available
 Memory: 16242M
 Large Page Support: Disabled
 NUMA Support: Disabled
 Compressed Oops: Enabled (Zero based)
 Heap Region Size: 2M
 Heap Min Capacity: 8M
 Heap Initial Capacity: 254M
 Heap Max Capacity: 4062M
 Pre-touch: Disabled
 Parallel Workers: 4
 Concurrent Workers: 1
 Concurrent Refinement Workers: 4
 Periodic GC: Disabled

Heap:
 garbage-first heap   total 260096K, used 18548K [0x0000000702200000, 0x0000000800000000)
  region size 2048K, 6 young (12288K), 1 survivors (2048K)
 Metaspace       used 16078K, committed 16256K, reserved 1064960K
  class space    used 1878K, committed 1984K, reserved 1048576K

Heap Regions: E=young(eden), S=young(survivor), O=old, HS=humongous(starts), HC=humongous(continues), CS=collection set, F=free, OA=open archive, CA=closed archive, TAMS=top-at-mark-start (previous, next)
|   0|0x0000000702200000, 0x0000000702400000, 0x0000000702400000|100%|HS|  |TAMS 0x0000000702200000, 0x0000000702200000| Complete 
|   1|0x0000000702400000, 0x0000000702600000, 0x0000000702600000|100%|HC|  |TAMS 0x0000000702400000, 0x0000000702400000| Complete 
|   2|0x0000000702600000, 0x0000000702800000, 0x0000000702800000|100%| O|  |TAMS 0x0000000702600000, 0x0000000702600000| Untracked 
|   3|0x0000000702800000, 0x0000000702a00000, 0x0000000702a00000|100%| O|  |TAMS 0x0000000702800000, 0x0000000702800000| Untracked 
|   4|0x0000000702a00000, 0x0000000702a1d200, 0x0000000702c00000|  5%| O|  |TAMS 0x0000000702a00000, 0x0000000702a00000| Untracked 
|   5|0x0000000702c00000, 0x0000000702c00000, 0x0000000702e00000|  0%| F|  |TAMS 0x0000000702c00000, 0x0000000702c00000| Untracked 
|   6|0x0000000702e00000, 0x0000000702e00000, 0x0000000703000000|  0%| F|  |TAMS 0x0000000702e00000, 0x0000000702e00000| Untracked 
|   7|0x0000000703000000, 0x0000000703000000, 0x0000000703200000|  0%| F|  |TAMS 0x0000000703000000, 0x0000000703000000| Untracked 
|   8|0x0000000703200000, 0x0000000703200000, 0x0000000703400000|  0%| F|  |TAMS 0x0000000703200000, 0x0000000703200000| Untracked 
|   9|0x0000000703400000, 0x0000000703400000, 0x0000000703600000|  0%| F|  |TAMS 0x0000000703400000, 0x0000000703400000| Untracked 
|  10|0x0000000703600000, 0x0000000703600000, 0x0000000703800000|  0%| F|  |TAMS 0x0000000703600000, 0x0000000703600000| Untracked 
|  11|0x0000000703800000, 0x0000000703800000, 0x0000000703a00000|  0%| F|  |TAMS 0x0000000703800000, 0x0000000703800000| Untracked 
|  12|0x0000000703a00000, 0x0000000703a00000, 0x0000000703c00000|  0%| F|  |TAMS 0x0000000703a00000, 0x0000000703a00000| Untracked 
|  13|0x0000000703c00000, 0x0000000703c00000, 0x0000000703e00000|  0%| F|  |TAMS 0x0000000703c00000, 0x0000000703c00000| Untracked 
|  14|0x0000000703e00000, 0x0000000703e00000, 0x0000000704000000|  0%| F|  |TAMS 0x0000000703e00000, 0x0000000703e00000| Untracked 
|  15|0x0000000704000000, 0x0000000704000000, 0x0000000704200000|  0%| F|  |TAMS 0x0000000704000000, 0x0000000704000000| Untracked 
|  16|0x0000000704200000, 0x0000000704200000, 0x0000000704400000|  0%| F|  |TAMS 0x0000000704200000, 0x0000000704200000| Untracked 
|  17|0x0000000704400000, 0x0000000704400000, 0x0000000704600000|  0%| F|  |TAMS 0x0000000704400000, 0x0000000704400000| Untracked 
|  18|0x0000000704600000, 0x0000000704600000, 0x0000000704800000|  0%| F|  |TAMS 0x0000000704600000, 0x0000000704600000| Untracked 
|  19|0x0000000704800000, 0x0000000704800000, 0x0000000704a00000|  0%| F|  |TAMS 0x0000000704800000, 0x0000000704800000| Untracked 
|  20|0x0000000704a00000, 0x0000000704a00000, 0x0000000704c00000|  0%| F|  |TAMS 0x0000000704a00000, 0x0000000704a00000| Untracked 
|  21|0x0000000704c00000, 0x0000000704c00000, 0x0000000704e00000|  0%| F|  |TAMS 0x0000000704c00000, 0x0000000704c00000| Untracked 
|  22|0x0000000704e00000, 0x0000000704e00000, 0x0000000705000000|  0%| F|  |TAMS 0x0000000704e00000, 0x0000000704e00000| Untracked 
|  23|0x0000000705000000, 0x0000000705000000, 0x0000000705200000|  0%| F|  |TAMS 0x0000000705000000, 0x0000000705000000| Untracked 
|  24|0x0000000705200000, 0x0000000705200000, 0x0000000705400000|  0%| F|  |TAMS 0x0000000705200000, 0x0000000705200000| Untracked 
|  25|0x0000000705400000, 0x0000000705400000, 0x0000000705600000|  0%| F|  |TAMS 0x0000000705400000, 0x0000000705400000| Untracked 
|  26|0x0000000705600000, 0x0000000705600000, 0x0000000705800000|  0%| F|  |TAMS 0x0000000705600000, 0x0000000705600000| Untracked 
|  27|0x0000000705800000, 0x0000000705800000, 0x0000000705a00000|  0%| F|  |TAMS 0x0000000705800000, 0x0000000705800000| Untracked 
|  28|0x0000000705a00000, 0x0000000705a00000, 0x0000000705c00000|  0%| F|  |TAMS 0x0000000705a00000, 0x0000000705a00000| Untracked 
|  29|0x0000000705c00000, 0x0000000705c00000, 0x0000000705e00000|  0%| F|  |TAMS 0x0000000705c00000, 0x0000000705c00000| Untracked 
|  30|0x0000000705e00000, 0x0000000705e00000, 0x0000000706000000|  0%| F|  |TAMS 0x0000000705e00000, 0x0000000705e00000| Untracked 
|  31|0x0000000706000000, 0x0000000706000000, 0x0000000706200000|  0%| F|  |TAMS 0x0000000706000000, 0x0000000706000000| Untracked 
|  32|0x0000000706200000, 0x0000000706200000, 0x0000000706400000|  0%| F|  |TAMS 0x0000000706200000, 0x0000000706200000| Untracked 
|  33|0x0000000706400000, 0x0000000706400000, 0x0000000706600000|  0%| F|  |TAMS 0x0000000706400000, 0x0000000706400000| Untracked 
|  34|0x0000000706600000, 0x0000000706600000, 0x0000000706800000|  0%| F|  |TAMS 0x0000000706600000, 0x0000000706600000| Untracked 
|  35|0x0000000706800000, 0x0000000706800000, 0x0000000706a00000|  0%| F|  |TAMS 0x0000000706800000, 0x0000000706800000| Untracked 
|  36|0x0000000706a00000, 0x0000000706a00000, 0x0000000706c00000|  0%| F|  |TAMS 0x0000000706a00000, 0x0000000706a00000| Untracked 
|  37|0x0000000706c00000, 0x0000000706c00000, 0x0000000706e00000|  0%| F|  |TAMS 0x0000000706c00000, 0x0000000706c00000| Untracked 
|  38|0x0000000706e00000, 0x0000000706e00000, 0x0000000707000000|  0%| F|  |TAMS 0x0000000706e00000, 0x0000000706e00000| Untracked 
|  39|0x0000000707000000, 0x0000000707000000, 0x0000000707200000|  0%| F|  |TAMS 0x0000000707000000, 0x0000000707000000| Untracked 
|  40|0x0000000707200000, 0x0000000707200000, 0x0000000707400000|  0%| F|  |TAMS 0x0000000707200000, 0x0000000707200000| Untracked 
|  41|0x0000000707400000, 0x0000000707400000, 0x0000000707600000|  0%| F|  |TAMS 0x0000000707400000, 0x0000000707400000| Untracked 
|  42|0x0000000707600000, 0x0000000707600000, 0x0000000707800000|  0%| F|  |TAMS 0x0000000707600000, 0x0000000707600000| Untracked 
|  43|0x0000000707800000, 0x0000000707800000, 0x0000000707a00000|  0%| F|  |TAMS 0x0000000707800000, 0x0000000707800000| Untracked 
|  44|0x0000000707a00000, 0x0000000707a00000, 0x0000000707c00000|  0%| F|  |TAMS 0x0000000707a00000, 0x0000000707a00000| Untracked 
|  45|0x0000000707c00000, 0x0000000707c00000, 0x0000000707e00000|  0%| F|  |TAMS 0x0000000707c00000, 0x0000000707c00000| Untracked 
|  46|0x0000000707e00000, 0x0000000707e00000, 0x0000000708000000|  0%| F|  |TAMS 0x0000000707e00000, 0x0000000707e00000| Untracked 
|  47|0x0000000708000000, 0x0000000708000000, 0x0000000708200000|  0%| F|  |TAMS 0x0000000708000000, 0x0000000708000000| Untracked 
|  48|0x0000000708200000, 0x0000000708200000, 0x0000000708400000|  0%| F|  |TAMS 0x0000000708200000, 0x0000000708200000| Untracked 
|  49|0x0000000708400000, 0x0000000708400000, 0x0000000708600000|  0%| F|  |TAMS 0x0000000708400000, 0x0000000708400000| Untracked 
|  50|0x0000000708600000, 0x0000000708600000, 0x0000000708800000|  0%| F|  |TAMS 0x0000000708600000, 0x0000000708600000| Untracked 
|  51|0x0000000708800000, 0x0000000708800000, 0x0000000708a00000|  0%| F|  |TAMS 0x0000000708800000, 0x0000000708800000| Untracked 
|  52|0x0000000708a00000, 0x0000000708a00000, 0x0000000708c00000|  0%| F|  |TAMS 0x0000000708a00000, 0x0000000708a00000| Untracked 
|  53|0x0000000708c00000, 0x0000000708c00000, 0x0000000708e00000|  0%| F|  |TAMS 0x0000000708c00000, 0x0000000708c00000| Untracked 
|  54|0x0000000708e00000, 0x0000000708e00000, 0x0000000709000000|  0%| F|  |TAMS 0x0000000708e00000, 0x0000000708e00000| Untracked 
|  55|0x0000000709000000, 0x0000000709000000, 0x0000000709200000|  0%| F|  |TAMS 0x0000000709000000, 0x0000000709000000| Untracked 
|  56|0x0000000709200000, 0x0000000709200000, 0x0000000709400000|  0%| F|  |TAMS 0x0000000709200000, 0x0000000709200000| Untracked 
|  57|0x0000000709400000, 0x0000000709400000, 0x0000000709600000|  0%| F|  |TAMS 0x0000000709400000, 0x0000000709400000| Untracked 
|  58|0x0000000709600000, 0x0000000709600000, 0x0000000709800000|  0%| F|  |TAMS 0x0000000709600000, 0x0000000709600000| Untracked 
|  59|0x0000000709800000, 0x0000000709800000, 0x0000000709a00000|  0%| F|  |TAMS 0x0000000709800000, 0x0000000709800000| Untracked 
|  60|0x0000000709a00000, 0x0000000709a00000, 0x0000000709c00000|  0%| F|  |TAMS 0x0000000709a00000, 0x0000000709a00000| Untracked 
|  61|0x0000000709c00000, 0x0000000709c00000, 0x0000000709e00000|  0%| F|  |TAMS 0x0000000709c00000, 0x0000000709c00000| Untracked 
|  62|0x0000000709e00000, 0x0000000709e00000, 0x000000070a000000|  0%| F|  |TAMS 0x0000000709e00000, 0x0000000709e00000| Untracked 
|  63|0x000000070a000000, 0x000000070a000000, 0x000000070a200000|  0%| F|  |TAMS 0x000000070a000000, 0x000000070a000000| Untracked 
|  64|0x000000070a200000, 0x000000070a200000, 0x000000070a400000|  0%| F|  |TAMS 0x000000070a200000, 0x000000070a200000| Untracked 
|  65|0x000000070a400000, 0x000000070a400000, 0x000000070a600000|  0%| F|  |TAMS 0x000000070a400000, 0x000000070a400000| Untracked 
|  66|0x000000070a600000, 0x000000070a600000, 0x000000070a800000|  0%| F|  |TAMS 0x000000070a600000, 0x000000070a600000| Untracked 
|  67|0x000000070a800000, 0x000000070a800000, 0x000000070aa00000|  0%| F|  |TAMS 0x000000070a800000, 0x000000070a800000| Untracked 
|  68|0x000000070aa00000, 0x000000070aa00000, 0x000000070ac00000|  0%| F|  |TAMS 0x000000070aa00000, 0x000000070aa00000| Untracked 
|  69|0x000000070ac00000, 0x000000070ac00000, 0x000000070ae00000|  0%| F|  |TAMS 0x000000070ac00000, 0x000000070ac00000| Untracked 
|  70|0x000000070ae00000, 0x000000070ae00000, 0x000000070b000000|  0%| F|  |TAMS 0x000000070ae00000, 0x000000070ae00000| Untracked 
|  71|0x000000070b000000, 0x000000070b000000, 0x000000070b200000|  0%| F|  |TAMS 0x000000070b000000, 0x000000070b000000| Untracked 
|  72|0x000000070b200000, 0x000000070b200000, 0x000000070b400000|  0%| F|  |TAMS 0x000000070b200000, 0x000000070b200000| Untracked 
|  73|0x000000070b400000, 0x000000070b400000, 0x000000070b600000|  0%| F|  |TAMS 0x000000070b400000, 0x000000070b400000| Untracked 
|  74|0x000000070b600000, 0x000000070b600000, 0x000000070b800000|  0%| F|  |TAMS 0x000000070b600000, 0x000000070b600000| Untracked 
|  75|0x000000070b800000, 0x000000070b800000, 0x000000070ba00000|  0%| F|  |TAMS 0x000000070b800000, 0x000000070b800000| Untracked 
|  76|0x000000070ba00000, 0x000000070ba00000, 0x000000070bc00000|  0%| F|  |TAMS 0x000000070ba00000, 0x000000070ba00000| Untracked 
|  77|0x000000070bc00000, 0x000000070bc00000, 0x000000070be00000|  0%| F|  |TAMS 0x000000070bc00000, 0x000000070bc00000| Untracked 
|  78|0x000000070be00000, 0x000000070be00000, 0x000000070c000000|  0%| F|  |TAMS 0x000000070be00000, 0x000000070be00000| Untracked 
|  79|0x000000070c000000, 0x000000070c000000, 0x000000070c200000|  0%| F|  |TAMS 0x000000070c000000, 0x000000070c000000| Untracked 
|  80|0x000000070c200000, 0x000000070c200000, 0x000000070c400000|  0%| F|  |TAMS 0x000000070c200000, 0x000000070c200000| Untracked 
|  81|0x000000070c400000, 0x000000070c400000, 0x000000070c600000|  0%| F|  |TAMS 0x000000070c400000, 0x000000070c400000| Untracked 
|  82|0x000000070c600000, 0x000000070c600000, 0x000000070c800000|  0%| F|  |TAMS 0x000000070c600000, 0x000000070c600000| Untracked 
|  83|0x000000070c800000, 0x000000070c800000, 0x000000070ca00000|  0%| F|  |TAMS 0x000000070c800000, 0x000000070c800000| Untracked 
|  84|0x000000070ca00000, 0x000000070ca00000, 0x000000070cc00000|  0%| F|  |TAMS 0x000000070ca00000, 0x000000070ca00000| Untracked 
|  85|0x000000070cc00000, 0x000000070cc00000, 0x000000070ce00000|  0%| F|  |TAMS 0x000000070cc00000, 0x000000070cc00000| Untracked 
|  86|0x000000070ce00000, 0x000000070ce00000, 0x000000070d000000|  0%| F|  |TAMS 0x000000070ce00000, 0x000000070ce00000| Untracked 
|  87|0x000000070d000000, 0x000000070d000000, 0x000000070d200000|  0%| F|  |TAMS 0x000000070d000000, 0x000000070d000000| Untracked 
|  88|0x000000070d200000, 0x000000070d200000, 0x000000070d400000|  0%| F|  |TAMS 0x000000070d200000, 0x000000070d200000| Untracked 
|  89|0x000000070d400000, 0x000000070d400000, 0x000000070d600000|  0%| F|  |TAMS 0x000000070d400000, 0x000000070d400000| Untracked 
|  90|0x000000070d600000, 0x000000070d600000, 0x000000070d800000|  0%| F|  |TAMS 0x000000070d600000, 0x000000070d600000| Untracked 
|  91|0x000000070d800000, 0x000000070d800000, 0x000000070da00000|  0%| F|  |TAMS 0x000000070d800000, 0x000000070d800000| Untracked 
|  92|0x000000070da00000, 0x000000070da00000, 0x000000070dc00000|  0%| F|  |TAMS 0x000000070da00000, 0x000000070da00000| Untracked 
|  93|0x000000070dc00000, 0x000000070dc00000, 0x000000070de00000|  0%| F|  |TAMS 0x000000070dc00000, 0x000000070dc00000| Untracked 
|  94|0x000000070de00000, 0x000000070de00000, 0x000000070e000000|  0%| F|  |TAMS 0x000000070de00000, 0x000000070de00000| Untracked 
|  95|0x000000070e000000, 0x000000070e000000, 0x000000070e200000|  0%| F|  |TAMS 0x000000070e000000, 0x000000070e000000| Untracked 
|  96|0x000000070e200000, 0x000000070e200000, 0x000000070e400000|  0%| F|  |TAMS 0x000000070e200000, 0x000000070e200000| Untracked 
|  97|0x000000070e400000, 0x000000070e400000, 0x000000070e600000|  0%| F|  |TAMS 0x000000070e400000, 0x000000070e400000| Untracked 
|  98|0x000000070e600000, 0x000000070e600000, 0x000000070e800000|  0%| F|  |TAMS 0x000000070e600000, 0x000000070e600000| Untracked 
|  99|0x000000070e800000, 0x000000070e800000, 0x000000070ea00000|  0%| F|  |TAMS 0x000000070e800000, 0x000000070e800000| Untracked 
| 100|0x000000070ea00000, 0x000000070ea00000, 0x000000070ec00000|  0%| F|  |TAMS 0x000000070ea00000, 0x000000070ea00000| Untracked 
| 101|0x000000070ec00000, 0x000000070ec00000, 0x000000070ee00000|  0%| F|  |TAMS 0x000000070ec00000, 0x000000070ec00000| Untracked 
| 102|0x000000070ee00000, 0x000000070ee00000, 0x000000070f000000|  0%| F|  |TAMS 0x000000070ee00000, 0x000000070ee00000| Untracked 
| 103|0x000000070f000000, 0x000000070f000000, 0x000000070f200000|  0%| F|  |TAMS 0x000000070f000000, 0x000000070f000000| Untracked 
| 104|0x000000070f200000, 0x000000070f200000, 0x000000070f400000|  0%| F|  |TAMS 0x000000070f200000, 0x000000070f200000| Untracked 
| 105|0x000000070f400000, 0x000000070f400000, 0x000000070f600000|  0%| F|  |TAMS 0x000000070f400000, 0x000000070f400000| Untracked 
| 106|0x000000070f600000, 0x000000070f600000, 0x000000070f800000|  0%| F|  |TAMS 0x000000070f600000, 0x000000070f600000| Untracked 
| 107|0x000000070f800000, 0x000000070f800000, 0x000000070fa00000|  0%| F|  |TAMS 0x000000070f800000, 0x000000070f800000| Untracked 
| 108|0x000000070fa00000, 0x000000070fa00000, 0x000000070fc00000|  0%| F|  |TAMS 0x000000070fa00000, 0x000000070fa00000| Untracked 
| 109|0x000000070fc00000, 0x000000070fc00000, 0x000000070fe00000|  0%| F|  |TAMS 0x000000070fc00000, 0x000000070fc00000| Untracked 
| 110|0x000000070fe00000, 0x000000070fe00000, 0x0000000710000000|  0%| F|  |TAMS 0x000000070fe00000, 0x000000070fe00000| Untracked 
| 111|0x0000000710000000, 0x0000000710000000, 0x0000000710200000|  0%| F|  |TAMS 0x0000000710000000, 0x0000000710000000| Untracked 
| 112|0x0000000710200000, 0x0000000710200000, 0x0000000710400000|  0%| F|  |TAMS 0x0000000710200000, 0x0000000710200000| Untracked 
| 113|0x0000000710400000, 0x0000000710400000, 0x0000000710600000|  0%| F|  |TAMS 0x0000000710400000, 0x0000000710400000| Untracked 
| 114|0x0000000710600000, 0x0000000710600000, 0x0000000710800000|  0%| F|  |TAMS 0x0000000710600000, 0x0000000710600000| Untracked 
| 115|0x0000000710800000, 0x0000000710800000, 0x0000000710a00000|  0%| F|  |TAMS 0x0000000710800000, 0x0000000710800000| Untracked 
| 116|0x0000000710a00000, 0x0000000710a00000, 0x0000000710c00000|  0%| F|  |TAMS 0x0000000710a00000, 0x0000000710a00000| Untracked 
| 117|0x0000000710c00000, 0x0000000710c00000, 0x0000000710e00000|  0%| F|  |TAMS 0x0000000710c00000, 0x0000000710c00000| Untracked 
| 118|0x0000000710e00000, 0x0000000711000000, 0x0000000711000000|100%| S|CS|TAMS 0x0000000710e00000, 0x0000000710e00000| Complete 
| 119|0x0000000711000000, 0x0000000711000000, 0x0000000711200000|  0%| F|  |TAMS 0x0000000711000000, 0x0000000711000000| Untracked 
| 120|0x0000000711200000, 0x0000000711200000, 0x0000000711400000|  0%| F|  |TAMS 0x0000000711200000, 0x0000000711200000| Untracked 
| 121|0x0000000711400000, 0x0000000711400000, 0x0000000711600000|  0%| F|  |TAMS 0x0000000711400000, 0x0000000711400000| Untracked 
| 122|0x0000000711600000, 0x000000071178de98, 0x0000000711800000| 77%| E|  |TAMS 0x0000000711600000, 0x0000000711600000| Complete 
| 123|0x0000000711800000, 0x0000000711a00000, 0x0000000711a00000|100%| E|CS|TAMS 0x0000000711800000, 0x0000000711800000| Complete 
| 124|0x0000000711a00000, 0x0000000711c00000, 0x0000000711c00000|100%| E|CS|TAMS 0x0000000711a00000, 0x0000000711a00000| Complete 
| 125|0x0000000711c00000, 0x0000000711e00000, 0x0000000711e00000|100%| E|CS|TAMS 0x0000000711c00000, 0x0000000711c00000| Complete 
| 126|0x0000000711e00000, 0x0000000712000000, 0x0000000712000000|100%| E|CS|TAMS 0x0000000711e00000, 0x0000000711e00000| Complete 

Card table byte_map: [0x0000022cfc4a0000,0x0000022cfcc90000] _byte_map_base: 0x0000022cf8c8f000

Marking Bits (Prev, Next): (CMBitMap*) 0x0000022cf884de90, (CMBitMap*) 0x0000022cf884ded0
 Prev Bits: [0x0000022c8f000000, 0x0000022c92f78000)
 Next Bits: [0x0000022c92f80000, 0x0000022c96ef8000)

Polling page: 0x0000022cf65a0000

Metaspace:

Usage:
  Non-class:     13.87 MB used.
      Class:      1.83 MB used.
       Both:     15.70 MB used.

Virtual space:
  Non-class space:       16.00 MB reserved,      13.94 MB ( 87%) committed,  2 nodes.
      Class space:        1.00 GB reserved,       1.94 MB ( <1%) committed,  1 nodes.
             Both:        1.02 GB reserved,      15.88 MB (  2%) committed. 

Chunk freelists:
   Non-Class:  2.08 MB
       Class:  2.04 MB
        Both:  4.12 MB

MaxMetaspaceSize: unlimited
CompressedClassSpaceSize: 1.00 GB
Initial GC threshold: 21.00 MB
Current GC threshold: 21.00 MB
CDS: off
MetaspaceReclaimPolicy: balanced
 - commit_granule_bytes: 65536.
 - commit_granule_words: 8192.
 - virtual_space_node_default_size: 1048576.
 - enlarge_chunks_in_place: 1.
 - new_chunks_are_fully_committed: 0.
 - uncommit_free_chunks: 1.
 - use_allocation_guard: 0.
 - handle_deallocations: 1.


Internal statistics:

num_allocs_failed_limit: 0.
num_arena_births: 78.
num_arena_deaths: 0.
num_vsnodes_births: 3.
num_vsnodes_deaths: 0.
num_space_committed: 254.
num_space_uncommitted: 0.
num_chunks_returned_to_freelist: 0.
num_chunks_taken_from_freelist: 305.
num_chunk_merges: 0.
num_chunk_splits: 195.
num_chunks_enlarged: 160.
num_purges: 0.
num_inconsistent_stats: 0.

CodeHeap 'non-profiled nmethods': size=120000Kb used=506Kb max_used=506Kb free=119493Kb
 bounds [0x0000022c87ad0000, 0x0000022c87d40000, 0x0000022c8f000000]
CodeHeap 'profiled nmethods': size=120000Kb used=2269Kb max_used=2269Kb free=117730Kb
 bounds [0x0000022c80000000, 0x0000022c80270000, 0x0000022c87530000]
CodeHeap 'non-nmethods': size=5760Kb used=1165Kb max_used=1202Kb free=4595Kb
 bounds [0x0000022c87530000, 0x0000022c877a0000, 0x0000022c87ad0000]
 total_blobs=1680 nmethods=1222 adapters=371
 compilation: enabled
              stopped_count=0, restarted_count=0
 full_count=0

Compilation events (20 events):
Event: 9.349 Thread 0x0000022c97890740 nmethod 1208 0x0000022c87b4e690 code [0x0000022c87b4e820, 0x0000022c87b4e8d8]
Event: 9.349 Thread 0x0000022c97890740 1209       3       org.gradle.internal.logging.text.AbstractLineChoppingStyledTextOutput$StateContext::isCurrentCharEquals (70 bytes)
Event: 9.350 Thread 0x0000022c97890740 nmethod 1209 0x0000022c80230210 code [0x0000022c80230420, 0x0000022c80230b38]
Event: 9.350 Thread 0x0000022c97890740 1211       3       java.nio.ByteBuffer::array (35 bytes)
Event: 9.350 Thread 0x0000022c97890740 nmethod 1211 0x0000022c80230e90 code [0x0000022c80231060, 0x0000022c80231338]
Event: 9.350 Thread 0x0000022c97890740 1210       3       java.nio.ByteBuffer::position (6 bytes)
Event: 9.350 Thread 0x0000022c97890740 nmethod 1210 0x0000022c80231490 code [0x0000022c80231640, 0x0000022c80231808]
Event: 9.350 Thread 0x0000022c97890740 1223       3       org.gradle.internal.logging.text.AbstractLineChoppingStyledTextOutput$StateContext::next (11 bytes)
Event: 9.350 Thread 0x0000022c97890740 nmethod 1223 0x0000022c80231890 code [0x0000022c80231a20, 0x0000022c80231b38]
Event: 9.350 Thread 0x0000022c97890740 1218       3       org.gradle.internal.logging.text.AbstractLineChoppingStyledTextOutput$SeenFromEol::none (13 bytes)
Event: 9.350 Thread 0x0000022c97890740 nmethod 1218 0x0000022c80231c10 code [0x0000022c80231da0, 0x0000022c80231f18]
Event: 9.350 Thread 0x0000022c97890740 1212       3       org.gradle.internal.logging.text.AbstractLineChoppingStyledTextOutput$StateContext::hasChar (25 bytes)
Event: 9.351 Thread 0x0000022c97890740 nmethod 1212 0x0000022c80231f90 code [0x0000022c80232120, 0x0000022c802322d8]
Event: 9.351 Thread 0x0000022c97890740 1213       3       org.gradle.internal.logging.text.AbstractLineChoppingStyledTextOutput$StateContext::setState (10 bytes)
Event: 9.351 Thread 0x0000022c97890740 nmethod 1213 0x0000022c80232390 code [0x0000022c80232540, 0x0000022c80232718]
Event: 9.351 Thread 0x0000022c97890740 1214       3       org.gradle.internal.logging.text.AbstractLineChoppingStyledTextOutput::access$402 (7 bytes)
Event: 9.351 Thread 0x0000022c97890740 nmethod 1214 0x0000022c80232810 code [0x0000022c802329a0, 0x0000022c80232af8]
Event: 9.351 Thread 0x0000022c97890740 1215       3       org.gradle.internal.logging.text.AbstractLineChoppingStyledTextOutput$1::execute (9 bytes)
Event: 9.351 Thread 0x0000022c97890740 nmethod 1215 0x0000022c80232c10 code [0x0000022c80232dc0, 0x0000022c80233008]
Event: 9.351 Thread 0x0000022c97890740 1216       3       org.gradle.internal.logging.text.AbstractLineChoppingStyledTextOutput$1::execute (140 bytes)

GC Heap History (4 events):
Event: 1.616 GC heap before
{Heap before GC invocations=0 (full 0):
 garbage-first heap   total 260096K, used 16384K [0x0000000702200000, 0x0000000800000000)
  region size 2048K, 6 young (12288K), 0 survivors (0K)
 Metaspace       used 8397K, committed 8576K, reserved 1056768K
  class space    used 740K, committed 832K, reserved 1048576K
}
Event: 1.658 GC heap after
{Heap after GC invocations=1 (full 0):
 garbage-first heap   total 260096K, used 2917K [0x0000000702200000, 0x0000000800000000)
  region size 2048K, 1 young (2048K), 1 survivors (2048K)
 Metaspace       used 8397K, committed 8576K, reserved 1056768K
  class space    used 740K, committed 832K, reserved 1048576K
}
Event: 2.885 GC heap before
{Heap before GC invocations=1 (full 0):
 garbage-first heap   total 260096K, used 21349K [0x0000000702200000, 0x0000000800000000)
  region size 2048K, 8 young (16384K), 1 survivors (2048K)
 Metaspace       used 12498K, committed 12736K, reserved 1064960K
  class space    used 1387K, committed 1536K, reserved 1048576K
}
Event: 2.890 GC heap after
{Heap after GC invocations=2 (full 0):
 garbage-first heap   total 260096K, used 10356K [0x0000000702200000, 0x0000000800000000)
  region size 2048K, 1 young (2048K), 1 survivors (2048K)
 Metaspace       used 12498K, committed 12736K, reserved 1064960K
  class space    used 1387K, committed 1536K, reserved 1048576K
}

Dll operation events (2 events):
Event: 0.022 Loaded shared library C:\Program Files\Android\Android Studio\jre\bin\java.dll
Event: 0.289 Loaded shared library C:\Program Files\Android\Android Studio\jre\bin\verify.dll

Deoptimization events (20 events):
Event: 3.658 Thread 0x0000022cf87e57a0 Uncommon trap: trap_request=0xffffff45 fr.pc=0x0000022c87b15c64 relative=0x00000000000006a4
Event: 3.658 Thread 0x0000022cf87e57a0 Uncommon trap: reason=unstable_if action=reinterpret pc=0x0000022c87b15c64 method=java.lang.AbstractStringBuilder.append(Ljava/lang/String;)Ljava/lang/AbstractStringBuilder; @ 1 c2
Event: 3.659 Thread 0x0000022cf87e57a0 DEOPT PACKING pc=0x0000022c87b15c64 sp=0x00000062cf1fcd00
Event: 3.659 Thread 0x0000022cf87e57a0 DEOPT UNPACKING pc=0x0000022c875869a3 sp=0x00000062cf1fcc80 mode 2
Event: 3.659 Thread 0x0000022cf87e57a0 Uncommon trap: trap_request=0xffffff45 fr.pc=0x0000022c87b06ae4 relative=0x00000000000006a4
Event: 3.659 Thread 0x0000022cf87e57a0 Uncommon trap: reason=unstable_if action=reinterpret pc=0x0000022c87b06ae4 method=java.lang.AbstractStringBuilder.append(Ljava/lang/String;)Ljava/lang/AbstractStringBuilder; @ 1 c2
Event: 3.659 Thread 0x0000022cf87e57a0 DEOPT PACKING pc=0x0000022c87b06ae4 sp=0x00000062cf1fcca0
Event: 3.659 Thread 0x0000022cf87e57a0 DEOPT UNPACKING pc=0x0000022c875869a3 sp=0x00000062cf1fcc88 mode 2
Event: 3.689 Thread 0x0000022cf87e57a0 Uncommon trap: trap_request=0xffffff45 fr.pc=0x0000022c87b41af4 relative=0x0000000000000074
Event: 3.689 Thread 0x0000022cf87e57a0 Uncommon trap: reason=unstable_if action=reinterpret pc=0x0000022c87b41af4 method=jdk.internal.misc.Unsafe.convEndian(ZI)I @ 4 c2
Event: 3.689 Thread 0x0000022cf87e57a0 DEOPT PACKING pc=0x0000022c87b41af4 sp=0x00000062cf1fb190
Event: 3.689 Thread 0x0000022cf87e57a0 DEOPT UNPACKING pc=0x0000022c875869a3 sp=0x00000062cf1fb0c0 mode 2
Event: 3.785 Thread 0x0000022cf87e57a0 Uncommon trap: trap_request=0xffffff45 fr.pc=0x0000022c87b42550 relative=0x0000000000000190
Event: 3.785 Thread 0x0000022cf87e57a0 Uncommon trap: reason=unstable_if action=reinterpret pc=0x0000022c87b42550 method=java.lang.invoke.VarForm.getMemberName(I)Ljava/lang/invoke/MemberName; @ 8 c2
Event: 3.785 Thread 0x0000022cf87e57a0 DEOPT PACKING pc=0x0000022c87b42550 sp=0x00000062cf1fcda0
Event: 3.785 Thread 0x0000022cf87e57a0 DEOPT UNPACKING pc=0x0000022c875869a3 sp=0x00000062cf1fccc0 mode 2
Event: 9.342 Thread 0x0000022cf87e57a0 Uncommon trap: trap_request=0xffffff45 fr.pc=0x0000022c87af794c relative=0x000000000000004c
Event: 9.342 Thread 0x0000022cf87e57a0 Uncommon trap: reason=unstable_if action=reinterpret pc=0x0000022c87af794c method=java.net.URI.match(CJJ)Z @ 19 c2
Event: 9.342 Thread 0x0000022cf87e57a0 DEOPT PACKING pc=0x0000022c87af794c sp=0x00000062cf1fcba0
Event: 9.342 Thread 0x0000022cf87e57a0 DEOPT UNPACKING pc=0x0000022c875869a3 sp=0x00000062cf1fcb28 mode 2

Classes unloaded (0 events):
No events

Classes redefined (0 events):
No events

Internal exceptions (20 events):
Event: 2.430 Thread 0x0000022cf87e57a0 Exception <a 'java/lang/NoSuchMethodError'{0x00000007119909f8}: 'void java.lang.invoke.DirectMethodHandle$Holder.invokeStatic(java.lang.Object, java.lang.Object)'> (0x00000007119909f8) 
thrown [s\src\hotspot\share\interpreter\linkResolver.cpp, line 771]
Event: 2.470 Thread 0x0000022cf87e57a0 Exception <a 'java/lang/NoClassDefFoundError'{0x000000071161a850}: org/slf4j/impl/StaticMarkerBinder> (0x000000071161a850) 
thrown [s\src\hotspot\share\classfile\systemDictionary.cpp, line 245]
Event: 2.498 Thread 0x0000022cf87e57a0 Exception <a 'java/lang/NoSuchMethodError'{0x00000007116b5e18}: 'java.lang.Object java.lang.invoke.DirectMethodHandle$Holder.invokeVirtual(java.lang.Object, java.lang.Object, java.lang.Object, java.lang.Object, java.lang.Object, java.lang.Object, java.lang.Object)'> (0x00000007116b5e18) 
thrown [s\src\hotspot\share\interpreter\linkResolver.cpp, line 771]
Event: 2.506 Thread 0x0000022cf87e57a0 Exception <a 'java/lang/NoSuchMethodError'{0x00000007116c6970}: 'java.lang.Object java.lang.invoke.Invokers$Holder.invoker(java.lang.Object, java.lang.Object, java.lang.Object)'> (0x00000007116c6970) 
thrown [s\src\hotspot\share\interpreter\linkResolver.cpp, line 771]
Event: 2.510 Thread 0x0000022cf87e57a0 Exception <a 'java/lang/NoSuchMethodError'{0x00000007116cfa18}: 'java.lang.Object java.lang.invoke.DirectMethodHandle$Holder.invokeStatic(java.lang.Object, java.lang.Object, int)'> (0x00000007116cfa18) 
thrown [s\src\hotspot\share\interpreter\linkResolver.cpp, line 771]
Event: 2.513 Thread 0x0000022cf87e57a0 Exception <a 'java/lang/NoSuchMethodError'{0x00000007116dbc48}: 'void java.lang.invoke.DelegatingMethodHandle$Holder.delegate(java.lang.Object, java.lang.Object, int, java.lang.Object)'> (0x00000007116dbc48) 
thrown [s\src\hotspot\share\interpreter\linkResolver.cpp, line 771]
Event: 2.514 Thread 0x0000022cf87e57a0 Exception <a 'java/lang/NoSuchMethodError'{0x00000007116dfd90}: 'int java.lang.invoke.DirectMethodHandle$Holder.invokeSpecial(java.lang.Object, java.lang.Object, java.lang.Object)'> (0x00000007116dfd90) 
thrown [s\src\hotspot\share\interpreter\linkResolver.cpp, line 771]
Event: 2.523 Thread 0x0000022cf87e57a0 Exception <a 'java/lang/NoSuchMethodError'{0x00000007116f2f48}: 'java.lang.Object java.lang.invoke.Invokers$Holder.invokeExact_MT(java.lang.Object, java.lang.Object, java.lang.Object, java.lang.Object)'> (0x00000007116f2f48) 
thrown [s\src\hotspot\share\interpreter\linkResolver.cpp, line 771]
Event: 2.822 Thread 0x0000022cf87e57a0 Exception <a 'java/lang/NoSuchMethodError'{0x00000007110e4170}: 'java.lang.Object java.lang.invoke.DirectMethodHandle$Holder.invokeInterface(java.lang.Object, java.lang.Object, java.lang.Object)'> (0x00000007110e4170) 
thrown [s\src\hotspot\share\interpreter\linkResolver.cpp, line 771]
Event: 2.859 Thread 0x0000022cf87e57a0 Implicit null exception at 0x0000022c87b2198f to 0x0000022c87b21e04
Event: 2.859 Thread 0x0000022cf87e57a0 Implicit null exception at 0x0000022c87b0c90f to 0x0000022c87b0cd58
Event: 2.910 Thread 0x0000022cf87e57a0 Exception <a 'java/lang/NoSuchMethodError'{0x0000000711e9be58}: 'java.lang.Object java.lang.invoke.DirectMethodHandle$Holder.invokeStaticInit(java.lang.Object)'> (0x0000000711e9be58) 
thrown [s\src\hotspot\share\interpreter\linkResolver.cpp, line 771]
Event: 3.114 Thread 0x0000022cf87e57a0 Exception <a 'java/lang/NoSuchMethodError'{0x0000000711ac03b0}: 'java.lang.Object java.lang.invoke.DirectMethodHandle$Holder.invokeStaticInit(java.lang.Object, int, int, int, int)'> (0x0000000711ac03b0) 
thrown [s\src\hotspot\share\interpreter\linkResolver.cpp, line 771]
Event: 3.267 Thread 0x0000022cf87e57a0 Exception <a 'java/lang/NoSuchMethodError'{0x0000000711b8ab40}: 'java.lang.Object java.lang.invoke.DirectMethodHandle$Holder.invokeStaticInit(java.lang.Object, java.lang.Object, int, int, int, int)'> (0x0000000711b8ab40) 
thrown [s\src\hotspot\share\interpreter\linkResolver.cpp, line 771]
Event: 3.622 Thread 0x0000022cf87e57a0 Exception <a 'java/lang/NoSuchMethodError'{0x0000000711bb8278}: 'void java.lang.invoke.DirectMethodHandle$Holder.invokeStatic(java.lang.Object, java.lang.Object, java.lang.Object)'> (0x0000000711bb8278) 
thrown [s\src\hotspot\share\interpreter\linkResolver.cpp, line 771]
Event: 3.658 Thread 0x0000022cf87e57a0 Implicit null exception at 0x0000022c87b155f2 to 0x0000022c87b15c4c
Event: 3.659 Thread 0x0000022cf87e57a0 Implicit null exception at 0x0000022c87b06472 to 0x0000022c87b06acc
Event: 9.327 Thread 0x0000022cf87e57a0 Exception <a 'sun/net/ConnectionResetException'{0x000000071167c210}: Connection reset> (0x000000071167c210) 
thrown [s\src\hotspot\share\prims\jni.cpp, line 536]
Event: 9.340 Thread 0x0000022cf87e57a0 Exception <a 'java/lang/NoSuchMethodError'{0x0000000711753818}: 'int java.lang.invoke.DirectMethodHandle$Holder.invokeVirtual(java.lang.Object, java.lang.Object)'> (0x0000000711753818) 
thrown [s\src\hotspot\share\interpreter\linkResolver.cpp, line 771]
Event: 9.343 Thread 0x0000022c99080a50 Exception <a 'java/io/IOException'{0x00000007116ecff8}: Connection reset by peer> (0x00000007116ecff8) 
thrown [s\src\hotspot\share\prims\jni.cpp, line 536]

VM Operations (20 events):
Event: 0.279 Executing VM operation: HandshakeAllThreads
Event: 0.279 Executing VM operation: HandshakeAllThreads done
Event: 1.290 Executing VM operation: Cleanup
Event: 1.293 Executing VM operation: Cleanup done
Event: 1.616 Executing VM operation: G1CollectForAllocation
Event: 1.658 Executing VM operation: G1CollectForAllocation done
Event: 1.913 Executing VM operation: HandshakeAllThreads
Event: 1.913 Executing VM operation: HandshakeAllThreads done
Event: 2.509 Executing VM operation: HandshakeAllThreads
Event: 2.509 Executing VM operation: HandshakeAllThreads done
Event: 2.884 Executing VM operation: G1CollectForAllocation
Event: 2.890 Executing VM operation: G1CollectForAllocation done
Event: 3.131 Executing VM operation: HandshakeAllThreads
Event: 3.131 Executing VM operation: HandshakeAllThreads done
Event: 3.240 Executing VM operation: HandshakeAllThreads
Event: 3.240 Executing VM operation: HandshakeAllThreads done
Event: 4.245 Executing VM operation: Cleanup
Event: 4.245 Executing VM operation: Cleanup done
Event: 8.293 Executing VM operation: Cleanup
Event: 8.294 Executing VM operation: Cleanup done

Events (20 events):
Event: 5.395 loading class jdk/internal/reflect/ClassFileAssembler done
Event: 5.396 loading class jdk/internal/reflect/UTF8
Event: 5.396 loading class jdk/internal/reflect/UTF8 done
Event: 5.397 loading class jdk/internal/reflect/Label
Event: 5.397 loading class jdk/internal/reflect/Label done
Event: 5.397 loading class jdk/internal/reflect/Label$PatchInfo
Event: 5.397 loading class jdk/internal/reflect/Label$PatchInfo done
Event: 5.397 loading class jdk/internal/reflect/MethodAccessorGenerator$1
Event: 5.397 loading class jdk/internal/reflect/MethodAccessorGenerator$1 done
Event: 5.397 loading class jdk/internal/reflect/ClassDefiner
Event: 5.397 loading class jdk/internal/reflect/ClassDefiner done
Event: 5.397 loading class jdk/internal/reflect/ClassDefiner$1
Event: 5.397 loading class jdk/internal/reflect/ClassDefiner$1 done
Event: 9.327 loading class sun/net/ConnectionResetException
Event: 9.327 loading class sun/net/ConnectionResetException done
Event: 9.343 loading class java/util/concurrent/locks/AbstractQueuedSynchronizer$ExclusiveNode
Event: 9.343 loading class java/util/concurrent/locks/AbstractQueuedSynchronizer$ExclusiveNode done
Event: 9.345 Thread 0x0000022c99080a50 Thread exited: 0x0000022c99080a50
Event: 9.345 loading class java/util/concurrent/ConcurrentLinkedQueue$Itr
Event: 9.346 loading class java/util/concurrent/ConcurrentLinkedQueue$Itr done


Dynamic libraries:
0x00007ff612750000 - 0x00007ff61275a000 	C:\Program Files\Android\Android Studio\jre\bin\java.exe
0x00007ffee7350000 - 0x00007ffee7548000 	C:\WINDOWS\SYSTEM32\ntdll.dll
0x00007ffee5430000 - 0x00007ffee54ed000 	C:\WINDOWS\System32\KERNEL32.DLL
0x00007ffee4f70000 - 0x00007ffee5266000 	C:\WINDOWS\System32\KERNELBASE.dll
0x00007ffee4e70000 - 0x00007ffee4f70000 	C:\WINDOWS\System32\ucrtbase.dll
0x00007ffec06a0000 - 0x00007ffec06b7000 	C:\Program Files\Android\Android Studio\jre\bin\jli.dll
0x00007ffee6700000 - 0x00007ffee689e000 	C:\WINDOWS\System32\USER32.dll
0x00007ffee4d30000 - 0x00007ffee4d52000 	C:\WINDOWS\System32\win32u.dll
0x00007ffee6030000 - 0x00007ffee605b000 	C:\WINDOWS\System32\GDI32.dll
0x00007ffee4b70000 - 0x00007ffee4c87000 	C:\WINDOWS\System32\gdi32full.dll
0x00007ffee4c90000 - 0x00007ffee4d2d000 	C:\WINDOWS\System32\msvcp_win.dll
0x00007ffeccb50000 - 0x00007ffeccdea000 	C:\WINDOWS\WinSxS\amd64_microsoft.windows.common-controls_6595b64144ccf1df_6.0.19041.3636_none_60b6a03d71f818d5\COMCTL32.dll
0x00007ffee5910000 - 0x00007ffee59ae000 	C:\WINDOWS\System32\msvcrt.dll
0x00007ffec2550000 - 0x00007ffec256b000 	C:\Program Files\Android\Android Studio\jre\bin\VCRUNTIME140.dll
0x00007ffee6190000 - 0x00007ffee61c2000 	C:\WINDOWS\System32\IMM32.DLL
0x00007ffedd0b0000 - 0x00007ffedd0bc000 	C:\Program Files\Android\Android Studio\jre\bin\vcruntime140_1.dll
0x00007ffebb120000 - 0x00007ffebb1ad000 	C:\Program Files\Android\Android Studio\jre\bin\msvcp140.dll
0x00007ffea9240000 - 0x00007ffea9eae000 	C:\Program Files\Android\Android Studio\jre\bin\server\jvm.dll
0x00007ffee65e0000 - 0x00007ffee6693000 	C:\WINDOWS\System32\ADVAPI32.dll
0x00007ffee5390000 - 0x00007ffee542f000 	C:\WINDOWS\System32\sechost.dll
0x00007ffee6400000 - 0x00007ffee6526000 	C:\WINDOWS\System32\RPCRT4.dll
0x00007ffee4e40000 - 0x00007ffee4e67000 	C:\WINDOWS\System32\bcrypt.dll
0x00007ffedd120000 - 0x00007ffedd129000 	C:\WINDOWS\SYSTEM32\WSOCK32.dll
0x00007ffecc540000 - 0x00007ffecc567000 	C:\WINDOWS\SYSTEM32\WINMM.dll
0x00007ffee6390000 - 0x00007ffee63fb000 	C:\WINDOWS\System32\WS2_32.dll
0x00007ffed0d90000 - 0x00007ffed0d9a000 	C:\WINDOWS\SYSTEM32\VERSION.dll
0x00007ffee32a0000 - 0x00007ffee32b2000 	C:\WINDOWS\SYSTEM32\kernel.appcore.dll
0x00007ffed9ca0000 - 0x00007ffed9caa000 	C:\Program Files\Android\Android Studio\jre\bin\jimage.dll
0x00007ffedf620000 - 0x00007ffedf804000 	C:\WINDOWS\SYSTEM32\DBGHELP.DLL
0x00007ffece8f0000 - 0x00007ffece924000 	C:\WINDOWS\SYSTEM32\dbgcore.DLL
0x00007ffee4db0000 - 0x00007ffee4e32000 	C:\WINDOWS\System32\bcryptPrimitives.dll
0x00007ffebffa0000 - 0x00007ffebffc5000 	C:\Program Files\Android\Android Studio\jre\bin\java.dll
0x00007ffebfd00000 - 0x00007ffebfd18000 	C:\Program Files\Android\Android Studio\jre\bin\zip.dll
0x00007ffee6bc0000 - 0x00007ffee7305000 	C:\WINDOWS\System32\SHELL32.dll
0x00007ffedf960000 - 0x00007ffee00fc000 	C:\WINDOWS\SYSTEM32\windows.storage.dll
0x00007ffee55b0000 - 0x00007ffee5904000 	C:\WINDOWS\System32\combase.dll
0x00007ffee4440000 - 0x00007ffee446e000 	C:\WINDOWS\SYSTEM32\Wldp.dll
0x00007ffee5a90000 - 0x00007ffee5b5d000 	C:\WINDOWS\System32\OLEAUT32.dll
0x00007ffee5500000 - 0x00007ffee55ad000 	C:\WINDOWS\System32\SHCORE.dll
0x00007ffee5b60000 - 0x00007ffee5bb5000 	C:\WINDOWS\System32\shlwapi.dll
0x00007ffee4940000 - 0x00007ffee4965000 	C:\WINDOWS\SYSTEM32\profapi.dll
0x00007ffebfc40000 - 0x00007ffebfc59000 	C:\Program Files\Android\Android Studio\jre\bin\net.dll
0x00007ffedb610000 - 0x00007ffedb71a000 	C:\WINDOWS\SYSTEM32\WINHTTP.dll
0x00007ffee41a0000 - 0x00007ffee420a000 	C:\WINDOWS\system32\mswsock.dll
0x00007ffebfc20000 - 0x00007ffebfc36000 	C:\Program Files\Android\Android Studio\jre\bin\nio.dll
0x00007ffec31d0000 - 0x00007ffec31e0000 	C:\Program Files\Android\Android Studio\jre\bin\verify.dll
0x00007ffebeb60000 - 0x00007ffebeb87000 	C:\Users\Onoo\.gradle\native\e1d6ef7f7dcc3fd88c89a11ec53ec762bb8ba0a96d01ffa2cd45eb1d1d8dd5c5\windows-amd64\native-platform.dll
0x00007ffec30b0000 - 0x00007ffec30b9000 	C:\Program Files\Android\Android Studio\jre\bin\management.dll
0x00007ffec2540000 - 0x00007ffec254b000 	C:\Program Files\Android\Android Studio\jre\bin\management_ext.dll
0x00007ffee54f0000 - 0x00007ffee54f8000 	C:\WINDOWS\System32\PSAPI.DLL
0x00007ffee43a0000 - 0x00007ffee43b8000 	C:\WINDOWS\SYSTEM32\CRYPTSP.dll
0x00007ffee3a60000 - 0x00007ffee3a94000 	C:\WINDOWS\system32\rsaenh.dll
0x00007ffee4900000 - 0x00007ffee492e000 	C:\WINDOWS\SYSTEM32\USERENV.dll
0x00007ffee4390000 - 0x00007ffee439c000 	C:\WINDOWS\SYSTEM32\CRYPTBASE.dll
0x00007ffee3e40000 - 0x00007ffee3e7b000 	C:\WINDOWS\SYSTEM32\IPHLPAPI.DLL
0x00007ffee69a0000 - 0x00007ffee69a8000 	C:\WINDOWS\System32\NSI.dll
0x00007ffeda590000 - 0x00007ffeda5a7000 	C:\WINDOWS\SYSTEM32\dhcpcsvc6.DLL
0x00007ffedac60000 - 0x00007ffedac7d000 	C:\WINDOWS\SYSTEM32\dhcpcsvc.DLL
0x00007ffee3e80000 - 0x00007ffee3f4b000 	C:\WINDOWS\SYSTEM32\DNSAPI.dll
0x00007ffeceaf0000 - 0x00007ffeceaf7000 	C:\WINDOWS\system32\wshunix.dll

dbghelp: loaded successfully - version: 4.0.5 - missing functions: none
symbol engine: initialized successfully - sym options: 0x614 - pdb path: .;C:\Program Files\Android\Android Studio\jre\bin;C:\WINDOWS\SYSTEM32;C:\WINDOWS\WinSxS\amd64_microsoft.windows.common-controls_6595b64144ccf1df_6.0.19041.3636_none_60b6a03d71f818d5;C:\Program Files\Android\Android Studio\jre\bin\server;C:\Users\Onoo\.gradle\native\e1d6ef7f7dcc3fd88c89a11ec53ec762bb8ba0a96d01ffa2cd45eb1d1d8dd5c5\windows-amd64

VM Arguments:
jvm_args: -Dorg.gradle.appname=gradlew 
java_command: org.gradle.wrapper.GradleWrapperMain -q -Ptarget-platform=android-x64 -Ptarget=D:\SourceCode\Naouma Last\lib\main.dart -Pbase-application-name=android.app.Application -Pdart-defines=Zmx1dHRlci5pbnNwZWN0b3Iuc3RydWN0dXJlZEVycm9ycz10cnVl,RkxVVFRFUl9XRUJfQVVUT19ERVRFQ1Q9dHJ1ZQ== -Pdart-obfuscation=false -Ptrack-widget-creation=true -Ptree-shake-icons=false -Pfilesystem-scheme=org-dartlang-root assembleDebug
java_class_path (initial): D:\SourceCode\Naouma Last\android\\gradle\wrapper\gradle-wrapper.jar
Launcher Type: SUN_STANDARD

[Global flags]
     intx CICompilerCount                          = 3                                         {product} {ergonomic}
     uint ConcGCThreads                            = 1                                         {product} {ergonomic}
     uint G1ConcRefinementThreads                  = 4                                         {product} {ergonomic}
   size_t G1HeapRegionSize                         = 2097152                                   {product} {ergonomic}
    uintx GCDrainStackTargetSize                   = 64                                        {product} {ergonomic}
   size_t InitialHeapSize                          = 266338304                                 {product} {ergonomic}
   size_t MarkStackSize                            = 4194304                                   {product} {ergonomic}
   size_t MaxHeapSize                              = 4259315712                                {product} {ergonomic}
   size_t MaxNewSize                               = 2554331136                                {product} {ergonomic}
   size_t MinHeapDeltaBytes                        = 2097152                                   {product} {ergonomic}
   size_t MinHeapSize                              = 8388608                                   {product} {ergonomic}
    uintx NonNMethodCodeHeapSize                   = 5832780                                {pd product} {ergonomic}
    uintx NonProfiledCodeHeapSize                  = 122912730                              {pd product} {ergonomic}
    uintx ProfiledCodeHeapSize                     = 122912730                              {pd product} {ergonomic}
    uintx ReservedCodeCacheSize                    = 251658240                              {pd product} {ergonomic}
     bool SegmentedCodeCache                       = true                                      {product} {ergonomic}
   size_t SoftMaxHeapSize                          = 4259315712                             {manageable} {ergonomic}
     bool UseCompressedClassPointers               = true                           {product lp64_product} {ergonomic}
     bool UseCompressedOops                        = true                           {product lp64_product} {ergonomic}
     bool UseG1GC                                  = true                                      {product} {ergonomic}
     bool UseLargePagesIndividualAllocation        = false                                  {pd product} {ergonomic}

Logging:
Log output configuration:
 #0: stdout all=warning uptime,level,tags
 #1: stderr all=off uptime,level,tags

Environment Variables:
JAVA_HOME=C:\Program Files\Android\Android Studio\jre
CLASSPATH=D:\SourceCode\Naouma Last\android\\gradle\wrapper\gradle-wrapper.jar
PATH=C:\WINDOWS\system32;C:\WINDOWS;C:\WINDOWS\System32\Wbem;C:\WINDOWS\System32\WindowsPowerShell\v1.0\;C:\WINDOWS\System32\OpenSSH\;C:\Program Files\Git\cmd;C:\Program Files\nodejs\;C:\ProgramData\chocolatey\bin;C:\Users\Onoo\AppData\Local\Pub\Cache\bin;C:\xampp\php;C:\composer;C:\Program Files (x86)\GitHub CLI\;C:\Program Files\Coder\bin;C:\Users\Onoo\AppData\Local\Programs\Python\Launcher\;C:\Users\Onoo\AppData\Roaming\.dotnet;C:\Users\Onoo\AppData\Local\Microsoft\WindowsApps;D:\f30\flutter;D:\f30\flutter\bin;C:\Users\Onoo\.dotnet\tools;C:\Users\Onoo\AppData\Roaming\npm;C:\Users\Onoo\AppData\Local\Programs\Microsoft VS Code\bin;C:\Users\Onoo\AppData\Local\Google\Cloud SDK\google-cloud-sdk\bin;C:\Users\Onoo\AppData\Local\GitHubDesktop\bin;C:\Users\Onoo\AppData\Roaming\Composer\vendor\bin;C:\Program Files\JetBrains\JetBrains Gateway 2023.3.3\bin;;C:\Users\Onoo\AppData\Local\JetBrains\Toolbox\scripts;;D:\f30\flutter\bin\mingit\cmd
USERNAME=Onoo
OS=Windows_NT
PROCESSOR_IDENTIFIER=Intel64 Family 6 Model 142 Stepping 9, GenuineIntel
TMP=C:\Users\Onoo\AppData\Local\Temp
TEMP=C:\Users\Onoo\AppData\Local\Temp


JNI global refs:
JNI global refs: 18, weak refs: 0

JNI global refs memory usage: 843, weak refs: 841


---------------  S Y S T E M  ---------------

OS:
 Windows 10 , 64 bit Build 19041 (10.0.19041.3636)
OS uptime: 2 days 9:05 hours

CPU: total 4 (initial active 4) (2 cores per cpu, 2 threads per core) family 6 model 142 stepping 9 microcode 0xf4, cx8, cmov, fxsr, ht, mmx, 3dnowpref, sse, sse2, sse3, ssse3, sse4.1, sse4.2, popcnt, lzcnt, tsc, tscinvbit, avx, avx2, aes, erms, clmul, bmi1, bmi2, rtm, adx, fma, vzeroupper, clflush, clflushopt

Memory: 4k page, system-wide physical 16242M (4088M free)
TotalPageFile size 19338M (AvailPageFile size 774M)
current process WorkingSet (physical memory assigned to process): 85M, peak: 92M
current process commit charge ("private bytes"): 351M, peak: 358M

vm_info: OpenJDK 64-Bit Server VM (17.0.6+0-b2043.56-10027231) for windows-amd64 JRE (17.0.6+0-b2043.56-10027231), built on Apr 28 2023 00:43:19 by "androidbuild" with MS VC++ 16.10 / 16.11 (VS2019)

END.
