#
# There is insufficient memory for the Java Runtime Environment to continue.
# Native memory allocation (mmap) failed to map 65536 bytes for Failed to commit metaspace.
# Possible reasons:
#   The system is out of physical RAM or swap space
#   The process is running with CompressedOops enabled, and the Java Heap may be blocking the growth of the native heap
# Possible solutions:
#   Reduce memory load on the system
#   Increase physical memory or swap space
#   Check if swap backing store is full
#   Decrease Java heap size (-Xmx/-Xms)
#   Decrease number of Java threads
#   Decrease Java thread stack sizes (-Xss)
#   Set larger code cache with -XX:ReservedCodeCacheSize=
#   JVM is running with Zero Based Compressed Oops mode in which the Java heap is
#     placed in the first 32GB address space. The Java Heap base address is the
#     maximum limit for the native heap growth. Please use -XX:HeapBaseMinAddress
#     to set the Java Heap base and to place the Java Heap above 32GB virtual address.
# This output file may be truncated or incomplete.
#
#  Out of Memory Error (virtualSpaceNode.cpp:110), pid=11580, tid=7816
#
# JRE version: OpenJDK Runtime Environment (17.0.6) (build 17.0.6+0-b2043.56-10027231)
# Java VM: OpenJDK 64-Bit Server VM (17.0.6+0-b2043.56-10027231, mixed mode, tiered, compressed oops, compressed class ptrs, g1 gc, windows-amd64)
# No core dump will be written. Minidumps are not enabled by default on client versions of Windows
#

---------------  S U M M A R Y ------------

Command Line: -Dorg.gradle.appname=gradlew org.gradle.wrapper.GradleWrapperMain -q -Ptarget-platform=android-x64 -Ptarget=D:\Naouma Last\lib\main.dart -Pbase-application-name=android.app.Application -Pdart-defines=RkxVVFRFUl9XRUJfQVVUT19ERVRFQ1Q9dHJ1ZQ== -Pdart-obfuscation=false -Ptrack-widget-creation=true -Ptree-shake-icons=false -Pfilesystem-scheme=org-dartlang-root assembleDebug

Host: Intel(R) Core(TM) i5-7300U CPU @ 2.60GHz, 4 cores, 15G,  Windows 10 , 64 bit Build 19041 (10.0.19041.3393)
Time: Sun Sep 24 06:46:56 2023 Egypt Daylight Time elapsed time: 4.247836 seconds (0d 0h 0m 4s)

---------------  T H R E A D  ---------------

Current thread (0x000001a9708fbe30):  JavaThread "main" [_thread_in_vm, id=7816, stack(0x0000001418c00000,0x0000001418d00000)]

Stack: [0x0000001418c00000,0x0000001418d00000]
Native frames: (J=compiled Java code, j=interpreted, Vv=VM code, C=native code)
V  [jvm.dll+0x683c9a]
V  [jvm.dll+0x8427a4]
V  [jvm.dll+0x843f9e]
V  [jvm.dll+0x844603]
V  [jvm.dll+0x249b75]
V  [jvm.dll+0x83e7fb]
V  [jvm.dll+0x628006]
V  [jvm.dll+0x1c194e]
V  [jvm.dll+0x62a941]
V  [jvm.dll+0x6289a6]
V  [jvm.dll+0x23db6f]
V  [jvm.dll+0x632795]
V  [jvm.dll+0x1eda2b]
V  [jvm.dll+0x1edf65]
V  [jvm.dll+0x1ee884]
V  [jvm.dll+0x1e3dcc]
V  [jvm.dll+0x547fed]
V  [jvm.dll+0x1f46eb]
V  [jvm.dll+0x7bc7cb]
V  [jvm.dll+0x7bdc12]
V  [jvm.dll+0x7bdf48]
V  [jvm.dll+0x24190e]
V  [jvm.dll+0x38437e]
C  0x000001a90754b704

Java frames: (J=compiled Java code, j=interpreted, Vv=VM code)
j  sun.nio.ch.SelectorProviderImpl.openUninterruptibleDatagramChannel()Ljava/nio/channels/DatagramChannel;+0 java.base@17.0.6
j  java.net.DatagramSocket.createDelegate(Ljava/net/SocketAddress;Ljava/lang/Class;)Ljava/net/DatagramSocket;+115 java.base@17.0.6
j  java.net.DatagramSocket.<init>(Ljava/net/SocketAddress;)V+4 java.base@17.0.6
j  java.net.DatagramSocket.<init>(ILjava/net/InetAddress;)V+10 java.base@17.0.6
j  org.gradle.cache.internal.locklistener.FileLockCommunicator.<init>(Lorg/gradle/internal/remote/internal/inet/InetAddressFactory;)V+19
j  org.gradle.cache.internal.locklistener.DefaultFileLockContentionHandler.getCommunicator()Lorg/gradle/cache/internal/locklistener/FileLockCommunicator;+29
j  org.gradle.cache.internal.locklistener.DefaultFileLockContentionHandler.reservePort()I+1
j  org.gradle.cache.internal.DefaultFileLockManager.lock(Ljava/io/File;Lorg/gradle/cache/LockOptions;Ljava/lang/String;Ljava/lang/String;Lorg/gradle/api/Action;)Lorg/gradle/cache/FileLock;+78
j  org.gradle.cache.internal.DefaultFileLockManager.lock(Ljava/io/File;Lorg/gradle/cache/LockOptions;Ljava/lang/String;Ljava/lang/String;)Lorg/gradle/cache/FileLock;+7
j  org.gradle.cache.internal.DefaultFileLockManager.lock(Ljava/io/File;Lorg/gradle/cache/LockOptions;Ljava/lang/String;)Lorg/gradle/cache/FileLock;+6
j  org.gradle.cache.internal.OnDemandFileAccess.readFile(Lorg/gradle/internal/Factory;)Ljava/lang/Object;+18
j  org.gradle.cache.internal.SimpleStateCache.get()Ljava/lang/Object;+12
j  org.gradle.cache.internal.FileIntegrityViolationSuppressingPersistentStateCacheDecorator.get()Ljava/lang/Object;+4
j  org.gradle.launcher.daemon.registry.PersistentDaemonRegistry.getAll()Ljava/util/List;+13
j  org.gradle.launcher.daemon.client.DefaultDaemonConnector.connect(Lorg/gradle/api/internal/specs/ExplainingSpec;)Lorg/gradle/launcher/daemon/client/DaemonClientConnection;+5
j  org.gradle.launcher.daemon.client.DaemonClient.execute(Lorg/gradle/internal/invocation/BuildAction;Lorg/gradle/launcher/exec/BuildActionParameters;Lorg/gradle/initialization/BuildRequestContext;)Lorg/gradle/launcher/exec/BuildActionResult;+62
j  org.gradle.launcher.daemon.client.DaemonClient.execute(Lorg/gradle/internal/invocation/BuildAction;Ljava/lang/Object;Ljava/lang/Object;)Lorg/gradle/launcher/exec/BuildActionResult;+10
j  org.gradle.launcher.cli.RunBuildAction.run()V+74
j  org.gradle.internal.Actions$RunnableActionAdapter.execute(Ljava/lang/Object;)V+4
j  org.gradle.launcher.cli.DefaultCommandLineActionFactory$ParseAndBuildAction.execute(Lorg/gradle/launcher/bootstrap/ExecutionListener;)V+124
j  org.gradle.launcher.cli.DefaultCommandLineActionFactory$ParseAndBuildAction.execute(Ljava/lang/Object;)V+5
j  org.gradle.launcher.cli.DebugLoggerWarningAction.execute(Lorg/gradle/launcher/bootstrap/ExecutionListener;)V+9
j  org.gradle.launcher.cli.DebugLoggerWarningAction.execute(Ljava/lang/Object;)V+5
j  org.gradle.launcher.cli.WelcomeMessageAction.execute(Lorg/gradle/launcher/bootstrap/ExecutionListener;)V+211
j  org.gradle.launcher.cli.WelcomeMessageAction.execute(Ljava/lang/Object;)V+5
j  org.gradle.launcher.cli.NativeServicesInitializingAction.execute(Lorg/gradle/launcher/bootstrap/ExecutionListener;)V+35
j  org.gradle.launcher.cli.NativeServicesInitializingAction.execute(Ljava/lang/Object;)V+5
j  org.gradle.launcher.cli.ExceptionReportingAction.execute(Lorg/gradle/launcher/bootstrap/ExecutionListener;)V+5
j  org.gradle.launcher.cli.ExceptionReportingAction.execute(Ljava/lang/Object;)V+5
j  org.gradle.launcher.cli.DefaultCommandLineActionFactory$WithLogging.execute(Lorg/gradle/launcher/bootstrap/ExecutionListener;)V+257
j  org.gradle.launcher.Main.doAction([Ljava/lang/String;Lorg/gradle/launcher/bootstrap/ExecutionListener;)V+14
j  org.gradle.launcher.bootstrap.EntryPoint.run([Ljava/lang/String;)V+12
v  ~StubRoutines::call_stub
j  jdk.internal.reflect.NativeMethodAccessorImpl.invoke0(Ljava/lang/reflect/Method;Ljava/lang/Object;[Ljava/lang/Object;)Ljava/lang/Object;+0 java.base@17.0.6
j  jdk.internal.reflect.NativeMethodAccessorImpl.invoke(Ljava/lang/Object;[Ljava/lang/Object;)Ljava/lang/Object;+133 java.base@17.0.6
j  jdk.internal.reflect.DelegatingMethodAccessorImpl.invoke(Ljava/lang/Object;[Ljava/lang/Object;)Ljava/lang/Object;+6 java.base@17.0.6
j  java.lang.reflect.Method.invoke(Ljava/lang/Object;[Ljava/lang/Object;)Ljava/lang/Object;+59 java.base@17.0.6
j  org.gradle.launcher.bootstrap.ProcessBootstrap.runNoExit(Ljava/lang/String;[Ljava/lang/String;)V+161
j  org.gradle.launcher.bootstrap.ProcessBootstrap.run(Ljava/lang/String;[Ljava/lang/String;)V+3
j  org.gradle.launcher.GradleMain.main([Ljava/lang/String;)V+36
v  ~StubRoutines::call_stub
j  jdk.internal.reflect.NativeMethodAccessorImpl.invoke0(Ljava/lang/reflect/Method;Ljava/lang/Object;[Ljava/lang/Object;)Ljava/lang/Object;+0 java.base@17.0.6
j  jdk.internal.reflect.NativeMethodAccessorImpl.invoke(Ljava/lang/Object;[Ljava/lang/Object;)Ljava/lang/Object;+133 java.base@17.0.6
j  jdk.internal.reflect.DelegatingMethodAccessorImpl.invoke(Ljava/lang/Object;[Ljava/lang/Object;)Ljava/lang/Object;+6 java.base@17.0.6
j  java.lang.reflect.Method.invoke(Ljava/lang/Object;[Ljava/lang/Object;)Ljava/lang/Object;+59 java.base@17.0.6
j  org.gradle.wrapper.BootstrapMainStarter.start([Ljava/lang/String;Ljava/io/File;)V+82
j  org.gradle.wrapper.WrapperExecutor.execute([Ljava/lang/String;Lorg/gradle/wrapper/Install;Lorg/gradle/wrapper/BootstrapMainStarter;)V+14
j  org.gradle.wrapper.GradleWrapperMain.main([Ljava/lang/String;)V+190
v  ~StubRoutines::call_stub

---------------  P R O C E S S  ---------------

Threads class SMR info:
_java_thread_list=0x000001a90fd22750, length=13, elements={
0x000001a9708fbe30, 0x000001a97f9d8e00, 0x000001a97f9d9b80, 0x000001a97fa51be0,
0x000001a97fa555c0, 0x000001a97fa55e80, 0x000001a97fa56740, 0x000001a97fa573e0,
0x000001a97fa57fa0, 0x000001a97fa59490, 0x000001a97fbd68f0, 0x000001a97fbe88d0,
0x000001a90fd7f5f0
}

Java Threads: ( => current thread )
=>0x000001a9708fbe30 JavaThread "main" [_thread_in_vm, id=7816, stack(0x0000001418c00000,0x0000001418d00000)]
  0x000001a97f9d8e00 JavaThread "Reference Handler" daemon [_thread_blocked, id=7764, stack(0x0000001419300000,0x0000001419400000)]
  0x000001a97f9d9b80 JavaThread "Finalizer" daemon [_thread_blocked, id=4436, stack(0x0000001419400000,0x0000001419500000)]
  0x000001a97fa51be0 JavaThread "Signal Dispatcher" daemon [_thread_blocked, id=3600, stack(0x0000001419500000,0x0000001419600000)]
  0x000001a97fa555c0 JavaThread "Attach Listener" daemon [_thread_blocked, id=14252, stack(0x0000001419600000,0x0000001419700000)]
  0x000001a97fa55e80 JavaThread "Service Thread" daemon [_thread_blocked, id=2040, stack(0x0000001419700000,0x0000001419800000)]
  0x000001a97fa56740 JavaThread "Monitor Deflation Thread" daemon [_thread_blocked, id=6080, stack(0x0000001419800000,0x0000001419900000)]
  0x000001a97fa573e0 JavaThread "C2 CompilerThread0" daemon [_thread_blocked, id=10624, stack(0x0000001419900000,0x0000001419a00000)]
  0x000001a97fa57fa0 JavaThread "C1 CompilerThread0" daemon [_thread_blocked, id=3400, stack(0x0000001419a00000,0x0000001419b00000)]
  0x000001a97fa59490 JavaThread "Sweeper thread" daemon [_thread_blocked, id=15044, stack(0x0000001419b00000,0x0000001419c00000)]
  0x000001a97fbd68f0 JavaThread "Notification Thread" daemon [_thread_blocked, id=12976, stack(0x0000001419c00000,0x0000001419d00000)]
  0x000001a97fbe88d0 JavaThread "Common-Cleaner" daemon [_thread_blocked, id=13252, stack(0x0000001419e00000,0x0000001419f00000)]
  0x000001a90fd7f5f0 JavaThread "pool-1-thread-1" [_thread_blocked, id=7040, stack(0x000000141a300000,0x000000141a400000)]

Other Threads:
  0x000001a97f9a5cd0 VMThread "VM Thread" [stack: 0x0000001419200000,0x0000001419300000] [id=15928]
  0x000001a97fbd71d0 WatcherThread [stack: 0x0000001419d00000,0x0000001419e00000] [id=16020]
  0x000001a970969b00 GCTaskThread "GC Thread#0" [stack: 0x0000001418d00000,0x0000001418e00000] [id=17196]
  0x000001a90f866180 GCTaskThread "GC Thread#1" [stack: 0x000000141a000000,0x000000141a100000] [id=10736]
  0x000001a90fab5ca0 GCTaskThread "GC Thread#2" [stack: 0x000000141a100000,0x000000141a200000] [id=8208]
  0x000001a90f93efb0 GCTaskThread "GC Thread#3" [stack: 0x000000141a200000,0x000000141a300000] [id=2792]
  0x000001a97097a720 ConcurrentGCThread "G1 Main Marker" [stack: 0x0000001418e00000,0x0000001418f00000] [id=13088]
  0x000001a97097d7f0 ConcurrentGCThread "G1 Conc#0" [stack: 0x0000001418f00000,0x0000001419000000] [id=12916]
  0x000001a9709beb40 ConcurrentGCThread "G1 Refine#0" [stack: 0x0000001419000000,0x0000001419100000] [id=10432]
  0x000001a9709bf470 ConcurrentGCThread "G1 Service" [stack: 0x0000001419100000,0x0000001419200000] [id=1672]

Threads with active compile tasks:

VM state: not at safepoint (normal execution)

VM Mutex/Monitor currently owned by a thread:  ([mutex/lock_event])
[0x000001a9708f8130] Metaspace_lock - owner thread: 0x000001a9708fbe30

Heap address: 0x0000000702200000, size: 4062 MB, Compressed Oops mode: Zero based, Oop shift amount: 3

CDS archive(s) not mapped
Compressed class space mapped at: 0x0000000800000000-0x0000000840000000, reserved size: 1073741824
Narrow klass base: 0x0000000800000000, Narrow klass shift: 0, Narrow klass range: 0x40000000

GC Precious Log:
 CPUs: 4 total, 4 available
 Memory: 16242M
 Large Page Support: Disabled
 NUMA Support: Disabled
 Compressed Oops: Enabled (Zero based)
 Heap Region Size: 2M
 Heap Min Capacity: 8M
 Heap Initial Capacity: 254M
 Heap Max Capacity: 4062M
 Pre-touch: Disabled
 Parallel Workers: 4
 Concurrent Workers: 1
 Concurrent Refinement Workers: 4
 Periodic GC: Disabled

Heap:
 garbage-first heap   total 260096K, used 14360K [0x0000000702200000, 0x0000000800000000)
  region size 2048K, 4 young (8192K), 1 survivors (2048K)
 Metaspace       used 14371K, committed 14464K, reserved 1064960K
  class space    used 1670K, committed 1728K, reserved 1048576K

Heap Regions: E=young(eden), S=young(survivor), O=old, HS=humongous(starts), HC=humongous(continues), CS=collection set, F=free, OA=open archive, CA=closed archive, TAMS=top-at-mark-start (previous, next)
|   0|0x0000000702200000, 0x0000000702400000, 0x0000000702400000|100%|HS|  |TAMS 0x0000000702200000, 0x0000000702200000| Complete 
|   1|0x0000000702400000, 0x0000000702600000, 0x0000000702600000|100%|HC|  |TAMS 0x0000000702400000, 0x0000000702400000| Complete 
|   2|0x0000000702600000, 0x0000000702800000, 0x0000000702800000|100%| O|  |TAMS 0x0000000702600000, 0x0000000702600000| Untracked 
|   3|0x0000000702800000, 0x0000000702a00000, 0x0000000702a00000|100%| O|  |TAMS 0x0000000702800000, 0x0000000702800000| Untracked 
|   4|0x0000000702a00000, 0x0000000702a06200, 0x0000000702c00000|  1%| O|  |TAMS 0x0000000702a00000, 0x0000000702a00000| Untracked 
|   5|0x0000000702c00000, 0x0000000702c00000, 0x0000000702e00000|  0%| F|  |TAMS 0x0000000702c00000, 0x0000000702c00000| Untracked 
|   6|0x0000000702e00000, 0x0000000702e00000, 0x0000000703000000|  0%| F|  |TAMS 0x0000000702e00000, 0x0000000702e00000| Untracked 
|   7|0x0000000703000000, 0x0000000703000000, 0x0000000703200000|  0%| F|  |TAMS 0x0000000703000000, 0x0000000703000000| Untracked 
|   8|0x0000000703200000, 0x0000000703200000, 0x0000000703400000|  0%| F|  |TAMS 0x0000000703200000, 0x0000000703200000| Untracked 
|   9|0x0000000703400000, 0x0000000703400000, 0x0000000703600000|  0%| F|  |TAMS 0x0000000703400000, 0x0000000703400000| Untracked 
|  10|0x0000000703600000, 0x0000000703600000, 0x0000000703800000|  0%| F|  |TAMS 0x0000000703600000, 0x0000000703600000| Untracked 
|  11|0x0000000703800000, 0x0000000703800000, 0x0000000703a00000|  0%| F|  |TAMS 0x0000000703800000, 0x0000000703800000| Untracked 
|  12|0x0000000703a00000, 0x0000000703a00000, 0x0000000703c00000|  0%| F|  |TAMS 0x0000000703a00000, 0x0000000703a00000| Untracked 
|  13|0x0000000703c00000, 0x0000000703c00000, 0x0000000703e00000|  0%| F|  |TAMS 0x0000000703c00000, 0x0000000703c00000| Untracked 
|  14|0x0000000703e00000, 0x0000000703e00000, 0x0000000704000000|  0%| F|  |TAMS 0x0000000703e00000, 0x0000000703e00000| Untracked 
|  15|0x0000000704000000, 0x0000000704000000, 0x0000000704200000|  0%| F|  |TAMS 0x0000000704000000, 0x0000000704000000| Untracked 
|  16|0x0000000704200000, 0x0000000704200000, 0x0000000704400000|  0%| F|  |TAMS 0x0000000704200000, 0x0000000704200000| Untracked 
|  17|0x0000000704400000, 0x0000000704400000, 0x0000000704600000|  0%| F|  |TAMS 0x0000000704400000, 0x0000000704400000| Untracked 
|  18|0x0000000704600000, 0x0000000704600000, 0x0000000704800000|  0%| F|  |TAMS 0x0000000704600000, 0x0000000704600000| Untracked 
|  19|0x0000000704800000, 0x0000000704800000, 0x0000000704a00000|  0%| F|  |TAMS 0x0000000704800000, 0x0000000704800000| Untracked 
|  20|0x0000000704a00000, 0x0000000704a00000, 0x0000000704c00000|  0%| F|  |TAMS 0x0000000704a00000, 0x0000000704a00000| Untracked 
|  21|0x0000000704c00000, 0x0000000704c00000, 0x0000000704e00000|  0%| F|  |TAMS 0x0000000704c00000, 0x0000000704c00000| Untracked 
|  22|0x0000000704e00000, 0x0000000704e00000, 0x0000000705000000|  0%| F|  |TAMS 0x0000000704e00000, 0x0000000704e00000| Untracked 
|  23|0x0000000705000000, 0x0000000705000000, 0x0000000705200000|  0%| F|  |TAMS 0x0000000705000000, 0x0000000705000000| Untracked 
|  24|0x0000000705200000, 0x0000000705200000, 0x0000000705400000|  0%| F|  |TAMS 0x0000000705200000, 0x0000000705200000| Untracked 
|  25|0x0000000705400000, 0x0000000705400000, 0x0000000705600000|  0%| F|  |TAMS 0x0000000705400000, 0x0000000705400000| Untracked 
|  26|0x0000000705600000, 0x0000000705600000, 0x0000000705800000|  0%| F|  |TAMS 0x0000000705600000, 0x0000000705600000| Untracked 
|  27|0x0000000705800000, 0x0000000705800000, 0x0000000705a00000|  0%| F|  |TAMS 0x0000000705800000, 0x0000000705800000| Untracked 
|  28|0x0000000705a00000, 0x0000000705a00000, 0x0000000705c00000|  0%| F|  |TAMS 0x0000000705a00000, 0x0000000705a00000| Untracked 
|  29|0x0000000705c00000, 0x0000000705c00000, 0x0000000705e00000|  0%| F|  |TAMS 0x0000000705c00000, 0x0000000705c00000| Untracked 
|  30|0x0000000705e00000, 0x0000000705e00000, 0x0000000706000000|  0%| F|  |TAMS 0x0000000705e00000, 0x0000000705e00000| Untracked 
|  31|0x0000000706000000, 0x0000000706000000, 0x0000000706200000|  0%| F|  |TAMS 0x0000000706000000, 0x0000000706000000| Untracked 
|  32|0x0000000706200000, 0x0000000706200000, 0x0000000706400000|  0%| F|  |TAMS 0x0000000706200000, 0x0000000706200000| Untracked 
|  33|0x0000000706400000, 0x0000000706400000, 0x0000000706600000|  0%| F|  |TAMS 0x0000000706400000, 0x0000000706400000| Untracked 
|  34|0x0000000706600000, 0x0000000706600000, 0x0000000706800000|  0%| F|  |TAMS 0x0000000706600000, 0x0000000706600000| Untracked 
|  35|0x0000000706800000, 0x0000000706800000, 0x0000000706a00000|  0%| F|  |TAMS 0x0000000706800000, 0x0000000706800000| Untracked 
|  36|0x0000000706a00000, 0x0000000706a00000, 0x0000000706c00000|  0%| F|  |TAMS 0x0000000706a00000, 0x0000000706a00000| Untracked 
|  37|0x0000000706c00000, 0x0000000706c00000, 0x0000000706e00000|  0%| F|  |TAMS 0x0000000706c00000, 0x0000000706c00000| Untracked 
|  38|0x0000000706e00000, 0x0000000706e00000, 0x0000000707000000|  0%| F|  |TAMS 0x0000000706e00000, 0x0000000706e00000| Untracked 
|  39|0x0000000707000000, 0x0000000707000000, 0x0000000707200000|  0%| F|  |TAMS 0x0000000707000000, 0x0000000707000000| Untracked 
|  40|0x0000000707200000, 0x0000000707200000, 0x0000000707400000|  0%| F|  |TAMS 0x0000000707200000, 0x0000000707200000| Untracked 
|  41|0x0000000707400000, 0x0000000707400000, 0x0000000707600000|  0%| F|  |TAMS 0x0000000707400000, 0x0000000707400000| Untracked 
|  42|0x0000000707600000, 0x0000000707600000, 0x0000000707800000|  0%| F|  |TAMS 0x0000000707600000, 0x0000000707600000| Untracked 
|  43|0x0000000707800000, 0x0000000707800000, 0x0000000707a00000|  0%| F|  |TAMS 0x0000000707800000, 0x0000000707800000| Untracked 
|  44|0x0000000707a00000, 0x0000000707a00000, 0x0000000707c00000|  0%| F|  |TAMS 0x0000000707a00000, 0x0000000707a00000| Untracked 
|  45|0x0000000707c00000, 0x0000000707c00000, 0x0000000707e00000|  0%| F|  |TAMS 0x0000000707c00000, 0x0000000707c00000| Untracked 
|  46|0x0000000707e00000, 0x0000000707e00000, 0x0000000708000000|  0%| F|  |TAMS 0x0000000707e00000, 0x0000000707e00000| Untracked 
|  47|0x0000000708000000, 0x0000000708000000, 0x0000000708200000|  0%| F|  |TAMS 0x0000000708000000, 0x0000000708000000| Untracked 
|  48|0x0000000708200000, 0x0000000708200000, 0x0000000708400000|  0%| F|  |TAMS 0x0000000708200000, 0x0000000708200000| Untracked 
|  49|0x0000000708400000, 0x0000000708400000, 0x0000000708600000|  0%| F|  |TAMS 0x0000000708400000, 0x0000000708400000| Untracked 
|  50|0x0000000708600000, 0x0000000708600000, 0x0000000708800000|  0%| F|  |TAMS 0x0000000708600000, 0x0000000708600000| Untracked 
|  51|0x0000000708800000, 0x0000000708800000, 0x0000000708a00000|  0%| F|  |TAMS 0x0000000708800000, 0x0000000708800000| Untracked 
|  52|0x0000000708a00000, 0x0000000708a00000, 0x0000000708c00000|  0%| F|  |TAMS 0x0000000708a00000, 0x0000000708a00000| Untracked 
|  53|0x0000000708c00000, 0x0000000708c00000, 0x0000000708e00000|  0%| F|  |TAMS 0x0000000708c00000, 0x0000000708c00000| Untracked 
|  54|0x0000000708e00000, 0x0000000708e00000, 0x0000000709000000|  0%| F|  |TAMS 0x0000000708e00000, 0x0000000708e00000| Untracked 
|  55|0x0000000709000000, 0x0000000709000000, 0x0000000709200000|  0%| F|  |TAMS 0x0000000709000000, 0x0000000709000000| Untracked 
|  56|0x0000000709200000, 0x0000000709200000, 0x0000000709400000|  0%| F|  |TAMS 0x0000000709200000, 0x0000000709200000| Untracked 
|  57|0x0000000709400000, 0x0000000709400000, 0x0000000709600000|  0%| F|  |TAMS 0x0000000709400000, 0x0000000709400000| Untracked 
|  58|0x0000000709600000, 0x0000000709600000, 0x0000000709800000|  0%| F|  |TAMS 0x0000000709600000, 0x0000000709600000| Untracked 
|  59|0x0000000709800000, 0x0000000709800000, 0x0000000709a00000|  0%| F|  |TAMS 0x0000000709800000, 0x0000000709800000| Untracked 
|  60|0x0000000709a00000, 0x0000000709a00000, 0x0000000709c00000|  0%| F|  |TAMS 0x0000000709a00000, 0x0000000709a00000| Untracked 
|  61|0x0000000709c00000, 0x0000000709c00000, 0x0000000709e00000|  0%| F|  |TAMS 0x0000000709c00000, 0x0000000709c00000| Untracked 
|  62|0x0000000709e00000, 0x0000000709e00000, 0x000000070a000000|  0%| F|  |TAMS 0x0000000709e00000, 0x0000000709e00000| Untracked 
|  63|0x000000070a000000, 0x000000070a000000, 0x000000070a200000|  0%| F|  |TAMS 0x000000070a000000, 0x000000070a000000| Untracked 
|  64|0x000000070a200000, 0x000000070a200000, 0x000000070a400000|  0%| F|  |TAMS 0x000000070a200000, 0x000000070a200000| Untracked 
|  65|0x000000070a400000, 0x000000070a400000, 0x000000070a600000|  0%| F|  |TAMS 0x000000070a400000, 0x000000070a400000| Untracked 
|  66|0x000000070a600000, 0x000000070a600000, 0x000000070a800000|  0%| F|  |TAMS 0x000000070a600000, 0x000000070a600000| Untracked 
|  67|0x000000070a800000, 0x000000070a800000, 0x000000070aa00000|  0%| F|  |TAMS 0x000000070a800000, 0x000000070a800000| Untracked 
|  68|0x000000070aa00000, 0x000000070aa00000, 0x000000070ac00000|  0%| F|  |TAMS 0x000000070aa00000, 0x000000070aa00000| Untracked 
|  69|0x000000070ac00000, 0x000000070ac00000, 0x000000070ae00000|  0%| F|  |TAMS 0x000000070ac00000, 0x000000070ac00000| Untracked 
|  70|0x000000070ae00000, 0x000000070ae00000, 0x000000070b000000|  0%| F|  |TAMS 0x000000070ae00000, 0x000000070ae00000| Untracked 
|  71|0x000000070b000000, 0x000000070b000000, 0x000000070b200000|  0%| F|  |TAMS 0x000000070b000000, 0x000000070b000000| Untracked 
|  72|0x000000070b200000, 0x000000070b200000, 0x000000070b400000|  0%| F|  |TAMS 0x000000070b200000, 0x000000070b200000| Untracked 
|  73|0x000000070b400000, 0x000000070b400000, 0x000000070b600000|  0%| F|  |TAMS 0x000000070b400000, 0x000000070b400000| Untracked 
|  74|0x000000070b600000, 0x000000070b600000, 0x000000070b800000|  0%| F|  |TAMS 0x000000070b600000, 0x000000070b600000| Untracked 
|  75|0x000000070b800000, 0x000000070b800000, 0x000000070ba00000|  0%| F|  |TAMS 0x000000070b800000, 0x000000070b800000| Untracked 
|  76|0x000000070ba00000, 0x000000070ba00000, 0x000000070bc00000|  0%| F|  |TAMS 0x000000070ba00000, 0x000000070ba00000| Untracked 
|  77|0x000000070bc00000, 0x000000070bc00000, 0x000000070be00000|  0%| F|  |TAMS 0x000000070bc00000, 0x000000070bc00000| Untracked 
|  78|0x000000070be00000, 0x000000070be00000, 0x000000070c000000|  0%| F|  |TAMS 0x000000070be00000, 0x000000070be00000| Untracked 
|  79|0x000000070c000000, 0x000000070c000000, 0x000000070c200000|  0%| F|  |TAMS 0x000000070c000000, 0x000000070c000000| Untracked 
|  80|0x000000070c200000, 0x000000070c200000, 0x000000070c400000|  0%| F|  |TAMS 0x000000070c200000, 0x000000070c200000| Untracked 
|  81|0x000000070c400000, 0x000000070c400000, 0x000000070c600000|  0%| F|  |TAMS 0x000000070c400000, 0x000000070c400000| Untracked 
|  82|0x000000070c600000, 0x000000070c600000, 0x000000070c800000|  0%| F|  |TAMS 0x000000070c600000, 0x000000070c600000| Untracked 
|  83|0x000000070c800000, 0x000000070c800000, 0x000000070ca00000|  0%| F|  |TAMS 0x000000070c800000, 0x000000070c800000| Untracked 
|  84|0x000000070ca00000, 0x000000070ca00000, 0x000000070cc00000|  0%| F|  |TAMS 0x000000070ca00000, 0x000000070ca00000| Untracked 
|  85|0x000000070cc00000, 0x000000070cc00000, 0x000000070ce00000|  0%| F|  |TAMS 0x000000070cc00000, 0x000000070cc00000| Untracked 
|  86|0x000000070ce00000, 0x000000070ce00000, 0x000000070d000000|  0%| F|  |TAMS 0x000000070ce00000, 0x000000070ce00000| Untracked 
|  87|0x000000070d000000, 0x000000070d000000, 0x000000070d200000|  0%| F|  |TAMS 0x000000070d000000, 0x000000070d000000| Untracked 
|  88|0x000000070d200000, 0x000000070d200000, 0x000000070d400000|  0%| F|  |TAMS 0x000000070d200000, 0x000000070d200000| Untracked 
|  89|0x000000070d400000, 0x000000070d400000, 0x000000070d600000|  0%| F|  |TAMS 0x000000070d400000, 0x000000070d400000| Untracked 
|  90|0x000000070d600000, 0x000000070d600000, 0x000000070d800000|  0%| F|  |TAMS 0x000000070d600000, 0x000000070d600000| Untracked 
|  91|0x000000070d800000, 0x000000070d800000, 0x000000070da00000|  0%| F|  |TAMS 0x000000070d800000, 0x000000070d800000| Untracked 
|  92|0x000000070da00000, 0x000000070da00000, 0x000000070dc00000|  0%| F|  |TAMS 0x000000070da00000, 0x000000070da00000| Untracked 
|  93|0x000000070dc00000, 0x000000070dc00000, 0x000000070de00000|  0%| F|  |TAMS 0x000000070dc00000, 0x000000070dc00000| Untracked 
|  94|0x000000070de00000, 0x000000070de00000, 0x000000070e000000|  0%| F|  |TAMS 0x000000070de00000, 0x000000070de00000| Untracked 
|  95|0x000000070e000000, 0x000000070e000000, 0x000000070e200000|  0%| F|  |TAMS 0x000000070e000000, 0x000000070e000000| Untracked 
|  96|0x000000070e200000, 0x000000070e200000, 0x000000070e400000|  0%| F|  |TAMS 0x000000070e200000, 0x000000070e200000| Untracked 
|  97|0x000000070e400000, 0x000000070e400000, 0x000000070e600000|  0%| F|  |TAMS 0x000000070e400000, 0x000000070e400000| Untracked 
|  98|0x000000070e600000, 0x000000070e600000, 0x000000070e800000|  0%| F|  |TAMS 0x000000070e600000, 0x000000070e600000| Untracked 
|  99|0x000000070e800000, 0x000000070e800000, 0x000000070ea00000|  0%| F|  |TAMS 0x000000070e800000, 0x000000070e800000| Untracked 
| 100|0x000000070ea00000, 0x000000070ea00000, 0x000000070ec00000|  0%| F|  |TAMS 0x000000070ea00000, 0x000000070ea00000| Untracked 
| 101|0x000000070ec00000, 0x000000070ec00000, 0x000000070ee00000|  0%| F|  |TAMS 0x000000070ec00000, 0x000000070ec00000| Untracked 
| 102|0x000000070ee00000, 0x000000070ee00000, 0x000000070f000000|  0%| F|  |TAMS 0x000000070ee00000, 0x000000070ee00000| Untracked 
| 103|0x000000070f000000, 0x000000070f000000, 0x000000070f200000|  0%| F|  |TAMS 0x000000070f000000, 0x000000070f000000| Untracked 
| 104|0x000000070f200000, 0x000000070f200000, 0x000000070f400000|  0%| F|  |TAMS 0x000000070f200000, 0x000000070f200000| Untracked 
| 105|0x000000070f400000, 0x000000070f400000, 0x000000070f600000|  0%| F|  |TAMS 0x000000070f400000, 0x000000070f400000| Untracked 
| 106|0x000000070f600000, 0x000000070f600000, 0x000000070f800000|  0%| F|  |TAMS 0x000000070f600000, 0x000000070f600000| Untracked 
| 107|0x000000070f800000, 0x000000070f800000, 0x000000070fa00000|  0%| F|  |TAMS 0x000000070f800000, 0x000000070f800000| Untracked 
| 108|0x000000070fa00000, 0x000000070fa00000, 0x000000070fc00000|  0%| F|  |TAMS 0x000000070fa00000, 0x000000070fa00000| Untracked 
| 109|0x000000070fc00000, 0x000000070fc00000, 0x000000070fe00000|  0%| F|  |TAMS 0x000000070fc00000, 0x000000070fc00000| Untracked 
| 110|0x000000070fe00000, 0x000000070fe00000, 0x0000000710000000|  0%| F|  |TAMS 0x000000070fe00000, 0x000000070fe00000| Untracked 
| 111|0x0000000710000000, 0x0000000710000000, 0x0000000710200000|  0%| F|  |TAMS 0x0000000710000000, 0x0000000710000000| Untracked 
| 112|0x0000000710200000, 0x0000000710200000, 0x0000000710400000|  0%| F|  |TAMS 0x0000000710200000, 0x0000000710200000| Untracked 
| 113|0x0000000710400000, 0x0000000710400000, 0x0000000710600000|  0%| F|  |TAMS 0x0000000710400000, 0x0000000710400000| Untracked 
| 114|0x0000000710600000, 0x0000000710600000, 0x0000000710800000|  0%| F|  |TAMS 0x0000000710600000, 0x0000000710600000| Untracked 
| 115|0x0000000710800000, 0x0000000710800000, 0x0000000710a00000|  0%| F|  |TAMS 0x0000000710800000, 0x0000000710800000| Untracked 
| 116|0x0000000710a00000, 0x0000000710a00000, 0x0000000710c00000|  0%| F|  |TAMS 0x0000000710a00000, 0x0000000710a00000| Untracked 
| 117|0x0000000710c00000, 0x0000000710c00000, 0x0000000710e00000|  0%| F|  |TAMS 0x0000000710c00000, 0x0000000710c00000| Untracked 
| 118|0x0000000710e00000, 0x0000000711000000, 0x0000000711000000|100%| S|CS|TAMS 0x0000000710e00000, 0x0000000710e00000| Complete 
| 119|0x0000000711000000, 0x0000000711000000, 0x0000000711200000|  0%| F|  |TAMS 0x0000000711000000, 0x0000000711000000| Untracked 
| 120|0x0000000711200000, 0x0000000711200000, 0x0000000711400000|  0%| F|  |TAMS 0x0000000711200000, 0x0000000711200000| Untracked 
| 121|0x0000000711400000, 0x0000000711400000, 0x0000000711600000|  0%| F|  |TAMS 0x0000000711400000, 0x0000000711400000| Untracked 
| 122|0x0000000711600000, 0x0000000711600000, 0x0000000711800000|  0%| F|  |TAMS 0x0000000711600000, 0x0000000711600000| Untracked 
| 123|0x0000000711800000, 0x0000000711800000, 0x0000000711a00000|  0%| F|  |TAMS 0x0000000711800000, 0x0000000711800000| Untracked 
| 124|0x0000000711a00000, 0x0000000711b712b0, 0x0000000711c00000| 72%| E|  |TAMS 0x0000000711a00000, 0x0000000711a00000| Complete 
| 125|0x0000000711c00000, 0x0000000711e00000, 0x0000000711e00000|100%| E|CS|TAMS 0x0000000711c00000, 0x0000000711c00000| Complete 
| 126|0x0000000711e00000, 0x0000000712000000, 0x0000000712000000|100%| E|CS|TAMS 0x0000000711e00000, 0x0000000711e00000| Complete 

Card table byte_map: [0x000001a9745c0000,0x000001a974db0000] _byte_map_base: 0x000001a970daf000

Marking Bits (Prev, Next): (CMBitMap*) 0x000001a97096a020, (CMBitMap*) 0x000001a97096a060
 Prev Bits: [0x000001a9755a0000, 0x000001a979518000)
 Next Bits: [0x000001a979520000, 0x000001a97d498000)

Polling page: 0x000001a96e910000

Metaspace:

Usage:
  Non-class:     12.40 MB used.
      Class:      1.63 MB used.
       Both:     14.03 MB used.

Virtual space:
  Non-class space:       16.00 MB reserved,      12.44 MB ( 78%) committed,  2 nodes.
      Class space:        1.00 GB reserved,       1.69 MB ( <1%) committed,  1 nodes.
             Both:        1.02 GB reserved,      14.12 MB (  1%) committed. 

Chunk freelists:
   Non-Class:  2.57 MB
       Class:  2.26 MB
        Both:  4.83 MB

MaxMetaspaceSize: unlimited
CompressedClassSpaceSize: 1.00 GB
Initial GC threshold: 21.00 MB
Current GC threshold: 21.00 MB
CDS: off
MetaspaceReclaimPolicy: balanced
 - commit_granule_bytes: 65536.
 - commit_granule_words: 8192.
 - virtual_space_node_default_size: 1048576.
 - enlarge_chunks_in_place: 1.
 - new_chunks_are_fully_committed: 0.
 - uncommit_free_chunks: 1.
 - use_allocation_guard: 0.
 - handle_deallocations: 1.


Internal statistics:

num_allocs_failed_limit: 0.
num_arena_births: 70.
num_arena_deaths: 0.
num_vsnodes_births: 3.
num_vsnodes_deaths: 0.
num_space_committed: 226.
num_space_uncommitted: 0.
num_chunks_returned_to_freelist: 0.
num_chunks_taken_from_freelist: 262.
num_chunk_merges: 0.
num_chunk_splits: 167.
num_chunks_enlarged: 140.
num_purges: 0.
num_inconsistent_stats: 0.

CodeHeap 'non-profiled nmethods': size=120000Kb used=435Kb max_used=435Kb free=119564Kb
 bounds [0x000001a907ad0000, 0x000001a907d40000, 0x000001a90f000000]
CodeHeap 'profiled nmethods': size=120000Kb used=1924Kb max_used=1924Kb free=118075Kb
 bounds [0x000001a900000000, 0x000001a900270000, 0x000001a907530000]
CodeHeap 'non-nmethods': size=5760Kb used=1145Kb max_used=1165Kb free=4615Kb
 bounds [0x000001a907530000, 0x000001a9077a0000, 0x000001a907ad0000]
 total_blobs=1480 nmethods=1046 adapters=347
 compilation: enabled
              stopped_count=0, restarted_count=0
 full_count=0

Compilation events (20 events):
Event: 3.721 Thread 0x000001a97fa57fa0 1035       3       sun.nio.cs.MS1252::newEncoder (16 bytes)
Event: 3.722 Thread 0x000001a97fa57fa0 nmethod 1035 0x000001a9001dd910 code [0x000001a9001ddb00, 0x000001a9001dde28]
Event: 3.722 Thread 0x000001a97fa57fa0 1036       3       sun.security.provider.DigestBase::engineUpdate (189 bytes)
Event: 3.723 Thread 0x000001a97fa57fa0 nmethod 1036 0x000001a9001ddf10 code [0x000001a9001de180, 0x000001a9001dee78]
Event: 3.723 Thread 0x000001a97fa57fa0 1039       3       java.lang.invoke.MemberName::getInvocationType (56 bytes)
Event: 3.723 Thread 0x000001a97fa57fa0 nmethod 1039 0x000001a9001df210 code [0x000001a9001df440, 0x000001a9001dfd88]
Event: 3.723 Thread 0x000001a97fa57fa0 1037       3       java.lang.invoke.MemberName::getType (19 bytes)
Event: 3.724 Thread 0x000001a97fa57fa0 nmethod 1037 0x000001a9001e0010 code [0x000001a9001e01e0, 0x000001a9001e0598]
Event: 3.731 Thread 0x000001a97fa573e0 1040       4       java.lang.StringBuilder::<init> (7 bytes)
Event: 3.732 Thread 0x000001a97fa573e0 nmethod 1040 0x000001a907b3bd90 code [0x000001a907b3bf20, 0x000001a907b3c0f8]
Event: 3.798 Thread 0x000001a97fa57fa0 1041       3       java.util.Arrays::copyOf (10 bytes)
Event: 3.798 Thread 0x000001a97fa57fa0 nmethod 1041 0x000001a9001e0710 code [0x000001a9001e08c0, 0x000001a9001e0a08]
Event: 3.833 Thread 0x000001a97fa57fa0 1042       1       java.util.concurrent.atomic.AtomicReference::get (5 bytes)
Event: 3.833 Thread 0x000001a97fa57fa0 nmethod 1042 0x000001a907b3c190 code [0x000001a907b3c320, 0x000001a907b3c3f8]
Event: 3.874 Thread 0x000001a97fa57fa0 1043       1       java.util.concurrent.locks.AbstractOwnableSynchronizer::setExclusiveOwnerThread (6 bytes)
Event: 3.874 Thread 0x000001a97fa57fa0 nmethod 1043 0x000001a907b3c490 code [0x000001a907b3c620, 0x000001a907b3c738]
Event: 4.171 Thread 0x000001a97fa57fa0 1044       1       java.util.concurrent.locks.AbstractOwnableSynchronizer::getExclusiveOwnerThread (5 bytes)
Event: 4.171 Thread 0x000001a97fa57fa0 nmethod 1044 0x000001a907b3c790 code [0x000001a907b3c920, 0x000001a907b3c9f8]
Event: 4.244 Thread 0x000001a97fa57fa0 1045       3       java.lang.invoke.MethodType$ConcurrentWeakInternSet$WeakEntry::<init> (15 bytes)
Event: 4.244 Thread 0x000001a97fa57fa0 nmethod 1045 0x000001a9001e0b10 code [0x000001a9001e0ce0, 0x000001a9001e1108]

GC Heap History (4 events):
Event: 1.106 GC heap before
{Heap before GC invocations=0 (full 0):
 garbage-first heap   total 260096K, used 16384K [0x0000000702200000, 0x0000000800000000)
  region size 2048K, 6 young (12288K), 0 survivors (0K)
 Metaspace       used 8382K, committed 8576K, reserved 1056768K
  class space    used 737K, committed 832K, reserved 1048576K
}
Event: 1.138 GC heap after
{Heap after GC invocations=1 (full 0):
 garbage-first heap   total 260096K, used 2915K [0x0000000702200000, 0x0000000800000000)
  region size 2048K, 1 young (2048K), 1 survivors (2048K)
 Metaspace       used 8382K, committed 8576K, reserved 1056768K
  class space    used 737K, committed 832K, reserved 1048576K
}
Event: 2.929 GC heap before
{Heap before GC invocations=1 (full 0):
 garbage-first heap   total 260096K, used 21347K [0x0000000702200000, 0x0000000800000000)
  region size 2048K, 8 young (16384K), 1 survivors (2048K)
 Metaspace       used 12461K, committed 12672K, reserved 1064960K
  class space    used 1383K, committed 1536K, reserved 1048576K
}
Event: 2.933 GC heap after
{Heap after GC invocations=2 (full 0):
 garbage-first heap   total 260096K, used 10264K [0x0000000702200000, 0x0000000800000000)
  region size 2048K, 1 young (2048K), 1 survivors (2048K)
 Metaspace       used 12461K, committed 12672K, reserved 1064960K
  class space    used 1383K, committed 1536K, reserved 1048576K
}

Dll operation events (2 events):
Event: 0.010 Loaded shared library C:\Program Files\Android\Android Studio\jre\bin\java.dll
Event: 0.311 Loaded shared library C:\Program Files\Android\Android Studio\jre\bin\verify.dll

Deoptimization events (20 events):
Event: 3.206 Thread 0x000001a9708fbe30 DEOPT PACKING pc=0x000001a907b37348 sp=0x0000001418cfa490
Event: 3.206 Thread 0x000001a9708fbe30 DEOPT UNPACKING pc=0x000001a9075869a3 sp=0x0000001418cfa418 mode 2
Event: 3.209 Thread 0x000001a9708fbe30 Uncommon trap: trap_request=0xffffffde fr.pc=0x000001a907b37348 relative=0x0000000000000128
Event: 3.209 Thread 0x000001a9708fbe30 Uncommon trap: reason=class_check action=maybe_recompile pc=0x000001a907b37348 method=jdk.internal.misc.Unsafe.allocateUninitializedArray(Ljava/lang/Class;I)Ljava/lang/Object; @ 51 c2
Event: 3.209 Thread 0x000001a9708fbe30 DEOPT PACKING pc=0x000001a907b37348 sp=0x0000001418cf9e30
Event: 3.209 Thread 0x000001a9708fbe30 DEOPT UNPACKING pc=0x000001a9075869a3 sp=0x0000001418cf9db8 mode 2
Event: 3.210 Thread 0x000001a9708fbe30 Uncommon trap: trap_request=0xffffffde fr.pc=0x000001a907b37348 relative=0x0000000000000128
Event: 3.210 Thread 0x000001a9708fbe30 Uncommon trap: reason=class_check action=maybe_recompile pc=0x000001a907b37348 method=jdk.internal.misc.Unsafe.allocateUninitializedArray(Ljava/lang/Class;I)Ljava/lang/Object; @ 51 c2
Event: 3.210 Thread 0x000001a9708fbe30 DEOPT PACKING pc=0x000001a907b37348 sp=0x0000001418cf9ed0
Event: 3.210 Thread 0x000001a9708fbe30 DEOPT UNPACKING pc=0x000001a9075869a3 sp=0x0000001418cf9e58 mode 2
Event: 3.210 Thread 0x000001a9708fbe30 Uncommon trap: trap_request=0xffffffde fr.pc=0x000001a907b37348 relative=0x0000000000000128
Event: 3.210 Thread 0x000001a9708fbe30 Uncommon trap: reason=class_check action=maybe_recompile pc=0x000001a907b37348 method=jdk.internal.misc.Unsafe.allocateUninitializedArray(Ljava/lang/Class;I)Ljava/lang/Object; @ 51 c2
Event: 3.210 Thread 0x000001a9708fbe30 DEOPT PACKING pc=0x000001a907b37348 sp=0x0000001418cf9f00
Event: 3.210 Thread 0x000001a9708fbe30 DEOPT UNPACKING pc=0x000001a9075869a3 sp=0x0000001418cf9e88 mode 2
Event: 3.233 Thread 0x000001a9708fbe30 DEOPT PACKING pc=0x000001a9000e29c8 sp=0x0000001418cfaab0
Event: 3.233 Thread 0x000001a9708fbe30 DEOPT UNPACKING pc=0x000001a907587143 sp=0x0000001418cf9fc8 mode 0
Event: 3.709 Thread 0x000001a9708fbe30 Uncommon trap: trap_request=0xffffff45 fr.pc=0x000001a907b29170 relative=0x0000000000001cb0
Event: 3.709 Thread 0x000001a9708fbe30 Uncommon trap: reason=unstable_if action=reinterpret pc=0x000001a907b29170 method=java.io.WinNTFileSystem.normalize(Ljava/lang/String;)Ljava/lang/String; @ 128 c2
Event: 3.709 Thread 0x000001a9708fbe30 DEOPT PACKING pc=0x000001a907b29170 sp=0x0000001418cfc310
Event: 3.709 Thread 0x000001a9708fbe30 DEOPT UNPACKING pc=0x000001a9075869a3 sp=0x0000001418cfc2f8 mode 2

Classes unloaded (0 events):
No events

Classes redefined (0 events):
No events

Internal exceptions (15 events):
Event: 0.515 Thread 0x000001a9708fbe30 Exception <a 'java/lang/NoSuchMethodError'{0x0000000711d1d090}: 'int java.lang.invoke.DirectMethodHandle$Holder.invokeStaticInit(java.lang.Object, java.lang.Object)'> (0x0000000711d1d090) 
thrown [s\src\hotspot\share\interpreter\linkResolver.cpp, line 771]
Event: 2.205 Thread 0x000001a9708fbe30 Exception <a 'java/lang/NoSuchMethodError'{0x0000000711997678}: 'void java.lang.invoke.DirectMethodHandle$Holder.invokeStatic(java.lang.Object, java.lang.Object)'> (0x0000000711997678) 
thrown [s\src\hotspot\share\interpreter\linkResolver.cpp, line 771]
Event: 2.249 Thread 0x000001a9708fbe30 Exception <a 'java/lang/NoClassDefFoundError'{0x0000000711620878}: org/slf4j/impl/StaticMarkerBinder> (0x0000000711620878) 
thrown [s\src\hotspot\share\classfile\systemDictionary.cpp, line 245]
Event: 2.289 Thread 0x000001a9708fbe30 Exception <a 'java/lang/NoSuchMethodError'{0x00000007116bbff0}: 'java.lang.Object java.lang.invoke.DirectMethodHandle$Holder.invokeVirtual(java.lang.Object, java.lang.Object, java.lang.Object, java.lang.Object, java.lang.Object, java.lang.Object, java.lang.Object)'> (0x00000007116bbff0) 
thrown [s\src\hotspot\share\interpreter\linkResolver.cpp, line 771]
Event: 2.303 Thread 0x000001a9708fbe30 Exception <a 'java/lang/NoSuchMethodError'{0x00000007116ccb50}: 'java.lang.Object java.lang.invoke.Invokers$Holder.invoker(java.lang.Object, java.lang.Object, java.lang.Object)'> (0x00000007116ccb50) 
thrown [s\src\hotspot\share\interpreter\linkResolver.cpp, line 771]
Event: 2.333 Thread 0x000001a9708fbe30 Exception <a 'java/lang/NoSuchMethodError'{0x00000007116d5bf8}: 'java.lang.Object java.lang.invoke.DirectMethodHandle$Holder.invokeStatic(java.lang.Object, java.lang.Object, int)'> (0x00000007116d5bf8) 
thrown [s\src\hotspot\share\interpreter\linkResolver.cpp, line 771]
Event: 2.338 Thread 0x000001a9708fbe30 Exception <a 'java/lang/NoSuchMethodError'{0x00000007116e1b38}: 'void java.lang.invoke.DelegatingMethodHandle$Holder.delegate(java.lang.Object, java.lang.Object, int, java.lang.Object)'> (0x00000007116e1b38) 
thrown [s\src\hotspot\share\interpreter\linkResolver.cpp, line 771]
Event: 2.339 Thread 0x000001a9708fbe30 Exception <a 'java/lang/NoSuchMethodError'{0x00000007116e5c80}: 'int java.lang.invoke.DirectMethodHandle$Holder.invokeSpecial(java.lang.Object, java.lang.Object, java.lang.Object)'> (0x00000007116e5c80) 
thrown [s\src\hotspot\share\interpreter\linkResolver.cpp, line 771]
Event: 2.348 Thread 0x000001a9708fbe30 Exception <a 'java/lang/NoSuchMethodError'{0x00000007116f8e38}: 'java.lang.Object java.lang.invoke.Invokers$Holder.invokeExact_MT(java.lang.Object, java.lang.Object, java.lang.Object, java.lang.Object)'> (0x00000007116f8e38) 
thrown [s\src\hotspot\share\interpreter\linkResolver.cpp, line 771]
Event: 2.569 Thread 0x000001a9708fbe30 Exception <a 'java/lang/NoSuchMethodError'{0x00000007110ea180}: 'java.lang.Object java.lang.invoke.DirectMethodHandle$Holder.invokeInterface(java.lang.Object, java.lang.Object, java.lang.Object)'> (0x00000007110ea180) 
thrown [s\src\hotspot\share\interpreter\linkResolver.cpp, line 771]
Event: 2.742 Thread 0x000001a9708fbe30 Implicit null exception at 0x000001a907b1eb0f to 0x000001a907b1ef80
Event: 2.742 Thread 0x000001a9708fbe30 Implicit null exception at 0x000001a907b0df0f to 0x000001a907b0e358
Event: 2.992 Thread 0x000001a9708fbe30 Exception <a 'java/lang/NoSuchMethodError'{0x0000000711ea1aa8}: 'java.lang.Object java.lang.invoke.DirectMethodHandle$Holder.invokeStaticInit(java.lang.Object)'> (0x0000000711ea1aa8) 
thrown [s\src\hotspot\share\interpreter\linkResolver.cpp, line 771]
Event: 3.331 Thread 0x000001a9708fbe30 Exception <a 'java/lang/NoSuchMethodError'{0x0000000711aca5a8}: 'java.lang.Object java.lang.invoke.DirectMethodHandle$Holder.invokeStaticInit(java.lang.Object, int, int, int, int)'> (0x0000000711aca5a8) 
thrown [s\src\hotspot\share\interpreter\linkResolver.cpp, line 771]
Event: 3.723 Thread 0x000001a9708fbe30 Exception <a 'java/lang/NoSuchMethodError'{0x0000000711b0d3a0}: 'java.lang.Object java.lang.invoke.DirectMethodHandle$Holder.invokeStaticInit(java.lang.Object, java.lang.Object, int, int, int, int)'> (0x0000000711b0d3a0) 
thrown [s\src\hotspot\share\interpreter\linkResolver.cpp, line 771]

VM Operations (16 events):
Event: 0.300 Executing VM operation: HandshakeAllThreads
Event: 0.301 Executing VM operation: HandshakeAllThreads done
Event: 1.106 Executing VM operation: G1CollectForAllocation
Event: 1.138 Executing VM operation: G1CollectForAllocation done
Event: 1.402 Executing VM operation: HandshakeAllThreads
Event: 1.402 Executing VM operation: HandshakeAllThreads done
Event: 2.332 Executing VM operation: HandshakeAllThreads
Event: 2.332 Executing VM operation: HandshakeAllThreads done
Event: 2.332 Executing VM operation: Cleanup
Event: 2.332 Executing VM operation: Cleanup done
Event: 2.929 Executing VM operation: G1CollectForAllocation
Event: 2.933 Executing VM operation: G1CollectForAllocation done
Event: 3.420 Executing VM operation: HandshakeAllThreads
Event: 3.420 Executing VM operation: HandshakeAllThreads done
Event: 3.711 Executing VM operation: HandshakeAllThreads
Event: 3.711 Executing VM operation: HandshakeAllThreads done

Events (20 events):
Event: 3.730 loading class sun/net/NetProperties$1 done
Event: 4.232 loading class java/net/Inet4AddressImpl
Event: 4.232 loading class java/net/Inet4AddressImpl done
Event: 4.232 loading class java/net/InetSocketAddress$InetSocketAddressHolder
Event: 4.232 loading class java/net/InetSocketAddress$InetSocketAddressHolder done
Event: 4.241 loading class java/lang/ProcessEnvironment$CheckedKeySet
Event: 4.242 loading class java/lang/ProcessEnvironment$CheckedKeySet done
Event: 4.242 loading class java/net/MulticastSocket
Event: 4.242 loading class java/net/MulticastSocket done
Event: 4.242 loading class sun/nio/ch/DefaultSelectorProvider
Event: 4.242 loading class sun/nio/ch/DefaultSelectorProvider done
Event: 4.242 loading class sun/nio/ch/WEPollSelectorProvider
Event: 4.242 loading class sun/nio/ch/SelectorProviderImpl
Event: 4.243 loading class java/nio/channels/spi/SelectorProvider
Event: 4.243 loading class java/nio/channels/spi/SelectorProvider done
Event: 4.243 loading class sun/nio/ch/SelectorProviderImpl done
Event: 4.243 loading class sun/nio/ch/WEPollSelectorProvider done
Event: 4.244 loading class sun/nio/ch/DatagramChannelImpl
Event: 4.245 loading class sun/nio/ch/SelChImpl
Event: 4.246 loading class sun/nio/ch/SelChImpl done


Dynamic libraries:
0x00007ff78d660000 - 0x00007ff78d66a000 	C:\Program Files\Android\Android Studio\jre\bin\java.exe
0x00007ffae9e70000 - 0x00007ffaea068000 	C:\Windows\SYSTEM32\ntdll.dll
0x00007ffae9600000 - 0x00007ffae96bd000 	C:\Windows\System32\KERNEL32.DLL
0x00007ffae7bd0000 - 0x00007ffae7ec6000 	C:\Windows\System32\KERNELBASE.dll
0x00007ffae7830000 - 0x00007ffae7930000 	C:\Windows\System32\ucrtbase.dll
0x00007ffad3f70000 - 0x00007ffad3f87000 	C:\Program Files\Android\Android Studio\jre\bin\jli.dll
0x00007ffacc180000 - 0x00007ffacc19b000 	C:\Program Files\Android\Android Studio\jre\bin\VCRUNTIME140.dll
0x00007ffae9a40000 - 0x00007ffae9bde000 	C:\Windows\System32\USER32.dll
0x00007ffae7580000 - 0x00007ffae75a2000 	C:\Windows\System32\win32u.dll
0x00007ffad1500000 - 0x00007ffad179a000 	C:\Windows\WinSxS\amd64_microsoft.windows.common-controls_6595b64144ccf1df_6.0.19041.1110_none_60b5254171f9507e\COMCTL32.dll
0x00007ffae82f0000 - 0x00007ffae838e000 	C:\Windows\System32\msvcrt.dll
0x00007ffae9da0000 - 0x00007ffae9dcc000 	C:\Windows\System32\GDI32.dll
0x00007ffae76a0000 - 0x00007ffae77ba000 	C:\Windows\System32\gdi32full.dll
0x00007ffae7600000 - 0x00007ffae769d000 	C:\Windows\System32\msvcp_win.dll
0x00007ffae8ae0000 - 0x00007ffae8b10000 	C:\Windows\System32\IMM32.DLL
0x00007ffad3f60000 - 0x00007ffad3f6c000 	C:\Program Files\Android\Android Studio\jre\bin\vcruntime140_1.dll
0x00007ffa9c770000 - 0x00007ffa9c7fd000 	C:\Program Files\Android\Android Studio\jre\bin\msvcp140.dll
0x00007ffa96200000 - 0x00007ffa96e6e000 	C:\Program Files\Android\Android Studio\jre\bin\server\jvm.dll
0x00007ffae97e0000 - 0x00007ffae988e000 	C:\Windows\System32\ADVAPI32.dll
0x00007ffae8120000 - 0x00007ffae81bc000 	C:\Windows\System32\sechost.dll
0x00007ffae81c0000 - 0x00007ffae82e6000 	C:\Windows\System32\RPCRT4.dll
0x00007ffae0870000 - 0x00007ffae0879000 	C:\Windows\SYSTEM32\WSOCK32.dll
0x00007ffae96c0000 - 0x00007ffae972b000 	C:\Windows\System32\WS2_32.dll
0x00007ffad1d20000 - 0x00007ffad1d47000 	C:\Windows\SYSTEM32\WINMM.dll
0x00007ffad5d20000 - 0x00007ffad5d2a000 	C:\Windows\SYSTEM32\VERSION.dll
0x00007ffae5dc0000 - 0x00007ffae5dd2000 	C:\Windows\SYSTEM32\kernel.appcore.dll
0x00007ffad05f0000 - 0x00007ffad05fa000 	C:\Program Files\Android\Android Studio\jre\bin\jimage.dll
0x00007ffae2290000 - 0x00007ffae2474000 	C:\Windows\SYSTEM32\DBGHELP.DLL
0x00007ffad42a0000 - 0x00007ffad42d4000 	C:\Windows\SYSTEM32\dbgcore.DLL
0x00007ffae7930000 - 0x00007ffae79b2000 	C:\Windows\System32\bcryptPrimitives.dll
0x00007ffa9c740000 - 0x00007ffa9c765000 	C:\Program Files\Android\Android Studio\jre\bin\java.dll
0x00007ffac8050000 - 0x00007ffac8068000 	C:\Program Files\Android\Android Studio\jre\bin\zip.dll
0x00007ffae8390000 - 0x00007ffae8ad5000 	C:\Windows\System32\SHELL32.dll
0x00007ffae2480000 - 0x00007ffae2c1b000 	C:\Windows\SYSTEM32\windows.storage.dll
0x00007ffae9240000 - 0x00007ffae9594000 	C:\Windows\System32\combase.dll
0x00007ffae6ec0000 - 0x00007ffae6eee000 	C:\Windows\SYSTEM32\Wldp.dll
0x00007ffae9990000 - 0x00007ffae9a3d000 	C:\Windows\System32\SHCORE.dll
0x00007ffae95a0000 - 0x00007ffae95f5000 	C:\Windows\System32\shlwapi.dll
0x00007ffae7480000 - 0x00007ffae74a5000 	C:\Windows\SYSTEM32\profapi.dll
0x00007ffac7b20000 - 0x00007ffac7b39000 	C:\Program Files\Android\Android Studio\jre\bin\net.dll
0x00007ffadd400000 - 0x00007ffadd50a000 	C:\Windows\SYSTEM32\WINHTTP.dll
0x00007ffae6c20000 - 0x00007ffae6c8a000 	C:\Windows\system32\mswsock.dll
0x00007ffac35a0000 - 0x00007ffac35b6000 	C:\Program Files\Android\Android Studio\jre\bin\nio.dll
0x00007ffacdfd0000 - 0x00007ffacdfe0000 	C:\Program Files\Android\Android Studio\jre\bin\verify.dll
0x00007ffa9c710000 - 0x00007ffa9c737000 	C:\Users\hedra\.gradle\native\e1d6ef7f7dcc3fd88c89a11ec53ec762bb8ba0a96d01ffa2cd45eb1d1d8dd5c5\windows-amd64\native-platform.dll
0x00007ffaccfb0000 - 0x00007ffaccfb9000 	C:\Program Files\Android\Android Studio\jre\bin\management.dll
0x00007ffacc910000 - 0x00007ffacc91b000 	C:\Program Files\Android\Android Studio\jre\bin\management_ext.dll
0x00007ffae98a0000 - 0x00007ffae98a8000 	C:\Windows\System32\PSAPI.DLL
0x00007ffae6e20000 - 0x00007ffae6e38000 	C:\Windows\SYSTEM32\CRYPTSP.dll
0x00007ffae6530000 - 0x00007ffae6564000 	C:\Windows\system32\rsaenh.dll
0x00007ffae7550000 - 0x00007ffae7577000 	C:\Windows\System32\bcrypt.dll
0x00007ffae7440000 - 0x00007ffae746e000 	C:\Windows\SYSTEM32\USERENV.dll
0x00007ffae6e10000 - 0x00007ffae6e1c000 	C:\Windows\SYSTEM32\CRYPTBASE.dll
0x00007ffae6910000 - 0x00007ffae694b000 	C:\Windows\SYSTEM32\IPHLPAPI.DLL
0x00007ffae9be0000 - 0x00007ffae9be8000 	C:\Windows\System32\NSI.dll
0x00007ffaddd80000 - 0x00007ffaddd97000 	C:\Windows\SYSTEM32\dhcpcsvc6.DLL
0x00007ffaddd00000 - 0x00007ffaddd1d000 	C:\Windows\SYSTEM32\dhcpcsvc.DLL
0x00007ffae6950000 - 0x00007ffae6a1a000 	C:\Windows\SYSTEM32\DNSAPI.dll

dbghelp: loaded successfully - version: 4.0.5 - missing functions: none
symbol engine: initialized successfully - sym options: 0x614 - pdb path: .;C:\Program Files\Android\Android Studio\jre\bin;C:\Windows\SYSTEM32;C:\Windows\WinSxS\amd64_microsoft.windows.common-controls_6595b64144ccf1df_6.0.19041.1110_none_60b5254171f9507e;C:\Program Files\Android\Android Studio\jre\bin\server;C:\Users\hedra\.gradle\native\e1d6ef7f7dcc3fd88c89a11ec53ec762bb8ba0a96d01ffa2cd45eb1d1d8dd5c5\windows-amd64

VM Arguments:
jvm_args: -Dorg.gradle.appname=gradlew 
java_command: org.gradle.wrapper.GradleWrapperMain -q -Ptarget-platform=android-x64 -Ptarget=D:\Naouma Last\lib\main.dart -Pbase-application-name=android.app.Application -Pdart-defines=RkxVVFRFUl9XRUJfQVVUT19ERVRFQ1Q9dHJ1ZQ== -Pdart-obfuscation=false -Ptrack-widget-creation=true -Ptree-shake-icons=false -Pfilesystem-scheme=org-dartlang-root assembleDebug
java_class_path (initial): D:\Naouma Last\android\\gradle\wrapper\gradle-wrapper.jar
Launcher Type: SUN_STANDARD

[Global flags]
     intx CICompilerCount                          = 3                                         {product} {ergonomic}
     uint ConcGCThreads                            = 1                                         {product} {ergonomic}
     uint G1ConcRefinementThreads                  = 4                                         {product} {ergonomic}
   size_t G1HeapRegionSize                         = 2097152                                   {product} {ergonomic}
    uintx GCDrainStackTargetSize                   = 64                                        {product} {ergonomic}
   size_t InitialHeapSize                          = 266338304                                 {product} {ergonomic}
   size_t MarkStackSize                            = 4194304                                   {product} {ergonomic}
   size_t MaxHeapSize                              = 4259315712                                {product} {ergonomic}
   size_t MaxNewSize                               = 2554331136                                {product} {ergonomic}
   size_t MinHeapDeltaBytes                        = 2097152                                   {product} {ergonomic}
   size_t MinHeapSize                              = 8388608                                   {product} {ergonomic}
    uintx NonNMethodCodeHeapSize                   = 5832780                                {pd product} {ergonomic}
    uintx NonProfiledCodeHeapSize                  = 122912730                              {pd product} {ergonomic}
    uintx ProfiledCodeHeapSize                     = 122912730                              {pd product} {ergonomic}
    uintx ReservedCodeCacheSize                    = 251658240                              {pd product} {ergonomic}
     bool SegmentedCodeCache                       = true                                      {product} {ergonomic}
   size_t SoftMaxHeapSize                          = 4259315712                             {manageable} {ergonomic}
     bool UseCompressedClassPointers               = true                           {product lp64_product} {ergonomic}
     bool UseCompressedOops                        = true                           {product lp64_product} {ergonomic}
     bool UseG1GC                                  = true                                      {product} {ergonomic}
     bool UseLargePagesIndividualAllocation        = false                                  {pd product} {ergonomic}

Logging:
Log output configuration:
 #0: stdout all=warning uptime,level,tags
 #1: stderr all=off uptime,level,tags

Environment Variables:
JAVA_HOME=C:\Program Files\Android\Android Studio\jre
CLASSPATH=D:\Naouma Last\android\\gradle\wrapper\gradle-wrapper.jar
PATH=C:\Program Files\Common Files\Oracle\Java\javapath;C:\Windows\system32;C:\Windows;C:\Windows\System32\Wbem;C:\Windows\System32\WindowsPowerShell\v1.0\;C:\Windows\System32\OpenSSH\;C:\Program Files\dotnet\;C:\Program Files (x86)\Intel\Intel(R) Management Engine Components\DAL;C:\Program Files\Intel\Intel(R) Management Engine Components\DAL;C:\Program Files\Git\cmd;D:\nauma\flutter-3.0\bin;C:\Program Files\Git\cmd;C:\Program Files\nodejs\;C:\ProgramData\chocolatey;C:\Program Files\PuTTY\;C:\Users\hedra\AppData\Local\Microsoft\WindowsApps;C:\Program Files\Git;C:\flutter;C:\Users\hedra\AppData\Roaming\npm;C:\Users\hedra\AppData\Local\Programs\Microsoft VS Code\bin;C:\Users\hedra\AppData\Local\GitHubDesktop\bin;C:\Users\hedra\AppData\Local\Google\Cloud SDK\google-cloud-sdk\bin;C:\flutter\bin\mingit\cmd
USERNAME=hedra
OS=Windows_NT
PROCESSOR_IDENTIFIER=Intel64 Family 6 Model 142 Stepping 9, GenuineIntel
TMP=C:\Users\hedra\AppData\Local\Temp
TEMP=C:\Users\hedra\AppData\Local\Temp


JNI global refs:
JNI global refs: 17, weak refs: 0

JNI global refs memory usage: 843, weak refs: 841


---------------  S Y S T E M  ---------------

OS:
 Windows 10 , 64 bit Build 19041 (10.0.19041.3393)
OS uptime: 4 days 13:56 hours

CPU: total 4 (initial active 4) (2 cores per cpu, 2 threads per core) family 6 model 142 stepping 9 microcode 0xf4, cx8, cmov, fxsr, ht, mmx, 3dnowpref, sse, sse2, sse3, ssse3, sse4.1, sse4.2, popcnt, lzcnt, tsc, tscinvbit, avx, avx2, aes, erms, clmul, bmi1, bmi2, rtm, adx, fma, vzeroupper, clflush, clflushopt

Memory: 4k page, system-wide physical 16242M (3340M free)
TotalPageFile size 17266M (AvailPageFile size 0M)
current process WorkingSet (physical memory assigned to process): 85M, peak: 85M
current process commit charge ("private bytes"): 352M, peak: 352M

vm_info: OpenJDK 64-Bit Server VM (17.0.6+0-b2043.56-10027231) for windows-amd64 JRE (17.0.6+0-b2043.56-10027231), built on Apr 28 2023 00:43:19 by "androidbuild" with MS VC++ 16.10 / 16.11 (VS2019)

END.
