#
# There is insufficient memory for the Java Runtime Environment to continue.
# Native memory allocation (mmap) failed to map 266338304 bytes for G1 virtual space
# Possible reasons:
#   The system is out of physical RAM or swap space
#   The process is running with CompressedOops enabled, and the Java Heap may be blocking the growth of the native heap
# Possible solutions:
#   Reduce memory load on the system
#   Increase physical memory or swap space
#   Check if swap backing store is full
#   Decrease Java heap size (-Xmx/-Xms)
#   Decrease number of Java threads
#   Decrease Java thread stack sizes (-Xss)
#   Set larger code cache with -XX:ReservedCodeCacheSize=
#   JVM is running with Zero Based Compressed Oops mode in which the Java heap is
#     placed in the first 32GB address space. The Java Heap base address is the
#     maximum limit for the native heap growth. Please use -XX:HeapBaseMinAddress
#     to set the Java Heap base and to place the Java Heap above 32GB virtual address.
# This output file may be truncated or incomplete.
#
#  Out of Memory Error (os_windows.cpp:3550), pid=15120, tid=5184
#
# JRE version:  (17.0.8+9) (build )
# Java VM: Java HotSpot(TM) 64-Bit Server VM (17.0.8+9-LTS-211, mixed mode, sharing, tiered, compressed oops, compressed class ptrs, g1 gc, windows-amd64)
# No core dump will be written. Minidumps are not enabled by default on client versions of Windows
#

---------------  S U M M A R Y ------------

Command Line: 

Host: Intel(R) Core(TM) i5-7300U CPU @ 2.60GHz, 4 cores, 15G,  Windows 10 , 64 bit Build 19041 (10.0.19041.3393)
Time: Sun Sep 24 18:47:08 2023 Egypt Daylight Time elapsed time: 0.022188 seconds (0d 0h 0m 0s)

---------------  T H R E A D  ---------------

Current thread (0x000002303fce01c0):  JavaThread "Unknown thread" [_thread_in_vm, id=5184, stack(0x000000e447f00000,0x000000e448000000)]

Stack: [0x000000e447f00000,0x000000e448000000]
Native frames: (J=compiled Java code, j=interpreted, Vv=VM code, C=native code)
V  [jvm.dll+0x677d0a]
V  [jvm.dll+0x7d8c54]
V  [jvm.dll+0x7da3fe]
V  [jvm.dll+0x7daa63]
V  [jvm.dll+0x245c5f]
V  [jvm.dll+0x674bb9]
V  [jvm.dll+0x6694f2]
V  [jvm.dll+0x3031d6]
V  [jvm.dll+0x30a756]
V  [jvm.dll+0x359f9e]
V  [jvm.dll+0x35a1cf]
V  [jvm.dll+0x2da3e8]
V  [jvm.dll+0x2db354]
V  [jvm.dll+0x7aa711]
V  [jvm.dll+0x367b51]
V  [jvm.dll+0x789979]
V  [jvm.dll+0x3eb05f]
V  [jvm.dll+0x3ecae1]
C  [jli.dll+0x5297]
C  [ucrtbase.dll+0x21bb2]
C  [KERNEL32.DLL+0x17344]
C  [ntdll.dll+0x526b1]


---------------  P R O C E S S  ---------------

Threads class SMR info:
_java_thread_list=0x00007fffaf0459d8, length=0, elements={
}

Java Threads: ( => current thread )

Other Threads:
  0x000002303fd48810 GCTaskThread "GC Thread#0" [stack: 0x000000e448000000,0x000000e448100000] [id=15344]
  0x000002303fd59520 ConcurrentGCThread "G1 Main Marker" [stack: 0x000000e448100000,0x000000e448200000] [id=14928]
  0x000002303fd5a6d0 ConcurrentGCThread "G1 Conc#0" [stack: 0x000000e448200000,0x000000e448300000] [id=14792]

[error occurred during error reporting (printing all threads), id 0xc0000005, EXCEPTION_ACCESS_VIOLATION (0xc0000005) at pc=0x00007fffae87b047]

VM state: not at safepoint (not fully initialized)

VM Mutex/Monitor currently owned by a thread:  ([mutex/lock_event])
[0x000002303fcdaf90] Heap_lock - owner thread: 0x000002303fce01c0

Heap address: 0x0000000702200000, size: 4062 MB, Compressed Oops mode: Zero based, Oop shift amount: 3

CDS archive(s) mapped at: [0x0000000000000000-0x0000000000000000-0x0000000000000000), size 0, SharedBaseAddress: 0x0000000800000000, ArchiveRelocationMode: 1.
Narrow klass base: 0x0000000000000000, Narrow klass shift: 0, Narrow klass range: 0x0

GC Precious Log:
<Empty>

Heap:
 garbage-first heap   total 0K, used 0K [0x0000000702200000, 0x0000000800000000)
  region size 2048K, 0 young (0K), 0 survivors (0K)

[error occurred during error reporting (printing heap information), id 0xc0000005, EXCEPTION_ACCESS_VIOLATION (0xc0000005) at pc=0x00007fffaec61499]

GC Heap History (0 events):
No events

Deoptimization events (0 events):
No events

Classes unloaded (0 events):
No events

Classes redefined (0 events):
No events

Internal exceptions (0 events):
No events

VM Operations (0 events):
No events

Events (1 events):
Event: 0.008 Loaded shared library C:\Program Files\Java\jdk-17\bin\java.dll


Dynamic libraries:
0x00007ff725600000 - 0x00007ff725610000 	C:\Program Files\Java\jdk-17\bin\java.exe
0x00007ff82df50000 - 0x00007ff82e148000 	C:\Windows\SYSTEM32\ntdll.dll
0x00007ff82c030000 - 0x00007ff82c0ed000 	C:\Windows\System32\KERNEL32.DLL
0x00007ff82b850000 - 0x00007ff82bb46000 	C:\Windows\System32\KERNELBASE.dll
0x00007ff82bb50000 - 0x00007ff82bc50000 	C:\Windows\System32\ucrtbase.dll
0x00007ff823b80000 - 0x00007ff823b9b000 	C:\Program Files\Java\jdk-17\bin\VCRUNTIME140.dll
0x00007ff823b10000 - 0x00007ff823b29000 	C:\Program Files\Java\jdk-17\bin\jli.dll
0x00007ff82c700000 - 0x00007ff82c7ae000 	C:\Windows\System32\ADVAPI32.dll
0x00007ff82d9e0000 - 0x00007ff82da7e000 	C:\Windows\System32\msvcrt.dll
0x00007ff82dab0000 - 0x00007ff82db4c000 	C:\Windows\System32\sechost.dll
0x00007ff82c8e0000 - 0x00007ff82ca06000 	C:\Windows\System32\RPCRT4.dll
0x00007ff82d790000 - 0x00007ff82d92e000 	C:\Windows\System32\USER32.dll
0x00007ff816ea0000 - 0x00007ff81713a000 	C:\Windows\WinSxS\amd64_microsoft.windows.common-controls_6595b64144ccf1df_6.0.19041.1110_none_60b5254171f9507e\COMCTL32.dll
0x00007ff82b6f0000 - 0x00007ff82b712000 	C:\Windows\System32\win32u.dll
0x00007ff82da80000 - 0x00007ff82daac000 	C:\Windows\System32\GDI32.dll
0x00007ff82bc50000 - 0x00007ff82bd6a000 	C:\Windows\System32\gdi32full.dll
0x00007ff82b720000 - 0x00007ff82b7bd000 	C:\Windows\System32\msvcp_win.dll
0x00007ff820c70000 - 0x00007ff820c7a000 	C:\Windows\SYSTEM32\VERSION.dll
0x00007ff82c6d0000 - 0x00007ff82c700000 	C:\Windows\System32\IMM32.DLL
0x00007ff823c30000 - 0x00007ff823c3c000 	C:\Program Files\Java\jdk-17\bin\vcruntime140_1.dll
0x00007ff8076e0000 - 0x00007ff80776e000 	C:\Program Files\Java\jdk-17\bin\msvcp140.dll
0x00007fffae590000 - 0x00007fffaf16e000 	C:\Program Files\Java\jdk-17\bin\server\jvm.dll
0x00007ff82d600000 - 0x00007ff82d608000 	C:\Windows\System32\PSAPI.DLL
0x00007ff80bd30000 - 0x00007ff80bd39000 	C:\Windows\SYSTEM32\WSOCK32.dll
0x00007ff82ca10000 - 0x00007ff82ca7b000 	C:\Windows\System32\WS2_32.dll
0x00007ff816ca0000 - 0x00007ff816cc7000 	C:\Windows\SYSTEM32\WINMM.dll
0x00007ff829ea0000 - 0x00007ff829eb2000 	C:\Windows\SYSTEM32\kernel.appcore.dll
0x00007ff823b60000 - 0x00007ff823b6a000 	C:\Program Files\Java\jdk-17\bin\jimage.dll
0x00007ff826220000 - 0x00007ff826404000 	C:\Windows\SYSTEM32\DBGHELP.DLL
0x00007ff8181f0000 - 0x00007ff818224000 	C:\Windows\SYSTEM32\dbgcore.DLL
0x00007ff82b7c0000 - 0x00007ff82b842000 	C:\Windows\System32\bcryptPrimitives.dll
0x00007ff8190e0000 - 0x00007ff819105000 	C:\Program Files\Java\jdk-17\bin\java.dll

dbghelp: loaded successfully - version: 4.0.5 - missing functions: none
symbol engine: initialized successfully - sym options: 0x614 - pdb path: .;C:\Program Files\Java\jdk-17\bin;C:\Windows\SYSTEM32;C:\Windows\WinSxS\amd64_microsoft.windows.common-controls_6595b64144ccf1df_6.0.19041.1110_none_60b5254171f9507e;C:\Program Files\Java\jdk-17\bin\server

VM Arguments:
java_command: <unknown>
java_class_path (initial): <not set>
Launcher Type: SUN_STANDARD

[Global flags]
     intx CICompilerCount                          = 3                                         {product} {ergonomic}
     uint ConcGCThreads                            = 1                                         {product} {ergonomic}
     uint G1ConcRefinementThreads                  = 4                                         {product} {ergonomic}
   size_t G1HeapRegionSize                         = 2097152                                   {product} {ergonomic}
    uintx GCDrainStackTargetSize                   = 64                                        {product} {ergonomic}
   size_t InitialHeapSize                          = 266338304                                 {product} {ergonomic}
   size_t MarkStackSize                            = 4194304                                   {product} {ergonomic}
   size_t MaxHeapSize                              = 4259315712                                {product} {ergonomic}
   size_t MinHeapDeltaBytes                        = 2097152                                   {product} {ergonomic}
   size_t MinHeapSize                              = 8388608                                   {product} {ergonomic}
    uintx NonNMethodCodeHeapSize                   = 5832780                                {pd product} {ergonomic}
    uintx NonProfiledCodeHeapSize                  = 122912730                              {pd product} {ergonomic}
    uintx ProfiledCodeHeapSize                     = 122912730                              {pd product} {ergonomic}
    uintx ReservedCodeCacheSize                    = 251658240                              {pd product} {ergonomic}
     bool SegmentedCodeCache                       = true                                      {product} {ergonomic}
   size_t SoftMaxHeapSize                          = 4259315712                             {manageable} {ergonomic}
     bool UseCompressedClassPointers               = true                           {product lp64_product} {ergonomic}
     bool UseCompressedOops                        = true                           {product lp64_product} {ergonomic}
     bool UseG1GC                                  = true                                      {product} {ergonomic}
     bool UseLargePagesIndividualAllocation        = false                                  {pd product} {ergonomic}

Logging:
Log output configuration:
 #0: stdout all=warning uptime,level,tags
 #1: stderr all=off uptime,level,tags

Environment Variables:
PATH=C:\Program Files\Common Files\Oracle\Java\javapath;C:\Windows\system32;C:\Windows;C:\Windows\System32\Wbem;C:\Windows\System32\WindowsPowerShell\v1.0\;C:\Windows\System32\OpenSSH\;C:\Program Files\dotnet\;C:\Program Files (x86)\Intel\Intel(R) Management Engine Components\DAL;C:\Program Files\Intel\Intel(R) Management Engine Components\DAL;C:\Program Files\Git\cmd;D:\nauma\flutter-3.0\bin;C:\Program Files\Git\cmd;C:\Program Files\nodejs\;C:\ProgramData\chocolatey;C:\Program Files\PuTTY\;C:\Users\hedra\AppData\Local\Microsoft\WindowsApps;C:\Program Files\Git;C:\flutter;C:\Users\hedra\AppData\Roaming\npm;C:\Users\hedra\AppData\Local\Programs\Microsoft VS Code\bin;C:\Users\hedra\AppData\Local\GitHubDesktop\bin;C:\Users\hedra\AppData\Local\Google\Cloud SDK\google-cloud-sdk\bin;C:\flutter\bin\mingit\cmd
USERNAME=hedra
OS=Windows_NT
PROCESSOR_IDENTIFIER=Intel64 Family 6 Model 142 Stepping 9, GenuineIntel



---------------  S Y S T E M  ---------------

OS:
 Windows 10 , 64 bit Build 19041 (10.0.19041.3393)
OS uptime: 0 days 11:57 hours

CPU: total 4 (initial active 4) (2 cores per cpu, 2 threads per core) family 6 model 142 stepping 9 microcode 0xf4, cx8, cmov, fxsr, ht, mmx, 3dnowpref, sse, sse2, sse3, ssse3, sse4.1, sse4.2, popcnt, lzcnt, tsc, tscinvbit, avx, avx2, aes, erms, clmul, bmi1, bmi2, rtm, adx, fma, vzeroupper, clflush, clflushopt

Memory: 4k page, system-wide physical 16242M (5068M free)
TotalPageFile size 17266M (AvailPageFile size 69M)
current process WorkingSet (physical memory assigned to process): 10M, peak: 10M
current process commit charge ("private bytes"): 51M, peak: 305M

vm_info: Java HotSpot(TM) 64-Bit Server VM (17.0.8+9-LTS-211) for windows-amd64 JRE (17.0.8+9-LTS-211), built on Jun 14 2023 10:34:31 by "mach5one" with MS VC++ 17.1 (VS2022)

END.
