#
# There is insufficient memory for the Java Runtime Environment to continue.
# Native memory allocation (malloc) failed to allocate 2774304 bytes for Chunk::new
# Possible reasons:
#   The system is out of physical RAM or swap space
#   The process is running with CompressedOops enabled, and the Java Heap may be blocking the growth of the native heap
# Possible solutions:
#   Reduce memory load on the system
#   Increase physical memory or swap space
#   Check if swap backing store is full
#   Decrease Java heap size (-Xmx/-Xms)
#   Decrease number of Java threads
#   Decrease Java thread stack sizes (-Xss)
#   Set larger code cache with -XX:ReservedCodeCacheSize=
#   JVM is running with Zero Based Compressed Oops mode in which the Java heap is
#     placed in the first 32GB address space. The Java Heap base address is the
#     maximum limit for the native heap growth. Please use -XX:HeapBaseMinAddress
#     to set the Java Heap base and to place the Java Heap above 32GB virtual address.
# This output file may be truncated or incomplete.
#
#  Out of Memory Error (arena.cpp:189), pid=13188, tid=13160
#
# JRE version: OpenJDK Runtime Environment (17.0.6) (build 17.0.6+0-b2043.56-10027231)
# Java VM: OpenJDK 64-Bit Server VM (17.0.6+0-b2043.56-10027231, mixed mode, tiered, compressed oops, compressed class ptrs, g1 gc, windows-amd64)
# No core dump will be written. Minidumps are not enabled by default on client versions of Windows
#

---------------  S U M M A R Y ------------

Command Line: --add-opens=java.base/java.util=ALL-UNNAMED --add-opens=java.base/java.lang=ALL-UNNAMED --add-opens=java.base/java.lang.invoke=ALL-UNNAMED --add-opens=java.base/java.util=ALL-UNNAMED --add-opens=java.prefs/java.util.prefs=ALL-UNNAMED --add-opens=java.prefs/java.util.prefs=ALL-UNNAMED --add-opens=java.base/java.nio.charset=ALL-UNNAMED --add-opens=java.base/java.net=ALL-UNNAMED --add-opens=java.base/java.util.concurrent.atomic=ALL-UNNAMED -Xmx2536M -Dfile.encoding=windows-1252 -Duser.country=US -Duser.language=en -Duser.variant org.gradle.launcher.daemon.bootstrap.GradleDaemon 7.3.3

Host: Intel(R) Core(TM) i5-7300U CPU @ 2.60GHz, 4 cores, 15G,  Windows 10 , 64 bit Build 19041 (10.0.19041.3393)
Time: Thu Sep 28 05:27:51 2023 Egypt Daylight Time elapsed time: 369.574355 seconds (0d 0h 6m 9s)

---------------  T H R E A D  ---------------

Current thread (0x000001a9238d0ec0):  JavaThread "C2 CompilerThread1" daemon [_thread_in_native, id=13160, stack(0x000000170fe00000,0x000000170ff00000)]


Current CompileTask:
C2: 369574 19339       4       org.gradle.api.internal.artifacts.ivyservice.resolveengine.graph.builder.DependencyGraphBuilder::resolveEdges (43 bytes)

Stack: [0x000000170fe00000,0x000000170ff00000]
Native frames: (J=compiled Java code, j=interpreted, Vv=VM code, C=native code)
V  [jvm.dll+0x683c9a]
V  [jvm.dll+0x8427a4]
V  [jvm.dll+0x843f9e]
V  [jvm.dll+0x844603]
V  [jvm.dll+0x249b75]
V  [jvm.dll+0xabcac]
V  [jvm.dll+0xac27c]
V  [jvm.dll+0x368857]
V  [jvm.dll+0x1bd0b8]
V  [jvm.dll+0x21c359]
V  [jvm.dll+0x21b621]
V  [jvm.dll+0x1a4fdd]
V  [jvm.dll+0x22b098]
V  [jvm.dll+0x229159]
V  [jvm.dll+0x7f81ec]
V  [jvm.dll+0x7f274a]
V  [jvm.dll+0x682ad5]
C  [ucrtbase.dll+0x21bb2]
C  [KERNEL32.DLL+0x17344]
C  [ntdll.dll+0x526b1]


---------------  P R O C E S S  ---------------

Threads class SMR info:
_java_thread_list=0x000001a928292dd0, length=81, elements={
0x000001a97eebbfe0, 0x000001a91975c510, 0x000001a91975da30, 0x000001a91a04e6c0,
0x000001a91a0520a0, 0x000001a91a054970, 0x000001a91a067010, 0x000001a91a067c00,
0x000001a91a068ca0, 0x000001a91a07a1d0, 0x000001a91a1f0710, 0x000001a91a1f0ff0,
0x000001a91b7da350, 0x000001a91c93e130, 0x000001a91bbf9e60, 0x000001a91d3913a0,
0x000001a91d390530, 0x000001a91d391870, 0x000001a91d390060, 0x000001a91d3926e0,
0x000001a91d69d4d0, 0x000001a91d699170, 0x000001a91d69d000, 0x000001a91d696620,
0x000001a91d697960, 0x000001a91d69b7f0, 0x000001a91a3f10d0, 0x000001a92719e1a0,
0x000001a92719c990, 0x000001a92719e670, 0x000001a92719acb0, 0x000001a92719d330,
0x000001a92719b180, 0x000001a92719b650, 0x000001a92719bff0, 0x000001a9271a1690,
0x000001a92719ce60, 0x000001a92719f4e0, 0x000001a92719fe80, 0x000001a9271a0350,
0x000001a9238d0ec0, 0x000001a9271a0820, 0x000001a91d69d9a0, 0x000001a91d697490,
0x000001a91d69a4b0, 0x000001a91d69c190, 0x000001a91d696150, 0x000001a91d699640,
0x000001a91d696fc0, 0x000001a91d697e30, 0x000001a91d698300, 0x000001a91d699b10,
0x000001a91d69ae50, 0x000001a91d69b320, 0x000001a91d69bcc0, 0x000001a91d69c660,
0x000001a91d69cb30, 0x000001a91a3eea50, 0x000001a91a3ef3f0, 0x000001a91a3ee0b0,
0x000001a91a3efd90, 0x000001a91a3ec3d0, 0x000001a91a3f0730, 0x000001a91a3f3c20,
0x000001a91a3ec8a0, 0x000001a91a3ecd70, 0x000001a91d392bb0, 0x000001a91d393080,
0x000001a91d391d40, 0x000001a91d393550, 0x000001a91d390a00, 0x000001a91d390ed0,
0x000001a91d393a20, 0x000001a91d155d40, 0x000001a91d159700, 0x000001a91d158d60,
0x000001a91d15a570, 0x000001a91d159230, 0x000001a91d15aa40, 0x000001a91d154ed0,
0x000001a91d157a20
}

Java Threads: ( => current thread )
  0x000001a97eebbfe0 JavaThread "main" [_thread_blocked, id=3300, stack(0x000000170cc00000,0x000000170cd00000)]
  0x000001a91975c510 JavaThread "Reference Handler" daemon [_thread_blocked, id=5072, stack(0x000000170d300000,0x000000170d400000)]
  0x000001a91975da30 JavaThread "Finalizer" daemon [_thread_blocked, id=3524, stack(0x000000170d400000,0x000000170d500000)]
  0x000001a91a04e6c0 JavaThread "Signal Dispatcher" daemon [_thread_blocked, id=3136, stack(0x000000170d500000,0x000000170d600000)]
  0x000001a91a0520a0 JavaThread "Attach Listener" daemon [_thread_blocked, id=6896, stack(0x000000170d600000,0x000000170d700000)]
  0x000001a91a054970 JavaThread "Service Thread" daemon [_thread_blocked, id=12556, stack(0x000000170d700000,0x000000170d800000)]
  0x000001a91a067010 JavaThread "Monitor Deflation Thread" daemon [_thread_blocked, id=10676, stack(0x000000170d800000,0x000000170d900000)]
  0x000001a91a067c00 JavaThread "C2 CompilerThread0" daemon [_thread_in_native, id=9896, stack(0x000000170d900000,0x000000170da00000)]
  0x000001a91a068ca0 JavaThread "C1 CompilerThread0" daemon [_thread_blocked, id=12604, stack(0x000000170da00000,0x000000170db00000)]
  0x000001a91a07a1d0 JavaThread "Sweeper thread" daemon [_thread_blocked, id=12380, stack(0x000000170db00000,0x000000170dc00000)]
  0x000001a91a1f0710 JavaThread "Common-Cleaner" daemon [_thread_blocked, id=7656, stack(0x000000170dc00000,0x000000170dd00000)]
  0x000001a91a1f0ff0 JavaThread "Notification Thread" daemon [_thread_blocked, id=6652, stack(0x000000170dd00000,0x000000170de00000)]
  0x000001a91b7da350 JavaThread "Daemon health stats" [_thread_blocked, id=6304, stack(0x000000170e300000,0x000000170e400000)]
  0x000001a91c93e130 JavaThread "Incoming local TCP Connector on port 51958" [_thread_in_native, id=6688, stack(0x000000170df00000,0x000000170e000000)]
  0x000001a91bbf9e60 JavaThread "Daemon periodic checks" [_thread_blocked, id=420, stack(0x000000170e400000,0x000000170e500000)]
  0x000001a91d3913a0 JavaThread "Cache worker for journal cache (C:\Users\hedra\.gradle\caches\journal-1)" [_thread_blocked, id=12976, stack(0x000000170ec00000,0x000000170ed00000)]
  0x000001a91d390530 JavaThread "File lock request listener" [_thread_in_native, id=2352, stack(0x000000170ed00000,0x000000170ee00000)]
  0x000001a91d391870 JavaThread "Cache worker for file hash cache (C:\Users\hedra\.gradle\caches\7.3.3\fileHashes)" [_thread_blocked, id=6180, stack(0x000000170ee00000,0x000000170ef00000)]
  0x000001a91d390060 JavaThread "File watcher server" daemon [_thread_in_native, id=9380, stack(0x000000170f300000,0x000000170f400000)]
  0x000001a91d3926e0 JavaThread "File watcher consumer" daemon [_thread_blocked, id=3748, stack(0x000000170f400000,0x000000170f500000)]
  0x000001a91d69d4d0 JavaThread "Cache worker for execution history cache (C:\Users\hedra\.gradle\caches\7.3.3\executionHistory)" [_thread_blocked, id=2380, stack(0x000000170f700000,0x000000170f800000)]
  0x000001a91d699170 JavaThread "jar transforms" [_thread_blocked, id=12936, stack(0x000000170f900000,0x000000170fa00000)]
  0x000001a91d69d000 JavaThread "jar transforms Thread 2" [_thread_blocked, id=6764, stack(0x000000170fa00000,0x000000170fb00000)]
  0x000001a91d696620 JavaThread "Cache worker for file content cache (C:\Users\hedra\.gradle\caches\7.3.3\fileContent)" [_thread_blocked, id=9592, stack(0x000000170fb00000,0x000000170fc00000)]
  0x000001a91d697960 JavaThread "jar transforms Thread 3" [_thread_blocked, id=8856, stack(0x000000170fc00000,0x000000170fd00000)]
  0x000001a91d69b7f0 JavaThread "jar transforms Thread 4" [_thread_blocked, id=13284, stack(0x000000170fd00000,0x000000170fe00000)]
  0x000001a91a3f10d0 JavaThread "Memory manager" [_thread_blocked, id=3100, stack(0x0000001712800000,0x0000001712900000)]
  0x000001a92719e1a0 JavaThread "Daemon Thread 2" [_thread_blocked, id=7816, stack(0x000000170cb00000,0x000000170cc00000)]
  0x000001a92719c990 JavaThread "Handler for socket connection from /127.0.0.1:51958 to /127.0.0.1:52309" [_thread_in_native, id=13200, stack(0x000000170e500000,0x000000170e600000)]
  0x000001a92719e670 JavaThread "Cancel handler" [_thread_blocked, id=10608, stack(0x000000170e600000,0x000000170e700000)]
  0x000001a92719acb0 JavaThread "Daemon worker Thread 2" [_thread_in_vm, id=8592, stack(0x000000170e700000,0x000000170e800000)]
  0x000001a92719d330 JavaThread "Asynchronous log dispatcher for DefaultDaemonConnection: socket connection from /127.0.0.1:51958 to /127.0.0.1:52309" [_thread_blocked, id=9792, stack(0x000000170e800000,0x000000170e900000)]
  0x000001a92719b180 JavaThread "Stdin handler" [_thread_blocked, id=108, stack(0x000000170e900000,0x000000170ea00000)]
  0x000001a92719b650 JavaThread "Daemon client event forwarder" [_thread_blocked, id=6648, stack(0x000000170ea00000,0x000000170eb00000)]
  0x000001a92719bff0 JavaThread "Cache worker for file hash cache (D:\Naouma Last\android\.gradle\7.3.3\fileHashes)" [_thread_blocked, id=12824, stack(0x000000170eb00000,0x000000170ec00000)]
  0x000001a9271a1690 JavaThread "Cache worker for checksums cache (D:\Naouma Last\android\.gradle\7.3.3\checksums)" [_thread_blocked, id=12452, stack(0x000000170ef00000,0x000000170f000000)]
  0x000001a92719ce60 JavaThread "Cache worker for cache directory md-supplier (C:\Users\hedra\.gradle\caches\7.3.3\md-supplier)" [_thread_blocked, id=2688, stack(0x000000170f000000,0x000000170f100000)]
  0x000001a92719f4e0 JavaThread "Cache worker for cache directory md-rule (C:\Users\hedra\.gradle\caches\7.3.3\md-rule)" [_thread_blocked, id=4468, stack(0x000000170f500000,0x000000170f600000)]
  0x000001a92719fe80 JavaThread "Cache worker for dependencies-accessors (D:\Naouma Last\android\.gradle\7.3.3\dependencies-accessors)" [_thread_blocked, id=6488, stack(0x000000170f600000,0x000000170f700000)]
  0x000001a9271a0350 JavaThread "Cache worker for Build Output Cleanup Cache (D:\Naouma Last\android\.gradle\buildOutputCleanup)" [_thread_blocked, id=2924, stack(0x000000170f800000,0x000000170f900000)]
=>0x000001a9238d0ec0 JavaThread "C2 CompilerThread1" daemon [_thread_in_native, id=13160, stack(0x000000170fe00000,0x000000170ff00000)]
  0x000001a9271a0820 JavaThread "Unconstrained build operations" [_thread_blocked, id=1796, stack(0x000000170ff00000,0x0000001710000000)]
  0x000001a91d69d9a0 JavaThread "Unconstrained build operations Thread 2" [_thread_blocked, id=10620, stack(0x0000001710000000,0x0000001710100000)]
  0x000001a91d697490 JavaThread "Unconstrained build operations Thread 3" [_thread_blocked, id=12184, stack(0x0000001710100000,0x0000001710200000)]
  0x000001a91d69a4b0 JavaThread "Unconstrained build operations Thread 4" [_thread_blocked, id=1400, stack(0x0000001710200000,0x0000001710300000)]
  0x000001a91d69c190 JavaThread "Unconstrained build operations Thread 5" [_thread_blocked, id=4736, stack(0x0000001710300000,0x0000001710400000)]
  0x000001a91d696150 JavaThread "Unconstrained build operations Thread 6" [_thread_blocked, id=13068, stack(0x0000001710400000,0x0000001710500000)]
  0x000001a91d699640 JavaThread "Unconstrained build operations Thread 7" [_thread_blocked, id=6616, stack(0x0000001710500000,0x0000001710600000)]
  0x000001a91d696fc0 JavaThread "Unconstrained build operations Thread 8" [_thread_blocked, id=3804, stack(0x0000001710600000,0x0000001710700000)]
  0x000001a91d697e30 JavaThread "Unconstrained build operations Thread 9" [_thread_blocked, id=10244, stack(0x0000001710700000,0x0000001710800000)]
  0x000001a91d698300 JavaThread "Unconstrained build operations Thread 10" [_thread_blocked, id=6372, stack(0x0000001710800000,0x0000001710900000)]
  0x000001a91d699b10 JavaThread "Unconstrained build operations Thread 11" [_thread_blocked, id=4432, stack(0x0000001710900000,0x0000001710a00000)]
  0x000001a91d69ae50 JavaThread "Unconstrained build operations Thread 12" [_thread_blocked, id=11172, stack(0x0000001710a00000,0x0000001710b00000)]
  0x000001a91d69b320 JavaThread "Unconstrained build operations Thread 13" [_thread_blocked, id=10736, stack(0x0000001710b00000,0x0000001710c00000)]
  0x000001a91d69bcc0 JavaThread "Unconstrained build operations Thread 14" [_thread_blocked, id=1000, stack(0x0000001710c00000,0x0000001710d00000)]
  0x000001a91d69c660 JavaThread "Unconstrained build operations Thread 15" [_thread_blocked, id=7028, stack(0x0000001710d00000,0x0000001710e00000)]
  0x000001a91d69cb30 JavaThread "Unconstrained build operations Thread 16" [_thread_blocked, id=1352, stack(0x0000001710e00000,0x0000001710f00000)]
  0x000001a91a3eea50 JavaThread "Unconstrained build operations Thread 17" [_thread_blocked, id=10908, stack(0x0000001710f00000,0x0000001711000000)]
  0x000001a91a3ef3f0 JavaThread "Unconstrained build operations Thread 18" [_thread_blocked, id=11720, stack(0x0000001711000000,0x0000001711100000)]
  0x000001a91a3ee0b0 JavaThread "Unconstrained build operations Thread 19" [_thread_blocked, id=256, stack(0x0000001711100000,0x0000001711200000)]
  0x000001a91a3efd90 JavaThread "Unconstrained build operations Thread 20" [_thread_blocked, id=3164, stack(0x0000001711200000,0x0000001711300000)]
  0x000001a91a3ec3d0 JavaThread "Unconstrained build operations Thread 21" [_thread_blocked, id=1272, stack(0x0000001711300000,0x0000001711400000)]
  0x000001a91a3f0730 JavaThread "Unconstrained build operations Thread 22" [_thread_blocked, id=11168, stack(0x0000001711400000,0x0000001711500000)]
  0x000001a91a3f3c20 JavaThread "Unconstrained build operations Thread 23" [_thread_blocked, id=8732, stack(0x0000001711500000,0x0000001711600000)]
  0x000001a91a3ec8a0 JavaThread "Unconstrained build operations Thread 24" [_thread_blocked, id=2608, stack(0x0000001711600000,0x0000001711700000)]
  0x000001a91a3ecd70 JavaThread "Unconstrained build operations Thread 25" [_thread_blocked, id=1876, stack(0x0000001711700000,0x0000001711800000)]
  0x000001a91d392bb0 JavaThread "Unconstrained build operations Thread 26" [_thread_blocked, id=4372, stack(0x0000001711800000,0x0000001711900000)]
  0x000001a91d393080 JavaThread "Unconstrained build operations Thread 27" [_thread_blocked, id=9408, stack(0x0000001711900000,0x0000001711a00000)]
  0x000001a91d391d40 JavaThread "Unconstrained build operations Thread 28" [_thread_blocked, id=9280, stack(0x0000001711a00000,0x0000001711b00000)]
  0x000001a91d393550 JavaThread "Unconstrained build operations Thread 29" [_thread_blocked, id=6156, stack(0x0000001711b00000,0x0000001711c00000)]
  0x000001a91d390a00 JavaThread "Unconstrained build operations Thread 30" [_thread_blocked, id=6864, stack(0x0000001711c00000,0x0000001711d00000)]
  0x000001a91d390ed0 JavaThread "Unconstrained build operations Thread 31" [_thread_blocked, id=12984, stack(0x0000001711d00000,0x0000001711e00000)]
  0x000001a91d393a20 JavaThread "Unconstrained build operations Thread 32" [_thread_blocked, id=9572, stack(0x0000001711e00000,0x0000001711f00000)]
  0x000001a91d155d40 JavaThread "Unconstrained build operations Thread 33" [_thread_blocked, id=8684, stack(0x0000001711f00000,0x0000001712000000)]
  0x000001a91d159700 JavaThread "Unconstrained build operations Thread 34" [_thread_blocked, id=10328, stack(0x0000001712000000,0x0000001712100000)]
  0x000001a91d158d60 JavaThread "Unconstrained build operations Thread 35" [_thread_blocked, id=12552, stack(0x0000001712100000,0x0000001712200000)]
  0x000001a91d15a570 JavaThread "Unconstrained build operations Thread 36" [_thread_blocked, id=856, stack(0x0000001712200000,0x0000001712300000)]
  0x000001a91d159230 JavaThread "Unconstrained build operations Thread 37" [_thread_blocked, id=1592, stack(0x0000001712300000,0x0000001712400000)]
  0x000001a91d15aa40 JavaThread "Unconstrained build operations Thread 38" [_thread_blocked, id=888, stack(0x0000001712400000,0x0000001712500000)]
  0x000001a91d154ed0 JavaThread "Unconstrained build operations Thread 39" [_thread_blocked, id=5064, stack(0x0000001712500000,0x0000001712600000)]
  0x000001a91d157a20 JavaThread "Unconstrained build operations Thread 40" [_thread_blocked, id=11120, stack(0x0000001712600000,0x0000001712700000)]

Other Threads:
  0x000001a919757070 VMThread "VM Thread" [stack: 0x000000170d200000,0x000000170d300000] [id=2868]
  0x000001a97ef1c8f0 WatcherThread [stack: 0x000000170de00000,0x000000170df00000] [id=12896]
  0x000001a97ef0afd0 GCTaskThread "GC Thread#0" [stack: 0x000000170cd00000,0x000000170ce00000] [id=13096]
  0x000001a91ab277d0 GCTaskThread "GC Thread#1" [stack: 0x000000170e000000,0x000000170e100000] [id=6484]
  0x000001a91a97e760 GCTaskThread "GC Thread#2" [stack: 0x000000170e100000,0x000000170e200000] [id=13204]
  0x000001a91a97ea10 GCTaskThread "GC Thread#3" [stack: 0x000000170e200000,0x000000170e300000] [id=11696]
  0x000001a97ef15ca0 ConcurrentGCThread "G1 Main Marker" [stack: 0x000000170ce00000,0x000000170cf00000] [id=6996]
  0x000001a97ef165c0 ConcurrentGCThread "G1 Conc#0" [stack: 0x000000170cf00000,0x000000170d000000] [id=11644]
  0x000001a97ef7bdc0 ConcurrentGCThread "G1 Refine#0" [stack: 0x000000170d000000,0x000000170d100000] [id=8812]
  0x000001a91caae740 ConcurrentGCThread "G1 Refine#1" [stack: 0x000000170f100000,0x000000170f200000] [id=10536]
  0x000001a91b1210b0 ConcurrentGCThread "G1 Refine#2" [stack: 0x000000170f200000,0x000000170f300000] [id=12052]
  0x000001a97ef7c6f0 ConcurrentGCThread "G1 Service" [stack: 0x000000170d100000,0x000000170d200000] [id=10780]

Threads with active compile tasks:
C2 CompilerThread0   369602 19340   !   4       org.gradle.api.internal.artifacts.ivyservice.resolveengine.graph.builder.NodeState::visitDependencies (192 bytes)
C2 CompilerThread1   369602 19339       4       org.gradle.api.internal.artifacts.ivyservice.resolveengine.graph.builder.DependencyGraphBuilder::resolveEdges (43 bytes)

VM state: not at safepoint (normal execution)

VM Mutex/Monitor currently owned by a thread: None

Heap address: 0x0000000761800000, size: 2536 MB, Compressed Oops mode: Zero based, Oop shift amount: 3

CDS archive(s) not mapped
Compressed class space mapped at: 0x0000000800000000-0x0000000840000000, reserved size: 1073741824
Narrow klass base: 0x0000000800000000, Narrow klass shift: 0, Narrow klass range: 0x40000000

GC Precious Log:
 CPUs: 4 total, 4 available
 Memory: 16242M
 Large Page Support: Disabled
 NUMA Support: Disabled
 Compressed Oops: Enabled (Zero based)
 Heap Region Size: 2M
 Heap Min Capacity: 8M
 Heap Initial Capacity: 254M
 Heap Max Capacity: 2536M
 Pre-touch: Disabled
 Parallel Workers: 4
 Concurrent Workers: 1
 Concurrent Refinement Workers: 4
 Periodic GC: Disabled

Heap:
 garbage-first heap   total 690176K, used 475449K [0x0000000761800000, 0x0000000800000000)
  region size 2048K, 108 young (221184K), 2 survivors (4096K)
 Metaspace       used 105440K, committed 107136K, reserved 1146880K
  class space    used 14178K, committed 14912K, reserved 1048576K

Heap Regions: E=young(eden), S=young(survivor), O=old, HS=humongous(starts), HC=humongous(continues), CS=collection set, F=free, OA=open archive, CA=closed archive, TAMS=top-at-mark-start (previous, next)
|   0|0x0000000761800000, 0x0000000761a00000, 0x0000000761a00000|100%|HS|  |TAMS 0x0000000761a00000, 0x0000000761800000| Complete 
|   1|0x0000000761a00000, 0x0000000761c00000, 0x0000000761c00000|100%|HC|  |TAMS 0x0000000761c00000, 0x0000000761a00000| Complete 
|   2|0x0000000761c00000, 0x0000000761e00000, 0x0000000761e00000|100%| O|  |TAMS 0x0000000761e00000, 0x0000000761c00000| Untracked 
|   3|0x0000000761e00000, 0x0000000762000000, 0x0000000762000000|100%| O|  |TAMS 0x0000000762000000, 0x0000000761e00000| Untracked 
|   4|0x0000000762000000, 0x0000000762200000, 0x0000000762200000|100%| O|  |TAMS 0x0000000762200000, 0x0000000762000000| Untracked 
|   5|0x0000000762200000, 0x0000000762400000, 0x0000000762400000|100%| O|  |TAMS 0x0000000762400000, 0x0000000762200000| Untracked 
|   6|0x0000000762400000, 0x0000000762600000, 0x0000000762600000|100%| O|  |TAMS 0x0000000762600000, 0x0000000762400000| Untracked 
|   7|0x0000000762600000, 0x0000000762800000, 0x0000000762800000|100%| O|  |TAMS 0x0000000762800000, 0x0000000762600000| Untracked 
|   8|0x0000000762800000, 0x0000000762a00000, 0x0000000762a00000|100%| O|  |TAMS 0x0000000762a00000, 0x0000000762800000| Untracked 
|   9|0x0000000762a00000, 0x0000000762c00000, 0x0000000762c00000|100%| O|  |TAMS 0x0000000762c00000, 0x0000000762a00000| Untracked 
|  10|0x0000000762c00000, 0x0000000762e00000, 0x0000000762e00000|100%| O|  |TAMS 0x0000000762e00000, 0x0000000762c00000| Untracked 
|  11|0x0000000762e00000, 0x0000000763000000, 0x0000000763000000|100%| O|  |TAMS 0x0000000763000000, 0x0000000762e00000| Untracked 
|  12|0x0000000763000000, 0x0000000763200000, 0x0000000763200000|100%| O|  |TAMS 0x0000000763200000, 0x0000000763000000| Untracked 
|  13|0x0000000763200000, 0x0000000763400000, 0x0000000763400000|100%| O|  |TAMS 0x0000000763400000, 0x0000000763200000| Untracked 
|  14|0x0000000763400000, 0x0000000763600000, 0x0000000763600000|100%| O|  |TAMS 0x0000000763600000, 0x0000000763400000| Untracked 
|  15|0x0000000763600000, 0x0000000763800000, 0x0000000763800000|100%| O|  |TAMS 0x0000000763800000, 0x0000000763600000| Untracked 
|  16|0x0000000763800000, 0x0000000763a00000, 0x0000000763a00000|100%| O|  |TAMS 0x0000000763a00000, 0x0000000763800000| Untracked 
|  17|0x0000000763a00000, 0x0000000763c00000, 0x0000000763c00000|100%| O|  |TAMS 0x0000000763c00000, 0x0000000763a00000| Untracked 
|  18|0x0000000763c00000, 0x0000000763e00000, 0x0000000763e00000|100%| O|  |TAMS 0x0000000763e00000, 0x0000000763c00000| Untracked 
|  19|0x0000000763e00000, 0x0000000764000000, 0x0000000764000000|100%|HS|  |TAMS 0x0000000764000000, 0x0000000763e00000| Complete 
|  20|0x0000000764000000, 0x0000000764200000, 0x0000000764200000|100%|HC|  |TAMS 0x0000000764200000, 0x0000000764000000| Complete 
|  21|0x0000000764200000, 0x0000000764400000, 0x0000000764400000|100%|HS|  |TAMS 0x0000000764400000, 0x0000000764200000| Complete 
|  22|0x0000000764400000, 0x0000000764600000, 0x0000000764600000|100%| O|  |TAMS 0x0000000764600000, 0x0000000764400000| Untracked 
|  23|0x0000000764600000, 0x0000000764800000, 0x0000000764800000|100%| O|  |TAMS 0x0000000764800000, 0x0000000764600000| Untracked 
|  24|0x0000000764800000, 0x0000000764a00000, 0x0000000764a00000|100%| O|  |TAMS 0x0000000764a00000, 0x0000000764800000| Untracked 
|  25|0x0000000764a00000, 0x0000000764c00000, 0x0000000764c00000|100%| O|  |TAMS 0x0000000764c00000, 0x0000000764a00000| Untracked 
|  26|0x0000000764c00000, 0x0000000764e00000, 0x0000000764e00000|100%| O|  |TAMS 0x0000000764e00000, 0x0000000764c00000| Untracked 
|  27|0x0000000764e00000, 0x0000000765000000, 0x0000000765000000|100%| O|  |TAMS 0x0000000765000000, 0x0000000764e00000| Untracked 
|  28|0x0000000765000000, 0x0000000765200000, 0x0000000765200000|100%| O|  |TAMS 0x0000000765200000, 0x0000000765000000| Untracked 
|  29|0x0000000765200000, 0x0000000765400000, 0x0000000765400000|100%| O|  |TAMS 0x0000000765400000, 0x0000000765200000| Untracked 
|  30|0x0000000765400000, 0x0000000765600000, 0x0000000765600000|100%|HS|  |TAMS 0x0000000765600000, 0x0000000765400000| Complete 
|  31|0x0000000765600000, 0x0000000765800000, 0x0000000765800000|100%| O|  |TAMS 0x0000000765800000, 0x0000000765600000| Untracked 
|  32|0x0000000765800000, 0x0000000765a00000, 0x0000000765a00000|100%| O|  |TAMS 0x0000000765a00000, 0x0000000765800000| Untracked 
|  33|0x0000000765a00000, 0x0000000765c00000, 0x0000000765c00000|100%| O|  |TAMS 0x0000000765c00000, 0x0000000765a00000| Untracked 
|  34|0x0000000765c00000, 0x0000000765e00000, 0x0000000765e00000|100%| O|  |TAMS 0x0000000765e00000, 0x0000000765c00000| Untracked 
|  35|0x0000000765e00000, 0x0000000766000000, 0x0000000766000000|100%| O|  |TAMS 0x0000000766000000, 0x0000000765e00000| Untracked 
|  36|0x0000000766000000, 0x0000000766200000, 0x0000000766200000|100%| O|  |TAMS 0x0000000766200000, 0x0000000766000000| Untracked 
|  37|0x0000000766200000, 0x0000000766400000, 0x0000000766400000|100%|HS|  |TAMS 0x0000000766400000, 0x0000000766200000| Complete 
|  38|0x0000000766400000, 0x0000000766600000, 0x0000000766600000|100%|HC|  |TAMS 0x0000000766600000, 0x0000000766400000| Complete 
|  39|0x0000000766600000, 0x0000000766800000, 0x0000000766800000|100%| O|  |TAMS 0x0000000766800000, 0x0000000766600000| Untracked 
|  40|0x0000000766800000, 0x0000000766a00000, 0x0000000766a00000|100%| O|  |TAMS 0x0000000766a00000, 0x0000000766800000| Untracked 
|  41|0x0000000766a00000, 0x0000000766c00000, 0x0000000766c00000|100%| O|  |TAMS 0x0000000766c00000, 0x0000000766a00000| Untracked 
|  42|0x0000000766c00000, 0x0000000766e00000, 0x0000000766e00000|100%| O|  |TAMS 0x0000000766e00000, 0x0000000766c00000| Untracked 
|  43|0x0000000766e00000, 0x0000000767000000, 0x0000000767000000|100%| O|  |TAMS 0x0000000767000000, 0x0000000766e00000| Untracked 
|  44|0x0000000767000000, 0x0000000767200000, 0x0000000767200000|100%| O|  |TAMS 0x0000000767200000, 0x0000000767000000| Untracked 
|  45|0x0000000767200000, 0x0000000767400000, 0x0000000767400000|100%| O|  |TAMS 0x0000000767400000, 0x0000000767200000| Untracked 
|  46|0x0000000767400000, 0x0000000767600000, 0x0000000767600000|100%| O|  |TAMS 0x0000000767600000, 0x0000000767400000| Untracked 
|  47|0x0000000767600000, 0x0000000767800000, 0x0000000767800000|100%| O|  |TAMS 0x0000000767800000, 0x0000000767600000| Untracked 
|  48|0x0000000767800000, 0x0000000767a00000, 0x0000000767a00000|100%| O|  |TAMS 0x0000000767a00000, 0x0000000767800000| Untracked 
|  49|0x0000000767a00000, 0x0000000767c00000, 0x0000000767c00000|100%| O|  |TAMS 0x0000000767c00000, 0x0000000767a00000| Untracked 
|  50|0x0000000767c00000, 0x0000000767e00000, 0x0000000767e00000|100%| O|  |TAMS 0x0000000767e00000, 0x0000000767c00000| Untracked 
|  51|0x0000000767e00000, 0x0000000768000000, 0x0000000768000000|100%| O|  |TAMS 0x0000000768000000, 0x0000000767e00000| Untracked 
|  52|0x0000000768000000, 0x0000000768200000, 0x0000000768200000|100%| O|  |TAMS 0x0000000768200000, 0x0000000768000000| Untracked 
|  53|0x0000000768200000, 0x0000000768400000, 0x0000000768400000|100%| O|  |TAMS 0x0000000768400000, 0x0000000768200000| Untracked 
|  54|0x0000000768400000, 0x0000000768600000, 0x0000000768600000|100%| O|  |TAMS 0x0000000768600000, 0x0000000768400000| Untracked 
|  55|0x0000000768600000, 0x0000000768800000, 0x0000000768800000|100%| O|  |TAMS 0x0000000768800000, 0x0000000768600000| Untracked 
|  56|0x0000000768800000, 0x0000000768a00000, 0x0000000768a00000|100%| O|  |TAMS 0x0000000768a00000, 0x0000000768800000| Untracked 
|  57|0x0000000768a00000, 0x0000000768c00000, 0x0000000768c00000|100%| O|  |TAMS 0x0000000768c00000, 0x0000000768a00000| Untracked 
|  58|0x0000000768c00000, 0x0000000768e00000, 0x0000000768e00000|100%| O|  |TAMS 0x0000000768e00000, 0x0000000768c00000| Untracked 
|  59|0x0000000768e00000, 0x0000000769000000, 0x0000000769000000|100%| O|  |TAMS 0x0000000769000000, 0x0000000768e00000| Untracked 
|  60|0x0000000769000000, 0x0000000769200000, 0x0000000769200000|100%| O|  |TAMS 0x0000000769200000, 0x0000000769000000| Untracked 
|  61|0x0000000769200000, 0x0000000769400000, 0x0000000769400000|100%| O|  |TAMS 0x0000000769400000, 0x0000000769200000| Untracked 
|  62|0x0000000769400000, 0x0000000769600000, 0x0000000769600000|100%|HS|  |TAMS 0x0000000769600000, 0x0000000769400000| Complete 
|  63|0x0000000769600000, 0x0000000769800000, 0x0000000769800000|100%|HC|  |TAMS 0x0000000769800000, 0x0000000769600000| Complete 
|  64|0x0000000769800000, 0x0000000769a00000, 0x0000000769a00000|100%|HS|  |TAMS 0x0000000769a00000, 0x0000000769800000| Complete 
|  65|0x0000000769a00000, 0x0000000769c00000, 0x0000000769c00000|100%|HC|  |TAMS 0x0000000769c00000, 0x0000000769a00000| Complete 
|  66|0x0000000769c00000, 0x0000000769e00000, 0x0000000769e00000|100%| O|  |TAMS 0x0000000769e00000, 0x0000000769c00000| Untracked 
|  67|0x0000000769e00000, 0x000000076a000000, 0x000000076a000000|100%| O|  |TAMS 0x000000076a000000, 0x0000000769e00000| Untracked 
|  68|0x000000076a000000, 0x000000076a200000, 0x000000076a200000|100%| O|  |TAMS 0x000000076a200000, 0x000000076a000000| Untracked 
|  69|0x000000076a200000, 0x000000076a400000, 0x000000076a400000|100%| O|  |TAMS 0x000000076a400000, 0x000000076a200000| Untracked 
|  70|0x000000076a400000, 0x000000076a600000, 0x000000076a600000|100%| O|  |TAMS 0x000000076a600000, 0x000000076a400000| Untracked 
|  71|0x000000076a600000, 0x000000076a800000, 0x000000076a800000|100%| O|  |TAMS 0x000000076a800000, 0x000000076a600000| Untracked 
|  72|0x000000076a800000, 0x000000076aa00000, 0x000000076aa00000|100%| O|  |TAMS 0x000000076aa00000, 0x000000076a800000| Untracked 
|  73|0x000000076aa00000, 0x000000076ac00000, 0x000000076ac00000|100%| O|  |TAMS 0x000000076ac00000, 0x000000076aa00000| Untracked 
|  74|0x000000076ac00000, 0x000000076ac00000, 0x000000076ae00000|  0%| F|  |TAMS 0x000000076ac00000, 0x000000076ac00000| Untracked 
|  75|0x000000076ae00000, 0x000000076b000000, 0x000000076b000000|100%|HS|  |TAMS 0x000000076b000000, 0x000000076ae00000| Complete 
|  76|0x000000076b000000, 0x000000076b200000, 0x000000076b200000|100%|HC|  |TAMS 0x000000076b200000, 0x000000076b000000| Complete 
|  77|0x000000076b200000, 0x000000076b400000, 0x000000076b400000|100%| O|  |TAMS 0x000000076b400000, 0x000000076b200000| Untracked 
|  78|0x000000076b400000, 0x000000076b600000, 0x000000076b600000|100%| O|  |TAMS 0x000000076b600000, 0x000000076b400000| Untracked 
|  79|0x000000076b600000, 0x000000076b800000, 0x000000076b800000|100%| O|  |TAMS 0x000000076b800000, 0x000000076b600000| Untracked 
|  80|0x000000076b800000, 0x000000076ba00000, 0x000000076ba00000|100%| O|  |TAMS 0x000000076ba00000, 0x000000076b800000| Untracked 
|  81|0x000000076ba00000, 0x000000076bc00000, 0x000000076bc00000|100%| O|  |TAMS 0x000000076bc00000, 0x000000076ba00000| Untracked 
|  82|0x000000076bc00000, 0x000000076be00000, 0x000000076be00000|100%| O|  |TAMS 0x000000076be00000, 0x000000076bc00000| Untracked 
|  83|0x000000076be00000, 0x000000076c000000, 0x000000076c000000|100%| O|  |TAMS 0x000000076c000000, 0x000000076be00000| Untracked 
|  84|0x000000076c000000, 0x000000076c000000, 0x000000076c200000|  0%| F|  |TAMS 0x000000076c000000, 0x000000076c000000| Untracked 
|  85|0x000000076c200000, 0x000000076c400000, 0x000000076c400000|100%| O|  |TAMS 0x000000076c400000, 0x000000076c200000| Untracked 
|  86|0x000000076c400000, 0x000000076c600000, 0x000000076c600000|100%| O|  |TAMS 0x000000076c600000, 0x000000076c400000| Untracked 
|  87|0x000000076c600000, 0x000000076c800000, 0x000000076c800000|100%| O|  |TAMS 0x000000076c800000, 0x000000076c600000| Untracked 
|  88|0x000000076c800000, 0x000000076ca00000, 0x000000076ca00000|100%| O|  |TAMS 0x000000076ca00000, 0x000000076c800000| Untracked 
|  89|0x000000076ca00000, 0x000000076cc00000, 0x000000076cc00000|100%| O|  |TAMS 0x000000076cc00000, 0x000000076ca00000| Untracked 
|  90|0x000000076cc00000, 0x000000076ce00000, 0x000000076ce00000|100%| O|  |TAMS 0x000000076ce00000, 0x000000076cc00000| Untracked 
|  91|0x000000076ce00000, 0x000000076d000000, 0x000000076d000000|100%| O|  |TAMS 0x000000076d000000, 0x000000076ce00000| Untracked 
|  92|0x000000076d000000, 0x000000076d200000, 0x000000076d200000|100%| O|  |TAMS 0x000000076d200000, 0x000000076d000000| Untracked 
|  93|0x000000076d200000, 0x000000076d400000, 0x000000076d400000|100%| O|  |TAMS 0x000000076d400000, 0x000000076d200000| Untracked 
|  94|0x000000076d400000, 0x000000076d600000, 0x000000076d600000|100%| O|  |TAMS 0x000000076d600000, 0x000000076d400000| Untracked 
|  95|0x000000076d600000, 0x000000076d600000, 0x000000076d800000|  0%| F|  |TAMS 0x000000076d600000, 0x000000076d600000| Untracked 
|  96|0x000000076d800000, 0x000000076da00000, 0x000000076da00000|100%| O|  |TAMS 0x000000076da00000, 0x000000076d800000| Untracked 
|  97|0x000000076da00000, 0x000000076dc00000, 0x000000076dc00000|100%| O|  |TAMS 0x000000076dc00000, 0x000000076da00000| Untracked 
|  98|0x000000076dc00000, 0x000000076de00000, 0x000000076de00000|100%| O|  |TAMS 0x000000076de00000, 0x000000076dc00000| Untracked 
|  99|0x000000076de00000, 0x000000076e000000, 0x000000076e000000|100%| O|  |TAMS 0x000000076e000000, 0x000000076de00000| Untracked 
| 100|0x000000076e000000, 0x000000076e200000, 0x000000076e200000|100%| O|  |TAMS 0x000000076e200000, 0x000000076e000000| Untracked 
| 101|0x000000076e200000, 0x000000076e400000, 0x000000076e400000|100%| O|  |TAMS 0x000000076e400000, 0x000000076e200000| Untracked 
| 102|0x000000076e400000, 0x000000076e600000, 0x000000076e600000|100%| O|  |TAMS 0x000000076e600000, 0x000000076e400000| Untracked 
| 103|0x000000076e600000, 0x000000076e800000, 0x000000076e800000|100%| O|  |TAMS 0x000000076e800000, 0x000000076e600000| Untracked 
| 104|0x000000076e800000, 0x000000076ea00000, 0x000000076ea00000|100%| O|  |TAMS 0x000000076ea00000, 0x000000076e800000| Untracked 
| 105|0x000000076ea00000, 0x000000076ec00000, 0x000000076ec00000|100%| O|  |TAMS 0x000000076ec00000, 0x000000076ea00000| Untracked 
| 106|0x000000076ec00000, 0x000000076ee00000, 0x000000076ee00000|100%| O|  |TAMS 0x000000076ee00000, 0x000000076ec00000| Untracked 
| 107|0x000000076ee00000, 0x000000076f000000, 0x000000076f000000|100%| O|  |TAMS 0x000000076f000000, 0x000000076ee00000| Untracked 
| 108|0x000000076f000000, 0x000000076f200000, 0x000000076f200000|100%| O|  |TAMS 0x000000076f200000, 0x000000076f000000| Untracked 
| 109|0x000000076f200000, 0x000000076f400000, 0x000000076f400000|100%| O|  |TAMS 0x000000076f400000, 0x000000076f200000| Untracked 
| 110|0x000000076f400000, 0x000000076f600000, 0x000000076f600000|100%| O|  |TAMS 0x000000076f600000, 0x000000076f400000| Untracked 
| 111|0x000000076f600000, 0x000000076f800000, 0x000000076f800000|100%| O|  |TAMS 0x000000076f800000, 0x000000076f600000| Untracked 
| 112|0x000000076f800000, 0x000000076fa00000, 0x000000076fa00000|100%| O|  |TAMS 0x000000076fa00000, 0x000000076f800000| Untracked 
| 113|0x000000076fa00000, 0x000000076fc00000, 0x000000076fc00000|100%| O|  |TAMS 0x000000076fc00000, 0x000000076fa00000| Untracked 
| 114|0x000000076fc00000, 0x000000076fe00000, 0x000000076fe00000|100%| O|  |TAMS 0x000000076fe00000, 0x000000076fc00000| Untracked 
| 115|0x000000076fe00000, 0x0000000770000000, 0x0000000770000000|100%| O|  |TAMS 0x0000000770000000, 0x000000076fe00000| Untracked 
| 116|0x0000000770000000, 0x0000000770200000, 0x0000000770200000|100%| O|  |TAMS 0x0000000770200000, 0x0000000770000000| Untracked 
| 117|0x0000000770200000, 0x0000000770400000, 0x0000000770400000|100%| O|  |TAMS 0x0000000770400000, 0x0000000770200000| Untracked 
| 118|0x0000000770400000, 0x0000000770600000, 0x0000000770600000|100%| O|  |TAMS 0x0000000770600000, 0x0000000770400000| Untracked 
| 119|0x0000000770600000, 0x0000000770600000, 0x0000000770800000|  0%| F|  |TAMS 0x0000000770600000, 0x0000000770600000| Untracked 
| 120|0x0000000770800000, 0x0000000770a00000, 0x0000000770a00000|100%| O|  |TAMS 0x0000000770800000, 0x0000000770800000| Untracked 
| 121|0x0000000770a00000, 0x0000000770c00000, 0x0000000770c00000|100%| O|  |TAMS 0x0000000770a00000, 0x0000000770a00000| Untracked 
| 122|0x0000000770c00000, 0x0000000770e00000, 0x0000000770e00000|100%| O|  |TAMS 0x0000000770c00000, 0x0000000770c00000| Untracked 
| 123|0x0000000770e00000, 0x0000000771000000, 0x0000000771000000|100%| O|  |TAMS 0x0000000770e00000, 0x0000000770e00000| Untracked 
| 124|0x0000000771000000, 0x00000007711b6600, 0x0000000771200000| 85%| O|  |TAMS 0x0000000771000000, 0x0000000771000000| Untracked 
| 125|0x0000000771200000, 0x0000000771200000, 0x0000000771400000|  0%| F|  |TAMS 0x0000000771200000, 0x0000000771200000| Untracked 
| 126|0x0000000771400000, 0x0000000771400000, 0x0000000771600000|  0%| F|  |TAMS 0x0000000771400000, 0x0000000771400000| Untracked 
| 127|0x0000000771600000, 0x0000000771600000, 0x0000000771800000|  0%| F|  |TAMS 0x0000000771600000, 0x0000000771600000| Untracked 
| 128|0x0000000771800000, 0x0000000771a00000, 0x0000000771a00000|100%| O|  |TAMS 0x0000000771800000, 0x0000000771800000| Untracked 
| 129|0x0000000771a00000, 0x0000000771c00000, 0x0000000771c00000|100%| O|  |TAMS 0x0000000771a00000, 0x0000000771a00000| Untracked 
| 130|0x0000000771c00000, 0x0000000771e00000, 0x0000000771e00000|100%| O|  |TAMS 0x0000000771c00000, 0x0000000771c00000| Untracked 
| 131|0x0000000771e00000, 0x0000000772000000, 0x0000000772000000|100%| O|  |TAMS 0x0000000771e00000, 0x0000000771e00000| Untracked 
| 132|0x0000000772000000, 0x0000000772200000, 0x0000000772200000|100%| O|  |TAMS 0x0000000772000000, 0x0000000772000000| Untracked 
| 133|0x0000000772200000, 0x0000000772400000, 0x0000000772400000|100%| O|  |TAMS 0x0000000772200000, 0x0000000772200000| Untracked 
| 134|0x0000000772400000, 0x0000000772400000, 0x0000000772600000|  0%| F|  |TAMS 0x0000000772400000, 0x0000000772400000| Untracked 
| 135|0x0000000772600000, 0x0000000772600000, 0x0000000772800000|  0%| F|  |TAMS 0x0000000772600000, 0x0000000772600000| Untracked 
| 136|0x0000000772800000, 0x0000000772800000, 0x0000000772a00000|  0%| F|  |TAMS 0x0000000772800000, 0x0000000772800000| Untracked 
| 137|0x0000000772a00000, 0x0000000772a00000, 0x0000000772c00000|  0%| F|  |TAMS 0x0000000772a00000, 0x0000000772a00000| Untracked 
| 138|0x0000000772c00000, 0x0000000772c00000, 0x0000000772e00000|  0%| F|  |TAMS 0x0000000772c00000, 0x0000000772c00000| Untracked 
| 139|0x0000000772e00000, 0x0000000772e00000, 0x0000000773000000|  0%| F|  |TAMS 0x0000000772e00000, 0x0000000772e00000| Untracked 
| 140|0x0000000773000000, 0x0000000773000000, 0x0000000773200000|  0%| F|  |TAMS 0x0000000773000000, 0x0000000773000000| Untracked 
| 141|0x0000000773200000, 0x0000000773200000, 0x0000000773400000|  0%| F|  |TAMS 0x0000000773200000, 0x0000000773200000| Untracked 
| 142|0x0000000773400000, 0x0000000773400000, 0x0000000773600000|  0%| F|  |TAMS 0x0000000773400000, 0x0000000773400000| Untracked 
| 143|0x0000000773600000, 0x0000000773600000, 0x0000000773800000|  0%| F|  |TAMS 0x0000000773600000, 0x0000000773600000| Untracked 
| 144|0x0000000773800000, 0x0000000773800000, 0x0000000773a00000|  0%| F|  |TAMS 0x0000000773800000, 0x0000000773800000| Untracked 
| 145|0x0000000773a00000, 0x0000000773a00000, 0x0000000773c00000|  0%| F|  |TAMS 0x0000000773a00000, 0x0000000773a00000| Untracked 
| 146|0x0000000773c00000, 0x0000000773c00000, 0x0000000773e00000|  0%| F|  |TAMS 0x0000000773c00000, 0x0000000773c00000| Untracked 
| 147|0x0000000773e00000, 0x0000000773e00000, 0x0000000774000000|  0%| F|  |TAMS 0x0000000773e00000, 0x0000000773e00000| Untracked 
| 148|0x0000000774000000, 0x0000000774000000, 0x0000000774200000|  0%| F|  |TAMS 0x0000000774000000, 0x0000000774000000| Untracked 
| 149|0x0000000774200000, 0x0000000774200000, 0x0000000774400000|  0%| F|  |TAMS 0x0000000774200000, 0x0000000774200000| Untracked 
| 150|0x0000000774400000, 0x0000000774400000, 0x0000000774600000|  0%| F|  |TAMS 0x0000000774400000, 0x0000000774400000| Untracked 
| 151|0x0000000774600000, 0x0000000774600000, 0x0000000774800000|  0%| F|  |TAMS 0x0000000774600000, 0x0000000774600000| Untracked 
| 152|0x0000000774800000, 0x0000000774800000, 0x0000000774a00000|  0%| F|  |TAMS 0x0000000774800000, 0x0000000774800000| Untracked 
| 153|0x0000000774a00000, 0x0000000774a00000, 0x0000000774c00000|  0%| F|  |TAMS 0x0000000774a00000, 0x0000000774a00000| Untracked 
| 154|0x0000000774c00000, 0x0000000774c00000, 0x0000000774e00000|  0%| F|  |TAMS 0x0000000774c00000, 0x0000000774c00000| Untracked 
| 155|0x0000000774e00000, 0x0000000774e00000, 0x0000000775000000|  0%| F|  |TAMS 0x0000000774e00000, 0x0000000774e00000| Untracked 
| 156|0x0000000775000000, 0x0000000775000000, 0x0000000775200000|  0%| F|  |TAMS 0x0000000775000000, 0x0000000775000000| Untracked 
| 157|0x0000000775200000, 0x0000000775200000, 0x0000000775400000|  0%| F|  |TAMS 0x0000000775200000, 0x0000000775200000| Untracked 
| 158|0x0000000775400000, 0x0000000775400000, 0x0000000775600000|  0%| F|  |TAMS 0x0000000775400000, 0x0000000775400000| Untracked 
| 159|0x0000000775600000, 0x0000000775600000, 0x0000000775800000|  0%| F|  |TAMS 0x0000000775600000, 0x0000000775600000| Untracked 
| 160|0x0000000775800000, 0x0000000775800000, 0x0000000775a00000|  0%| F|  |TAMS 0x0000000775800000, 0x0000000775800000| Untracked 
| 161|0x0000000775a00000, 0x0000000775a00000, 0x0000000775c00000|  0%| F|  |TAMS 0x0000000775a00000, 0x0000000775a00000| Untracked 
| 162|0x0000000775c00000, 0x0000000775c00000, 0x0000000775e00000|  0%| F|  |TAMS 0x0000000775c00000, 0x0000000775c00000| Untracked 
| 163|0x0000000775e00000, 0x0000000775e00000, 0x0000000776000000|  0%| F|  |TAMS 0x0000000775e00000, 0x0000000775e00000| Untracked 
| 164|0x0000000776000000, 0x0000000776000000, 0x0000000776200000|  0%| F|  |TAMS 0x0000000776000000, 0x0000000776000000| Untracked 
| 165|0x0000000776200000, 0x0000000776200000, 0x0000000776400000|  0%| F|  |TAMS 0x0000000776200000, 0x0000000776200000| Untracked 
| 166|0x0000000776400000, 0x0000000776400000, 0x0000000776600000|  0%| F|  |TAMS 0x0000000776400000, 0x0000000776400000| Untracked 
| 167|0x0000000776600000, 0x0000000776600000, 0x0000000776800000|  0%| F|  |TAMS 0x0000000776600000, 0x0000000776600000| Untracked 
| 168|0x0000000776800000, 0x0000000776800000, 0x0000000776a00000|  0%| F|  |TAMS 0x0000000776800000, 0x0000000776800000| Untracked 
| 169|0x0000000776a00000, 0x0000000776a00000, 0x0000000776c00000|  0%| F|  |TAMS 0x0000000776a00000, 0x0000000776a00000| Untracked 
| 170|0x0000000776c00000, 0x0000000776c00000, 0x0000000776e00000|  0%| F|  |TAMS 0x0000000776c00000, 0x0000000776c00000| Untracked 
| 171|0x0000000776e00000, 0x0000000776e00000, 0x0000000777000000|  0%| F|  |TAMS 0x0000000776e00000, 0x0000000776e00000| Untracked 
| 172|0x0000000777000000, 0x0000000777000000, 0x0000000777200000|  0%| F|  |TAMS 0x0000000777000000, 0x0000000777000000| Untracked 
| 173|0x0000000777200000, 0x0000000777200000, 0x0000000777400000|  0%| F|  |TAMS 0x0000000777200000, 0x0000000777200000| Untracked 
| 174|0x0000000777400000, 0x0000000777400000, 0x0000000777600000|  0%| F|  |TAMS 0x0000000777400000, 0x0000000777400000| Untracked 
| 175|0x0000000777600000, 0x0000000777600000, 0x0000000777800000|  0%| F|  |TAMS 0x0000000777600000, 0x0000000777600000| Untracked 
| 176|0x0000000777800000, 0x0000000777800000, 0x0000000777a00000|  0%| F|  |TAMS 0x0000000777800000, 0x0000000777800000| Untracked 
| 177|0x0000000777a00000, 0x0000000777a00000, 0x0000000777c00000|  0%| F|  |TAMS 0x0000000777a00000, 0x0000000777a00000| Untracked 
| 178|0x0000000777c00000, 0x0000000777c00000, 0x0000000777e00000|  0%| F|  |TAMS 0x0000000777c00000, 0x0000000777c00000| Untracked 
| 179|0x0000000777e00000, 0x0000000777e00000, 0x0000000778000000|  0%| F|  |TAMS 0x0000000777e00000, 0x0000000777e00000| Untracked 
| 180|0x0000000778000000, 0x0000000778000000, 0x0000000778200000|  0%| F|  |TAMS 0x0000000778000000, 0x0000000778000000| Untracked 
| 181|0x0000000778200000, 0x0000000778200000, 0x0000000778400000|  0%| F|  |TAMS 0x0000000778200000, 0x0000000778200000| Untracked 
| 182|0x0000000778400000, 0x0000000778400000, 0x0000000778600000|  0%| F|  |TAMS 0x0000000778400000, 0x0000000778400000| Untracked 
| 183|0x0000000778600000, 0x0000000778600000, 0x0000000778800000|  0%| F|  |TAMS 0x0000000778600000, 0x0000000778600000| Untracked 
| 184|0x0000000778800000, 0x0000000778800000, 0x0000000778a00000|  0%| F|  |TAMS 0x0000000778800000, 0x0000000778800000| Untracked 
| 185|0x0000000778a00000, 0x0000000778a00000, 0x0000000778c00000|  0%| F|  |TAMS 0x0000000778a00000, 0x0000000778a00000| Untracked 
| 186|0x0000000778c00000, 0x0000000778c00000, 0x0000000778e00000|  0%| F|  |TAMS 0x0000000778c00000, 0x0000000778c00000| Untracked 
| 187|0x0000000778e00000, 0x0000000778e00000, 0x0000000779000000|  0%| F|  |TAMS 0x0000000778e00000, 0x0000000778e00000| Untracked 
| 188|0x0000000779000000, 0x0000000779000000, 0x0000000779200000|  0%| F|  |TAMS 0x0000000779000000, 0x0000000779000000| Untracked 
| 189|0x0000000779200000, 0x0000000779200000, 0x0000000779400000|  0%| F|  |TAMS 0x0000000779200000, 0x0000000779200000| Untracked 
| 190|0x0000000779400000, 0x0000000779400000, 0x0000000779600000|  0%| F|  |TAMS 0x0000000779400000, 0x0000000779400000| Untracked 
| 191|0x0000000779600000, 0x0000000779600000, 0x0000000779800000|  0%| F|  |TAMS 0x0000000779600000, 0x0000000779600000| Untracked 
| 192|0x0000000779800000, 0x0000000779800000, 0x0000000779a00000|  0%| F|  |TAMS 0x0000000779800000, 0x0000000779800000| Untracked 
| 193|0x0000000779a00000, 0x0000000779a00000, 0x0000000779c00000|  0%| F|  |TAMS 0x0000000779a00000, 0x0000000779a00000| Untracked 
| 194|0x0000000779c00000, 0x0000000779c00000, 0x0000000779e00000|  0%| F|  |TAMS 0x0000000779c00000, 0x0000000779c00000| Untracked 
| 195|0x0000000779e00000, 0x0000000779e00000, 0x000000077a000000|  0%| F|  |TAMS 0x0000000779e00000, 0x0000000779e00000| Untracked 
| 196|0x000000077a000000, 0x000000077a000000, 0x000000077a200000|  0%| F|  |TAMS 0x000000077a000000, 0x000000077a000000| Untracked 
| 197|0x000000077a200000, 0x000000077a200000, 0x000000077a400000|  0%| F|  |TAMS 0x000000077a200000, 0x000000077a200000| Untracked 
| 198|0x000000077a400000, 0x000000077a400000, 0x000000077a600000|  0%| F|  |TAMS 0x000000077a400000, 0x000000077a400000| Untracked 
| 199|0x000000077a600000, 0x000000077a600000, 0x000000077a800000|  0%| F|  |TAMS 0x000000077a600000, 0x000000077a600000| Untracked 
| 200|0x000000077a800000, 0x000000077a800000, 0x000000077aa00000|  0%| F|  |TAMS 0x000000077a800000, 0x000000077a800000| Untracked 
| 201|0x000000077aa00000, 0x000000077aa00000, 0x000000077ac00000|  0%| F|  |TAMS 0x000000077aa00000, 0x000000077aa00000| Untracked 
| 202|0x000000077ac00000, 0x000000077ac00000, 0x000000077ae00000|  0%| F|  |TAMS 0x000000077ac00000, 0x000000077ac00000| Untracked 
| 203|0x000000077ae00000, 0x000000077ae00000, 0x000000077b000000|  0%| F|  |TAMS 0x000000077ae00000, 0x000000077ae00000| Untracked 
| 204|0x000000077b000000, 0x000000077b000000, 0x000000077b200000|  0%| F|  |TAMS 0x000000077b000000, 0x000000077b000000| Untracked 
| 205|0x000000077b200000, 0x000000077b200000, 0x000000077b400000|  0%| F|  |TAMS 0x000000077b200000, 0x000000077b200000| Untracked 
| 206|0x000000077b400000, 0x000000077b400000, 0x000000077b600000|  0%| F|  |TAMS 0x000000077b400000, 0x000000077b400000| Untracked 
| 207|0x000000077b600000, 0x000000077b600000, 0x000000077b800000|  0%| F|  |TAMS 0x000000077b600000, 0x000000077b600000| Untracked 
| 208|0x000000077b800000, 0x000000077b800000, 0x000000077ba00000|  0%| F|  |TAMS 0x000000077b800000, 0x000000077b800000| Untracked 
| 209|0x000000077ba00000, 0x000000077ba00000, 0x000000077bc00000|  0%| F|  |TAMS 0x000000077ba00000, 0x000000077ba00000| Untracked 
| 210|0x000000077bc00000, 0x000000077bc00000, 0x000000077be00000|  0%| F|  |TAMS 0x000000077bc00000, 0x000000077bc00000| Untracked 
| 211|0x000000077be00000, 0x000000077be00000, 0x000000077c000000|  0%| F|  |TAMS 0x000000077be00000, 0x000000077be00000| Untracked 
| 212|0x000000077c000000, 0x000000077c000000, 0x000000077c200000|  0%| F|  |TAMS 0x000000077c000000, 0x000000077c000000| Untracked 
| 213|0x000000077c200000, 0x000000077c200000, 0x000000077c400000|  0%| F|  |TAMS 0x000000077c200000, 0x000000077c200000| Untracked 
| 214|0x000000077c400000, 0x000000077c400000, 0x000000077c600000|  0%| F|  |TAMS 0x000000077c400000, 0x000000077c400000| Untracked 
| 215|0x000000077c600000, 0x000000077c600000, 0x000000077c800000|  0%| F|  |TAMS 0x000000077c600000, 0x000000077c600000| Untracked 
| 216|0x000000077c800000, 0x000000077c800000, 0x000000077ca00000|  0%| F|  |TAMS 0x000000077c800000, 0x000000077c800000| Untracked 
| 217|0x000000077ca00000, 0x000000077ca00000, 0x000000077cc00000|  0%| F|  |TAMS 0x000000077ca00000, 0x000000077ca00000| Untracked 
| 218|0x000000077cc00000, 0x000000077cc00000, 0x000000077ce00000|  0%| F|  |TAMS 0x000000077cc00000, 0x000000077cc00000| Untracked 
| 219|0x000000077ce00000, 0x000000077ce00000, 0x000000077d000000|  0%| F|  |TAMS 0x000000077ce00000, 0x000000077ce00000| Untracked 
| 220|0x000000077d000000, 0x000000077d000000, 0x000000077d200000|  0%| F|  |TAMS 0x000000077d000000, 0x000000077d000000| Untracked 
| 221|0x000000077d200000, 0x000000077d200000, 0x000000077d400000|  0%| F|  |TAMS 0x000000077d200000, 0x000000077d200000| Untracked 
| 222|0x000000077d400000, 0x000000077d400000, 0x000000077d600000|  0%| F|  |TAMS 0x000000077d400000, 0x000000077d400000| Untracked 
| 223|0x000000077d600000, 0x000000077d600000, 0x000000077d800000|  0%| F|  |TAMS 0x000000077d600000, 0x000000077d600000| Untracked 
| 224|0x000000077d800000, 0x000000077d800000, 0x000000077da00000|  0%| F|  |TAMS 0x000000077d800000, 0x000000077d800000| Untracked 
| 225|0x000000077da00000, 0x000000077da00000, 0x000000077dc00000|  0%| F|  |TAMS 0x000000077da00000, 0x000000077da00000| Untracked 
| 226|0x000000077dc00000, 0x000000077dc00000, 0x000000077de00000|  0%| F|  |TAMS 0x000000077dc00000, 0x000000077dc00000| Untracked 
| 227|0x000000077de00000, 0x000000077de00000, 0x000000077e000000|  0%| F|  |TAMS 0x000000077de00000, 0x000000077de00000| Untracked 
| 228|0x000000077e000000, 0x000000077e000000, 0x000000077e200000|  0%| F|  |TAMS 0x000000077e000000, 0x000000077e000000| Untracked 
| 229|0x000000077e200000, 0x000000077e3e9bd8, 0x000000077e400000| 95%| E|  |TAMS 0x000000077e200000, 0x000000077e200000| Complete 
| 230|0x000000077e400000, 0x000000077e600000, 0x000000077e600000|100%| E|  |TAMS 0x000000077e400000, 0x000000077e400000| Complete 
| 231|0x000000077e600000, 0x000000077e800000, 0x000000077e800000|100%| E|CS|TAMS 0x000000077e600000, 0x000000077e600000| Complete 
| 232|0x000000077e800000, 0x000000077ea00000, 0x000000077ea00000|100%| E|CS|TAMS 0x000000077e800000, 0x000000077e800000| Complete 
| 233|0x000000077ea00000, 0x000000077ec00000, 0x000000077ec00000|100%| E|CS|TAMS 0x000000077ea00000, 0x000000077ea00000| Complete 
| 234|0x000000077ec00000, 0x000000077ee00000, 0x000000077ee00000|100%| E|CS|TAMS 0x000000077ec00000, 0x000000077ec00000| Complete 
| 235|0x000000077ee00000, 0x000000077f000000, 0x000000077f000000|100%| E|CS|TAMS 0x000000077ee00000, 0x000000077ee00000| Complete 
| 236|0x000000077f000000, 0x000000077f200000, 0x000000077f200000|100%| E|CS|TAMS 0x000000077f000000, 0x000000077f000000| Complete 
| 237|0x000000077f200000, 0x000000077f400000, 0x000000077f400000|100%| E|CS|TAMS 0x000000077f200000, 0x000000077f200000| Complete 
| 238|0x000000077f400000, 0x000000077f600000, 0x000000077f600000|100%| E|CS|TAMS 0x000000077f400000, 0x000000077f400000| Complete 
| 239|0x000000077f600000, 0x000000077f800000, 0x000000077f800000|100%| E|CS|TAMS 0x000000077f600000, 0x000000077f600000| Complete 
| 240|0x000000077f800000, 0x000000077fa00000, 0x000000077fa00000|100%| E|CS|TAMS 0x000000077f800000, 0x000000077f800000| Complete 
| 241|0x000000077fa00000, 0x000000077fc00000, 0x000000077fc00000|100%| E|CS|TAMS 0x000000077fa00000, 0x000000077fa00000| Complete 
| 242|0x000000077fc00000, 0x000000077fe00000, 0x000000077fe00000|100%| E|CS|TAMS 0x000000077fc00000, 0x000000077fc00000| Complete 
| 243|0x000000077fe00000, 0x0000000780000000, 0x0000000780000000|100%| E|CS|TAMS 0x000000077fe00000, 0x000000077fe00000| Complete 
| 244|0x0000000780000000, 0x0000000780200000, 0x0000000780200000|100%| E|CS|TAMS 0x0000000780000000, 0x0000000780000000| Complete 
| 245|0x0000000780200000, 0x0000000780400000, 0x0000000780400000|100%| E|CS|TAMS 0x0000000780200000, 0x0000000780200000| Complete 
| 246|0x0000000780400000, 0x0000000780600000, 0x0000000780600000|100%| E|CS|TAMS 0x0000000780400000, 0x0000000780400000| Complete 
| 247|0x0000000780600000, 0x0000000780800000, 0x0000000780800000|100%| E|CS|TAMS 0x0000000780600000, 0x0000000780600000| Complete 
| 248|0x0000000780800000, 0x0000000780a00000, 0x0000000780a00000|100%| E|CS|TAMS 0x0000000780800000, 0x0000000780800000| Complete 
| 249|0x0000000780a00000, 0x0000000780c00000, 0x0000000780c00000|100%| E|CS|TAMS 0x0000000780a00000, 0x0000000780a00000| Complete 
| 250|0x0000000780c00000, 0x0000000780e00000, 0x0000000780e00000|100%| E|CS|TAMS 0x0000000780c00000, 0x0000000780c00000| Complete 
| 251|0x0000000780e00000, 0x0000000781000000, 0x0000000781000000|100%| E|CS|TAMS 0x0000000780e00000, 0x0000000780e00000| Complete 
| 252|0x0000000781000000, 0x0000000781200000, 0x0000000781200000|100%| E|CS|TAMS 0x0000000781000000, 0x0000000781000000| Complete 
| 253|0x0000000781200000, 0x0000000781400000, 0x0000000781400000|100%| E|CS|TAMS 0x0000000781200000, 0x0000000781200000| Complete 
| 254|0x0000000781400000, 0x0000000781600000, 0x0000000781600000|100%| E|CS|TAMS 0x0000000781400000, 0x0000000781400000| Complete 
| 255|0x0000000781600000, 0x0000000781800000, 0x0000000781800000|100%| E|CS|TAMS 0x0000000781600000, 0x0000000781600000| Complete 
| 256|0x0000000781800000, 0x0000000781a00000, 0x0000000781a00000|100%| E|CS|TAMS 0x0000000781800000, 0x0000000781800000| Complete 
| 257|0x0000000781a00000, 0x0000000781c00000, 0x0000000781c00000|100%| E|CS|TAMS 0x0000000781a00000, 0x0000000781a00000| Complete 
| 258|0x0000000781c00000, 0x0000000781e00000, 0x0000000781e00000|100%| E|CS|TAMS 0x0000000781c00000, 0x0000000781c00000| Complete 
| 259|0x0000000781e00000, 0x0000000782000000, 0x0000000782000000|100%| E|CS|TAMS 0x0000000781e00000, 0x0000000781e00000| Complete 
| 260|0x0000000782000000, 0x0000000782200000, 0x0000000782200000|100%| E|CS|TAMS 0x0000000782000000, 0x0000000782000000| Complete 
| 261|0x0000000782200000, 0x0000000782400000, 0x0000000782400000|100%| E|CS|TAMS 0x0000000782200000, 0x0000000782200000| Complete 
| 262|0x0000000782400000, 0x0000000782600000, 0x0000000782600000|100%| E|CS|TAMS 0x0000000782400000, 0x0000000782400000| Complete 
| 263|0x0000000782600000, 0x0000000782800000, 0x0000000782800000|100%| E|CS|TAMS 0x0000000782600000, 0x0000000782600000| Complete 
| 264|0x0000000782800000, 0x0000000782a00000, 0x0000000782a00000|100%| E|CS|TAMS 0x0000000782800000, 0x0000000782800000| Complete 
| 265|0x0000000782a00000, 0x0000000782c00000, 0x0000000782c00000|100%| E|CS|TAMS 0x0000000782a00000, 0x0000000782a00000| Complete 
| 266|0x0000000782c00000, 0x0000000782e00000, 0x0000000782e00000|100%| E|CS|TAMS 0x0000000782c00000, 0x0000000782c00000| Complete 
| 267|0x0000000782e00000, 0x0000000783000000, 0x0000000783000000|100%| E|CS|TAMS 0x0000000782e00000, 0x0000000782e00000| Complete 
| 268|0x0000000783000000, 0x0000000783200000, 0x0000000783200000|100%| E|CS|TAMS 0x0000000783000000, 0x0000000783000000| Complete 
| 269|0x0000000783200000, 0x0000000783400000, 0x0000000783400000|100%| E|CS|TAMS 0x0000000783200000, 0x0000000783200000| Complete 
| 270|0x0000000783400000, 0x0000000783600000, 0x0000000783600000|100%| E|CS|TAMS 0x0000000783400000, 0x0000000783400000| Complete 
| 271|0x0000000783600000, 0x0000000783800000, 0x0000000783800000|100%| E|CS|TAMS 0x0000000783600000, 0x0000000783600000| Complete 
| 272|0x0000000783800000, 0x0000000783a00000, 0x0000000783a00000|100%| E|CS|TAMS 0x0000000783800000, 0x0000000783800000| Complete 
| 273|0x0000000783a00000, 0x0000000783c00000, 0x0000000783c00000|100%| E|CS|TAMS 0x0000000783a00000, 0x0000000783a00000| Complete 
| 274|0x0000000783c00000, 0x0000000783e00000, 0x0000000783e00000|100%| E|CS|TAMS 0x0000000783c00000, 0x0000000783c00000| Complete 
| 275|0x0000000783e00000, 0x0000000784000000, 0x0000000784000000|100%| E|CS|TAMS 0x0000000783e00000, 0x0000000783e00000| Complete 
| 276|0x0000000784000000, 0x0000000784200000, 0x0000000784200000|100%| E|CS|TAMS 0x0000000784000000, 0x0000000784000000| Complete 
| 277|0x0000000784200000, 0x0000000784400000, 0x0000000784400000|100%| E|CS|TAMS 0x0000000784200000, 0x0000000784200000| Complete 
| 278|0x0000000784400000, 0x0000000784600000, 0x0000000784600000|100%| E|CS|TAMS 0x0000000784400000, 0x0000000784400000| Complete 
| 279|0x0000000784600000, 0x0000000784800000, 0x0000000784800000|100%| E|CS|TAMS 0x0000000784600000, 0x0000000784600000| Complete 
| 280|0x0000000784800000, 0x0000000784a00000, 0x0000000784a00000|100%| E|CS|TAMS 0x0000000784800000, 0x0000000784800000| Complete 
| 281|0x0000000784a00000, 0x0000000784c00000, 0x0000000784c00000|100%| E|CS|TAMS 0x0000000784a00000, 0x0000000784a00000| Complete 
| 282|0x0000000784c00000, 0x0000000784e00000, 0x0000000784e00000|100%| E|CS|TAMS 0x0000000784c00000, 0x0000000784c00000| Complete 
| 283|0x0000000784e00000, 0x0000000785000000, 0x0000000785000000|100%| E|CS|TAMS 0x0000000784e00000, 0x0000000784e00000| Complete 
| 284|0x0000000785000000, 0x0000000785200000, 0x0000000785200000|100%| E|CS|TAMS 0x0000000785000000, 0x0000000785000000| Complete 
| 285|0x0000000785200000, 0x0000000785400000, 0x0000000785400000|100%| E|CS|TAMS 0x0000000785200000, 0x0000000785200000| Complete 
| 286|0x0000000785400000, 0x0000000785600000, 0x0000000785600000|100%| E|CS|TAMS 0x0000000785400000, 0x0000000785400000| Complete 
| 287|0x0000000785600000, 0x0000000785800000, 0x0000000785800000|100%| E|CS|TAMS 0x0000000785600000, 0x0000000785600000| Complete 
| 288|0x0000000785800000, 0x0000000785a00000, 0x0000000785a00000|100%| E|CS|TAMS 0x0000000785800000, 0x0000000785800000| Complete 
| 289|0x0000000785a00000, 0x0000000785c00000, 0x0000000785c00000|100%| E|CS|TAMS 0x0000000785a00000, 0x0000000785a00000| Complete 
| 290|0x0000000785c00000, 0x0000000785e00000, 0x0000000785e00000|100%| E|CS|TAMS 0x0000000785c00000, 0x0000000785c00000| Complete 
| 291|0x0000000785e00000, 0x0000000786000000, 0x0000000786000000|100%| E|CS|TAMS 0x0000000785e00000, 0x0000000785e00000| Complete 
| 292|0x0000000786000000, 0x0000000786200000, 0x0000000786200000|100%| E|CS|TAMS 0x0000000786000000, 0x0000000786000000| Complete 
| 293|0x0000000786200000, 0x0000000786400000, 0x0000000786400000|100%| E|CS|TAMS 0x0000000786200000, 0x0000000786200000| Complete 
| 294|0x0000000786400000, 0x0000000786600000, 0x0000000786600000|100%| E|CS|TAMS 0x0000000786400000, 0x0000000786400000| Complete 
| 295|0x0000000786600000, 0x0000000786800000, 0x0000000786800000|100%| E|CS|TAMS 0x0000000786600000, 0x0000000786600000| Complete 
| 296|0x0000000786800000, 0x0000000786a00000, 0x0000000786a00000|100%| E|CS|TAMS 0x0000000786800000, 0x0000000786800000| Complete 
| 297|0x0000000786a00000, 0x0000000786c00000, 0x0000000786c00000|100%| E|CS|TAMS 0x0000000786a00000, 0x0000000786a00000| Complete 
| 298|0x0000000786c00000, 0x0000000786e00000, 0x0000000786e00000|100%| E|CS|TAMS 0x0000000786c00000, 0x0000000786c00000| Complete 
| 299|0x0000000786e00000, 0x0000000787000000, 0x0000000787000000|100%| E|CS|TAMS 0x0000000786e00000, 0x0000000786e00000| Complete 
| 300|0x0000000787000000, 0x0000000787200000, 0x0000000787200000|100%| E|CS|TAMS 0x0000000787000000, 0x0000000787000000| Complete 
| 301|0x0000000787200000, 0x0000000787400000, 0x0000000787400000|100%| E|CS|TAMS 0x0000000787200000, 0x0000000787200000| Complete 
| 302|0x0000000787400000, 0x0000000787600000, 0x0000000787600000|100%| E|CS|TAMS 0x0000000787400000, 0x0000000787400000| Complete 
| 303|0x0000000787600000, 0x0000000787800000, 0x0000000787800000|100%| E|CS|TAMS 0x0000000787600000, 0x0000000787600000| Complete 
| 304|0x0000000787800000, 0x0000000787a00000, 0x0000000787a00000|100%| E|CS|TAMS 0x0000000787800000, 0x0000000787800000| Complete 
| 305|0x0000000787a00000, 0x0000000787c00000, 0x0000000787c00000|100%| E|CS|TAMS 0x0000000787a00000, 0x0000000787a00000| Complete 
| 306|0x0000000787c00000, 0x0000000787e00000, 0x0000000787e00000|100%| E|CS|TAMS 0x0000000787c00000, 0x0000000787c00000| Complete 
| 307|0x0000000787e00000, 0x0000000788000000, 0x0000000788000000|100%| E|CS|TAMS 0x0000000787e00000, 0x0000000787e00000| Complete 
| 308|0x0000000788000000, 0x0000000788200000, 0x0000000788200000|100%| E|CS|TAMS 0x0000000788000000, 0x0000000788000000| Complete 
| 309|0x0000000788200000, 0x0000000788400000, 0x0000000788400000|100%| E|CS|TAMS 0x0000000788200000, 0x0000000788200000| Complete 
| 310|0x0000000788400000, 0x0000000788600000, 0x0000000788600000|100%| E|CS|TAMS 0x0000000788400000, 0x0000000788400000| Complete 
| 311|0x0000000788600000, 0x0000000788800000, 0x0000000788800000|100%| E|CS|TAMS 0x0000000788600000, 0x0000000788600000| Complete 
| 312|0x0000000788800000, 0x0000000788a00000, 0x0000000788a00000|100%| E|CS|TAMS 0x0000000788800000, 0x0000000788800000| Complete 
| 313|0x0000000788a00000, 0x0000000788c00000, 0x0000000788c00000|100%| E|CS|TAMS 0x0000000788a00000, 0x0000000788a00000| Complete 
| 314|0x0000000788c00000, 0x0000000788e00000, 0x0000000788e00000|100%| E|CS|TAMS 0x0000000788c00000, 0x0000000788c00000| Complete 
| 315|0x0000000788e00000, 0x0000000789000000, 0x0000000789000000|100%| E|CS|TAMS 0x0000000788e00000, 0x0000000788e00000| Complete 
| 316|0x0000000789000000, 0x0000000789200000, 0x0000000789200000|100%| E|CS|TAMS 0x0000000789000000, 0x0000000789000000| Complete 
| 317|0x0000000789200000, 0x0000000789400000, 0x0000000789400000|100%| E|CS|TAMS 0x0000000789200000, 0x0000000789200000| Complete 
| 318|0x0000000789400000, 0x0000000789600000, 0x0000000789600000|100%| E|CS|TAMS 0x0000000789400000, 0x0000000789400000| Complete 
| 319|0x0000000789600000, 0x0000000789800000, 0x0000000789800000|100%| E|CS|TAMS 0x0000000789600000, 0x0000000789600000| Complete 
| 320|0x0000000789800000, 0x0000000789a00000, 0x0000000789a00000|100%| E|CS|TAMS 0x0000000789800000, 0x0000000789800000| Complete 
| 321|0x0000000789a00000, 0x0000000789c00000, 0x0000000789c00000|100%| E|CS|TAMS 0x0000000789a00000, 0x0000000789a00000| Complete 
| 322|0x0000000789c00000, 0x0000000789e00000, 0x0000000789e00000|100%| E|CS|TAMS 0x0000000789c00000, 0x0000000789c00000| Complete 
| 323|0x0000000789e00000, 0x000000078a000000, 0x000000078a000000|100%| E|CS|TAMS 0x0000000789e00000, 0x0000000789e00000| Complete 
| 324|0x000000078a000000, 0x000000078a200000, 0x000000078a200000|100%| E|CS|TAMS 0x000000078a000000, 0x000000078a000000| Complete 
| 325|0x000000078a200000, 0x000000078a400000, 0x000000078a400000|100%| E|CS|TAMS 0x000000078a200000, 0x000000078a200000| Complete 
| 326|0x000000078a400000, 0x000000078a600000, 0x000000078a600000|100%| E|CS|TAMS 0x000000078a400000, 0x000000078a400000| Complete 
| 327|0x000000078a600000, 0x000000078a697e58, 0x000000078a800000| 29%| S|CS|TAMS 0x000000078a600000, 0x000000078a600000| Complete 
| 328|0x000000078a800000, 0x000000078aa00000, 0x000000078aa00000|100%| S|CS|TAMS 0x000000078a800000, 0x000000078a800000| Complete 
| 329|0x000000078aa00000, 0x000000078ac00000, 0x000000078ac00000|100%| E|CS|TAMS 0x000000078aa00000, 0x000000078aa00000| Complete 
| 330|0x000000078ac00000, 0x000000078ae00000, 0x000000078ae00000|100%| E|CS|TAMS 0x000000078ac00000, 0x000000078ac00000| Complete 
| 331|0x000000078ae00000, 0x000000078b000000, 0x000000078b000000|100%| E|CS|TAMS 0x000000078ae00000, 0x000000078ae00000| Complete 
| 332|0x000000078b000000, 0x000000078b200000, 0x000000078b200000|100%| E|CS|TAMS 0x000000078b000000, 0x000000078b000000| Complete 
| 333|0x000000078b200000, 0x000000078b400000, 0x000000078b400000|100%| E|CS|TAMS 0x000000078b200000, 0x000000078b200000| Complete 
| 334|0x000000078b400000, 0x000000078b600000, 0x000000078b600000|100%| E|CS|TAMS 0x000000078b400000, 0x000000078b400000| Complete 
| 335|0x000000078b600000, 0x000000078b800000, 0x000000078b800000|100%| E|CS|TAMS 0x000000078b600000, 0x000000078b600000| Complete 
| 336|0x000000078b800000, 0x000000078ba00000, 0x000000078ba00000|100%| E|CS|TAMS 0x000000078b800000, 0x000000078b800000| Complete 

Card table byte_map: [0x000001a97f490000,0x000001a97f990000] _byte_map_base: 0x000001a97b984000

Marking Bits (Prev, Next): (CMBitMap*) 0x000001a97ef0b530, (CMBitMap*) 0x000001a97ef0b4f0
 Prev Bits: [0x000001a914ba0000, 0x000001a917340000)
 Next Bits: [0x000001a912400000, 0x000001a914ba0000)

Polling page: 0x000001a97cc30000

Metaspace:

Usage:
  Non-class:     89.13 MB used.
      Class:     13.85 MB used.
       Both:    102.97 MB used.

Virtual space:
  Non-class space:       96.00 MB reserved,      90.06 MB ( 94%) committed,  12 nodes.
      Class space:        1.00 GB reserved,      14.56 MB (  1%) committed,  1 nodes.
             Both:        1.09 GB reserved,     104.62 MB (  9%) committed. 

Chunk freelists:
   Non-Class:  1.62 MB
       Class:  1.28 MB
        Both:  2.91 MB

MaxMetaspaceSize: unlimited
CompressedClassSpaceSize: 1.00 GB
Initial GC threshold: 21.00 MB
Current GC threshold: 172.44 MB
CDS: off
MetaspaceReclaimPolicy: balanced
 - commit_granule_bytes: 65536.
 - commit_granule_words: 8192.
 - virtual_space_node_default_size: 1048576.
 - enlarge_chunks_in_place: 1.
 - new_chunks_are_fully_committed: 0.
 - uncommit_free_chunks: 1.
 - use_allocation_guard: 0.
 - handle_deallocations: 1.


Internal statistics:

num_allocs_failed_limit: 6.
num_arena_births: 2288.
num_arena_deaths: 2.
num_vsnodes_births: 13.
num_vsnodes_deaths: 0.
num_space_committed: 1674.
num_space_uncommitted: 0.
num_chunks_returned_to_freelist: 9.
num_chunks_taken_from_freelist: 6808.
num_chunk_merges: 3.
num_chunk_splits: 4075.
num_chunks_enlarged: 2195.
num_purges: 2.
num_inconsistent_stats: 0.

CodeHeap 'non-profiled nmethods': size=120000Kb used=13672Kb max_used=13672Kb free=106327Kb
 bounds [0x000001a90aed0000, 0x000001a90bc30000, 0x000001a912400000]
CodeHeap 'profiled nmethods': size=120000Kb used=32090Kb max_used=32090Kb free=87909Kb
 bounds [0x000001a903400000, 0x000001a905360000, 0x000001a90a930000]
CodeHeap 'non-nmethods': size=5760Kb used=2403Kb max_used=2492Kb free=3356Kb
 bounds [0x000001a90a930000, 0x000001a90abd0000, 0x000001a90aed0000]
 total_blobs=17243 nmethods=16311 adapters=843
 compilation: enabled
              stopped_count=0, restarted_count=0
 full_count=0

Compilation events (20 events):
Event: 369.415 Thread 0x000001a91a068ca0 19442       1       org.gradle.internal.logging.source.PrintStreamLoggingSystem$SnapshotImpl::access$200 (5 bytes)
Event: 369.415 Thread 0x000001a91a068ca0 nmethod 19442 0x000001a90bc29990 code [0x000001a90bc29b20, 0x000001a90bc29bd8]
Event: 369.416 Thread 0x000001a91a068ca0 19443       2       org.gradle.api.internal.artifacts.dependencies.DefaultExternalModuleDependency_Decorated::isTransitive (45 bytes)
Event: 369.416 Thread 0x000001a91a068ca0 nmethod 19443 0x000001a905345c10 code [0x000001a905345dc0, 0x000001a905345ff8]
Event: 369.416 Thread 0x000001a91a068ca0 19444       2       org.gradle.api.internal.artifacts.dependencies.DefaultExternalModuleDependency_Decorated::getExcludeRules (39 bytes)
Event: 369.416 Thread 0x000001a91a068ca0 nmethod 19444 0x000001a905346190 code [0x000001a905346360, 0x000001a9053465d8]
Event: 369.531 Thread 0x000001a91a068ca0 19445       2       com.google.common.math.IntMath::lessThanBranchFree (11 bytes)
Event: 369.531 Thread 0x000001a91a068ca0 nmethod 19445 0x000001a904726590 code [0x000001a904726720, 0x000001a904726818]
Event: 369.539 Thread 0x000001a91a068ca0 19446       2       org.gradle.api.internal.plugins.DefaultPluginRegistry::maybeInspect (54 bytes)
Event: 369.540 Thread 0x000001a91a068ca0 nmethod 19446 0x000001a905346790 code [0x000001a905346980, 0x000001a905346d08]
Event: 369.540 Thread 0x000001a91a068ca0 19447       2       org.gradle.language.base.internal.plugins.CleanRule::apply (105 bytes)
Event: 369.542 Thread 0x000001a91a068ca0 nmethod 19447 0x000001a905346f90 code [0x000001a905347200, 0x000001a905347aa8]
Event: 369.542 Thread 0x000001a91a068ca0 19448       2       org.gradle.api.internal.plugins.BuildConfigurationRule::apply (105 bytes)
Event: 369.543 Thread 0x000001a91a068ca0 nmethod 19448 0x000001a905348090 code [0x000001a905348300, 0x000001a9053489f8]
Event: 369.546 Thread 0x000001a91a068ca0 19449       2       org.gradle.internal.extensibility.ExtensibleDynamicObject$InheritedDynamicObject::hasProperty (14 bytes)
Event: 369.546 Thread 0x000001a91a068ca0 nmethod 19449 0x000001a905348e10 code [0x000001a905348fc0, 0x000001a905349118]
Event: 369.551 Thread 0x000001a91a068ca0 19450       2       org.codehaus.groovy.runtime.MetaClassHelper::sameClasses (48 bytes)
Event: 369.552 Thread 0x000001a91a068ca0 nmethod 19450 0x000001a905349210 code [0x000001a9053493e0, 0x000001a9053496e8]
Event: 369.552 Thread 0x000001a91a068ca0 19451       1       org.gradle.api.internal.artifacts.dsl.dependencies.DefaultDependencyHandler::getAdditionalMethods (5 bytes)
Event: 369.552 Thread 0x000001a91a068ca0 nmethod 19451 0x000001a90bc29c90 code [0x000001a90bc29e20, 0x000001a90bc29ef8]

GC Heap History (20 events):
Event: 34.706 GC heap before
{Heap before GC invocations=54 (full 0):
 garbage-first heap   total 307200K, used 225728K [0x0000000761800000, 0x0000000800000000)
  region size 2048K, 27 young (55296K), 4 survivors (8192K)
 Metaspace       used 90959K, committed 92288K, reserved 1130496K
  class space    used 12233K, committed 12800K, reserved 1048576K
}
Event: 34.741 GC heap after
{Heap after GC invocations=55 (full 0):
 garbage-first heap   total 307200K, used 192452K [0x0000000761800000, 0x0000000800000000)
  region size 2048K, 4 young (8192K), 4 survivors (8192K)
 Metaspace       used 90959K, committed 92288K, reserved 1130496K
  class space    used 12233K, committed 12800K, reserved 1048576K
}
Event: 34.879 GC heap before
{Heap before GC invocations=55 (full 0):
 garbage-first heap   total 307200K, used 198596K [0x0000000761800000, 0x0000000800000000)
  region size 2048K, 7 young (14336K), 4 survivors (8192K)
 Metaspace       used 90982K, committed 92288K, reserved 1130496K
  class space    used 12234K, committed 12800K, reserved 1048576K
}
Event: 34.902 GC heap after
{Heap after GC invocations=56 (full 0):
 garbage-first heap   total 489472K, used 194560K [0x0000000761800000, 0x0000000800000000)
  region size 2048K, 1 young (2048K), 1 survivors (2048K)
 Metaspace       used 90982K, committed 92288K, reserved 1130496K
  class space    used 12234K, committed 12800K, reserved 1048576K
}
Event: 38.340 GC heap before
{Heap before GC invocations=56 (full 0):
 garbage-first heap   total 489472K, used 339968K [0x0000000761800000, 0x0000000800000000)
  region size 2048K, 73 young (149504K), 1 survivors (2048K)
 Metaspace       used 98749K, committed 100352K, reserved 1138688K
  class space    used 13448K, committed 14144K, reserved 1048576K
}
Event: 38.380 GC heap after
{Heap after GC invocations=57 (full 0):
 garbage-first heap   total 489472K, used 218035K [0x0000000761800000, 0x0000000800000000)
  region size 2048K, 10 young (20480K), 10 survivors (20480K)
 Metaspace       used 98749K, committed 100352K, reserved 1138688K
  class space    used 13448K, committed 14144K, reserved 1048576K
}
Event: 41.203 GC heap before
{Heap before GC invocations=57 (full 0):
 garbage-first heap   total 489472K, used 340915K [0x0000000761800000, 0x0000000800000000)
  region size 2048K, 71 young (145408K), 10 survivors (20480K)
 Metaspace       used 100454K, committed 102080K, reserved 1138688K
  class space    used 13625K, committed 14336K, reserved 1048576K
}
Event: 41.245 GC heap after
{Heap after GC invocations=58 (full 0):
 garbage-first heap   total 489472K, used 230237K [0x0000000761800000, 0x0000000800000000)
  region size 2048K, 6 young (12288K), 6 survivors (12288K)
 Metaspace       used 100454K, committed 102080K, reserved 1138688K
  class space    used 13625K, committed 14336K, reserved 1048576K
}
Event: 67.705 GC heap before
{Heap before GC invocations=58 (full 0):
 garbage-first heap   total 489472K, used 359261K [0x0000000761800000, 0x0000000800000000)
  region size 2048K, 70 young (143360K), 6 survivors (12288K)
 Metaspace       used 103069K, committed 104640K, reserved 1146880K
  class space    used 13918K, committed 14592K, reserved 1048576K
}
Event: 67.730 GC heap after
{Heap after GC invocations=59 (full 0):
 garbage-first heap   total 489472K, used 236239K [0x0000000761800000, 0x0000000800000000)
  region size 2048K, 6 young (12288K), 6 survivors (12288K)
 Metaspace       used 103069K, committed 104640K, reserved 1146880K
  class space    used 13918K, committed 14592K, reserved 1048576K
}
Event: 73.099 GC heap before
{Heap before GC invocations=59 (full 0):
 garbage-first heap   total 489472K, used 375503K [0x0000000761800000, 0x0000000800000000)
  region size 2048K, 74 young (151552K), 6 survivors (12288K)
 Metaspace       used 103468K, committed 105152K, reserved 1146880K
  class space    used 13951K, committed 14656K, reserved 1048576K
}
Event: 73.125 GC heap after
{Heap after GC invocations=60 (full 0):
 garbage-first heap   total 489472K, used 248067K [0x0000000761800000, 0x0000000800000000)
  region size 2048K, 8 young (16384K), 8 survivors (16384K)
 Metaspace       used 103468K, committed 105152K, reserved 1146880K
  class space    used 13951K, committed 14656K, reserved 1048576K
}
Event: 74.847 GC heap before
{Heap before GC invocations=60 (full 0):
 garbage-first heap   total 489472K, used 383235K [0x0000000761800000, 0x0000000800000000)
  region size 2048K, 75 young (153600K), 8 survivors (16384K)
 Metaspace       used 103829K, committed 105472K, reserved 1146880K
  class space    used 14001K, committed 14720K, reserved 1048576K
}
Event: 74.880 GC heap after
{Heap after GC invocations=61 (full 0):
 garbage-first heap   total 489472K, used 259895K [0x0000000761800000, 0x0000000800000000)
  region size 2048K, 7 young (14336K), 7 survivors (14336K)
 Metaspace       used 103829K, committed 105472K, reserved 1146880K
  class space    used 14001K, committed 14720K, reserved 1048576K
}
Event: 75.645 GC heap before
{Heap before GC invocations=61 (full 0):
 garbage-first heap   total 489472K, used 298807K [0x0000000761800000, 0x0000000800000000)
  region size 2048K, 20 young (40960K), 7 survivors (14336K)
 Metaspace       used 104172K, committed 105920K, reserved 1146880K
  class space    used 14047K, committed 14784K, reserved 1048576K
}
Event: 75.672 GC heap after
{Heap after GC invocations=62 (full 0):
 garbage-first heap   total 489472K, used 280755K [0x0000000761800000, 0x0000000800000000)
  region size 2048K, 4 young (8192K), 4 survivors (8192K)
 Metaspace       used 104172K, committed 105920K, reserved 1146880K
  class space    used 14047K, committed 14784K, reserved 1048576K
}
Event: 79.102 GC heap before
{Heap before GC invocations=63 (full 0):
 garbage-first heap   total 690176K, used 516275K [0x0000000761800000, 0x0000000800000000)
  region size 2048K, 60 young (122880K), 4 survivors (8192K)
 Metaspace       used 104227K, committed 105984K, reserved 1146880K
  class space    used 14050K, committed 14784K, reserved 1048576K
}
Event: 79.128 GC heap after
{Heap after GC invocations=64 (full 0):
 garbage-first heap   total 690176K, used 272279K [0x0000000761800000, 0x0000000800000000)
  region size 2048K, 8 young (16384K), 8 survivors (16384K)
 Metaspace       used 104227K, committed 105984K, reserved 1146880K
  class space    used 14050K, committed 14784K, reserved 1048576K
}
Event: 79.596 GC heap before
{Heap before GC invocations=64 (full 0):
 garbage-first heap   total 690176K, used 286615K [0x0000000761800000, 0x0000000800000000)
  region size 2048K, 16 young (32768K), 8 survivors (16384K)
 Metaspace       used 104255K, committed 105984K, reserved 1146880K
  class space    used 14050K, committed 14784K, reserved 1048576K
}
Event: 79.613 GC heap after
{Heap after GC invocations=65 (full 0):
 garbage-first heap   total 690176K, used 262457K [0x0000000761800000, 0x0000000800000000)
  region size 2048K, 2 young (4096K), 2 survivors (4096K)
 Metaspace       used 104255K, committed 105984K, reserved 1146880K
  class space    used 14050K, committed 14784K, reserved 1048576K
}

Dll operation events (2 events):
Event: 0.010 Loaded shared library C:\Program Files\Android\Android Studio\jre\bin\java.dll
Event: 0.615 Loaded shared library C:\Program Files\Android\Android Studio\jre\bin\verify.dll

Deoptimization events (20 events):
Event: 369.318 Thread 0x000001a92719acb0 Uncommon trap: trap_request=0xffffff45 fr.pc=0x000001a90b4c7770 relative=0x00000000000000d0
Event: 369.318 Thread 0x000001a92719acb0 Uncommon trap: reason=unstable_if action=reinterpret pc=0x000001a90b4c7770 method=com.android.build.gradle.options.ProjectOptions$OptionValue.getValueForUseAtConfiguration()Ljava/lang/Object; @ 4 c2
Event: 369.318 Thread 0x000001a92719acb0 DEOPT PACKING pc=0x000001a90b4c7770 sp=0x000000170e7f43e0
Event: 369.318 Thread 0x000001a92719acb0 DEOPT UNPACKING pc=0x000001a90a9869a3 sp=0x000000170e7f4320 mode 2
Event: 369.390 Thread 0x000001a92719acb0 Uncommon trap: trap_request=0xffffffde fr.pc=0x000001a90b724c78 relative=0x0000000000000598
Event: 369.390 Thread 0x000001a92719acb0 Uncommon trap: reason=class_check action=maybe_recompile pc=0x000001a90b724c78 method=java.util.regex.Pattern$Loop.match(Ljava/util/regex/Matcher;ILjava/lang/CharSequence;)Z @ 192 c2
Event: 369.390 Thread 0x000001a92719acb0 DEOPT PACKING pc=0x000001a90b724c78 sp=0x000000170e7f4fa0
Event: 369.390 Thread 0x000001a92719acb0 DEOPT UNPACKING pc=0x000001a90a9869a3 sp=0x000000170e7f4f28 mode 2
Event: 369.392 Thread 0x000001a92719acb0 Uncommon trap: trap_request=0xffffffde fr.pc=0x000001a90b724c78 relative=0x0000000000000598
Event: 369.392 Thread 0x000001a92719acb0 Uncommon trap: reason=class_check action=maybe_recompile pc=0x000001a90b724c78 method=java.util.regex.Pattern$Loop.match(Ljava/util/regex/Matcher;ILjava/lang/CharSequence;)Z @ 192 c2
Event: 369.392 Thread 0x000001a92719acb0 DEOPT PACKING pc=0x000001a90b724c78 sp=0x000000170e7f4ed0
Event: 369.392 Thread 0x000001a92719acb0 DEOPT UNPACKING pc=0x000001a90a9869a3 sp=0x000000170e7f4e58 mode 2
Event: 369.412 Thread 0x000001a92719acb0 Uncommon trap: trap_request=0xffffff45 fr.pc=0x000001a90bc0a3ec relative=0x000000000000028c
Event: 369.412 Thread 0x000001a92719acb0 Uncommon trap: reason=unstable_if action=reinterpret pc=0x000001a90bc0a3ec method=org.gradle.api.internal.file.AbstractFileResolver.convertObjectToURI(Ljava/lang/Object;)Ljava/net/URI; @ 20 c2
Event: 369.412 Thread 0x000001a92719acb0 DEOPT PACKING pc=0x000001a90bc0a3ec sp=0x000000170e7f5fa0
Event: 369.412 Thread 0x000001a92719acb0 DEOPT UNPACKING pc=0x000001a90a9869a3 sp=0x000000170e7f5f30 mode 2
Event: 369.495 Thread 0x000001a91d155d40 Uncommon trap: trap_request=0xffffffde fr.pc=0x000001a90b8bc87c relative=0x00000000000032fc
Event: 369.495 Thread 0x000001a91d155d40 Uncommon trap: reason=class_check action=maybe_recompile pc=0x000001a90b8bc87c method=com.google.common.cache.LocalCache$Segment.storeLoadedValue(Ljava/lang/Object;ILcom/google/common/cache/LocalCache$LoadingValueReference;Ljava/lang/Object;)Z @ 282 c2
Event: 369.495 Thread 0x000001a91d155d40 DEOPT PACKING pc=0x000001a90b8bc87c sp=0x0000001711ffebd0
Event: 369.496 Thread 0x000001a91d155d40 DEOPT UNPACKING pc=0x000001a90a9869a3 sp=0x0000001711ffebf8 mode 2

Classes unloaded (1 events):
Event: 76.363 Thread 0x000001a919757070 Unloading class 0x0000000800d4c400 'java/lang/invoke/LambdaForm$DMH+0x0000000800d4c400'

Classes redefined (0 events):
No events

Internal exceptions (20 events):
Event: 80.751 Thread 0x000001a91d390a00 Exception <a 'java/lang/ClassNotFoundException'{0x0000000786afab58}: com/android/build/gradle/tasks/PackageAndroidArtifactCustomizer> (0x0000000786afab58) 
thrown [s\src\hotspot\share\classfile\systemDictionary.cpp, line 256]
Event: 80.753 Thread 0x000001a91d390a00 Exception <a 'java/lang/ClassNotFoundException'{0x0000000786b54028}: com/android/build/gradle/tasks/PackageApplicationCustomizer> (0x0000000786b54028) 
thrown [s\src\hotspot\share\classfile\systemDictionary.cpp, line 256]
Event: 80.754 Thread 0x000001a91d390a00 Exception <a 'java/lang/ClassNotFoundException'{0x0000000786b7c900}: com/android/build/gradle/tasks/PackageApplication_DecoratedCustomizer> (0x0000000786b7c900) 
thrown [s\src\hotspot\share\classfile\systemDictionary.cpp, line 256]
Event: 80.763 Thread 0x000001a91d390a00 Exception <a 'java/lang/ClassNotFoundException'{0x0000000786849f80}: org/gradle/api/internal/file/DefaultFilePropertyFactory$DefaultDirectoryVarBeanInfo> (0x0000000786849f80) 
thrown [s\src\hotspot\share\classfile\systemDictionary.cpp, line 256]
Event: 80.764 Thread 0x000001a91d390a00 Exception <a 'java/lang/ClassNotFoundException'{0x0000000786862600}: org/gradle/api/internal/file/DefaultFilePropertyFactory$AbstractFileVarBeanInfo> (0x0000000786862600) 
thrown [s\src\hotspot\share\classfile\systemDictionary.cpp, line 256]
Event: 80.765 Thread 0x000001a91d390a00 Exception <a 'java/lang/ClassNotFoundException'{0x000000078687acb8}: org/gradle/api/internal/file/DefaultFilePropertyFactory$AbstractFileVarCustomizer> (0x000000078687acb8) 
thrown [s\src\hotspot\share\classfile\systemDictionary.cpp, line 256]
Event: 80.768 Thread 0x000001a91d390a00 Exception <a 'java/lang/ClassNotFoundException'{0x00000007868bad20}: org/gradle/api/internal/file/DefaultFilePropertyFactory$DefaultDirectoryVarCustomizer> (0x00000007868bad20) 
thrown [s\src\hotspot\share\classfile\systemDictionary.cpp, line 256]
Event: 80.788 Thread 0x000001a91d390a00 Exception <a 'java/lang/ClassNotFoundException'{0x00000007867c24b0}: org/codehaus/groovy/runtime/HandleMetaClassBeanInfo> (0x00000007867c24b0) 
thrown [s\src\hotspot\share\classfile\systemDictionary.cpp, line 256]
Event: 80.795 Thread 0x000001a91d390a00 Exception <a 'java/lang/ClassNotFoundException'{0x00000007867ee5c0}: groovy/lang/DelegatingMetaClassBeanInfo> (0x00000007867ee5c0) 
thrown [s\src\hotspot\share\classfile\systemDictionary.cpp, line 256]
Event: 80.801 Thread 0x000001a91d390a00 Exception <a 'java/lang/ClassNotFoundException'{0x000000078641a9d8}: groovy/lang/DelegatingMetaClassCustomizer> (0x000000078641a9d8) 
thrown [s\src\hotspot\share\classfile\systemDictionary.cpp, line 256]
Event: 80.809 Thread 0x000001a91d390a00 Exception <a 'java/lang/ClassNotFoundException'{0x00000007862d9ba8}: org/codehaus/groovy/runtime/HandleMetaClassCustomizer> (0x00000007862d9ba8) 
thrown [s\src\hotspot\share\classfile\systemDictionary.cpp, line 256]
Event: 80.816 Thread 0x000001a91d390a00 Exception <a 'java/lang/ClassNotFoundException'{0x000000078631a5f8}: com/android/build/OutputFileBeanInfo> (0x000000078631a5f8) 
thrown [s\src\hotspot\share\classfile\systemDictionary.cpp, line 256]
Event: 80.817 Thread 0x000001a91d390a00 Exception <a 'java/lang/ClassNotFoundException'{0x0000000786326ef8}: com/android/build/OutputFileCustomizer> (0x0000000786326ef8) 
thrown [s\src\hotspot\share\classfile\systemDictionary.cpp, line 256]
Event: 82.638 Thread 0x000001a91d390a00 Implicit null exception at 0x000001a90b98c3ce to 0x000001a90b98cfd4
Event: 83.194 Thread 0x000001a91d390a00 Implicit null exception at 0x000001a90ba939c3 to 0x000001a90ba94284
Event: 83.194 Thread 0x000001a91d390a00 Implicit null exception at 0x000001a90b3dff0f to 0x000001a90b3dff60
Event: 368.432 Thread 0x000001a92719acb0 Implicit null exception at 0x000001a90b9d91a8 to 0x000001a90b9de458
Event: 368.629 Thread 0x000001a92719acb0 Implicit null exception at 0x000001a90b528320 to 0x000001a90b528575
Event: 369.318 Thread 0x000001a92719acb0 Implicit null exception at 0x000001a90b4c76b0 to 0x000001a90b4c775c
Event: 369.367 Thread 0x000001a92719acb0 Exception <a 'sun/nio/fs/WindowsException'{0x000000077ef6fd70}> (0x000000077ef6fd70) 
thrown [s\src\hotspot\share\prims\jni.cpp, line 517]

VM Operations (20 events):
Event: 134.363 Executing VM operation: Cleanup
Event: 134.364 Executing VM operation: Cleanup done
Event: 164.681 Executing VM operation: Cleanup
Event: 164.681 Executing VM operation: Cleanup done
Event: 204.065 Executing VM operation: Cleanup
Event: 204.065 Executing VM operation: Cleanup done
Event: 257.565 Executing VM operation: Cleanup
Event: 257.565 Executing VM operation: Cleanup done
Event: 274.717 Executing VM operation: Cleanup
Event: 274.717 Executing VM operation: Cleanup done
Event: 293.924 Executing VM operation: Cleanup
Event: 293.924 Executing VM operation: Cleanup done
Event: 303.991 Executing VM operation: Cleanup
Event: 303.992 Executing VM operation: Cleanup done
Event: 334.308 Executing VM operation: Cleanup
Event: 334.308 Executing VM operation: Cleanup done
Event: 354.510 Executing VM operation: Cleanup
Event: 354.510 Executing VM operation: Cleanup done
Event: 368.648 Executing VM operation: Cleanup
Event: 368.648 Executing VM operation: Cleanup done

Events (20 events):
Event: 369.062 Thread 0x000001a91a3ec3d0 Thread added: 0x000001a91a3ec3d0
Event: 369.062 Thread 0x000001a91a3f0730 Thread added: 0x000001a91a3f0730
Event: 369.062 Thread 0x000001a91a3f3c20 Thread added: 0x000001a91a3f3c20
Event: 369.062 Thread 0x000001a91a3ec8a0 Thread added: 0x000001a91a3ec8a0
Event: 369.062 Thread 0x000001a91a3ecd70 Thread added: 0x000001a91a3ecd70
Event: 369.062 Thread 0x000001a91d392bb0 Thread added: 0x000001a91d392bb0
Event: 369.062 Thread 0x000001a91d393080 Thread added: 0x000001a91d393080
Event: 369.062 Thread 0x000001a91d391d40 Thread added: 0x000001a91d391d40
Event: 369.062 Thread 0x000001a91d393550 Thread added: 0x000001a91d393550
Event: 369.063 Thread 0x000001a91d390a00 Thread added: 0x000001a91d390a00
Event: 369.063 Thread 0x000001a91d390ed0 Thread added: 0x000001a91d390ed0
Event: 369.063 Thread 0x000001a91d393a20 Thread added: 0x000001a91d393a20
Event: 369.063 Thread 0x000001a91d155d40 Thread added: 0x000001a91d155d40
Event: 369.063 Thread 0x000001a91d159700 Thread added: 0x000001a91d159700
Event: 369.063 Thread 0x000001a91d158d60 Thread added: 0x000001a91d158d60
Event: 369.064 Thread 0x000001a91d15a570 Thread added: 0x000001a91d15a570
Event: 369.064 Thread 0x000001a91d159230 Thread added: 0x000001a91d159230
Event: 369.064 Thread 0x000001a91d15aa40 Thread added: 0x000001a91d15aa40
Event: 369.064 Thread 0x000001a91d154ed0 Thread added: 0x000001a91d154ed0
Event: 369.064 Thread 0x000001a91d157a20 Thread added: 0x000001a91d157a20


Dynamic libraries:
0x00007ff7981d0000 - 0x00007ff7981da000 	C:\Program Files\Android\Android Studio\jre\bin\java.exe
0x00007ff86d630000 - 0x00007ff86d828000 	C:\Windows\SYSTEM32\ntdll.dll
0x00007ff86bab0000 - 0x00007ff86bb6d000 	C:\Windows\System32\KERNEL32.DLL
0x00007ff86ae30000 - 0x00007ff86b126000 	C:\Windows\System32\KERNELBASE.dll
0x00007ff86b500000 - 0x00007ff86b600000 	C:\Windows\System32\ucrtbase.dll
0x00007ff8535e0000 - 0x00007ff8535f7000 	C:\Program Files\Android\Android Studio\jre\bin\jli.dll
0x00007ff86bd30000 - 0x00007ff86bece000 	C:\Windows\System32\USER32.dll
0x00007ff86b130000 - 0x00007ff86b152000 	C:\Windows\System32\win32u.dll
0x00007ff86c310000 - 0x00007ff86c33c000 	C:\Windows\System32\GDI32.dll
0x00007ff86b280000 - 0x00007ff86b39a000 	C:\Windows\System32\gdi32full.dll
0x00007ff86b1e0000 - 0x00007ff86b27d000 	C:\Windows\System32\msvcp_win.dll
0x00007ff8535c0000 - 0x00007ff8535db000 	C:\Program Files\Android\Android Studio\jre\bin\VCRUNTIME140.dll
0x00007ff857880000 - 0x00007ff857b1a000 	C:\Windows\WinSxS\amd64_microsoft.windows.common-controls_6595b64144ccf1df_6.0.19041.1110_none_60b5254171f9507e\COMCTL32.dll
0x00007ff86b950000 - 0x00007ff86b9ee000 	C:\Windows\System32\msvcrt.dll
0x00007ff86c3a0000 - 0x00007ff86c3d0000 	C:\Windows\System32\IMM32.DLL
0x00007ff850e60000 - 0x00007ff850e6c000 	C:\Program Files\Android\Android Studio\jre\bin\vcruntime140_1.dll
0x00007ff8399b0000 - 0x00007ff839a3d000 	C:\Program Files\Android\Android Studio\jre\bin\msvcp140.dll
0x00007ff81ea40000 - 0x00007ff81f6ae000 	C:\Program Files\Android\Android Studio\jre\bin\server\jvm.dll
0x00007ff86d450000 - 0x00007ff86d4fe000 	C:\Windows\System32\ADVAPI32.dll
0x00007ff86b9f0000 - 0x00007ff86ba8c000 	C:\Windows\System32\sechost.dll
0x00007ff86c500000 - 0x00007ff86c626000 	C:\Windows\System32\RPCRT4.dll
0x00007ff865090000 - 0x00007ff865099000 	C:\Windows\SYSTEM32\WSOCK32.dll
0x00007ff86c290000 - 0x00007ff86c2fb000 	C:\Windows\System32\WS2_32.dll
0x00007ff8576a0000 - 0x00007ff8576c7000 	C:\Windows\SYSTEM32\WINMM.dll
0x00007ff859ea0000 - 0x00007ff859eaa000 	C:\Windows\SYSTEM32\VERSION.dll
0x00007ff869580000 - 0x00007ff869592000 	C:\Windows\SYSTEM32\kernel.appcore.dll
0x00007ff84cfd0000 - 0x00007ff84cfda000 	C:\Program Files\Android\Android Studio\jre\bin\jimage.dll
0x00007ff865900000 - 0x00007ff865ae4000 	C:\Windows\SYSTEM32\DBGHELP.DLL
0x00007ff851f90000 - 0x00007ff851fc4000 	C:\Windows\SYSTEM32\dbgcore.DLL
0x00007ff86b600000 - 0x00007ff86b682000 	C:\Windows\System32\bcryptPrimitives.dll
0x00007ff8445a0000 - 0x00007ff8445c5000 	C:\Program Files\Android\Android Studio\jre\bin\java.dll
0x00007ff84c8a0000 - 0x00007ff84c8b8000 	C:\Program Files\Android\Android Studio\jre\bin\zip.dll
0x00007ff86cd00000 - 0x00007ff86d445000 	C:\Windows\System32\SHELL32.dll
0x00007ff865c40000 - 0x00007ff8663db000 	C:\Windows\SYSTEM32\windows.storage.dll
0x00007ff86bf30000 - 0x00007ff86c284000 	C:\Windows\System32\combase.dll
0x00007ff86a680000 - 0x00007ff86a6ae000 	C:\Windows\SYSTEM32\Wldp.dll
0x00007ff86bb70000 - 0x00007ff86bc1d000 	C:\Windows\System32\SHCORE.dll
0x00007ff86b8e0000 - 0x00007ff86b935000 	C:\Windows\System32\shlwapi.dll
0x00007ff86ac40000 - 0x00007ff86ac65000 	C:\Windows\SYSTEM32\profapi.dll
0x00007ff848040000 - 0x00007ff848059000 	C:\Program Files\Android\Android Studio\jre\bin\net.dll
0x00007ff860b30000 - 0x00007ff860c3a000 	C:\Windows\SYSTEM32\WINHTTP.dll
0x00007ff86a3e0000 - 0x00007ff86a44a000 	C:\Windows\system32\mswsock.dll
0x00007ff844380000 - 0x00007ff844396000 	C:\Program Files\Android\Android Studio\jre\bin\nio.dll
0x00007ff84c050000 - 0x00007ff84c060000 	C:\Program Files\Android\Android Studio\jre\bin\verify.dll
0x00007ff842c60000 - 0x00007ff842c87000 	C:\Users\hedra\.gradle\native\e1d6ef7f7dcc3fd88c89a11ec53ec762bb8ba0a96d01ffa2cd45eb1d1d8dd5c5\windows-amd64\native-platform.dll
0x00007ff82a860000 - 0x00007ff82a9a4000 	C:\Users\hedra\.gradle\native\5664cfc778a61ccfe75a443a1ab52a65af34e5dc3c78e0209fed803814484fcb\windows-amd64\native-platform-file-events.dll
0x00007ff848880000 - 0x00007ff848889000 	C:\Program Files\Android\Android Studio\jre\bin\management.dll
0x00007ff847e40000 - 0x00007ff847e4b000 	C:\Program Files\Android\Android Studio\jre\bin\management_ext.dll
0x00007ff86b940000 - 0x00007ff86b948000 	C:\Windows\System32\PSAPI.DLL
0x00007ff86a5d0000 - 0x00007ff86a5e8000 	C:\Windows\SYSTEM32\CRYPTSP.dll
0x00007ff869cf0000 - 0x00007ff869d24000 	C:\Windows\system32\rsaenh.dll
0x00007ff86b1b0000 - 0x00007ff86b1d7000 	C:\Windows\System32\bcrypt.dll
0x00007ff86ac00000 - 0x00007ff86ac2e000 	C:\Windows\SYSTEM32\USERENV.dll
0x00007ff86a5f0000 - 0x00007ff86a5fc000 	C:\Windows\SYSTEM32\CRYPTBASE.dll
0x00007ff86a0d0000 - 0x00007ff86a10b000 	C:\Windows\SYSTEM32\IPHLPAPI.DLL
0x00007ff86d5e0000 - 0x00007ff86d5e8000 	C:\Windows\System32\NSI.dll
0x00007ff860f80000 - 0x00007ff860f97000 	C:\Windows\SYSTEM32\dhcpcsvc6.DLL
0x00007ff861450000 - 0x00007ff86146d000 	C:\Windows\SYSTEM32\dhcpcsvc.DLL
0x00007ff86a110000 - 0x00007ff86a1da000 	C:\Windows\SYSTEM32\DNSAPI.dll
0x00007ff858f90000 - 0x00007ff858f97000 	C:\Windows\system32\wshunix.dll
0x00007ff869e10000 - 0x00007ff869e43000 	C:\Windows\SYSTEM32\ntmarta.dll

dbghelp: loaded successfully - version: 4.0.5 - missing functions: none
symbol engine: initialized successfully - sym options: 0x614 - pdb path: .;C:\Program Files\Android\Android Studio\jre\bin;C:\Windows\SYSTEM32;C:\Windows\WinSxS\amd64_microsoft.windows.common-controls_6595b64144ccf1df_6.0.19041.1110_none_60b5254171f9507e;C:\Program Files\Android\Android Studio\jre\bin\server;C:\Users\hedra\.gradle\native\e1d6ef7f7dcc3fd88c89a11ec53ec762bb8ba0a96d01ffa2cd45eb1d1d8dd5c5\windows-amd64;C:\Users\hedra\.gradle\native\5664cfc778a61ccfe75a443a1ab52a65af34e5dc3c78e0209fed803814484fcb\windows-amd64

VM Arguments:
jvm_args: --add-opens=java.base/java.util=ALL-UNNAMED --add-opens=java.base/java.lang=ALL-UNNAMED --add-opens=java.base/java.lang.invoke=ALL-UNNAMED --add-opens=java.base/java.util=ALL-UNNAMED --add-opens=java.prefs/java.util.prefs=ALL-UNNAMED --add-opens=java.prefs/java.util.prefs=ALL-UNNAMED --add-opens=java.base/java.nio.charset=ALL-UNNAMED --add-opens=java.base/java.net=ALL-UNNAMED --add-opens=java.base/java.util.concurrent.atomic=ALL-UNNAMED -Xmx2536M -Dfile.encoding=windows-1252 -Duser.country=US -Duser.language=en -Duser.variant 
java_command: org.gradle.launcher.daemon.bootstrap.GradleDaemon 7.3.3
java_class_path (initial): C:\Users\hedra\.gradle\wrapper\dists\gradle-7.3.3-all\4295vidhdd9hd3gbjyw1xqxpo\gradle-7.3.3\lib\gradle-launcher-7.3.3.jar
Launcher Type: SUN_STANDARD

[Global flags]
     intx CICompilerCount                          = 3                                         {product} {ergonomic}
     uint ConcGCThreads                            = 1                                         {product} {ergonomic}
     uint G1ConcRefinementThreads                  = 4                                         {product} {ergonomic}
   size_t G1HeapRegionSize                         = 2097152                                   {product} {ergonomic}
    uintx GCDrainStackTargetSize                   = 64                                        {product} {ergonomic}
   size_t InitialHeapSize                          = 266338304                                 {product} {ergonomic}
   size_t MarkStackSize                            = 4194304                                   {product} {ergonomic}
   size_t MaxHeapSize                              = 2659188736                                {product} {command line}
   size_t MaxNewSize                               = 1593835520                                {product} {ergonomic}
   size_t MinHeapDeltaBytes                        = 2097152                                   {product} {ergonomic}
   size_t MinHeapSize                              = 8388608                                   {product} {ergonomic}
    uintx NonNMethodCodeHeapSize                   = 5832780                                {pd product} {ergonomic}
    uintx NonProfiledCodeHeapSize                  = 122912730                              {pd product} {ergonomic}
    uintx ProfiledCodeHeapSize                     = 122912730                              {pd product} {ergonomic}
    uintx ReservedCodeCacheSize                    = 251658240                              {pd product} {ergonomic}
     bool SegmentedCodeCache                       = true                                      {product} {ergonomic}
   size_t SoftMaxHeapSize                          = 2659188736                             {manageable} {ergonomic}
     bool UseCompressedClassPointers               = true                           {product lp64_product} {ergonomic}
     bool UseCompressedOops                        = true                           {product lp64_product} {ergonomic}
     bool UseG1GC                                  = true                                      {product} {ergonomic}
     bool UseLargePagesIndividualAllocation        = false                                  {pd product} {ergonomic}

Logging:
Log output configuration:
 #0: stdout all=warning uptime,level,tags
 #1: stderr all=off uptime,level,tags

Environment Variables:
JAVA_HOME=C:\Program Files\Android\Android Studio\jre
CLASSPATH=D:\Naouma Last\android\\gradle\wrapper\gradle-wrapper.jar
PATH=C:\Program Files\Common Files\Oracle\Java\javapath;C:\Windows\system32;C:\Windows;C:\Windows\System32\Wbem;C:\Windows\System32\WindowsPowerShell\v1.0\;C:\Windows\System32\OpenSSH\;C:\Program Files\dotnet\;C:\Program Files (x86)\Intel\Intel(R) Management Engine Components\DAL;C:\Program Files\Intel\Intel(R) Management Engine Components\DAL;C:\Program Files\Git\cmd;D:\nauma\flutter-3.0\bin;C:\Program Files\Git\cmd;C:\Program Files\nodejs\;C:\ProgramData\chocolatey;C:\Program Files\PuTTY\;C:\Users\hedra\AppData\Local\Microsoft\WindowsApps;C:\Program Files\Git;C:\flutter;C:\Users\hedra\AppData\Roaming\npm;C:\Users\hedra\AppData\Local\Programs\Microsoft VS Code\bin;C:\Users\hedra\AppData\Local\GitHubDesktop\bin;C:\Users\hedra\AppData\Local\Google\Cloud SDK\google-cloud-sdk\bin;C:\flutter\bin\mingit\cmd
USERNAME=hedra
OS=Windows_NT
PROCESSOR_IDENTIFIER=Intel64 Family 6 Model 142 Stepping 9, GenuineIntel
TMP=C:\Users\hedra\AppData\Local\Temp
TEMP=C:\Users\hedra\AppData\Local\Temp


JNI global refs:
JNI global refs: 26, weak refs: 12

JNI global refs memory usage: 843, weak refs: 841


---------------  S Y S T E M  ---------------

OS:
 Windows 10 , 64 bit Build 19041 (10.0.19041.3393)
OS uptime: 0 days 15:53 hours

CPU: total 4 (initial active 4) (2 cores per cpu, 2 threads per core) family 6 model 142 stepping 9 microcode 0xf4, cx8, cmov, fxsr, ht, mmx, 3dnowpref, sse, sse2, sse3, ssse3, sse4.1, sse4.2, popcnt, lzcnt, tsc, tscinvbit, avx, avx2, aes, erms, clmul, bmi1, bmi2, rtm, adx, fma, vzeroupper, clflush, clflushopt

Memory: 4k page, system-wide physical 16242M (4893M free)
TotalPageFile size 17266M (AvailPageFile size 5M)
current process WorkingSet (physical memory assigned to process): 235M, peak: 1050M
current process commit charge ("private bytes"): 1066M, peak: 1129M

vm_info: OpenJDK 64-Bit Server VM (17.0.6+0-b2043.56-10027231) for windows-amd64 JRE (17.0.6+0-b2043.56-10027231), built on Apr 28 2023 00:43:19 by "androidbuild" with MS VC++ 16.10 / 16.11 (VS2019)

END.
