#
# There is insufficient memory for the Java Runtime Environment to continue.
# Native memory allocation (malloc) failed to allocate 32744 bytes for ChunkPool::allocate
# Possible reasons:
#   The system is out of physical RAM or swap space
#   The process is running with CompressedOops enabled, and the Java Heap may be blocking the growth of the native heap
# Possible solutions:
#   Reduce memory load on the system
#   Increase physical memory or swap space
#   Check if swap backing store is full
#   Decrease Java heap size (-Xmx/-Xms)
#   Decrease number of Java threads
#   Decrease Java thread stack sizes (-Xss)
#   Set larger code cache with -XX:ReservedCodeCacheSize=
#   JVM is running with Zero Based Compressed Oops mode in which the Java heap is
#     placed in the first 32GB address space. The Java Heap base address is the
#     maximum limit for the native heap growth. Please use -XX:HeapBaseMinAddress
#     to set the Java Heap base and to place the Java Heap above 32GB virtual address.
# This output file may be truncated or incomplete.
#
#  Out of Memory Error (arena.cpp:78), pid=2780, tid=10396
#
# JRE version: OpenJDK Runtime Environment (17.0.6) (build 17.0.6+0-b2043.56-10027231)
# Java VM: OpenJDK 64-Bit Server VM (17.0.6+0-b2043.56-10027231, mixed mode, tiered, compressed oops, compressed class ptrs, g1 gc, windows-amd64)
# No core dump will be written. Minidumps are not enabled by default on client versions of Windows
#

---------------  S U M M A R Y ------------

Command Line: -Dorg.gradle.appname=gradlew org.gradle.wrapper.GradleWrapperMain -q -Ptarget-platform=android-x64 -Ptarget=D:\Naouma Last\lib\main.dart -Pbase-application-name=android.app.Application -Pdart-defines=Zmx1dHRlci5pbnNwZWN0b3Iuc3RydWN0dXJlZEVycm9ycz10cnVl,RkxVVFRFUl9XRUJfQVVUT19ERVRFQ1Q9dHJ1ZQ== -Pdart-obfuscation=false -Ptrack-widget-creation=true -Ptree-shake-icons=false -Pfilesystem-scheme=org-dartlang-root assembleDebug

Host: Intel(R) Core(TM) i5-7300U CPU @ 2.60GHz, 4 cores, 15G,  Windows 10 , 64 bit Build 19041 (10.0.19041.3393)
Time: Thu Sep 28 09:31:55 2023 Egypt Daylight Time elapsed time: 7.266654 seconds (0d 0h 0m 7s)

---------------  T H R E A D  ---------------

Current thread (0x000001f3da4d7590):  JavaThread "C1 CompilerThread0" daemon [_thread_in_native, id=10396, stack(0x000000ed45400000,0x000000ed45500000)]


Current CompileTask:
C1:   7266 1175       3       java.util.ArrayList::isEmpty (13 bytes)

Stack: [0x000000ed45400000,0x000000ed45500000]
Native frames: (J=compiled Java code, j=interpreted, Vv=VM code, C=native code)
V  [jvm.dll+0x683c9a]
V  [jvm.dll+0x8427a4]
V  [jvm.dll+0x843f9e]
V  [jvm.dll+0x844603]
V  [jvm.dll+0x249b75]
V  [jvm.dll+0xabecc]
V  [jvm.dll+0xac27c]
V  [jvm.dll+0xb87cd]
V  [jvm.dll+0x160e3d]
V  [jvm.dll+0x15f10e]
V  [jvm.dll+0x14d410]
V  [jvm.dll+0x135ef7]
V  [jvm.dll+0x13587f]
V  [jvm.dll+0x135ab6]
V  [jvm.dll+0x134f4a]
V  [jvm.dll+0x136c11]
V  [jvm.dll+0x22b098]
V  [jvm.dll+0x229159]
V  [jvm.dll+0x7f81ec]
V  [jvm.dll+0x7f274a]
V  [jvm.dll+0x682ad5]
C  [ucrtbase.dll+0x21bb2]
C  [KERNEL32.DLL+0x17344]
C  [ntdll.dll+0x526b1]


---------------  P R O C E S S  ---------------

Threads class SMR info:
_java_thread_list=0x000001f3dbef6ce0, length=15, elements={
0x000001f3b9afcd60, 0x000001f3da421140, 0x000001f3da421ec0, 0x000001f3da451820,
0x000001f3da47df90, 0x000001f3da47e850, 0x000001f3da47f110, 0x000001f3da47fd00,
0x000001f3da4d7590, 0x000001f3da4e3a90, 0x000001f3da5f2f40, 0x000001f3da600320,
0x000001f3dad3b0f0, 0x000001f3dbfc0680, 0x000001f3dbfc0b50
}

Java Threads: ( => current thread )
  0x000001f3b9afcd60 JavaThread "main" [_thread_in_native, id=512, stack(0x000000ed44600000,0x000000ed44700000)]
  0x000001f3da421140 JavaThread "Reference Handler" daemon [_thread_blocked, id=8544, stack(0x000000ed44d00000,0x000000ed44e00000)]
  0x000001f3da421ec0 JavaThread "Finalizer" daemon [_thread_blocked, id=12268, stack(0x000000ed44e00000,0x000000ed44f00000)]
  0x000001f3da451820 JavaThread "Signal Dispatcher" daemon [_thread_blocked, id=11172, stack(0x000000ed44f00000,0x000000ed45000000)]
  0x000001f3da47df90 JavaThread "Attach Listener" daemon [_thread_blocked, id=6048, stack(0x000000ed45000000,0x000000ed45100000)]
  0x000001f3da47e850 JavaThread "Service Thread" daemon [_thread_blocked, id=1540, stack(0x000000ed45100000,0x000000ed45200000)]
  0x000001f3da47f110 JavaThread "Monitor Deflation Thread" daemon [_thread_blocked, id=10752, stack(0x000000ed45200000,0x000000ed45300000)]
  0x000001f3da47fd00 JavaThread "C2 CompilerThread0" daemon [_thread_in_native, id=10036, stack(0x000000ed45300000,0x000000ed45400000)]
=>0x000001f3da4d7590 JavaThread "C1 CompilerThread0" daemon [_thread_in_native, id=10396, stack(0x000000ed45400000,0x000000ed45500000)]
  0x000001f3da4e3a90 JavaThread "Sweeper thread" daemon [_thread_blocked, id=4392, stack(0x000000ed45500000,0x000000ed45600000)]
  0x000001f3da5f2f40 JavaThread "Notification Thread" daemon [_thread_blocked, id=4720, stack(0x000000ed45600000,0x000000ed45700000)]
  0x000001f3da600320 JavaThread "Common-Cleaner" daemon [_thread_blocked, id=2576, stack(0x000000ed45800000,0x000000ed45900000)]
  0x000001f3dad3b0f0 JavaThread "pool-1-thread-1" [_thread_blocked, id=4788, stack(0x000000ed45c00000,0x000000ed45d00000)]
  0x000001f3dbfc0680 JavaThread "DisconnectableInputStream source reader" daemon [_thread_in_native, id=1172, stack(0x000000ed45e00000,0x000000ed45f00000)]
  0x000001f3dbfc0b50 JavaThread "Forward input" [_thread_blocked, id=5820, stack(0x000000ed45f00000,0x000000ed46000000)]

Other Threads:
  0x000001f3da41d600 VMThread "VM Thread" [stack: 0x000000ed44c00000,0x000000ed44d00000] [id=10696]
  0x000001f3da5f3410 WatcherThread [stack: 0x000000ed45700000,0x000000ed45800000] [id=4236]
  0x000001f3b9b68140 GCTaskThread "GC Thread#0" [stack: 0x000000ed44700000,0x000000ed44800000] [id=6720]
  0x000001f3da9a9080 GCTaskThread "GC Thread#1" [stack: 0x000000ed45900000,0x000000ed45a00000] [id=3304]
  0x000001f3daa71eb0 GCTaskThread "GC Thread#2" [stack: 0x000000ed45a00000,0x000000ed45b00000] [id=12996]
  0x000001f3daa72160 GCTaskThread "GC Thread#3" [stack: 0x000000ed45b00000,0x000000ed45c00000] [id=11296]
  0x000001f3b9b78d60 ConcurrentGCThread "G1 Main Marker" [stack: 0x000000ed44800000,0x000000ed44900000] [id=7988]
  0x000001f3b9b7ae30 ConcurrentGCThread "G1 Conc#0" [stack: 0x000000ed44900000,0x000000ed44a00000] [id=4644]
  0x000001f3b9bba7e0 ConcurrentGCThread "G1 Refine#0" [stack: 0x000000ed44a00000,0x000000ed44b00000] [id=6588]
  0x000001f3d99c4240 ConcurrentGCThread "G1 Service" [stack: 0x000000ed44b00000,0x000000ed44c00000] [id=3936]

Threads with active compile tasks:
C2 CompilerThread0     7291 1174       4       java.lang.invoke.VarHandle::checkExactAccessMode (28 bytes)
C1 CompilerThread0     7291 1175       3       java.util.ArrayList::isEmpty (13 bytes)

VM state: not at safepoint (normal execution)

VM Mutex/Monitor currently owned by a thread: None

Heap address: 0x0000000702200000, size: 4062 MB, Compressed Oops mode: Zero based, Oop shift amount: 3

CDS archive(s) not mapped
Compressed class space mapped at: 0x0000000800000000-0x0000000840000000, reserved size: 1073741824
Narrow klass base: 0x0000000800000000, Narrow klass shift: 0, Narrow klass range: 0x40000000

GC Precious Log:
 CPUs: 4 total, 4 available
 Memory: 16242M
 Large Page Support: Disabled
 NUMA Support: Disabled
 Compressed Oops: Enabled (Zero based)
 Heap Region Size: 2M
 Heap Min Capacity: 8M
 Heap Initial Capacity: 254M
 Heap Max Capacity: 4062M
 Pre-touch: Disabled
 Parallel Workers: 4
 Concurrent Workers: 1
 Concurrent Refinement Workers: 4
 Periodic GC: Disabled

Heap:
 garbage-first heap   total 260096K, used 18472K [0x0000000702200000, 0x0000000800000000)
  region size 2048K, 6 young (12288K), 1 survivors (2048K)
 Metaspace       used 16045K, committed 16320K, reserved 1064960K
  class space    used 1870K, committed 1984K, reserved 1048576K

Heap Regions: E=young(eden), S=young(survivor), O=old, HS=humongous(starts), HC=humongous(continues), CS=collection set, F=free, OA=open archive, CA=closed archive, TAMS=top-at-mark-start (previous, next)
|   0|0x0000000702200000, 0x0000000702400000, 0x0000000702400000|100%|HS|  |TAMS 0x0000000702200000, 0x0000000702200000| Complete 
|   1|0x0000000702400000, 0x0000000702600000, 0x0000000702600000|100%|HC|  |TAMS 0x0000000702400000, 0x0000000702400000| Complete 
|   2|0x0000000702600000, 0x0000000702800000, 0x0000000702800000|100%| O|  |TAMS 0x0000000702600000, 0x0000000702600000| Untracked 
|   3|0x0000000702800000, 0x0000000702a00000, 0x0000000702a00000|100%| O|  |TAMS 0x0000000702800000, 0x0000000702800000| Untracked 
|   4|0x0000000702a00000, 0x0000000702a0a000, 0x0000000702c00000|  1%| O|  |TAMS 0x0000000702a00000, 0x0000000702a00000| Untracked 
|   5|0x0000000702c00000, 0x0000000702c00000, 0x0000000702e00000|  0%| F|  |TAMS 0x0000000702c00000, 0x0000000702c00000| Untracked 
|   6|0x0000000702e00000, 0x0000000702e00000, 0x0000000703000000|  0%| F|  |TAMS 0x0000000702e00000, 0x0000000702e00000| Untracked 
|   7|0x0000000703000000, 0x0000000703000000, 0x0000000703200000|  0%| F|  |TAMS 0x0000000703000000, 0x0000000703000000| Untracked 
|   8|0x0000000703200000, 0x0000000703200000, 0x0000000703400000|  0%| F|  |TAMS 0x0000000703200000, 0x0000000703200000| Untracked 
|   9|0x0000000703400000, 0x0000000703400000, 0x0000000703600000|  0%| F|  |TAMS 0x0000000703400000, 0x0000000703400000| Untracked 
|  10|0x0000000703600000, 0x0000000703600000, 0x0000000703800000|  0%| F|  |TAMS 0x0000000703600000, 0x0000000703600000| Untracked 
|  11|0x0000000703800000, 0x0000000703800000, 0x0000000703a00000|  0%| F|  |TAMS 0x0000000703800000, 0x0000000703800000| Untracked 
|  12|0x0000000703a00000, 0x0000000703a00000, 0x0000000703c00000|  0%| F|  |TAMS 0x0000000703a00000, 0x0000000703a00000| Untracked 
|  13|0x0000000703c00000, 0x0000000703c00000, 0x0000000703e00000|  0%| F|  |TAMS 0x0000000703c00000, 0x0000000703c00000| Untracked 
|  14|0x0000000703e00000, 0x0000000703e00000, 0x0000000704000000|  0%| F|  |TAMS 0x0000000703e00000, 0x0000000703e00000| Untracked 
|  15|0x0000000704000000, 0x0000000704000000, 0x0000000704200000|  0%| F|  |TAMS 0x0000000704000000, 0x0000000704000000| Untracked 
|  16|0x0000000704200000, 0x0000000704200000, 0x0000000704400000|  0%| F|  |TAMS 0x0000000704200000, 0x0000000704200000| Untracked 
|  17|0x0000000704400000, 0x0000000704400000, 0x0000000704600000|  0%| F|  |TAMS 0x0000000704400000, 0x0000000704400000| Untracked 
|  18|0x0000000704600000, 0x0000000704600000, 0x0000000704800000|  0%| F|  |TAMS 0x0000000704600000, 0x0000000704600000| Untracked 
|  19|0x0000000704800000, 0x0000000704800000, 0x0000000704a00000|  0%| F|  |TAMS 0x0000000704800000, 0x0000000704800000| Untracked 
|  20|0x0000000704a00000, 0x0000000704a00000, 0x0000000704c00000|  0%| F|  |TAMS 0x0000000704a00000, 0x0000000704a00000| Untracked 
|  21|0x0000000704c00000, 0x0000000704c00000, 0x0000000704e00000|  0%| F|  |TAMS 0x0000000704c00000, 0x0000000704c00000| Untracked 
|  22|0x0000000704e00000, 0x0000000704e00000, 0x0000000705000000|  0%| F|  |TAMS 0x0000000704e00000, 0x0000000704e00000| Untracked 
|  23|0x0000000705000000, 0x0000000705000000, 0x0000000705200000|  0%| F|  |TAMS 0x0000000705000000, 0x0000000705000000| Untracked 
|  24|0x0000000705200000, 0x0000000705200000, 0x0000000705400000|  0%| F|  |TAMS 0x0000000705200000, 0x0000000705200000| Untracked 
|  25|0x0000000705400000, 0x0000000705400000, 0x0000000705600000|  0%| F|  |TAMS 0x0000000705400000, 0x0000000705400000| Untracked 
|  26|0x0000000705600000, 0x0000000705600000, 0x0000000705800000|  0%| F|  |TAMS 0x0000000705600000, 0x0000000705600000| Untracked 
|  27|0x0000000705800000, 0x0000000705800000, 0x0000000705a00000|  0%| F|  |TAMS 0x0000000705800000, 0x0000000705800000| Untracked 
|  28|0x0000000705a00000, 0x0000000705a00000, 0x0000000705c00000|  0%| F|  |TAMS 0x0000000705a00000, 0x0000000705a00000| Untracked 
|  29|0x0000000705c00000, 0x0000000705c00000, 0x0000000705e00000|  0%| F|  |TAMS 0x0000000705c00000, 0x0000000705c00000| Untracked 
|  30|0x0000000705e00000, 0x0000000705e00000, 0x0000000706000000|  0%| F|  |TAMS 0x0000000705e00000, 0x0000000705e00000| Untracked 
|  31|0x0000000706000000, 0x0000000706000000, 0x0000000706200000|  0%| F|  |TAMS 0x0000000706000000, 0x0000000706000000| Untracked 
|  32|0x0000000706200000, 0x0000000706200000, 0x0000000706400000|  0%| F|  |TAMS 0x0000000706200000, 0x0000000706200000| Untracked 
|  33|0x0000000706400000, 0x0000000706400000, 0x0000000706600000|  0%| F|  |TAMS 0x0000000706400000, 0x0000000706400000| Untracked 
|  34|0x0000000706600000, 0x0000000706600000, 0x0000000706800000|  0%| F|  |TAMS 0x0000000706600000, 0x0000000706600000| Untracked 
|  35|0x0000000706800000, 0x0000000706800000, 0x0000000706a00000|  0%| F|  |TAMS 0x0000000706800000, 0x0000000706800000| Untracked 
|  36|0x0000000706a00000, 0x0000000706a00000, 0x0000000706c00000|  0%| F|  |TAMS 0x0000000706a00000, 0x0000000706a00000| Untracked 
|  37|0x0000000706c00000, 0x0000000706c00000, 0x0000000706e00000|  0%| F|  |TAMS 0x0000000706c00000, 0x0000000706c00000| Untracked 
|  38|0x0000000706e00000, 0x0000000706e00000, 0x0000000707000000|  0%| F|  |TAMS 0x0000000706e00000, 0x0000000706e00000| Untracked 
|  39|0x0000000707000000, 0x0000000707000000, 0x0000000707200000|  0%| F|  |TAMS 0x0000000707000000, 0x0000000707000000| Untracked 
|  40|0x0000000707200000, 0x0000000707200000, 0x0000000707400000|  0%| F|  |TAMS 0x0000000707200000, 0x0000000707200000| Untracked 
|  41|0x0000000707400000, 0x0000000707400000, 0x0000000707600000|  0%| F|  |TAMS 0x0000000707400000, 0x0000000707400000| Untracked 
|  42|0x0000000707600000, 0x0000000707600000, 0x0000000707800000|  0%| F|  |TAMS 0x0000000707600000, 0x0000000707600000| Untracked 
|  43|0x0000000707800000, 0x0000000707800000, 0x0000000707a00000|  0%| F|  |TAMS 0x0000000707800000, 0x0000000707800000| Untracked 
|  44|0x0000000707a00000, 0x0000000707a00000, 0x0000000707c00000|  0%| F|  |TAMS 0x0000000707a00000, 0x0000000707a00000| Untracked 
|  45|0x0000000707c00000, 0x0000000707c00000, 0x0000000707e00000|  0%| F|  |TAMS 0x0000000707c00000, 0x0000000707c00000| Untracked 
|  46|0x0000000707e00000, 0x0000000707e00000, 0x0000000708000000|  0%| F|  |TAMS 0x0000000707e00000, 0x0000000707e00000| Untracked 
|  47|0x0000000708000000, 0x0000000708000000, 0x0000000708200000|  0%| F|  |TAMS 0x0000000708000000, 0x0000000708000000| Untracked 
|  48|0x0000000708200000, 0x0000000708200000, 0x0000000708400000|  0%| F|  |TAMS 0x0000000708200000, 0x0000000708200000| Untracked 
|  49|0x0000000708400000, 0x0000000708400000, 0x0000000708600000|  0%| F|  |TAMS 0x0000000708400000, 0x0000000708400000| Untracked 
|  50|0x0000000708600000, 0x0000000708600000, 0x0000000708800000|  0%| F|  |TAMS 0x0000000708600000, 0x0000000708600000| Untracked 
|  51|0x0000000708800000, 0x0000000708800000, 0x0000000708a00000|  0%| F|  |TAMS 0x0000000708800000, 0x0000000708800000| Untracked 
|  52|0x0000000708a00000, 0x0000000708a00000, 0x0000000708c00000|  0%| F|  |TAMS 0x0000000708a00000, 0x0000000708a00000| Untracked 
|  53|0x0000000708c00000, 0x0000000708c00000, 0x0000000708e00000|  0%| F|  |TAMS 0x0000000708c00000, 0x0000000708c00000| Untracked 
|  54|0x0000000708e00000, 0x0000000708e00000, 0x0000000709000000|  0%| F|  |TAMS 0x0000000708e00000, 0x0000000708e00000| Untracked 
|  55|0x0000000709000000, 0x0000000709000000, 0x0000000709200000|  0%| F|  |TAMS 0x0000000709000000, 0x0000000709000000| Untracked 
|  56|0x0000000709200000, 0x0000000709200000, 0x0000000709400000|  0%| F|  |TAMS 0x0000000709200000, 0x0000000709200000| Untracked 
|  57|0x0000000709400000, 0x0000000709400000, 0x0000000709600000|  0%| F|  |TAMS 0x0000000709400000, 0x0000000709400000| Untracked 
|  58|0x0000000709600000, 0x0000000709600000, 0x0000000709800000|  0%| F|  |TAMS 0x0000000709600000, 0x0000000709600000| Untracked 
|  59|0x0000000709800000, 0x0000000709800000, 0x0000000709a00000|  0%| F|  |TAMS 0x0000000709800000, 0x0000000709800000| Untracked 
|  60|0x0000000709a00000, 0x0000000709a00000, 0x0000000709c00000|  0%| F|  |TAMS 0x0000000709a00000, 0x0000000709a00000| Untracked 
|  61|0x0000000709c00000, 0x0000000709c00000, 0x0000000709e00000|  0%| F|  |TAMS 0x0000000709c00000, 0x0000000709c00000| Untracked 
|  62|0x0000000709e00000, 0x0000000709e00000, 0x000000070a000000|  0%| F|  |TAMS 0x0000000709e00000, 0x0000000709e00000| Untracked 
|  63|0x000000070a000000, 0x000000070a000000, 0x000000070a200000|  0%| F|  |TAMS 0x000000070a000000, 0x000000070a000000| Untracked 
|  64|0x000000070a200000, 0x000000070a200000, 0x000000070a400000|  0%| F|  |TAMS 0x000000070a200000, 0x000000070a200000| Untracked 
|  65|0x000000070a400000, 0x000000070a400000, 0x000000070a600000|  0%| F|  |TAMS 0x000000070a400000, 0x000000070a400000| Untracked 
|  66|0x000000070a600000, 0x000000070a600000, 0x000000070a800000|  0%| F|  |TAMS 0x000000070a600000, 0x000000070a600000| Untracked 
|  67|0x000000070a800000, 0x000000070a800000, 0x000000070aa00000|  0%| F|  |TAMS 0x000000070a800000, 0x000000070a800000| Untracked 
|  68|0x000000070aa00000, 0x000000070aa00000, 0x000000070ac00000|  0%| F|  |TAMS 0x000000070aa00000, 0x000000070aa00000| Untracked 
|  69|0x000000070ac00000, 0x000000070ac00000, 0x000000070ae00000|  0%| F|  |TAMS 0x000000070ac00000, 0x000000070ac00000| Untracked 
|  70|0x000000070ae00000, 0x000000070ae00000, 0x000000070b000000|  0%| F|  |TAMS 0x000000070ae00000, 0x000000070ae00000| Untracked 
|  71|0x000000070b000000, 0x000000070b000000, 0x000000070b200000|  0%| F|  |TAMS 0x000000070b000000, 0x000000070b000000| Untracked 
|  72|0x000000070b200000, 0x000000070b200000, 0x000000070b400000|  0%| F|  |TAMS 0x000000070b200000, 0x000000070b200000| Untracked 
|  73|0x000000070b400000, 0x000000070b400000, 0x000000070b600000|  0%| F|  |TAMS 0x000000070b400000, 0x000000070b400000| Untracked 
|  74|0x000000070b600000, 0x000000070b600000, 0x000000070b800000|  0%| F|  |TAMS 0x000000070b600000, 0x000000070b600000| Untracked 
|  75|0x000000070b800000, 0x000000070b800000, 0x000000070ba00000|  0%| F|  |TAMS 0x000000070b800000, 0x000000070b800000| Untracked 
|  76|0x000000070ba00000, 0x000000070ba00000, 0x000000070bc00000|  0%| F|  |TAMS 0x000000070ba00000, 0x000000070ba00000| Untracked 
|  77|0x000000070bc00000, 0x000000070bc00000, 0x000000070be00000|  0%| F|  |TAMS 0x000000070bc00000, 0x000000070bc00000| Untracked 
|  78|0x000000070be00000, 0x000000070be00000, 0x000000070c000000|  0%| F|  |TAMS 0x000000070be00000, 0x000000070be00000| Untracked 
|  79|0x000000070c000000, 0x000000070c000000, 0x000000070c200000|  0%| F|  |TAMS 0x000000070c000000, 0x000000070c000000| Untracked 
|  80|0x000000070c200000, 0x000000070c200000, 0x000000070c400000|  0%| F|  |TAMS 0x000000070c200000, 0x000000070c200000| Untracked 
|  81|0x000000070c400000, 0x000000070c400000, 0x000000070c600000|  0%| F|  |TAMS 0x000000070c400000, 0x000000070c400000| Untracked 
|  82|0x000000070c600000, 0x000000070c600000, 0x000000070c800000|  0%| F|  |TAMS 0x000000070c600000, 0x000000070c600000| Untracked 
|  83|0x000000070c800000, 0x000000070c800000, 0x000000070ca00000|  0%| F|  |TAMS 0x000000070c800000, 0x000000070c800000| Untracked 
|  84|0x000000070ca00000, 0x000000070ca00000, 0x000000070cc00000|  0%| F|  |TAMS 0x000000070ca00000, 0x000000070ca00000| Untracked 
|  85|0x000000070cc00000, 0x000000070cc00000, 0x000000070ce00000|  0%| F|  |TAMS 0x000000070cc00000, 0x000000070cc00000| Untracked 
|  86|0x000000070ce00000, 0x000000070ce00000, 0x000000070d000000|  0%| F|  |TAMS 0x000000070ce00000, 0x000000070ce00000| Untracked 
|  87|0x000000070d000000, 0x000000070d000000, 0x000000070d200000|  0%| F|  |TAMS 0x000000070d000000, 0x000000070d000000| Untracked 
|  88|0x000000070d200000, 0x000000070d200000, 0x000000070d400000|  0%| F|  |TAMS 0x000000070d200000, 0x000000070d200000| Untracked 
|  89|0x000000070d400000, 0x000000070d400000, 0x000000070d600000|  0%| F|  |TAMS 0x000000070d400000, 0x000000070d400000| Untracked 
|  90|0x000000070d600000, 0x000000070d600000, 0x000000070d800000|  0%| F|  |TAMS 0x000000070d600000, 0x000000070d600000| Untracked 
|  91|0x000000070d800000, 0x000000070d800000, 0x000000070da00000|  0%| F|  |TAMS 0x000000070d800000, 0x000000070d800000| Untracked 
|  92|0x000000070da00000, 0x000000070da00000, 0x000000070dc00000|  0%| F|  |TAMS 0x000000070da00000, 0x000000070da00000| Untracked 
|  93|0x000000070dc00000, 0x000000070dc00000, 0x000000070de00000|  0%| F|  |TAMS 0x000000070dc00000, 0x000000070dc00000| Untracked 
|  94|0x000000070de00000, 0x000000070de00000, 0x000000070e000000|  0%| F|  |TAMS 0x000000070de00000, 0x000000070de00000| Untracked 
|  95|0x000000070e000000, 0x000000070e000000, 0x000000070e200000|  0%| F|  |TAMS 0x000000070e000000, 0x000000070e000000| Untracked 
|  96|0x000000070e200000, 0x000000070e200000, 0x000000070e400000|  0%| F|  |TAMS 0x000000070e200000, 0x000000070e200000| Untracked 
|  97|0x000000070e400000, 0x000000070e400000, 0x000000070e600000|  0%| F|  |TAMS 0x000000070e400000, 0x000000070e400000| Untracked 
|  98|0x000000070e600000, 0x000000070e600000, 0x000000070e800000|  0%| F|  |TAMS 0x000000070e600000, 0x000000070e600000| Untracked 
|  99|0x000000070e800000, 0x000000070e800000, 0x000000070ea00000|  0%| F|  |TAMS 0x000000070e800000, 0x000000070e800000| Untracked 
| 100|0x000000070ea00000, 0x000000070ea00000, 0x000000070ec00000|  0%| F|  |TAMS 0x000000070ea00000, 0x000000070ea00000| Untracked 
| 101|0x000000070ec00000, 0x000000070ec00000, 0x000000070ee00000|  0%| F|  |TAMS 0x000000070ec00000, 0x000000070ec00000| Untracked 
| 102|0x000000070ee00000, 0x000000070ee00000, 0x000000070f000000|  0%| F|  |TAMS 0x000000070ee00000, 0x000000070ee00000| Untracked 
| 103|0x000000070f000000, 0x000000070f000000, 0x000000070f200000|  0%| F|  |TAMS 0x000000070f000000, 0x000000070f000000| Untracked 
| 104|0x000000070f200000, 0x000000070f200000, 0x000000070f400000|  0%| F|  |TAMS 0x000000070f200000, 0x000000070f200000| Untracked 
| 105|0x000000070f400000, 0x000000070f400000, 0x000000070f600000|  0%| F|  |TAMS 0x000000070f400000, 0x000000070f400000| Untracked 
| 106|0x000000070f600000, 0x000000070f600000, 0x000000070f800000|  0%| F|  |TAMS 0x000000070f600000, 0x000000070f600000| Untracked 
| 107|0x000000070f800000, 0x000000070f800000, 0x000000070fa00000|  0%| F|  |TAMS 0x000000070f800000, 0x000000070f800000| Untracked 
| 108|0x000000070fa00000, 0x000000070fa00000, 0x000000070fc00000|  0%| F|  |TAMS 0x000000070fa00000, 0x000000070fa00000| Untracked 
| 109|0x000000070fc00000, 0x000000070fc00000, 0x000000070fe00000|  0%| F|  |TAMS 0x000000070fc00000, 0x000000070fc00000| Untracked 
| 110|0x000000070fe00000, 0x000000070fe00000, 0x0000000710000000|  0%| F|  |TAMS 0x000000070fe00000, 0x000000070fe00000| Untracked 
| 111|0x0000000710000000, 0x0000000710000000, 0x0000000710200000|  0%| F|  |TAMS 0x0000000710000000, 0x0000000710000000| Untracked 
| 112|0x0000000710200000, 0x0000000710200000, 0x0000000710400000|  0%| F|  |TAMS 0x0000000710200000, 0x0000000710200000| Untracked 
| 113|0x0000000710400000, 0x0000000710400000, 0x0000000710600000|  0%| F|  |TAMS 0x0000000710400000, 0x0000000710400000| Untracked 
| 114|0x0000000710600000, 0x0000000710600000, 0x0000000710800000|  0%| F|  |TAMS 0x0000000710600000, 0x0000000710600000| Untracked 
| 115|0x0000000710800000, 0x0000000710800000, 0x0000000710a00000|  0%| F|  |TAMS 0x0000000710800000, 0x0000000710800000| Untracked 
| 116|0x0000000710a00000, 0x0000000710a00000, 0x0000000710c00000|  0%| F|  |TAMS 0x0000000710a00000, 0x0000000710a00000| Untracked 
| 117|0x0000000710c00000, 0x0000000710c00000, 0x0000000710e00000|  0%| F|  |TAMS 0x0000000710c00000, 0x0000000710c00000| Untracked 
| 118|0x0000000710e00000, 0x0000000711000000, 0x0000000711000000|100%| S|CS|TAMS 0x0000000710e00000, 0x0000000710e00000| Complete 
| 119|0x0000000711000000, 0x0000000711000000, 0x0000000711200000|  0%| F|  |TAMS 0x0000000711000000, 0x0000000711000000| Untracked 
| 120|0x0000000711200000, 0x0000000711200000, 0x0000000711400000|  0%| F|  |TAMS 0x0000000711200000, 0x0000000711200000| Untracked 
| 121|0x0000000711400000, 0x0000000711400000, 0x0000000711600000|  0%| F|  |TAMS 0x0000000711400000, 0x0000000711400000| Untracked 
| 122|0x0000000711600000, 0x00000007116b8dc0, 0x0000000711800000| 36%| E|  |TAMS 0x0000000711600000, 0x0000000711600000| Complete 
| 123|0x0000000711800000, 0x0000000711a00000, 0x0000000711a00000|100%| E|CS|TAMS 0x0000000711800000, 0x0000000711800000| Complete 
| 124|0x0000000711a00000, 0x0000000711c00000, 0x0000000711c00000|100%| E|CS|TAMS 0x0000000711a00000, 0x0000000711a00000| Complete 
| 125|0x0000000711c00000, 0x0000000711e00000, 0x0000000711e00000|100%| E|CS|TAMS 0x0000000711c00000, 0x0000000711c00000| Complete 
| 126|0x0000000711e00000, 0x0000000712000000, 0x0000000712000000|100%| E|CS|TAMS 0x0000000711e00000, 0x0000000711e00000| Complete 

Card table byte_map: [0x000001f3ce5c0000,0x000001f3cedb0000] _byte_map_base: 0x000001f3cadaf000

Marking Bits (Prev, Next): (CMBitMap*) 0x000001f3b9b68660, (CMBitMap*) 0x000001f3b9b686a0
 Prev Bits: [0x000001f3cf5a0000, 0x000001f3d3518000)
 Next Bits: [0x000001f3d3520000, 0x000001f3d7498000)

Polling page: 0x000001f3b9bd0000

Metaspace:

Usage:
  Non-class:     13.84 MB used.
      Class:      1.83 MB used.
       Both:     15.67 MB used.

Virtual space:
  Non-class space:       16.00 MB reserved,      14.00 MB ( 88%) committed,  2 nodes.
      Class space:        1.00 GB reserved,       1.94 MB ( <1%) committed,  1 nodes.
             Both:        1.02 GB reserved,      15.94 MB (  2%) committed. 

Chunk freelists:
   Non-Class:  2.00 MB
       Class:  2.05 MB
        Both:  4.04 MB

MaxMetaspaceSize: unlimited
CompressedClassSpaceSize: 1.00 GB
Initial GC threshold: 21.00 MB
Current GC threshold: 21.00 MB
CDS: off
MetaspaceReclaimPolicy: balanced
 - commit_granule_bytes: 65536.
 - commit_granule_words: 8192.
 - virtual_space_node_default_size: 1048576.
 - enlarge_chunks_in_place: 1.
 - new_chunks_are_fully_committed: 0.
 - uncommit_free_chunks: 1.
 - use_allocation_guard: 0.
 - handle_deallocations: 1.


Internal statistics:

num_allocs_failed_limit: 0.
num_arena_births: 76.
num_arena_deaths: 0.
num_vsnodes_births: 3.
num_vsnodes_deaths: 0.
num_space_committed: 255.
num_space_uncommitted: 0.
num_chunks_returned_to_freelist: 0.
num_chunks_taken_from_freelist: 295.
num_chunk_merges: 0.
num_chunk_splits: 194.
num_chunks_enlarged: 161.
num_purges: 0.
num_inconsistent_stats: 0.

CodeHeap 'non-profiled nmethods': size=120000Kb used=482Kb max_used=482Kb free=119517Kb
 bounds [0x000001f3c6270000, 0x000001f3c64e0000, 0x000001f3cd7a0000]
CodeHeap 'profiled nmethods': size=120000Kb used=2230Kb max_used=2230Kb free=117769Kb
 bounds [0x000001f3be7a0000, 0x000001f3bea10000, 0x000001f3c5cd0000]
CodeHeap 'non-nmethods': size=5760Kb used=1161Kb max_used=1180Kb free=4598Kb
 bounds [0x000001f3c5cd0000, 0x000001f3c5f40000, 0x000001f3c6270000]
 total_blobs=1629 nmethods=1173 adapters=369
 compilation: enabled
              stopped_count=0, restarted_count=0
 full_count=0

Compilation events (20 events):
Event: 4.559 Thread 0x000001f3da4d7590 1165       1       java.util.concurrent.locks.AbstractQueuedSynchronizer::setState (6 bytes)
Event: 4.559 Thread 0x000001f3da4d7590 nmethod 1165 0x000001f3c62e8310 code [0x000001f3c62e84a0, 0x000001f3c62e8578]
Event: 4.564 Thread 0x000001f3da4d7590 1166       3       java.util.jar.Manifest$FastInputStream::peek (38 bytes)
Event: 4.564 Thread 0x000001f3da4d7590 nmethod 1166 0x000001f3be9cab10 code [0x000001f3be9cacc0, 0x000001f3be9caee8]
Event: 4.627 Thread 0x000001f3da4d7590 1167       3       java.lang.Long::<init> (10 bytes)
Event: 4.627 Thread 0x000001f3da4d7590 nmethod 1167 0x000001f3be9cb010 code [0x000001f3be9cb1c0, 0x000001f3be9cb398]
Event: 4.628 Thread 0x000001f3da4d7590 1168       3       com.esotericsoftware.kryo.io.Output::writeString (125 bytes)
Event: 4.629 Thread 0x000001f3da4d7590 nmethod 1168 0x000001f3be9cb490 code [0x000001f3be9cb6a0, 0x000001f3be9cbd18]
Event: 4.629 Thread 0x000001f3da4d7590 1169       3       com.esotericsoftware.kryo.io.Output::writeUtf8Length (405 bytes)
Event: 4.630 Thread 0x000001f3da4d7590 nmethod 1169 0x000001f3be9cbf10 code [0x000001f3be9cc140, 0x000001f3be9cc908]
Event: 4.662 Thread 0x000001f3da4d7590 1170       1       java.util.concurrent.atomic.AtomicInteger::get (5 bytes)
Event: 4.662 Thread 0x000001f3da4d7590 nmethod 1170 0x000001f3c62e8610 code [0x000001f3c62e87a0, 0x000001f3c62e8878]
Event: 4.737 Thread 0x000001f3da4d7590 1171       3       java.lang.reflect.Modifier::isFinal (13 bytes)
Event: 4.737 Thread 0x000001f3da4d7590 nmethod 1171 0x000001f3be9ccc90 code [0x000001f3be9cce20, 0x000001f3be9ccf78]
Event: 6.732 Thread 0x000001f3da4d7590 1172       3       jdk.internal.reflect.ClassFileAssembler::emitByte (11 bytes)
Event: 6.732 Thread 0x000001f3da4d7590 nmethod 1172 0x000001f3be9cd010 code [0x000001f3be9cd1c0, 0x000001f3be9cd368]
Event: 6.732 Thread 0x000001f3da4d7590 1173       3       jdk.internal.reflect.ByteVectorImpl::add (38 bytes)
Event: 6.733 Thread 0x000001f3da4d7590 nmethod 1173 0x000001f3be9cd490 code [0x000001f3be9cd640, 0x000001f3be9cd828]
Event: 7.265 Thread 0x000001f3da47fd00 1174       4       java.lang.invoke.VarHandle::checkExactAccessMode (28 bytes)
Event: 7.265 Thread 0x000001f3da4d7590 1175       3       java.util.ArrayList::isEmpty (13 bytes)

GC Heap History (4 events):
Event: 1.561 GC heap before
{Heap before GC invocations=0 (full 0):
 garbage-first heap   total 260096K, used 16384K [0x0000000702200000, 0x0000000800000000)
  region size 2048K, 6 young (12288K), 0 survivors (0K)
 Metaspace       used 8383K, committed 8576K, reserved 1056768K
  class space    used 736K, committed 832K, reserved 1048576K
}
Event: 1.566 GC heap after
{Heap after GC invocations=1 (full 0):
 garbage-first heap   total 260096K, used 2926K [0x0000000702200000, 0x0000000800000000)
  region size 2048K, 1 young (2048K), 1 survivors (2048K)
 Metaspace       used 8383K, committed 8576K, reserved 1056768K
  class space    used 736K, committed 832K, reserved 1048576K
}
Event: 2.854 GC heap before
{Heap before GC invocations=1 (full 0):
 garbage-first heap   total 260096K, used 21358K [0x0000000702200000, 0x0000000800000000)
  region size 2048K, 8 young (16384K), 1 survivors (2048K)
 Metaspace       used 12461K, committed 12672K, reserved 1064960K
  class space    used 1382K, committed 1536K, reserved 1048576K
}
Event: 2.858 GC heap after
{Heap after GC invocations=2 (full 0):
 garbage-first heap   total 260096K, used 10280K [0x0000000702200000, 0x0000000800000000)
  region size 2048K, 1 young (2048K), 1 survivors (2048K)
 Metaspace       used 12461K, committed 12672K, reserved 1064960K
  class space    used 1382K, committed 1536K, reserved 1048576K
}

Dll operation events (2 events):
Event: 0.034 Loaded shared library C:\Program Files\Android\Android Studio\jre\bin\java.dll
Event: 0.443 Loaded shared library C:\Program Files\Android\Android Studio\jre\bin\verify.dll

Deoptimization events (20 events):
Event: 3.378 Thread 0x000001f3b9afcd60 Uncommon trap: trap_request=0xffffff45 fr.pc=0x000001f3c62c639c relative=0x0000000000001ddc
Event: 3.378 Thread 0x000001f3b9afcd60 Uncommon trap: reason=unstable_if action=reinterpret pc=0x000001f3c62c639c method=java.io.WinNTFileSystem.normalize(Ljava/lang/String;)Ljava/lang/String; @ 128 c2
Event: 3.378 Thread 0x000001f3b9afcd60 DEOPT PACKING pc=0x000001f3c62c639c sp=0x000000ed446fc350
Event: 3.378 Thread 0x000001f3b9afcd60 DEOPT UNPACKING pc=0x000001f3c5d269a3 sp=0x000000ed446fc338 mode 2
Event: 4.207 Thread 0x000001f3b9afcd60 Uncommon trap: trap_request=0xffffff45 fr.pc=0x000001f3c62a69e4 relative=0x00000000000006a4
Event: 4.207 Thread 0x000001f3b9afcd60 Uncommon trap: reason=unstable_if action=reinterpret pc=0x000001f3c62a69e4 method=java.lang.AbstractStringBuilder.append(Ljava/lang/String;)Ljava/lang/AbstractStringBuilder; @ 1 c2
Event: 4.207 Thread 0x000001f3b9afcd60 DEOPT PACKING pc=0x000001f3c62a69e4 sp=0x000000ed446fd0c0
Event: 4.207 Thread 0x000001f3b9afcd60 DEOPT UNPACKING pc=0x000001f3c5d269a3 sp=0x000000ed446fd040 mode 2
Event: 4.212 Thread 0x000001f3b9afcd60 Uncommon trap: trap_request=0xffffff45 fr.pc=0x000001f3c62af6e4 relative=0x00000000000006a4
Event: 4.212 Thread 0x000001f3b9afcd60 Uncommon trap: reason=unstable_if action=reinterpret pc=0x000001f3c62af6e4 method=java.lang.AbstractStringBuilder.append(Ljava/lang/String;)Ljava/lang/AbstractStringBuilder; @ 1 c2
Event: 4.212 Thread 0x000001f3b9afcd60 DEOPT PACKING pc=0x000001f3c62af6e4 sp=0x000000ed446fd060
Event: 4.212 Thread 0x000001f3b9afcd60 DEOPT UNPACKING pc=0x000001f3c5d269a3 sp=0x000000ed446fd048 mode 2
Event: 4.319 Thread 0x000001f3b9afcd60 Uncommon trap: trap_request=0xffffff45 fr.pc=0x000001f3c62deb74 relative=0x0000000000000074
Event: 4.319 Thread 0x000001f3b9afcd60 Uncommon trap: reason=unstable_if action=reinterpret pc=0x000001f3c62deb74 method=jdk.internal.misc.Unsafe.convEndian(ZI)I @ 4 c2
Event: 4.319 Thread 0x000001f3b9afcd60 DEOPT PACKING pc=0x000001f3c62deb74 sp=0x000000ed446fb550
Event: 4.319 Thread 0x000001f3b9afcd60 DEOPT UNPACKING pc=0x000001f3c5d269a3 sp=0x000000ed446fb480 mode 2
Event: 4.562 Thread 0x000001f3b9afcd60 Uncommon trap: trap_request=0xffffff45 fr.pc=0x000001f3c62df3c0 relative=0x0000000000000280
Event: 4.562 Thread 0x000001f3b9afcd60 Uncommon trap: reason=unstable_if action=reinterpret pc=0x000001f3c62df3c0 method=java.lang.invoke.VarForm.getMemberName(I)Ljava/lang/invoke/MemberName; @ 8 c2
Event: 4.562 Thread 0x000001f3b9afcd60 DEOPT PACKING pc=0x000001f3c62df3c0 sp=0x000000ed446fd130
Event: 4.562 Thread 0x000001f3b9afcd60 DEOPT UNPACKING pc=0x000001f3c5d269a3 sp=0x000000ed446fd080 mode 2

Classes unloaded (0 events):
No events

Classes redefined (0 events):
No events

Internal exceptions (18 events):
Event: 0.910 Thread 0x000001f3b9afcd60 Exception <a 'java/lang/NoSuchMethodError'{0x0000000711d1d130}: 'int java.lang.invoke.DirectMethodHandle$Holder.invokeStaticInit(java.lang.Object, java.lang.Object)'> (0x0000000711d1d130) 
thrown [s\src\hotspot\share\interpreter\linkResolver.cpp, line 771]
Event: 2.354 Thread 0x000001f3b9afcd60 Exception <a 'java/lang/NoSuchMethodError'{0x00000007119976b0}: 'void java.lang.invoke.DirectMethodHandle$Holder.invokeStatic(java.lang.Object, java.lang.Object)'> (0x00000007119976b0) 
thrown [s\src\hotspot\share\interpreter\linkResolver.cpp, line 771]
Event: 2.407 Thread 0x000001f3b9afcd60 Exception <a 'java/lang/NoClassDefFoundError'{0x0000000711620878}: org/slf4j/impl/StaticMarkerBinder> (0x0000000711620878) 
thrown [s\src\hotspot\share\classfile\systemDictionary.cpp, line 245]
Event: 2.459 Thread 0x000001f3b9afcd60 Exception <a 'java/lang/NoSuchMethodError'{0x00000007116bbb78}: 'java.lang.Object java.lang.invoke.DirectMethodHandle$Holder.invokeVirtual(java.lang.Object, java.lang.Object, java.lang.Object, java.lang.Object, java.lang.Object, java.lang.Object, java.lang.Object)'> (0x00000007116bbb78) 
thrown [s\src\hotspot\share\interpreter\linkResolver.cpp, line 771]
Event: 2.463 Thread 0x000001f3b9afcd60 Exception <a 'java/lang/NoSuchMethodError'{0x00000007116cc6d8}: 'java.lang.Object java.lang.invoke.Invokers$Holder.invoker(java.lang.Object, java.lang.Object, java.lang.Object)'> (0x00000007116cc6d8) 
thrown [s\src\hotspot\share\interpreter\linkResolver.cpp, line 771]
Event: 2.478 Thread 0x000001f3b9afcd60 Exception <a 'java/lang/NoSuchMethodError'{0x00000007116d5780}: 'java.lang.Object java.lang.invoke.DirectMethodHandle$Holder.invokeStatic(java.lang.Object, java.lang.Object, int)'> (0x00000007116d5780) 
thrown [s\src\hotspot\share\interpreter\linkResolver.cpp, line 771]
Event: 2.481 Thread 0x000001f3b9afcd60 Exception <a 'java/lang/NoSuchMethodError'{0x00000007116e1840}: 'void java.lang.invoke.DelegatingMethodHandle$Holder.delegate(java.lang.Object, java.lang.Object, int, java.lang.Object)'> (0x00000007116e1840) 
thrown [s\src\hotspot\share\interpreter\linkResolver.cpp, line 771]
Event: 2.482 Thread 0x000001f3b9afcd60 Exception <a 'java/lang/NoSuchMethodError'{0x00000007116e5988}: 'int java.lang.invoke.DirectMethodHandle$Holder.invokeSpecial(java.lang.Object, java.lang.Object, java.lang.Object)'> (0x00000007116e5988) 
thrown [s\src\hotspot\share\interpreter\linkResolver.cpp, line 771]
Event: 2.486 Thread 0x000001f3b9afcd60 Exception <a 'java/lang/NoSuchMethodError'{0x00000007116f8b40}: 'java.lang.Object java.lang.invoke.Invokers$Holder.invokeExact_MT(java.lang.Object, java.lang.Object, java.lang.Object, java.lang.Object)'> (0x00000007116f8b40) 
thrown [s\src\hotspot\share\interpreter\linkResolver.cpp, line 771]
Event: 2.812 Thread 0x000001f3b9afcd60 Exception <a 'java/lang/NoSuchMethodError'{0x00000007110eb508}: 'java.lang.Object java.lang.invoke.DirectMethodHandle$Holder.invokeInterface(java.lang.Object, java.lang.Object, java.lang.Object)'> (0x00000007110eb508) 
thrown [s\src\hotspot\share\interpreter\linkResolver.cpp, line 771]
Event: 2.837 Thread 0x000001f3b9afcd60 Implicit null exception at 0x000001f3c62bf80f to 0x000001f3c62bfc84
Event: 2.837 Thread 0x000001f3b9afcd60 Implicit null exception at 0x000001f3c62ad98f to 0x000001f3c62addd8
Event: 2.879 Thread 0x000001f3b9afcd60 Exception <a 'java/lang/NoSuchMethodError'{0x0000000711ea28e0}: 'java.lang.Object java.lang.invoke.DirectMethodHandle$Holder.invokeStaticInit(java.lang.Object)'> (0x0000000711ea28e0) 
thrown [s\src\hotspot\share\interpreter\linkResolver.cpp, line 771]
Event: 3.141 Thread 0x000001f3b9afcd60 Exception <a 'java/lang/NoSuchMethodError'{0x0000000711aabce0}: 'java.lang.Object java.lang.invoke.DirectMethodHandle$Holder.invokeStaticInit(java.lang.Object, int, int, int, int)'> (0x0000000711aabce0) 
thrown [s\src\hotspot\share\interpreter\linkResolver.cpp, line 771]
Event: 3.400 Thread 0x000001f3b9afcd60 Exception <a 'java/lang/NoSuchMethodError'{0x0000000711b495b8}: 'java.lang.Object java.lang.invoke.DirectMethodHandle$Holder.invokeStaticInit(java.lang.Object, java.lang.Object, int, int, int, int)'> (0x0000000711b495b8) 
thrown [s\src\hotspot\share\interpreter\linkResolver.cpp, line 771]
Event: 4.107 Thread 0x000001f3b9afcd60 Exception <a 'java/lang/NoSuchMethodError'{0x0000000711b76bb8}: 'void java.lang.invoke.DirectMethodHandle$Holder.invokeStatic(java.lang.Object, java.lang.Object, java.lang.Object)'> (0x0000000711b76bb8) 
thrown [s\src\hotspot\share\interpreter\linkResolver.cpp, line 771]
Event: 4.207 Thread 0x000001f3b9afcd60 Implicit null exception at 0x000001f3c62a6372 to 0x000001f3c62a69cc
Event: 4.212 Thread 0x000001f3b9afcd60 Implicit null exception at 0x000001f3c62af072 to 0x000001f3c62af6cc

VM Operations (20 events):
Event: 0.435 Executing VM operation: HandshakeAllThreads
Event: 0.435 Executing VM operation: HandshakeAllThreads done
Event: 1.448 Executing VM operation: Cleanup
Event: 1.448 Executing VM operation: Cleanup done
Event: 1.560 Executing VM operation: G1CollectForAllocation
Event: 1.566 Executing VM operation: G1CollectForAllocation done
Event: 1.915 Executing VM operation: HandshakeAllThreads
Event: 1.915 Executing VM operation: HandshakeAllThreads done
Event: 2.477 Executing VM operation: HandshakeAllThreads
Event: 2.477 Executing VM operation: HandshakeAllThreads done
Event: 2.854 Executing VM operation: G1CollectForAllocation
Event: 2.858 Executing VM operation: G1CollectForAllocation done
Event: 3.168 Executing VM operation: HandshakeAllThreads
Event: 3.168 Executing VM operation: HandshakeAllThreads done
Event: 3.379 Executing VM operation: HandshakeAllThreads
Event: 3.379 Executing VM operation: HandshakeAllThreads done
Event: 4.384 Executing VM operation: Cleanup
Event: 4.390 Executing VM operation: Cleanup done
Event: 5.398 Executing VM operation: Cleanup
Event: 5.398 Executing VM operation: Cleanup done

Events (20 events):
Event: 6.731 loading class jdk/internal/reflect/ByteVectorFactory
Event: 6.731 loading class jdk/internal/reflect/ByteVectorFactory done
Event: 6.731 loading class jdk/internal/reflect/ByteVectorImpl
Event: 6.732 loading class jdk/internal/reflect/ByteVector
Event: 6.732 loading class jdk/internal/reflect/ByteVector done
Event: 6.732 loading class jdk/internal/reflect/ByteVectorImpl done
Event: 6.732 loading class jdk/internal/reflect/ClassFileAssembler
Event: 6.732 loading class jdk/internal/reflect/ClassFileAssembler done
Event: 6.732 loading class jdk/internal/reflect/UTF8
Event: 6.732 loading class jdk/internal/reflect/UTF8 done
Event: 6.733 loading class jdk/internal/reflect/Label
Event: 6.733 loading class jdk/internal/reflect/Label done
Event: 6.733 loading class jdk/internal/reflect/Label$PatchInfo
Event: 6.733 loading class jdk/internal/reflect/Label$PatchInfo done
Event: 6.733 loading class jdk/internal/reflect/MethodAccessorGenerator$1
Event: 6.733 loading class jdk/internal/reflect/MethodAccessorGenerator$1 done
Event: 6.733 loading class jdk/internal/reflect/ClassDefiner
Event: 6.733 loading class jdk/internal/reflect/ClassDefiner done
Event: 6.733 loading class jdk/internal/reflect/ClassDefiner$1
Event: 6.733 loading class jdk/internal/reflect/ClassDefiner$1 done


Dynamic libraries:
0x00007ff6ee720000 - 0x00007ff6ee72a000 	C:\Program Files\Android\Android Studio\jre\bin\java.exe
0x00007ffdaea90000 - 0x00007ffdaec88000 	C:\Windows\SYSTEM32\ntdll.dll
0x00007ffdae410000 - 0x00007ffdae4cd000 	C:\Windows\System32\KERNEL32.DLL
0x00007ffdac730000 - 0x00007ffdaca26000 	C:\Windows\System32\KERNELBASE.dll
0x00007ffdac450000 - 0x00007ffdac550000 	C:\Windows\System32\ucrtbase.dll
0x00007ffda4750000 - 0x00007ffda4767000 	C:\Program Files\Android\Android Studio\jre\bin\jli.dll
0x00007ffdacaf0000 - 0x00007ffdacc8e000 	C:\Windows\System32\USER32.dll
0x00007ffdac550000 - 0x00007ffdac572000 	C:\Windows\System32\win32u.dll
0x00007ffdadf50000 - 0x00007ffdadf7c000 	C:\Windows\System32\GDI32.dll
0x00007ffdac330000 - 0x00007ffdac44a000 	C:\Windows\System32\gdi32full.dll
0x00007ffdac220000 - 0x00007ffdac2bd000 	C:\Windows\System32\msvcp_win.dll
0x00007ffda4730000 - 0x00007ffda474b000 	C:\Program Files\Android\Android Studio\jre\bin\VCRUNTIME140.dll
0x00007ffd99730000 - 0x00007ffd999ca000 	C:\Windows\WinSxS\amd64_microsoft.windows.common-controls_6595b64144ccf1df_6.0.19041.1110_none_60b5254171f9507e\COMCTL32.dll
0x00007ffdae070000 - 0x00007ffdae10e000 	C:\Windows\System32\msvcrt.dll
0x00007ffdacda0000 - 0x00007ffdacdd0000 	C:\Windows\System32\IMM32.DLL
0x00007ffd88c00000 - 0x00007ffd88c0c000 	C:\Program Files\Android\Android Studio\jre\bin\vcruntime140_1.dll
0x00007ffd35110000 - 0x00007ffd3519d000 	C:\Program Files\Android\Android Studio\jre\bin\msvcp140.dll
0x00007ffd23580000 - 0x00007ffd241ee000 	C:\Program Files\Android\Android Studio\jre\bin\server\jvm.dll
0x00007ffdad650000 - 0x00007ffdad6fe000 	C:\Windows\System32\ADVAPI32.dll
0x00007ffdada70000 - 0x00007ffdadb0c000 	C:\Windows\System32\sechost.dll
0x00007ffdae2e0000 - 0x00007ffdae406000 	C:\Windows\System32\RPCRT4.dll
0x00007ffd96b90000 - 0x00007ffd96b99000 	C:\Windows\SYSTEM32\WSOCK32.dll
0x00007ffdadf80000 - 0x00007ffdadfeb000 	C:\Windows\System32\WS2_32.dll
0x00007ffd99480000 - 0x00007ffd994a7000 	C:\Windows\SYSTEM32\WINMM.dll
0x00007ffda1e50000 - 0x00007ffda1e5a000 	C:\Windows\SYSTEM32\VERSION.dll
0x00007ffdaa9e0000 - 0x00007ffdaa9f2000 	C:\Windows\SYSTEM32\kernel.appcore.dll
0x00007ffd80f30000 - 0x00007ffd80f3a000 	C:\Program Files\Android\Android Studio\jre\bin\jimage.dll
0x00007ffda6eb0000 - 0x00007ffda7094000 	C:\Windows\SYSTEM32\DBGHELP.DLL
0x00007ffd93620000 - 0x00007ffd93654000 	C:\Windows\SYSTEM32\dbgcore.DLL
0x00007ffdaca60000 - 0x00007ffdacae2000 	C:\Windows\System32\bcryptPrimitives.dll
0x00007ffd49ad0000 - 0x00007ffd49af5000 	C:\Program Files\Android\Android Studio\jre\bin\java.dll
0x00007ffd49ab0000 - 0x00007ffd49ac8000 	C:\Program Files\Android\Android Studio\jre\bin\zip.dll
0x00007ffdacdd0000 - 0x00007ffdad515000 	C:\Windows\System32\SHELL32.dll
0x00007ffda70a0000 - 0x00007ffda783b000 	C:\Windows\SYSTEM32\windows.storage.dll
0x00007ffdadbf0000 - 0x00007ffdadf44000 	C:\Windows\System32\combase.dll
0x00007ffdabae0000 - 0x00007ffdabb0e000 	C:\Windows\SYSTEM32\Wldp.dll
0x00007ffdae110000 - 0x00007ffdae1bd000 	C:\Windows\System32\SHCORE.dll
0x00007ffdacd40000 - 0x00007ffdacd95000 	C:\Windows\System32\shlwapi.dll
0x00007ffdac0a0000 - 0x00007ffdac0c5000 	C:\Windows\SYSTEM32\profapi.dll
0x00007ffd47880000 - 0x00007ffd47899000 	C:\Program Files\Android\Android Studio\jre\bin\net.dll
0x00007ffda2150000 - 0x00007ffda225a000 	C:\Windows\SYSTEM32\WINHTTP.dll
0x00007ffdab840000 - 0x00007ffdab8aa000 	C:\Windows\system32\mswsock.dll
0x00007ffd47830000 - 0x00007ffd47846000 	C:\Program Files\Android\Android Studio\jre\bin\nio.dll
0x00007ffd7dd10000 - 0x00007ffd7dd20000 	C:\Program Files\Android\Android Studio\jre\bin\verify.dll
0x00007ffd38790000 - 0x00007ffd387b7000 	C:\Users\hedra\.gradle\native\e1d6ef7f7dcc3fd88c89a11ec53ec762bb8ba0a96d01ffa2cd45eb1d1d8dd5c5\windows-amd64\native-platform.dll
0x00007ffd78c20000 - 0x00007ffd78c29000 	C:\Program Files\Android\Android Studio\jre\bin\management.dll
0x00007ffd774e0000 - 0x00007ffd774eb000 	C:\Program Files\Android\Android Studio\jre\bin\management_ext.dll
0x00007ffdad700000 - 0x00007ffdad708000 	C:\Windows\System32\PSAPI.DLL
0x00007ffdaba40000 - 0x00007ffdaba58000 	C:\Windows\SYSTEM32\CRYPTSP.dll
0x00007ffdab150000 - 0x00007ffdab184000 	C:\Windows\system32\rsaenh.dll
0x00007ffdaca30000 - 0x00007ffdaca57000 	C:\Windows\System32\bcrypt.dll
0x00007ffdac060000 - 0x00007ffdac08e000 	C:\Windows\SYSTEM32\USERENV.dll
0x00007ffdaba30000 - 0x00007ffdaba3c000 	C:\Windows\SYSTEM32\CRYPTBASE.dll
0x00007ffdab530000 - 0x00007ffdab56b000 	C:\Windows\SYSTEM32\IPHLPAPI.DLL
0x00007ffdad710000 - 0x00007ffdad718000 	C:\Windows\System32\NSI.dll
0x00007ffda23e0000 - 0x00007ffda23f7000 	C:\Windows\SYSTEM32\dhcpcsvc6.DLL
0x00007ffda28c0000 - 0x00007ffda28dd000 	C:\Windows\SYSTEM32\dhcpcsvc.DLL
0x00007ffdab570000 - 0x00007ffdab63a000 	C:\Windows\SYSTEM32\DNSAPI.dll
0x00007ffd821a0000 - 0x00007ffd821a7000 	C:\Windows\system32\wshunix.dll

dbghelp: loaded successfully - version: 4.0.5 - missing functions: none
symbol engine: initialized successfully - sym options: 0x614 - pdb path: .;C:\Program Files\Android\Android Studio\jre\bin;C:\Windows\SYSTEM32;C:\Windows\WinSxS\amd64_microsoft.windows.common-controls_6595b64144ccf1df_6.0.19041.1110_none_60b5254171f9507e;C:\Program Files\Android\Android Studio\jre\bin\server;C:\Users\hedra\.gradle\native\e1d6ef7f7dcc3fd88c89a11ec53ec762bb8ba0a96d01ffa2cd45eb1d1d8dd5c5\windows-amd64

VM Arguments:
jvm_args: -Dorg.gradle.appname=gradlew 
java_command: org.gradle.wrapper.GradleWrapperMain -q -Ptarget-platform=android-x64 -Ptarget=D:\Naouma Last\lib\main.dart -Pbase-application-name=android.app.Application -Pdart-defines=Zmx1dHRlci5pbnNwZWN0b3Iuc3RydWN0dXJlZEVycm9ycz10cnVl,RkxVVFRFUl9XRUJfQVVUT19ERVRFQ1Q9dHJ1ZQ== -Pdart-obfuscation=false -Ptrack-widget-creation=true -Ptree-shake-icons=false -Pfilesystem-scheme=org-dartlang-root assembleDebug
java_class_path (initial): D:\Naouma Last\android\\gradle\wrapper\gradle-wrapper.jar
Launcher Type: SUN_STANDARD

[Global flags]
     intx CICompilerCount                          = 3                                         {product} {ergonomic}
     uint ConcGCThreads                            = 1                                         {product} {ergonomic}
     uint G1ConcRefinementThreads                  = 4                                         {product} {ergonomic}
   size_t G1HeapRegionSize                         = 2097152                                   {product} {ergonomic}
    uintx GCDrainStackTargetSize                   = 64                                        {product} {ergonomic}
   size_t InitialHeapSize                          = 266338304                                 {product} {ergonomic}
   size_t MarkStackSize                            = 4194304                                   {product} {ergonomic}
   size_t MaxHeapSize                              = 4259315712                                {product} {ergonomic}
   size_t MaxNewSize                               = 2554331136                                {product} {ergonomic}
   size_t MinHeapDeltaBytes                        = 2097152                                   {product} {ergonomic}
   size_t MinHeapSize                              = 8388608                                   {product} {ergonomic}
    uintx NonNMethodCodeHeapSize                   = 5832780                                {pd product} {ergonomic}
    uintx NonProfiledCodeHeapSize                  = 122912730                              {pd product} {ergonomic}
    uintx ProfiledCodeHeapSize                     = 122912730                              {pd product} {ergonomic}
    uintx ReservedCodeCacheSize                    = 251658240                              {pd product} {ergonomic}
     bool SegmentedCodeCache                       = true                                      {product} {ergonomic}
   size_t SoftMaxHeapSize                          = 4259315712                             {manageable} {ergonomic}
     bool UseCompressedClassPointers               = true                           {product lp64_product} {ergonomic}
     bool UseCompressedOops                        = true                           {product lp64_product} {ergonomic}
     bool UseG1GC                                  = true                                      {product} {ergonomic}
     bool UseLargePagesIndividualAllocation        = false                                  {pd product} {ergonomic}

Logging:
Log output configuration:
 #0: stdout all=warning uptime,level,tags
 #1: stderr all=off uptime,level,tags

Environment Variables:
JAVA_HOME=C:\Program Files\Android\Android Studio\jre
CLASSPATH=D:\Naouma Last\android\\gradle\wrapper\gradle-wrapper.jar
PATH=C:\Program Files\Common Files\Oracle\Java\javapath;C:\Windows\system32;C:\Windows;C:\Windows\System32\Wbem;C:\Windows\System32\WindowsPowerShell\v1.0\;C:\Windows\System32\OpenSSH\;C:\Program Files\dotnet\;C:\Program Files (x86)\Intel\Intel(R) Management Engine Components\DAL;C:\Program Files\Intel\Intel(R) Management Engine Components\DAL;C:\Program Files\Git\cmd;D:\nauma\flutter-3.0\bin;C:\Program Files\Git\cmd;C:\Program Files\nodejs\;C:\ProgramData\chocolatey;C:\Program Files\PuTTY\;C:\Users\hedra\AppData\Local\Microsoft\WindowsApps;C:\Program Files\Git;C:\flutter;C:\Users\hedra\AppData\Roaming\npm;C:\Users\hedra\AppData\Local\Programs\Microsoft VS Code\bin;C:\Users\hedra\AppData\Local\GitHubDesktop\bin;C:\Users\hedra\AppData\Local\Google\Cloud SDK\google-cloud-sdk\bin;C:\flutter\bin\mingit\cmd
USERNAME=hedra
OS=Windows_NT
PROCESSOR_IDENTIFIER=Intel64 Family 6 Model 142 Stepping 9, GenuineIntel
TMP=C:\Users\hedra\AppData\Local\Temp
TEMP=C:\Users\hedra\AppData\Local\Temp


JNI global refs:
JNI global refs: 18, weak refs: 0

JNI global refs memory usage: 843, weak refs: 209


---------------  S Y S T E M  ---------------

OS:
 Windows 10 , 64 bit Build 19041 (10.0.19041.3393)
OS uptime: 0 days 4:01 hours

CPU: total 4 (initial active 4) (2 cores per cpu, 2 threads per core) family 6 model 142 stepping 9 microcode 0xf4, cx8, cmov, fxsr, ht, mmx, 3dnowpref, sse, sse2, sse3, ssse3, sse4.1, sse4.2, popcnt, lzcnt, tsc, tscinvbit, avx, avx2, aes, erms, clmul, bmi1, bmi2, rtm, adx, fma, vzeroupper, clflush, clflushopt

Memory: 4k page, system-wide physical 16242M (4335M free)
TotalPageFile size 17266M (AvailPageFile size 0M)
current process WorkingSet (physical memory assigned to process): 83M, peak: 87M
current process commit charge ("private bytes"): 349M, peak: 352M

vm_info: OpenJDK 64-Bit Server VM (17.0.6+0-b2043.56-10027231) for windows-amd64 JRE (17.0.6+0-b2043.56-10027231), built on Apr 28 2023 00:43:19 by "androidbuild" with MS VC++ 16.10 / 16.11 (VS2019)

END.
