#
# There is insufficient memory for the Java Runtime Environment to continue.
# Native memory allocation (malloc) failed to allocate 1965456 bytes for Chunk::new
# Possible reasons:
#   The system is out of physical RAM or swap space
#   The process is running with CompressedOops enabled, and the Java Heap may be blocking the growth of the native heap
# Possible solutions:
#   Reduce memory load on the system
#   Increase physical memory or swap space
#   Check if swap backing store is full
#   Decrease Java heap size (-Xmx/-Xms)
#   Decrease number of Java threads
#   Decrease Java thread stack sizes (-Xss)
#   Set larger code cache with -XX:ReservedCodeCacheSize=
#   JVM is running with Zero Based Compressed Oops mode in which the Java heap is
#     placed in the first 32GB address space. The Java Heap base address is the
#     maximum limit for the native heap growth. Please use -XX:HeapBaseMinAddress
#     to set the Java Heap base and to place the Java Heap above 32GB virtual address.
# This output file may be truncated or incomplete.
#
#  Out of Memory Error (arena.cpp:189), pid=15492, tid=11372
#
# JRE version: OpenJDK Runtime Environment (17.0.6) (build 17.0.6+0-b2043.56-10027231)
# Java VM: OpenJDK 64-Bit Server VM (17.0.6+0-b2043.56-10027231, mixed mode, tiered, compressed oops, compressed class ptrs, g1 gc, windows-amd64)
# No core dump will be written. Minidumps are not enabled by default on client versions of Windows
#

---------------  S U M M A R Y ------------

Command Line: --add-opens=java.base/java.util=ALL-UNNAMED --add-opens=java.base/java.lang=ALL-UNNAMED --add-opens=java.base/java.lang.invoke=ALL-UNNAMED --add-opens=java.base/java.util=ALL-UNNAMED --add-opens=java.prefs/java.util.prefs=ALL-UNNAMED --add-opens=java.prefs/java.util.prefs=ALL-UNNAMED --add-opens=java.base/java.nio.charset=ALL-UNNAMED --add-opens=java.base/java.net=ALL-UNNAMED --add-opens=java.base/java.util.concurrent.atomic=ALL-UNNAMED -Xmx2536M -Dfile.encoding=windows-1252 -Duser.country=GB -Duser.language=en -Duser.variant org.gradle.launcher.daemon.bootstrap.GradleDaemon 7.3.3

Host: Intel(R) Core(TM) i5-7300U CPU @ 2.60GHz, 4 cores, 15G,  Windows 10 , 64 bit Build 19041 (10.0.19041.3636)
Time: Sat Mar  9 06:41:22 2024 Egypt Standard Time elapsed time: 121.955138 seconds (0d 0h 2m 1s)

---------------  T H R E A D  ---------------

Current thread (0x0000028639077340):  JavaThread "C2 CompilerThread0" daemon [_thread_in_native, id=11372, stack(0x000000db88400000,0x000000db88500000)]


Current CompileTask:
C2: 121955 16337       4       org.gradle.api.internal.artifacts.ivyservice.resolveengine.result.ResolvedVariantResultSerializer::read (132 bytes)

Stack: [0x000000db88400000,0x000000db88500000]
Native frames: (J=compiled Java code, j=interpreted, Vv=VM code, C=native code)
V  [jvm.dll+0x683c9a]
V  [jvm.dll+0x8427a4]
V  [jvm.dll+0x843f9e]
V  [jvm.dll+0x844603]
V  [jvm.dll+0x249b75]
V  [jvm.dll+0xabcac]
V  [jvm.dll+0xac27c]
V  [jvm.dll+0x368802]
V  [jvm.dll+0x332f31]
V  [jvm.dll+0x3323da]
V  [jvm.dll+0x21c201]
V  [jvm.dll+0x21b621]
V  [jvm.dll+0x1a4fdd]
V  [jvm.dll+0x22b098]
V  [jvm.dll+0x229159]
V  [jvm.dll+0x7f81ec]
V  [jvm.dll+0x7f274a]
V  [jvm.dll+0x682ad5]
C  [ucrtbase.dll+0x21bb2]
C  [KERNEL32.DLL+0x17344]
C  [ntdll.dll+0x526b1]


---------------  P R O C E S S  ---------------

Threads class SMR info:
_java_thread_list=0x0000028646a81440, length=81, elements={
0x000002861dd01fa0, 0x0000028639033620, 0x00000286390343a0, 0x0000028639060500,
0x0000028639061d40, 0x0000028639064610, 0x0000028639064ed0, 0x0000028639077340,
0x0000028639077c40, 0x000002863907acf0, 0x00000286391f9020, 0x00000286391fa920,
0x000002863a5d2b70, 0x000002863a841640, 0x000002863aa66820, 0x000002863bc5c850,
0x000002863bea1840, 0x000002863a018640, 0x000002863a018170, 0x000002863a018b10,
0x000002863a01a320, 0x000002863a01a7f0, 0x000002863d663de0, 0x000002863d65e740,
0x000002863d65e270, 0x000002863d661290, 0x000002863d6608f0, 0x000002863d65cf30,
0x000002863b7856f0, 0x000002863d65d8d0, 0x000002863d662aa0, 0x000002863d65f0e0,
0x000002863d65ec10, 0x000002863d65d400, 0x000002863d65f5b0, 0x000002863d65fa80,
0x000002863d65ff50, 0x000002863d661c30, 0x000002863d6625d0, 0x000002863d660420,
0x0000028639f710b0, 0x000002863d660dc0, 0x000002863d661760, 0x000002863d663440,
0x000002863a0194b0, 0x000002863a019980, 0x000002863a01b660, 0x000002863a01acc0,
0x000002863a018fe0, 0x000002863a01b190, 0x000002863b77e370, 0x000002863b781860,
0x000002863b783070, 0x000002863b784d50, 0x000002863b783540, 0x000002863b785220,
0x00000286455cb9f0, 0x00000286455c8500, 0x00000286455cb520, 0x00000286455ca1e0,
0x00000286455c8030, 0x00000286455cb050, 0x00000286455c9840, 0x00000286455ca6b0,
0x00000286455cab80, 0x00000286455c9d10, 0x00000286455c89d0, 0x00000286455c8ea0,
0x00000286455c9370, 0x0000028646a74a90, 0x0000028646a79790, 0x0000028646a7a130,
0x0000028646a73750, 0x0000028646a76c40, 0x0000028646a7a600, 0x0000028646a72db0,
0x0000028646a740f0, 0x0000028646a77110, 0x0000028646a792c0, 0x0000028646a73c20,
0x0000028646a775e0
}

Java Threads: ( => current thread )
  0x000002861dd01fa0 JavaThread "main" [_thread_blocked, id=276, stack(0x000000db87600000,0x000000db87700000)]
  0x0000028639033620 JavaThread "Reference Handler" daemon [_thread_blocked, id=264, stack(0x000000db87d00000,0x000000db87e00000)]
  0x00000286390343a0 JavaThread "Finalizer" daemon [_thread_blocked, id=1684, stack(0x000000db87e00000,0x000000db87f00000)]
  0x0000028639060500 JavaThread "Signal Dispatcher" daemon [_thread_blocked, id=14820, stack(0x000000db88000000,0x000000db88100000)]
  0x0000028639061d40 JavaThread "Attach Listener" daemon [_thread_blocked, id=15520, stack(0x000000db88100000,0x000000db88200000)]
  0x0000028639064610 JavaThread "Service Thread" daemon [_thread_blocked, id=11960, stack(0x000000db88200000,0x000000db88300000)]
  0x0000028639064ed0 JavaThread "Monitor Deflation Thread" daemon [_thread_blocked, id=2888, stack(0x000000db88300000,0x000000db88400000)]
=>0x0000028639077340 JavaThread "C2 CompilerThread0" daemon [_thread_in_native, id=11372, stack(0x000000db88400000,0x000000db88500000)]
  0x0000028639077c40 JavaThread "C1 CompilerThread0" daemon [_thread_blocked, id=14544, stack(0x000000db88500000,0x000000db88600000)]
  0x000002863907acf0 JavaThread "Sweeper thread" daemon [_thread_blocked, id=1380, stack(0x000000db88600000,0x000000db88700000)]
  0x00000286391f9020 JavaThread "Common-Cleaner" daemon [_thread_blocked, id=760, stack(0x000000db88700000,0x000000db88800000)]
  0x00000286391fa920 JavaThread "Notification Thread" daemon [_thread_blocked, id=13096, stack(0x000000db88800000,0x000000db88900000)]
  0x000002863a5d2b70 JavaThread "Daemon health stats" [_thread_blocked, id=5832, stack(0x000000db88e00000,0x000000db88f00000)]
  0x000002863a841640 JavaThread "Incoming local TCP Connector on port 62208" [_thread_in_native, id=15304, stack(0x000000db88a00000,0x000000db88b00000)]
  0x000002863aa66820 JavaThread "Daemon periodic checks" [_thread_blocked, id=16648, stack(0x000000db89000000,0x000000db89100000)]
  0x000002863bc5c850 JavaThread "Daemon" [_thread_blocked, id=2144, stack(0x000000db89100000,0x000000db89200000)]
  0x000002863bea1840 JavaThread "Daemon worker" [_thread_in_vm, id=3472, stack(0x000000db89300000,0x000000db89400000)]
  0x000002863a018640 JavaThread "Cache worker for journal cache (C:\Users\Onoo\.gradle\caches\journal-1)" [_thread_blocked, id=15628, stack(0x000000db89700000,0x000000db89800000)]
  0x000002863a018170 JavaThread "File lock request listener" [_thread_in_native, id=16660, stack(0x000000db89800000,0x000000db89900000)]
  0x000002863a018b10 JavaThread "Cache worker for file hash cache (C:\Users\Onoo\.gradle\caches\7.3.3\fileHashes)" [_thread_blocked, id=10896, stack(0x000000db89900000,0x000000db89a00000)]
  0x000002863a01a320 JavaThread "File watcher server" daemon [_thread_in_native, id=5424, stack(0x000000db89c00000,0x000000db89d00000)]
  0x000002863a01a7f0 JavaThread "File watcher consumer" daemon [_thread_blocked, id=7992, stack(0x000000db89d00000,0x000000db89e00000)]
  0x000002863d663de0 JavaThread "Cache worker for execution history cache (C:\Users\Onoo\.gradle\caches\7.3.3\executionHistory)" [_thread_blocked, id=14160, stack(0x000000db8a000000,0x000000db8a100000)]
  0x000002863d65e740 JavaThread "jar transforms" [_thread_blocked, id=5316, stack(0x000000db8a200000,0x000000db8a300000)]
  0x000002863d65e270 JavaThread "jar transforms Thread 2" [_thread_blocked, id=13268, stack(0x000000db8a300000,0x000000db8a400000)]
  0x000002863d661290 JavaThread "Cache worker for file content cache (C:\Users\Onoo\.gradle\caches\7.3.3\fileContent)" [_thread_blocked, id=3856, stack(0x000000db8a400000,0x000000db8a500000)]
  0x000002863d6608f0 JavaThread "jar transforms Thread 3" [_thread_blocked, id=13168, stack(0x000000db8a500000,0x000000db8a600000)]
  0x000002863d65cf30 JavaThread "jar transforms Thread 4" [_thread_blocked, id=1668, stack(0x000000db8a600000,0x000000db8a700000)]
  0x000002863b7856f0 JavaThread "Memory manager" [_thread_blocked, id=4560, stack(0x000000db8d100000,0x000000db8d200000)]
  0x000002863d65d8d0 JavaThread "Handler for socket connection from /127.0.0.1:62208 to /127.0.0.1:64338" [_thread_in_native, id=6652, stack(0x000000db87400000,0x000000db87500000)]
  0x000002863d662aa0 JavaThread "Cancel handler" [_thread_blocked, id=5496, stack(0x000000db87500000,0x000000db87600000)]
  0x000002863d65f0e0 JavaThread "Asynchronous log dispatcher for DefaultDaemonConnection: socket connection from /127.0.0.1:62208 to /127.0.0.1:64338" [_thread_blocked, id=15504, stack(0x000000db87f00000,0x000000db88000000)]
  0x000002863d65ec10 JavaThread "Stdin handler" [_thread_blocked, id=15800, stack(0x000000db88f00000,0x000000db89000000)]
  0x000002863d65d400 JavaThread "Daemon client event forwarder" [_thread_blocked, id=3556, stack(0x000000db89200000,0x000000db89300000)]
  0x000002863d65f5b0 JavaThread "Cache worker for file hash cache (D:\SourceCode\Naouma Last\android\.gradle\7.3.3\fileHashes)" [_thread_blocked, id=10084, stack(0x000000db89400000,0x000000db89500000)]
  0x000002863d65fa80 JavaThread "Cache worker for checksums cache (D:\SourceCode\Naouma Last\android\.gradle\7.3.3\checksums)" [_thread_blocked, id=11876, stack(0x000000db89500000,0x000000db89600000)]
  0x000002863d65ff50 JavaThread "Cache worker for cache directory md-supplier (C:\Users\Onoo\.gradle\caches\7.3.3\md-supplier)" [_thread_blocked, id=4244, stack(0x000000db89a00000,0x000000db89b00000)]
  0x000002863d661c30 JavaThread "Cache worker for cache directory md-rule (C:\Users\Onoo\.gradle\caches\7.3.3\md-rule)" [_thread_blocked, id=10988, stack(0x000000db89b00000,0x000000db89c00000)]
  0x000002863d6625d0 JavaThread "Cache worker for dependencies-accessors (D:\SourceCode\Naouma Last\android\.gradle\7.3.3\dependencies-accessors)" [_thread_blocked, id=9112, stack(0x000000db89e00000,0x000000db89f00000)]
  0x000002863d660420 JavaThread "Cache worker for Build Output Cleanup Cache (D:\SourceCode\Naouma Last\android\.gradle\buildOutputCleanup)" [_thread_blocked, id=7332, stack(0x000000db89f00000,0x000000db8a000000)]
  0x0000028639f710b0 JavaThread "C2 CompilerThread1" daemon [_thread_in_native, id=13092, stack(0x000000db89600000,0x000000db89700000)]
  0x000002863d660dc0 JavaThread "Unconstrained build operations" [_thread_blocked, id=6496, stack(0x000000db8a100000,0x000000db8a200000)]
  0x000002863d661760 JavaThread "Unconstrained build operations Thread 2" [_thread_blocked, id=5096, stack(0x000000db8a700000,0x000000db8a800000)]
  0x000002863d663440 JavaThread "Unconstrained build operations Thread 3" [_thread_blocked, id=15588, stack(0x000000db8a800000,0x000000db8a900000)]
  0x000002863a0194b0 JavaThread "Unconstrained build operations Thread 4" [_thread_blocked, id=15192, stack(0x000000db8a900000,0x000000db8aa00000)]
  0x000002863a019980 JavaThread "Unconstrained build operations Thread 5" [_thread_blocked, id=7852, stack(0x000000db8aa00000,0x000000db8ab00000)]
  0x000002863a01b660 JavaThread "Unconstrained build operations Thread 6" [_thread_blocked, id=11252, stack(0x000000db8ab00000,0x000000db8ac00000)]
  0x000002863a01acc0 JavaThread "Unconstrained build operations Thread 7" [_thread_blocked, id=8900, stack(0x000000db8ac00000,0x000000db8ad00000)]
  0x000002863a018fe0 JavaThread "Unconstrained build operations Thread 8" [_thread_blocked, id=14724, stack(0x000000db8ad00000,0x000000db8ae00000)]
  0x000002863a01b190 JavaThread "Unconstrained build operations Thread 9" [_thread_blocked, id=8600, stack(0x000000db8ae00000,0x000000db8af00000)]
  0x000002863b77e370 JavaThread "Unconstrained build operations Thread 10" [_thread_blocked, id=1672, stack(0x000000db8af00000,0x000000db8b000000)]
  0x000002863b781860 JavaThread "Unconstrained build operations Thread 11" [_thread_blocked, id=15980, stack(0x000000db8b000000,0x000000db8b100000)]
  0x000002863b783070 JavaThread "Unconstrained build operations Thread 12" [_thread_blocked, id=14904, stack(0x000000db8b100000,0x000000db8b200000)]
  0x000002863b784d50 JavaThread "Unconstrained build operations Thread 13" [_thread_blocked, id=10228, stack(0x000000db8b200000,0x000000db8b300000)]
  0x000002863b783540 JavaThread "Unconstrained build operations Thread 14" [_thread_blocked, id=14172, stack(0x000000db8b300000,0x000000db8b400000)]
  0x000002863b785220 JavaThread "Unconstrained build operations Thread 15" [_thread_blocked, id=12556, stack(0x000000db8b400000,0x000000db8b500000)]
  0x00000286455cb9f0 JavaThread "Unconstrained build operations Thread 16" [_thread_blocked, id=9436, stack(0x000000db8b500000,0x000000db8b600000)]
  0x00000286455c8500 JavaThread "Unconstrained build operations Thread 17" [_thread_blocked, id=13412, stack(0x000000db8b600000,0x000000db8b700000)]
  0x00000286455cb520 JavaThread "Unconstrained build operations Thread 18" [_thread_blocked, id=13612, stack(0x000000db8b700000,0x000000db8b800000)]
  0x00000286455ca1e0 JavaThread "Unconstrained build operations Thread 19" [_thread_blocked, id=15876, stack(0x000000db8b800000,0x000000db8b900000)]
  0x00000286455c8030 JavaThread "Unconstrained build operations Thread 20" [_thread_blocked, id=12248, stack(0x000000db8b900000,0x000000db8ba00000)]
  0x00000286455cb050 JavaThread "Unconstrained build operations Thread 21" [_thread_blocked, id=11348, stack(0x000000db8ba00000,0x000000db8bb00000)]
  0x00000286455c9840 JavaThread "Unconstrained build operations Thread 22" [_thread_blocked, id=15472, stack(0x000000db8bb00000,0x000000db8bc00000)]
  0x00000286455ca6b0 JavaThread "Unconstrained build operations Thread 23" [_thread_blocked, id=11668, stack(0x000000db8bc00000,0x000000db8bd00000)]
  0x00000286455cab80 JavaThread "Unconstrained build operations Thread 24" [_thread_blocked, id=12012, stack(0x000000db8bd00000,0x000000db8be00000)]
  0x00000286455c9d10 JavaThread "Unconstrained build operations Thread 25" [_thread_blocked, id=5176, stack(0x000000db8be00000,0x000000db8bf00000)]
  0x00000286455c89d0 JavaThread "Unconstrained build operations Thread 26" [_thread_blocked, id=3372, stack(0x000000db8bf00000,0x000000db8c000000)]
  0x00000286455c8ea0 JavaThread "Unconstrained build operations Thread 27" [_thread_blocked, id=13744, stack(0x000000db8c000000,0x000000db8c100000)]
  0x00000286455c9370 JavaThread "Unconstrained build operations Thread 28" [_thread_blocked, id=16396, stack(0x000000db8c100000,0x000000db8c200000)]
  0x0000028646a74a90 JavaThread "Unconstrained build operations Thread 29" [_thread_blocked, id=9096, stack(0x000000db8c200000,0x000000db8c300000)]
  0x0000028646a79790 JavaThread "Unconstrained build operations Thread 30" [_thread_blocked, id=4744, stack(0x000000db8c300000,0x000000db8c400000)]
  0x0000028646a7a130 JavaThread "Unconstrained build operations Thread 31" [_thread_blocked, id=17000, stack(0x000000db8c400000,0x000000db8c500000)]
  0x0000028646a73750 JavaThread "Unconstrained build operations Thread 32" [_thread_blocked, id=7408, stack(0x000000db8c500000,0x000000db8c600000)]
  0x0000028646a76c40 JavaThread "Unconstrained build operations Thread 33" [_thread_blocked, id=1256, stack(0x000000db8c600000,0x000000db8c700000)]
  0x0000028646a7a600 JavaThread "Unconstrained build operations Thread 34" [_thread_blocked, id=4804, stack(0x000000db8c700000,0x000000db8c800000)]
  0x0000028646a72db0 JavaThread "Unconstrained build operations Thread 35" [_thread_blocked, id=10000, stack(0x000000db8c800000,0x000000db8c900000)]
  0x0000028646a740f0 JavaThread "Unconstrained build operations Thread 36" [_thread_blocked, id=10960, stack(0x000000db8c900000,0x000000db8ca00000)]
  0x0000028646a77110 JavaThread "Unconstrained build operations Thread 37" [_thread_blocked, id=2272, stack(0x000000db8ca00000,0x000000db8cb00000)]
  0x0000028646a792c0 JavaThread "Unconstrained build operations Thread 38" [_thread_blocked, id=11208, stack(0x000000db8cb00000,0x000000db8cc00000)]
  0x0000028646a73c20 JavaThread "Unconstrained build operations Thread 39" [_thread_blocked, id=10280, stack(0x000000db8cc00000,0x000000db8cd00000)]
  0x0000028646a775e0 JavaThread "Unconstrained build operations Thread 40" [_thread_blocked, id=9132, stack(0x000000db8cd00000,0x000000db8ce00000)]

Other Threads:
  0x000002863851d960 VMThread "VM Thread" [stack: 0x000000db87c00000,0x000000db87d00000] [id=2920]
  0x000002861dd63990 WatcherThread [stack: 0x000000db88900000,0x000000db88a00000] [id=7060]
  0x000002861dd50e50 GCTaskThread "GC Thread#0" [stack: 0x000000db87700000,0x000000db87800000] [id=3528]
  0x000002863968eca0 GCTaskThread "GC Thread#1" [stack: 0x000000db88b00000,0x000000db88c00000] [id=8200]
  0x000002863935ccb0 GCTaskThread "GC Thread#2" [stack: 0x000000db88c00000,0x000000db88d00000] [id=10400]
  0x0000028639420870 GCTaskThread "GC Thread#3" [stack: 0x000000db88d00000,0x000000db88e00000] [id=424]
  0x000002861dd5bb20 ConcurrentGCThread "G1 Main Marker" [stack: 0x000000db87800000,0x000000db87900000] [id=9136]
  0x000002861dd5c440 ConcurrentGCThread "G1 Conc#0" [stack: 0x000000db87900000,0x000000db87a00000] [id=15704]
  0x00000286383a20c0 ConcurrentGCThread "G1 Refine#0" [stack: 0x000000db87a00000,0x000000db87b00000] [id=5136]
  0x00000286423c4380 ConcurrentGCThread "G1 Refine#1" [stack: 0x000000db8d400000,0x000000db8d500000] [id=2476]
  0x00000286423c1b40 ConcurrentGCThread "G1 Refine#2" [stack: 0x000000db8d500000,0x000000db8d600000] [id=9304]
  0x00000286423c23e0 ConcurrentGCThread "G1 Refine#3" [stack: 0x000000db8d600000,0x000000db8d700000] [id=11088]
  0x00000286383a28f0 ConcurrentGCThread "G1 Service" [stack: 0x000000db87b00000,0x000000db87c00000] [id=2564]

Threads with active compile tasks:
C2 CompilerThread0   121998 16337       4       org.gradle.api.internal.artifacts.ivyservice.resolveengine.result.ResolvedVariantResultSerializer::read (132 bytes)
C2 CompilerThread1   121998 16320       4       org.gradle.api.internal.artifacts.ivyservice.resolveengine.artifact.ResolvedArtifactsGraphVisitor::getArtifacts (197 bytes)

VM state: not at safepoint (normal execution)

VM Mutex/Monitor currently owned by a thread: None

Heap address: 0x0000000761800000, size: 2536 MB, Compressed Oops mode: Zero based, Oop shift amount: 3

CDS archive(s) not mapped
Compressed class space mapped at: 0x0000000800000000-0x0000000840000000, reserved size: 1073741824
Narrow klass base: 0x0000000800000000, Narrow klass shift: 0, Narrow klass range: 0x40000000

GC Precious Log:
 CPUs: 4 total, 4 available
 Memory: 16242M
 Large Page Support: Disabled
 NUMA Support: Disabled
 Compressed Oops: Enabled (Zero based)
 Heap Region Size: 2M
 Heap Min Capacity: 8M
 Heap Initial Capacity: 254M
 Heap Max Capacity: 2536M
 Pre-touch: Disabled
 Parallel Workers: 4
 Concurrent Workers: 1
 Concurrent Refinement Workers: 4
 Periodic GC: Disabled

Heap:
 garbage-first heap   total 399360K, used 292559K [0x0000000761800000, 0x0000000800000000)
  region size 2048K, 25 young (51200K), 6 survivors (12288K)
 Metaspace       used 95728K, committed 97408K, reserved 1138688K
  class space    used 12990K, committed 13696K, reserved 1048576K

Heap Regions: E=young(eden), S=young(survivor), O=old, HS=humongous(starts), HC=humongous(continues), CS=collection set, F=free, OA=open archive, CA=closed archive, TAMS=top-at-mark-start (previous, next)
|   0|0x0000000761800000, 0x0000000761a00000, 0x0000000761a00000|100%|HS|  |TAMS 0x0000000761a00000, 0x0000000761800000| Complete 
|   1|0x0000000761a00000, 0x0000000761c00000, 0x0000000761c00000|100%|HC|  |TAMS 0x0000000761c00000, 0x0000000761a00000| Complete 
|   2|0x0000000761c00000, 0x0000000761e00000, 0x0000000761e00000|100%| O|  |TAMS 0x0000000761e00000, 0x0000000761c00000| Untracked 
|   3|0x0000000761e00000, 0x0000000762000000, 0x0000000762000000|100%| O|  |TAMS 0x0000000762000000, 0x0000000761e00000| Untracked 
|   4|0x0000000762000000, 0x0000000762200000, 0x0000000762200000|100%| O|  |TAMS 0x0000000762200000, 0x0000000762000000| Untracked 
|   5|0x0000000762200000, 0x0000000762400000, 0x0000000762400000|100%| O|  |TAMS 0x0000000762400000, 0x0000000762200000| Untracked 
|   6|0x0000000762400000, 0x0000000762600000, 0x0000000762600000|100%| O|  |TAMS 0x0000000762600000, 0x0000000762400000| Untracked 
|   7|0x0000000762600000, 0x0000000762800000, 0x0000000762800000|100%| O|  |TAMS 0x0000000762800000, 0x0000000762600000| Untracked 
|   8|0x0000000762800000, 0x0000000762a00000, 0x0000000762a00000|100%| O|  |TAMS 0x0000000762a00000, 0x0000000762800000| Untracked 
|   9|0x0000000762a00000, 0x0000000762c00000, 0x0000000762c00000|100%| O|  |TAMS 0x0000000762c00000, 0x0000000762a00000| Untracked 
|  10|0x0000000762c00000, 0x0000000762e00000, 0x0000000762e00000|100%| O|  |TAMS 0x0000000762e00000, 0x0000000762c00000| Untracked 
|  11|0x0000000762e00000, 0x0000000763000000, 0x0000000763000000|100%| O|  |TAMS 0x0000000763000000, 0x0000000762e00000| Untracked 
|  12|0x0000000763000000, 0x0000000763200000, 0x0000000763200000|100%| O|  |TAMS 0x0000000763200000, 0x0000000763000000| Untracked 
|  13|0x0000000763200000, 0x0000000763400000, 0x0000000763400000|100%| O|  |TAMS 0x0000000763400000, 0x0000000763200000| Untracked 
|  14|0x0000000763400000, 0x0000000763600000, 0x0000000763600000|100%| O|  |TAMS 0x0000000763600000, 0x0000000763400000| Untracked 
|  15|0x0000000763600000, 0x0000000763800000, 0x0000000763800000|100%| O|  |TAMS 0x0000000763800000, 0x0000000763600000| Untracked 
|  16|0x0000000763800000, 0x0000000763a00000, 0x0000000763a00000|100%| O|  |TAMS 0x0000000763a00000, 0x0000000763800000| Untracked 
|  17|0x0000000763a00000, 0x0000000763c00000, 0x0000000763c00000|100%| O|  |TAMS 0x0000000763c00000, 0x0000000763a00000| Untracked 
|  18|0x0000000763c00000, 0x0000000763e00000, 0x0000000763e00000|100%| O|  |TAMS 0x0000000763e00000, 0x0000000763c00000| Untracked 
|  19|0x0000000763e00000, 0x0000000764000000, 0x0000000764000000|100%|HS|  |TAMS 0x0000000764000000, 0x0000000763e00000| Complete 
|  20|0x0000000764000000, 0x0000000764200000, 0x0000000764200000|100%|HC|  |TAMS 0x0000000764200000, 0x0000000764000000| Complete 
|  21|0x0000000764200000, 0x0000000764400000, 0x0000000764400000|100%|HS|  |TAMS 0x0000000764400000, 0x0000000764200000| Complete 
|  22|0x0000000764400000, 0x0000000764600000, 0x0000000764600000|100%| O|  |TAMS 0x0000000764600000, 0x0000000764400000| Untracked 
|  23|0x0000000764600000, 0x0000000764800000, 0x0000000764800000|100%| O|  |TAMS 0x0000000764800000, 0x0000000764600000| Untracked 
|  24|0x0000000764800000, 0x0000000764a00000, 0x0000000764a00000|100%| O|  |TAMS 0x0000000764a00000, 0x0000000764800000| Untracked 
|  25|0x0000000764a00000, 0x0000000764c00000, 0x0000000764c00000|100%| O|  |TAMS 0x0000000764c00000, 0x0000000764a00000| Untracked 
|  26|0x0000000764c00000, 0x0000000764e00000, 0x0000000764e00000|100%| O|  |TAMS 0x0000000764e00000, 0x0000000764c00000| Untracked 
|  27|0x0000000764e00000, 0x0000000765000000, 0x0000000765000000|100%| O|  |TAMS 0x0000000765000000, 0x0000000764e00000| Untracked 
|  28|0x0000000765000000, 0x0000000765200000, 0x0000000765200000|100%| O|  |TAMS 0x0000000765200000, 0x0000000765000000| Untracked 
|  29|0x0000000765200000, 0x0000000765400000, 0x0000000765400000|100%| O|  |TAMS 0x0000000765400000, 0x0000000765200000| Untracked 
|  30|0x0000000765400000, 0x0000000765600000, 0x0000000765600000|100%| O|  |TAMS 0x0000000765600000, 0x0000000765400000| Untracked 
|  31|0x0000000765600000, 0x0000000765800000, 0x0000000765800000|100%|HS|  |TAMS 0x0000000765800000, 0x0000000765600000| Complete 
|  32|0x0000000765800000, 0x0000000765a00000, 0x0000000765a00000|100%| O|  |TAMS 0x0000000765a00000, 0x0000000765800000| Untracked 
|  33|0x0000000765a00000, 0x0000000765c00000, 0x0000000765c00000|100%| O|  |TAMS 0x0000000765c00000, 0x0000000765a00000| Untracked 
|  34|0x0000000765c00000, 0x0000000765e00000, 0x0000000765e00000|100%| O|  |TAMS 0x0000000765e00000, 0x0000000765c00000| Untracked 
|  35|0x0000000765e00000, 0x0000000766000000, 0x0000000766000000|100%| O|  |TAMS 0x0000000766000000, 0x0000000765e00000| Untracked 
|  36|0x0000000766000000, 0x0000000766200000, 0x0000000766200000|100%| O|  |TAMS 0x0000000766200000, 0x0000000766000000| Untracked 
|  37|0x0000000766200000, 0x0000000766400000, 0x0000000766400000|100%| O|  |TAMS 0x0000000766400000, 0x0000000766200000| Untracked 
|  38|0x0000000766400000, 0x0000000766600000, 0x0000000766600000|100%| O|  |TAMS 0x0000000766600000, 0x0000000766400000| Untracked 
|  39|0x0000000766600000, 0x0000000766800000, 0x0000000766800000|100%| O|  |TAMS 0x0000000766800000, 0x0000000766600000| Untracked 
|  40|0x0000000766800000, 0x0000000766a00000, 0x0000000766a00000|100%| O|  |TAMS 0x0000000766a00000, 0x0000000766800000| Untracked 
|  41|0x0000000766a00000, 0x0000000766c00000, 0x0000000766c00000|100%| O|  |TAMS 0x0000000766c00000, 0x0000000766a00000| Untracked 
|  42|0x0000000766c00000, 0x0000000766e00000, 0x0000000766e00000|100%| O|  |TAMS 0x0000000766e00000, 0x0000000766c00000| Untracked 
|  43|0x0000000766e00000, 0x0000000767000000, 0x0000000767000000|100%| O|  |TAMS 0x0000000767000000, 0x0000000766e00000| Untracked 
|  44|0x0000000767000000, 0x0000000767200000, 0x0000000767200000|100%| O|  |TAMS 0x0000000767200000, 0x0000000767000000| Untracked 
|  45|0x0000000767200000, 0x0000000767400000, 0x0000000767400000|100%| O|  |TAMS 0x0000000767400000, 0x0000000767200000| Untracked 
|  46|0x0000000767400000, 0x0000000767600000, 0x0000000767600000|100%| O|  |TAMS 0x0000000767600000, 0x0000000767400000| Untracked 
|  47|0x0000000767600000, 0x0000000767800000, 0x0000000767800000|100%|HS|  |TAMS 0x0000000767800000, 0x0000000767600000| Complete 
|  48|0x0000000767800000, 0x0000000767a00000, 0x0000000767a00000|100%|HC|  |TAMS 0x0000000767a00000, 0x0000000767800000| Complete 
|  49|0x0000000767a00000, 0x0000000767c00000, 0x0000000767c00000|100%| O|  |TAMS 0x0000000767c00000, 0x0000000767a00000| Untracked 
|  50|0x0000000767c00000, 0x0000000767e00000, 0x0000000767e00000|100%| O|  |TAMS 0x0000000767e00000, 0x0000000767c00000| Untracked 
|  51|0x0000000767e00000, 0x0000000768000000, 0x0000000768000000|100%| O|  |TAMS 0x0000000768000000, 0x0000000767e00000| Untracked 
|  52|0x0000000768000000, 0x0000000768200000, 0x0000000768200000|100%| O|  |TAMS 0x0000000768200000, 0x0000000768000000| Untracked 
|  53|0x0000000768200000, 0x0000000768400000, 0x0000000768400000|100%| O|  |TAMS 0x0000000768400000, 0x0000000768200000| Untracked 
|  54|0x0000000768400000, 0x0000000768600000, 0x0000000768600000|100%| O|  |TAMS 0x0000000768600000, 0x0000000768400000| Untracked 
|  55|0x0000000768600000, 0x0000000768800000, 0x0000000768800000|100%| O|  |TAMS 0x0000000768800000, 0x0000000768600000| Untracked 
|  56|0x0000000768800000, 0x0000000768a00000, 0x0000000768a00000|100%| O|  |TAMS 0x0000000768a00000, 0x0000000768800000| Untracked 
|  57|0x0000000768a00000, 0x0000000768c00000, 0x0000000768c00000|100%| O|  |TAMS 0x0000000768a00000, 0x0000000768a00000| Untracked 
|  58|0x0000000768c00000, 0x0000000768e00000, 0x0000000768e00000|100%| O|  |TAMS 0x0000000768e00000, 0x0000000768c00000| Untracked 
|  59|0x0000000768e00000, 0x0000000769000000, 0x0000000769000000|100%| O|  |TAMS 0x0000000769000000, 0x0000000768e00000| Untracked 
|  60|0x0000000769000000, 0x0000000769200000, 0x0000000769200000|100%| O|  |TAMS 0x0000000769000000, 0x0000000769000000| Untracked 
|  61|0x0000000769200000, 0x0000000769400000, 0x0000000769400000|100%|HS|  |TAMS 0x0000000769400000, 0x0000000769200000| Complete 
|  62|0x0000000769400000, 0x0000000769600000, 0x0000000769600000|100%|HC|  |TAMS 0x0000000769600000, 0x0000000769400000| Complete 
|  63|0x0000000769600000, 0x0000000769800000, 0x0000000769800000|100%| O|  |TAMS 0x0000000769800000, 0x0000000769600000| Untracked 
|  64|0x0000000769800000, 0x0000000769a00000, 0x0000000769a00000|100%| O|  |TAMS 0x0000000769a00000, 0x0000000769800000| Untracked 
|  65|0x0000000769a00000, 0x0000000769c00000, 0x0000000769c00000|100%| O|  |TAMS 0x0000000769c00000, 0x0000000769a00000| Untracked 
|  66|0x0000000769c00000, 0x0000000769e00000, 0x0000000769e00000|100%| O|  |TAMS 0x0000000769e00000, 0x0000000769c00000| Untracked 
|  67|0x0000000769e00000, 0x000000076a000000, 0x000000076a000000|100%|HS|  |TAMS 0x000000076a000000, 0x0000000769e00000| Complete 
|  68|0x000000076a000000, 0x000000076a200000, 0x000000076a200000|100%|HC|  |TAMS 0x000000076a200000, 0x000000076a000000| Complete 
|  69|0x000000076a200000, 0x000000076a400000, 0x000000076a400000|100%| O|  |TAMS 0x000000076a400000, 0x000000076a200000| Untracked 
|  70|0x000000076a400000, 0x000000076a600000, 0x000000076a600000|100%| O|  |TAMS 0x000000076a600000, 0x000000076a400000| Untracked 
|  71|0x000000076a600000, 0x000000076a800000, 0x000000076a800000|100%| O|  |TAMS 0x000000076a800000, 0x000000076a600000| Untracked 
|  72|0x000000076a800000, 0x000000076aa00000, 0x000000076aa00000|100%| O|  |TAMS 0x000000076aa00000, 0x000000076a800000| Untracked 
|  73|0x000000076aa00000, 0x000000076ac00000, 0x000000076ac00000|100%| O|  |TAMS 0x000000076abd4000, 0x000000076aa00000| Untracked 
|  74|0x000000076ac00000, 0x000000076ae00000, 0x000000076ae00000|100%|HS|  |TAMS 0x000000076ae00000, 0x000000076ac00000| Complete 
|  75|0x000000076ae00000, 0x000000076b000000, 0x000000076b000000|100%|HC|  |TAMS 0x000000076b000000, 0x000000076ae00000| Complete 
|  76|0x000000076b000000, 0x000000076b200000, 0x000000076b200000|100%| O|  |TAMS 0x000000076b000000, 0x000000076b000000| Untracked 
|  77|0x000000076b200000, 0x000000076b400000, 0x000000076b400000|100%| O|  |TAMS 0x000000076b200000, 0x000000076b200000| Untracked 
|  78|0x000000076b400000, 0x000000076b600000, 0x000000076b600000|100%| O|  |TAMS 0x000000076b400000, 0x000000076b400000| Untracked 
|  79|0x000000076b600000, 0x000000076b800000, 0x000000076b800000|100%| O|  |TAMS 0x000000076b600000, 0x000000076b600000| Untracked 
|  80|0x000000076b800000, 0x000000076ba00000, 0x000000076ba00000|100%| O|  |TAMS 0x000000076b800000, 0x000000076b800000| Untracked 
|  81|0x000000076ba00000, 0x000000076bc00000, 0x000000076bc00000|100%| O|  |TAMS 0x000000076ba00000, 0x000000076ba00000| Untracked 
|  82|0x000000076bc00000, 0x000000076be00000, 0x000000076be00000|100%| O|  |TAMS 0x000000076bc00000, 0x000000076bc00000| Untracked 
|  83|0x000000076be00000, 0x000000076c000000, 0x000000076c000000|100%| O|  |TAMS 0x000000076be00000, 0x000000076be00000| Untracked 
|  84|0x000000076c000000, 0x000000076c200000, 0x000000076c200000|100%| O|  |TAMS 0x000000076c000000, 0x000000076c000000| Untracked 
|  85|0x000000076c200000, 0x000000076c400000, 0x000000076c400000|100%| O|  |TAMS 0x000000076c200000, 0x000000076c200000| Untracked 
|  86|0x000000076c400000, 0x000000076c600000, 0x000000076c600000|100%| O|  |TAMS 0x000000076c400000, 0x000000076c400000| Untracked 
|  87|0x000000076c600000, 0x000000076c800000, 0x000000076c800000|100%| O|  |TAMS 0x000000076c600000, 0x000000076c600000| Untracked 
|  88|0x000000076c800000, 0x000000076ca00000, 0x000000076ca00000|100%| O|  |TAMS 0x000000076c800000, 0x000000076c800000| Untracked 
|  89|0x000000076ca00000, 0x000000076cc00000, 0x000000076cc00000|100%| O|  |TAMS 0x000000076ca00000, 0x000000076ca00000| Untracked 
|  90|0x000000076cc00000, 0x000000076ce00000, 0x000000076ce00000|100%| O|  |TAMS 0x000000076cc00000, 0x000000076cc00000| Untracked 
|  91|0x000000076ce00000, 0x000000076d000000, 0x000000076d000000|100%| O|  |TAMS 0x000000076ce00000, 0x000000076ce00000| Untracked 
|  92|0x000000076d000000, 0x000000076d200000, 0x000000076d200000|100%| O|  |TAMS 0x000000076d000000, 0x000000076d000000| Untracked 
|  93|0x000000076d200000, 0x000000076d400000, 0x000000076d400000|100%| O|  |TAMS 0x000000076d200000, 0x000000076d200000| Untracked 
|  94|0x000000076d400000, 0x000000076d600000, 0x000000076d600000|100%| O|  |TAMS 0x000000076d400000, 0x000000076d400000| Untracked 
|  95|0x000000076d600000, 0x000000076d800000, 0x000000076d800000|100%| O|  |TAMS 0x000000076d600000, 0x000000076d600000| Untracked 
|  96|0x000000076d800000, 0x000000076da00000, 0x000000076da00000|100%| O|  |TAMS 0x000000076d800000, 0x000000076d800000| Untracked 
|  97|0x000000076da00000, 0x000000076dc00000, 0x000000076dc00000|100%| O|  |TAMS 0x000000076da00000, 0x000000076da00000| Untracked 
|  98|0x000000076dc00000, 0x000000076de00000, 0x000000076de00000|100%| O|  |TAMS 0x000000076dc00000, 0x000000076dc00000| Untracked 
|  99|0x000000076de00000, 0x000000076e000000, 0x000000076e000000|100%| O|  |TAMS 0x000000076de00000, 0x000000076de00000| Untracked 
| 100|0x000000076e000000, 0x000000076e200000, 0x000000076e200000|100%| O|  |TAMS 0x000000076e000000, 0x000000076e000000| Untracked 
| 101|0x000000076e200000, 0x000000076e400000, 0x000000076e400000|100%| O|  |TAMS 0x000000076e200000, 0x000000076e200000| Untracked 
| 102|0x000000076e400000, 0x000000076e600000, 0x000000076e600000|100%| O|  |TAMS 0x000000076e400000, 0x000000076e400000| Untracked 
| 103|0x000000076e600000, 0x000000076e800000, 0x000000076e800000|100%| O|  |TAMS 0x000000076e600000, 0x000000076e600000| Untracked 
| 104|0x000000076e800000, 0x000000076ea00000, 0x000000076ea00000|100%| O|  |TAMS 0x000000076e800000, 0x000000076e800000| Untracked 
| 105|0x000000076ea00000, 0x000000076ec00000, 0x000000076ec00000|100%| O|  |TAMS 0x000000076ea00000, 0x000000076ea00000| Untracked 
| 106|0x000000076ec00000, 0x000000076ee00000, 0x000000076ee00000|100%| O|  |TAMS 0x000000076ec00000, 0x000000076ec00000| Untracked 
| 107|0x000000076ee00000, 0x000000076f000000, 0x000000076f000000|100%| O|  |TAMS 0x000000076ee00000, 0x000000076ee00000| Untracked 
| 108|0x000000076f000000, 0x000000076f200000, 0x000000076f200000|100%| O|  |TAMS 0x000000076f000000, 0x000000076f000000| Untracked 
| 109|0x000000076f200000, 0x000000076f400000, 0x000000076f400000|100%| O|  |TAMS 0x000000076f200000, 0x000000076f200000| Untracked 
| 110|0x000000076f400000, 0x000000076f600000, 0x000000076f600000|100%| O|  |TAMS 0x000000076f400000, 0x000000076f400000| Untracked 
| 111|0x000000076f600000, 0x000000076f800000, 0x000000076f800000|100%| O|  |TAMS 0x000000076f600000, 0x000000076f600000| Untracked 
| 112|0x000000076f800000, 0x000000076fa00000, 0x000000076fa00000|100%| O|  |TAMS 0x000000076f800000, 0x000000076f800000| Untracked 
| 113|0x000000076fa00000, 0x000000076fc00000, 0x000000076fc00000|100%| O|  |TAMS 0x000000076fa00000, 0x000000076fa00000| Untracked 
| 114|0x000000076fc00000, 0x000000076fe00000, 0x000000076fe00000|100%| O|  |TAMS 0x000000076fc00000, 0x000000076fc00000| Untracked 
| 115|0x000000076fe00000, 0x0000000770000000, 0x0000000770000000|100%| O|  |TAMS 0x000000076fe00000, 0x000000076fe00000| Untracked 
| 116|0x0000000770000000, 0x0000000770200000, 0x0000000770200000|100%| O|  |TAMS 0x0000000770000000, 0x0000000770000000| Untracked 
| 117|0x0000000770200000, 0x0000000770400000, 0x0000000770400000|100%| O|  |TAMS 0x0000000770200000, 0x0000000770200000| Untracked 
| 118|0x0000000770400000, 0x00000007705b3e00, 0x0000000770600000| 85%| O|  |TAMS 0x0000000770400000, 0x0000000770400000| Untracked 
| 119|0x0000000770600000, 0x0000000770600000, 0x0000000770800000|  0%| F|  |TAMS 0x0000000770600000, 0x0000000770600000| Untracked 
| 120|0x0000000770800000, 0x0000000770800000, 0x0000000770a00000|  0%| F|  |TAMS 0x0000000770800000, 0x0000000770800000| Untracked 
| 121|0x0000000770a00000, 0x0000000770a00000, 0x0000000770c00000|  0%| F|  |TAMS 0x0000000770a00000, 0x0000000770a00000| Untracked 
| 122|0x0000000770c00000, 0x0000000770c00000, 0x0000000770e00000|  0%| F|  |TAMS 0x0000000770c00000, 0x0000000770c00000| Untracked 
| 123|0x0000000770e00000, 0x0000000770e00000, 0x0000000771000000|  0%| F|  |TAMS 0x0000000770e00000, 0x0000000770e00000| Untracked 
| 124|0x0000000771000000, 0x0000000771000000, 0x0000000771200000|  0%| F|  |TAMS 0x0000000771000000, 0x0000000771000000| Untracked 
| 125|0x0000000771200000, 0x0000000771200000, 0x0000000771400000|  0%| F|  |TAMS 0x0000000771200000, 0x0000000771200000| Untracked 
| 126|0x0000000771400000, 0x0000000771400000, 0x0000000771600000|  0%| F|  |TAMS 0x0000000771400000, 0x0000000771400000| Untracked 
| 127|0x0000000771600000, 0x0000000771600000, 0x0000000771800000|  0%| F|  |TAMS 0x0000000771600000, 0x0000000771600000| Untracked 
| 128|0x0000000771800000, 0x0000000771800000, 0x0000000771a00000|  0%| F|  |TAMS 0x0000000771800000, 0x0000000771800000| Untracked 
| 129|0x0000000771a00000, 0x0000000771a00000, 0x0000000771c00000|  0%| F|  |TAMS 0x0000000771a00000, 0x0000000771a00000| Untracked 
| 130|0x0000000771c00000, 0x0000000771c00000, 0x0000000771e00000|  0%| F|  |TAMS 0x0000000771c00000, 0x0000000771c00000| Untracked 
| 131|0x0000000771e00000, 0x0000000771e00000, 0x0000000772000000|  0%| F|  |TAMS 0x0000000771e00000, 0x0000000771e00000| Untracked 
| 132|0x0000000772000000, 0x0000000772000000, 0x0000000772200000|  0%| F|  |TAMS 0x0000000772000000, 0x0000000772000000| Untracked 
| 133|0x0000000772200000, 0x0000000772200000, 0x0000000772400000|  0%| F|  |TAMS 0x0000000772200000, 0x0000000772200000| Untracked 
| 134|0x0000000772400000, 0x0000000772400000, 0x0000000772600000|  0%| F|  |TAMS 0x0000000772400000, 0x0000000772400000| Untracked 
| 135|0x0000000772600000, 0x0000000772600000, 0x0000000772800000|  0%| F|  |TAMS 0x0000000772600000, 0x0000000772600000| Untracked 
| 136|0x0000000772800000, 0x0000000772800000, 0x0000000772a00000|  0%| F|  |TAMS 0x0000000772800000, 0x0000000772800000| Untracked 
| 137|0x0000000772a00000, 0x0000000772a00000, 0x0000000772c00000|  0%| F|  |TAMS 0x0000000772a00000, 0x0000000772a00000| Untracked 
| 138|0x0000000772c00000, 0x0000000772c00000, 0x0000000772e00000|  0%| F|  |TAMS 0x0000000772c00000, 0x0000000772c00000| Untracked 
| 139|0x0000000772e00000, 0x0000000772e00000, 0x0000000773000000|  0%| F|  |TAMS 0x0000000772e00000, 0x0000000772e00000| Untracked 
| 140|0x0000000773000000, 0x0000000773000000, 0x0000000773200000|  0%| F|  |TAMS 0x0000000773000000, 0x0000000773000000| Untracked 
| 141|0x0000000773200000, 0x0000000773200000, 0x0000000773400000|  0%| F|  |TAMS 0x0000000773200000, 0x0000000773200000| Untracked 
| 142|0x0000000773400000, 0x0000000773400000, 0x0000000773600000|  0%| F|  |TAMS 0x0000000773400000, 0x0000000773400000| Untracked 
| 143|0x0000000773600000, 0x0000000773600000, 0x0000000773800000|  0%| F|  |TAMS 0x0000000773600000, 0x0000000773600000| Untracked 
| 144|0x0000000773800000, 0x0000000773800000, 0x0000000773a00000|  0%| F|  |TAMS 0x0000000773800000, 0x0000000773800000| Untracked 
| 145|0x0000000773a00000, 0x0000000773a00000, 0x0000000773c00000|  0%| F|  |TAMS 0x0000000773a00000, 0x0000000773a00000| Untracked 
| 146|0x0000000773c00000, 0x0000000773c00000, 0x0000000773e00000|  0%| F|  |TAMS 0x0000000773c00000, 0x0000000773c00000| Untracked 
| 147|0x0000000773e00000, 0x0000000773e00000, 0x0000000774000000|  0%| F|  |TAMS 0x0000000773e00000, 0x0000000773e00000| Untracked 
| 148|0x0000000774000000, 0x0000000774000000, 0x0000000774200000|  0%| F|  |TAMS 0x0000000774000000, 0x0000000774000000| Untracked 
| 149|0x0000000774200000, 0x0000000774200000, 0x0000000774400000|  0%| F|  |TAMS 0x0000000774200000, 0x0000000774200000| Untracked 
| 150|0x0000000774400000, 0x0000000774600000, 0x0000000774600000|100%| S|CS|TAMS 0x0000000774400000, 0x0000000774400000| Complete 
| 151|0x0000000774600000, 0x0000000774800000, 0x0000000774800000|100%| S|CS|TAMS 0x0000000774600000, 0x0000000774600000| Complete 
| 152|0x0000000774800000, 0x0000000774a00000, 0x0000000774a00000|100%| S|CS|TAMS 0x0000000774800000, 0x0000000774800000| Complete 
| 153|0x0000000774a00000, 0x0000000774c00000, 0x0000000774c00000|100%| S|CS|TAMS 0x0000000774a00000, 0x0000000774a00000| Complete 
| 154|0x0000000774c00000, 0x0000000774e00000, 0x0000000774e00000|100%| S|CS|TAMS 0x0000000774c00000, 0x0000000774c00000| Complete 
| 155|0x0000000774e00000, 0x0000000775000000, 0x0000000775000000|100%| S|CS|TAMS 0x0000000774e00000, 0x0000000774e00000| Complete 
| 156|0x0000000775000000, 0x0000000775000000, 0x0000000775200000|  0%| F|  |TAMS 0x0000000775000000, 0x0000000775000000| Untracked 
| 157|0x0000000775200000, 0x0000000775200000, 0x0000000775400000|  0%| F|  |TAMS 0x0000000775200000, 0x0000000775200000| Untracked 
| 158|0x0000000775400000, 0x0000000775400000, 0x0000000775600000|  0%| F|  |TAMS 0x0000000775400000, 0x0000000775400000| Untracked 
| 159|0x0000000775600000, 0x0000000775600000, 0x0000000775800000|  0%| F|  |TAMS 0x0000000775600000, 0x0000000775600000| Untracked 
| 160|0x0000000775800000, 0x0000000775800000, 0x0000000775a00000|  0%| F|  |TAMS 0x0000000775800000, 0x0000000775800000| Untracked 
| 161|0x0000000775a00000, 0x0000000775a00000, 0x0000000775c00000|  0%| F|  |TAMS 0x0000000775a00000, 0x0000000775a00000| Untracked 
| 162|0x0000000775c00000, 0x0000000775c00000, 0x0000000775e00000|  0%| F|  |TAMS 0x0000000775c00000, 0x0000000775c00000| Untracked 
| 163|0x0000000775e00000, 0x0000000775e00000, 0x0000000776000000|  0%| F|  |TAMS 0x0000000775e00000, 0x0000000775e00000| Untracked 
| 164|0x0000000776000000, 0x0000000776000000, 0x0000000776200000|  0%| F|  |TAMS 0x0000000776000000, 0x0000000776000000| Untracked 
| 165|0x0000000776200000, 0x0000000776200000, 0x0000000776400000|  0%| F|  |TAMS 0x0000000776200000, 0x0000000776200000| Untracked 
| 166|0x0000000776400000, 0x0000000776400000, 0x0000000776600000|  0%| F|  |TAMS 0x0000000776400000, 0x0000000776400000| Untracked 
| 167|0x0000000776600000, 0x0000000776600000, 0x0000000776800000|  0%| F|  |TAMS 0x0000000776600000, 0x0000000776600000| Untracked 
| 168|0x0000000776800000, 0x0000000776800000, 0x0000000776a00000|  0%| F|  |TAMS 0x0000000776800000, 0x0000000776800000| Untracked 
| 169|0x0000000776a00000, 0x0000000776a00000, 0x0000000776c00000|  0%| F|  |TAMS 0x0000000776a00000, 0x0000000776a00000| Untracked 
| 170|0x0000000776c00000, 0x0000000776c00000, 0x0000000776e00000|  0%| F|  |TAMS 0x0000000776c00000, 0x0000000776c00000| Untracked 
| 171|0x0000000776e00000, 0x0000000776e00000, 0x0000000777000000|  0%| F|  |TAMS 0x0000000776e00000, 0x0000000776e00000| Untracked 
| 172|0x0000000777000000, 0x0000000777000000, 0x0000000777200000|  0%| F|  |TAMS 0x0000000777000000, 0x0000000777000000| Untracked 
| 173|0x0000000777200000, 0x0000000777200000, 0x0000000777400000|  0%| F|  |TAMS 0x0000000777200000, 0x0000000777200000| Untracked 
| 174|0x0000000777400000, 0x0000000777400000, 0x0000000777600000|  0%| F|  |TAMS 0x0000000777400000, 0x0000000777400000| Untracked 
| 175|0x0000000777600000, 0x0000000777600000, 0x0000000777800000|  0%| F|  |TAMS 0x0000000777600000, 0x0000000777600000| Untracked 
| 176|0x0000000777800000, 0x00000007778e8f08, 0x0000000777a00000| 45%| E|  |TAMS 0x0000000777800000, 0x0000000777800000| Complete 
| 177|0x0000000777a00000, 0x0000000777c00000, 0x0000000777c00000|100%| E|CS|TAMS 0x0000000777a00000, 0x0000000777a00000| Complete 
| 178|0x0000000777c00000, 0x0000000777e00000, 0x0000000777e00000|100%| E|CS|TAMS 0x0000000777c00000, 0x0000000777c00000| Complete 
| 179|0x0000000777e00000, 0x0000000778000000, 0x0000000778000000|100%| E|CS|TAMS 0x0000000777e00000, 0x0000000777e00000| Complete 
| 180|0x0000000778000000, 0x0000000778200000, 0x0000000778200000|100%| E|CS|TAMS 0x0000000778000000, 0x0000000778000000| Complete 
| 181|0x0000000778200000, 0x0000000778400000, 0x0000000778400000|100%| E|CS|TAMS 0x0000000778200000, 0x0000000778200000| Complete 
| 182|0x0000000778400000, 0x0000000778600000, 0x0000000778600000|100%| E|CS|TAMS 0x0000000778400000, 0x0000000778400000| Complete 
| 183|0x0000000778600000, 0x0000000778800000, 0x0000000778800000|100%| E|CS|TAMS 0x0000000778600000, 0x0000000778600000| Complete 
| 184|0x0000000778800000, 0x0000000778a00000, 0x0000000778a00000|100%| E|CS|TAMS 0x0000000778800000, 0x0000000778800000| Complete 
| 185|0x0000000778a00000, 0x0000000778c00000, 0x0000000778c00000|100%| E|CS|TAMS 0x0000000778a00000, 0x0000000778a00000| Complete 
| 186|0x0000000778c00000, 0x0000000778e00000, 0x0000000778e00000|100%| E|CS|TAMS 0x0000000778c00000, 0x0000000778c00000| Complete 
| 187|0x0000000778e00000, 0x0000000779000000, 0x0000000779000000|100%| E|CS|TAMS 0x0000000778e00000, 0x0000000778e00000| Complete 
| 188|0x0000000779000000, 0x0000000779200000, 0x0000000779200000|100%| E|CS|TAMS 0x0000000779000000, 0x0000000779000000| Complete 
| 189|0x0000000779200000, 0x0000000779400000, 0x0000000779400000|100%| E|CS|TAMS 0x0000000779200000, 0x0000000779200000| Complete 
| 190|0x0000000779400000, 0x0000000779600000, 0x0000000779600000|100%| E|CS|TAMS 0x0000000779400000, 0x0000000779400000| Complete 
| 191|0x0000000779600000, 0x0000000779800000, 0x0000000779800000|100%| E|CS|TAMS 0x0000000779600000, 0x0000000779600000| Complete 
| 192|0x0000000779800000, 0x0000000779a00000, 0x0000000779a00000|100%| E|CS|TAMS 0x0000000779800000, 0x0000000779800000| Complete 
| 193|0x0000000779a00000, 0x0000000779c00000, 0x0000000779c00000|100%| E|CS|TAMS 0x0000000779a00000, 0x0000000779a00000| Complete 
| 194|0x0000000779c00000, 0x0000000779e00000, 0x0000000779e00000|100%| E|CS|TAMS 0x0000000779c00000, 0x0000000779c00000| Complete 

Card table byte_map: [0x00000286306d0000,0x0000028630bd0000] _byte_map_base: 0x000002862cbc4000

Marking Bits (Prev, Next): (CMBitMap*) 0x000002861dd51370, (CMBitMap*) 0x000002861dd513b0
 Prev Bits: [0x00000286310d0000, 0x0000028633870000)
 Next Bits: [0x0000028633870000, 0x0000028636010000)

Polling page: 0x000002861d4d0000

Metaspace:

Usage:
  Non-class:     80.80 MB used.
      Class:     12.69 MB used.
       Both:     93.49 MB used.

Virtual space:
  Non-class space:       88.00 MB reserved,      81.75 MB ( 93%) committed,  11 nodes.
      Class space:        1.00 GB reserved,      13.38 MB (  1%) committed,  1 nodes.
             Both:        1.09 GB reserved,      95.12 MB (  9%) committed. 

Chunk freelists:
   Non-Class:  1.69 MB
       Class:  2.58 MB
        Both:  4.27 MB

MaxMetaspaceSize: unlimited
CompressedClassSpaceSize: 1.00 GB
Initial GC threshold: 21.00 MB
Current GC threshold: 138.44 MB
CDS: off
MetaspaceReclaimPolicy: balanced
 - commit_granule_bytes: 65536.
 - commit_granule_words: 8192.
 - virtual_space_node_default_size: 1048576.
 - enlarge_chunks_in_place: 1.
 - new_chunks_are_fully_committed: 0.
 - uncommit_free_chunks: 1.
 - use_allocation_guard: 0.
 - handle_deallocations: 1.


Internal statistics:

num_allocs_failed_limit: 6.
num_arena_births: 2158.
num_arena_deaths: 0.
num_vsnodes_births: 12.
num_vsnodes_deaths: 0.
num_space_committed: 1522.
num_space_uncommitted: 0.
num_chunks_returned_to_freelist: 6.
num_chunks_taken_from_freelist: 6284.
num_chunk_merges: 3.
num_chunk_splits: 3720.
num_chunks_enlarged: 1962.
num_purges: 0.
num_inconsistent_stats: 0.

CodeHeap 'non-profiled nmethods': size=120000Kb used=11422Kb max_used=11422Kb free=108577Kb
 bounds [0x0000028628ca0000, 0x00000286297d0000, 0x00000286301d0000]
CodeHeap 'profiled nmethods': size=120000Kb used=25765Kb max_used=26151Kb free=94234Kb
 bounds [0x00000286211d0000, 0x0000028622b70000, 0x0000028628700000]
CodeHeap 'non-nmethods': size=5760Kb used=2377Kb max_used=2498Kb free=3382Kb
 bounds [0x0000028628700000, 0x0000028628990000, 0x0000028628ca0000]
 total_blobs=14319 nmethods=13419 adapters=811
 compilation: enabled
              stopped_count=0, restarted_count=0
 full_count=0

Compilation events (20 events):
Event: 121.802 Thread 0x0000028639077c40 16344       3       jdk.internal.math.FDBigInteger::trimLeadingZeros (57 bytes)
Event: 121.803 Thread 0x0000028639077c40 nmethod 16344 0x0000028621e07c90 code [0x0000028621e07e40, 0x0000028621e08118]
Event: 121.805 Thread 0x0000028639077c40 16345       3       org.gradle.api.internal.artifacts.ivyservice.resolveengine.result.CachingComponentSelectionDescriptorFactory$$Lambda$871/0x0000000800b62000::<init> (15 bytes)
Event: 121.805 Thread 0x0000028639077c40 nmethod 16345 0x000002862219dd10 code [0x000002862219dec0, 0x000002862219e0f8]
Event: 121.814 Thread 0x0000028639077c40 16347       3       org.gradle.api.internal.artifacts.DefaultResolverResults::getResolutionResult (9 bytes)
Event: 121.814 Thread 0x0000028639077c40 nmethod 16347 0x000002862219d690 code [0x000002862219d860, 0x000002862219dba8]
Event: 121.815 Thread 0x0000028639077c40 16348   !   3       org.gradle.api.internal.artifacts.ivyservice.resolveengine.result.CachingComponentSelectionDescriptorFactory::getOrCreate (41 bytes)
Event: 121.817 Thread 0x0000028639077c40 nmethod 16348 0x00000286224ce010 code [0x00000286224ce260, 0x00000286224cedc8]
Event: 121.835 Thread 0x0000028639077c40 16350       3       org.gradle.api.internal.project.DefaultProject::getBuildscript (5 bytes)
Event: 121.835 Thread 0x0000028639077c40 nmethod 16350 0x00000286224cd790 code [0x00000286224cd960, 0x00000286224cde28]
Event: 121.918 Thread 0x0000028639077c40 16352       3       org.gradle.api.internal.collections.DefaultPendingSource::removeByProvider (50 bytes)
Event: 121.919 Thread 0x0000028639077c40 nmethod 16352 0x000002862219c790 code [0x000002862219c9c0, 0x000002862219d488]
Event: 121.928 Thread 0x0000028639077c40 16353       3       org.gradle.api.tasks.compile.CompileOptions_Decorated::getCompilerArgumentProviders (47 bytes)
Event: 121.929 Thread 0x0000028639077c40 nmethod 16353 0x00000286229fe510 code [0x00000286229fe720, 0x00000286229feeb8]
Event: 121.944 Thread 0x0000028639077c40 16354   !   3       org.gradle.api.internal.project.DefaultProjectStateRegistry$ProjectStateImpl::ensureConfigured (25 bytes)
Event: 121.944 Thread 0x0000028639077c40 nmethod 16354 0x00000286229fdb10 code [0x00000286229fdd00, 0x00000286229fe248]
Event: 121.944 Thread 0x0000028639077c40 16355       3       org.gradle.api.internal.project.DefaultProject::evaluate (5 bytes)
Event: 121.944 Thread 0x0000028639077c40 nmethod 16355 0x0000028621bde410 code [0x0000028621bde5c0, 0x0000028621bde8d8]
Event: 121.951 Thread 0x0000028639077c40 16356       3       org.gradle.api.tasks.compile.AbstractOptions::<init> (5 bytes)
Event: 121.951 Thread 0x0000028639077c40 nmethod 16356 0x00000286211e1490 code [0x00000286211e1620, 0x00000286211e1778]

GC Heap History (20 events):
Event: 41.115 GC heap before
{Heap before GC invocations=54 (full 0):
 garbage-first heap   total 260096K, used 176094K [0x0000000761800000, 0x0000000800000000)
  region size 2048K, 19 young (38912K), 3 survivors (6144K)
 Metaspace       used 82702K, committed 83904K, reserved 1122304K
  class space    used 11110K, committed 11584K, reserved 1048576K
}
Event: 41.132 GC heap after
{Heap after GC invocations=55 (full 0):
 garbage-first heap   total 260096K, used 150379K [0x0000000761800000, 0x0000000800000000)
  region size 2048K, 3 young (6144K), 3 survivors (6144K)
 Metaspace       used 82702K, committed 83904K, reserved 1122304K
  class space    used 11110K, committed 11584K, reserved 1048576K
}
Event: 41.272 GC heap before
{Heap before GC invocations=55 (full 0):
 garbage-first heap   total 260096K, used 156523K [0x0000000761800000, 0x0000000800000000)
  region size 2048K, 6 young (12288K), 3 survivors (6144K)
 Metaspace       used 82841K, committed 84032K, reserved 1122304K
  class space    used 11130K, committed 11584K, reserved 1048576K
}
Event: 41.289 GC heap after
{Heap after GC invocations=56 (full 0):
 garbage-first heap   total 260096K, used 151358K [0x0000000761800000, 0x0000000800000000)
  region size 2048K, 1 young (2048K), 1 survivors (2048K)
 Metaspace       used 82841K, committed 84032K, reserved 1122304K
  class space    used 11130K, committed 11584K, reserved 1048576K
}
Event: 43.331 GC heap before
{Heap before GC invocations=56 (full 0):
 garbage-first heap   total 260096K, used 204606K [0x0000000761800000, 0x0000000800000000)
  region size 2048K, 26 young (53248K), 1 survivors (2048K)
 Metaspace       used 83375K, committed 84672K, reserved 1122304K
  class space    used 11209K, committed 11712K, reserved 1048576K
}
Event: 43.351 GC heap after
{Heap after GC invocations=57 (full 0):
 garbage-first heap   total 399360K, used 169467K [0x0000000761800000, 0x0000000800000000)
  region size 2048K, 4 young (8192K), 4 survivors (8192K)
 Metaspace       used 83375K, committed 84672K, reserved 1122304K
  class space    used 11209K, committed 11712K, reserved 1048576K
}
Event: 48.955 GC heap before
{Heap before GC invocations=58 (full 0):
 garbage-first heap   total 399360K, used 280059K [0x0000000761800000, 0x0000000800000000)
  region size 2048K, 58 young (118784K), 4 survivors (8192K)
 Metaspace       used 90400K, committed 91776K, reserved 1130496K
  class space    used 12177K, committed 12736K, reserved 1048576K
}
Event: 49.005 GC heap after
{Heap after GC invocations=59 (full 0):
 garbage-first heap   total 399360K, used 191809K [0x0000000761800000, 0x0000000800000000)
  region size 2048K, 8 young (16384K), 8 survivors (16384K)
 Metaspace       used 90400K, committed 91776K, reserved 1130496K
  class space    used 12177K, committed 12736K, reserved 1048576K
}
Event: 49.065 GC heap before
{Heap before GC invocations=59 (full 0):
 garbage-first heap   total 399360K, used 193857K [0x0000000761800000, 0x0000000800000000)
  region size 2048K, 9 young (18432K), 8 survivors (16384K)
 Metaspace       used 90415K, committed 91776K, reserved 1130496K
  class space    used 12177K, committed 12736K, reserved 1048576K
}
Event: 49.093 GC heap after
{Heap after GC invocations=60 (full 0):
 garbage-first heap   total 399360K, used 194215K [0x0000000761800000, 0x0000000800000000)
  region size 2048K, 2 young (4096K), 2 survivors (4096K)
 Metaspace       used 90415K, committed 91776K, reserved 1130496K
  class space    used 12177K, committed 12736K, reserved 1048576K
}
Event: 53.813 GC heap before
{Heap before GC invocations=60 (full 0):
 garbage-first heap   total 399360K, used 296615K [0x0000000761800000, 0x0000000800000000)
  region size 2048K, 53 young (108544K), 2 survivors (4096K)
 Metaspace       used 93065K, committed 94720K, reserved 1138688K
  class space    used 12618K, committed 13312K, reserved 1048576K
}
Event: 53.844 GC heap after
{Heap after GC invocations=61 (full 0):
 garbage-first heap   total 399360K, used 215040K [0x0000000761800000, 0x0000000800000000)
  region size 2048K, 7 young (14336K), 7 survivors (14336K)
 Metaspace       used 93065K, committed 94720K, reserved 1138688K
  class space    used 12618K, committed 13312K, reserved 1048576K
}
Event: 56.286 GC heap before
{Heap before GC invocations=61 (full 0):
 garbage-first heap   total 399360K, used 301056K [0x0000000761800000, 0x0000000800000000)
  region size 2048K, 50 young (102400K), 7 survivors (14336K)
 Metaspace       used 93291K, committed 94848K, reserved 1138688K
  class space    used 12659K, committed 13312K, reserved 1048576K
}
Event: 56.315 GC heap after
{Heap after GC invocations=62 (full 0):
 garbage-first heap   total 399360K, used 222683K [0x0000000761800000, 0x0000000800000000)
  region size 2048K, 4 young (8192K), 4 survivors (8192K)
 Metaspace       used 93291K, committed 94848K, reserved 1138688K
  class space    used 12659K, committed 13312K, reserved 1048576K
}
Event: 114.561 GC heap before
{Heap before GC invocations=62 (full 0):
 garbage-first heap   total 399360K, used 308699K [0x0000000761800000, 0x0000000800000000)
  region size 2048K, 47 young (96256K), 4 survivors (8192K)
 Metaspace       used 95075K, committed 96704K, reserved 1138688K
  class space    used 12940K, committed 13632K, reserved 1048576K
}
Event: 114.588 GC heap after
{Heap after GC invocations=63 (full 0):
 garbage-first heap   total 399360K, used 224891K [0x0000000761800000, 0x0000000800000000)
  region size 2048K, 5 young (10240K), 5 survivors (10240K)
 Metaspace       used 95075K, committed 96704K, reserved 1138688K
  class space    used 12940K, committed 13632K, reserved 1048576K
}
Event: 118.131 GC heap before
{Heap before GC invocations=63 (full 0):
 garbage-first heap   total 399360K, used 317051K [0x0000000761800000, 0x0000000800000000)
  region size 2048K, 50 young (102400K), 5 survivors (10240K)
 Metaspace       used 95495K, committed 97216K, reserved 1138688K
  class space    used 12985K, committed 13696K, reserved 1048576K
}
Event: 118.169 GC heap after
{Heap after GC invocations=64 (full 0):
 garbage-first heap   total 399360K, used 241248K [0x0000000761800000, 0x0000000800000000)
  region size 2048K, 7 young (14336K), 7 survivors (14336K)
 Metaspace       used 95495K, committed 97216K, reserved 1138688K
  class space    used 12985K, committed 13696K, reserved 1048576K
}
Event: 120.763 GC heap before
{Heap before GC invocations=64 (full 0):
 garbage-first heap   total 399360K, used 321120K [0x0000000761800000, 0x0000000800000000)
  region size 2048K, 46 young (94208K), 7 survivors (14336K)
 Metaspace       used 95646K, committed 97344K, reserved 1138688K
  class space    used 12990K, committed 13696K, reserved 1048576K
}
Event: 120.813 GC heap after
{Heap after GC invocations=65 (full 0):
 garbage-first heap   total 399360K, used 255695K [0x0000000761800000, 0x0000000800000000)
  region size 2048K, 6 young (12288K), 6 survivors (12288K)
 Metaspace       used 95646K, committed 97344K, reserved 1138688K
  class space    used 12990K, committed 13696K, reserved 1048576K
}

Dll operation events (2 events):
Event: 0.017 Loaded shared library C:\Program Files\Android\Android Studio\jre\bin\java.dll
Event: 1.273 Loaded shared library C:\Program Files\Android\Android Studio\jre\bin\verify.dll

Deoptimization events (20 events):
Event: 121.672 Thread 0x000002863bea1840 Uncommon trap: trap_request=0xffffffde fr.pc=0x00000286295b7f2c relative=0x00000000000004ac
Event: 121.672 Thread 0x000002863bea1840 Uncommon trap: reason=class_check action=maybe_recompile pc=0x00000286295b7f2c method=java.util.regex.Pattern$CharProperty.match(Ljava/util/regex/Matcher;ILjava/lang/CharSequence;)Z @ 37 c2
Event: 121.672 Thread 0x000002863bea1840 DEOPT PACKING pc=0x00000286295b7f2c sp=0x000000db893f9d40
Event: 121.672 Thread 0x000002863bea1840 DEOPT UNPACKING pc=0x00000286287569a3 sp=0x000000db893f9d00 mode 2
Event: 121.672 Thread 0x000002863bea1840 Uncommon trap: trap_request=0xffffffde fr.pc=0x00000286295b7f2c relative=0x00000000000004ac
Event: 121.672 Thread 0x000002863bea1840 Uncommon trap: reason=class_check action=maybe_recompile pc=0x00000286295b7f2c method=java.util.regex.Pattern$CharProperty.match(Ljava/util/regex/Matcher;ILjava/lang/CharSequence;)Z @ 37 c2
Event: 121.672 Thread 0x000002863bea1840 DEOPT PACKING pc=0x00000286295b7f2c sp=0x000000db893f9d40
Event: 121.672 Thread 0x000002863bea1840 DEOPT UNPACKING pc=0x00000286287569a3 sp=0x000000db893f9d00 mode 2
Event: 121.672 Thread 0x000002863bea1840 Uncommon trap: trap_request=0xffffffde fr.pc=0x00000286295b7f2c relative=0x00000000000004ac
Event: 121.672 Thread 0x000002863bea1840 Uncommon trap: reason=class_check action=maybe_recompile pc=0x00000286295b7f2c method=java.util.regex.Pattern$CharProperty.match(Ljava/util/regex/Matcher;ILjava/lang/CharSequence;)Z @ 37 c2
Event: 121.672 Thread 0x000002863bea1840 DEOPT PACKING pc=0x00000286295b7f2c sp=0x000000db893f9d40
Event: 121.672 Thread 0x000002863bea1840 DEOPT UNPACKING pc=0x00000286287569a3 sp=0x000000db893f9d00 mode 2
Event: 121.838 Thread 0x000002863bea1840 Uncommon trap: trap_request=0xffffff45 fr.pc=0x00000286294ba4f4 relative=0x0000000000000694
Event: 121.838 Thread 0x000002863bea1840 Uncommon trap: reason=unstable_if action=reinterpret pc=0x00000286294ba4f4 method=org.gradle.api.internal.collections.DefaultPendingSource.removeByProvider(Lorg/gradle/api/internal/provider/ProviderInternal;)Z @ 16 c2
Event: 121.838 Thread 0x000002863bea1840 DEOPT PACKING pc=0x00000286294ba4f4 sp=0x000000db893f98b0
Event: 121.838 Thread 0x000002863bea1840 DEOPT UNPACKING pc=0x00000286287569a3 sp=0x000000db893f9850 mode 2
Event: 121.919 Thread 0x000002863bea1840 Uncommon trap: trap_request=0xffffff45 fr.pc=0x00000286294b622c relative=0x00000000000003cc
Event: 121.919 Thread 0x000002863bea1840 Uncommon trap: reason=unstable_if action=reinterpret pc=0x00000286294b622c method=org.gradle.api.internal.collections.DefaultPendingSource.removeByProvider(Lorg/gradle/api/internal/provider/ProviderInternal;)Z @ 16 c2
Event: 121.919 Thread 0x000002863bea1840 DEOPT PACKING pc=0x00000286294b622c sp=0x000000db893f9890
Event: 121.919 Thread 0x000002863bea1840 DEOPT UNPACKING pc=0x00000286287569a3 sp=0x000000db893f9850 mode 2

Classes unloaded (0 events):
No events

Classes redefined (0 events):
No events

Internal exceptions (20 events):
Event: 56.797 Thread 0x000002863b77f1e0 Exception <a 'java/lang/NoSuchMethodError'{0x00000007784147d0}: 'java.lang.Object java.lang.invoke.DirectMethodHandle$Holder.invokeStatic(java.lang.Object, java.lang.Object, long, java.lang.Object)'> (0x00000007784147d0) 
thrown [s\src\hotspot\share\interpreter\linkResolver.cpp, line 771]
Event: 56.798 Thread 0x000002863b77f1e0 Exception <a 'java/lang/NoSuchMethodError'{0x0000000778418220}: 'java.lang.Object java.lang.invoke.DirectMethodHandle$Holder.invokeStaticInit(java.lang.Object, java.lang.Object, long, java.lang.Object)'> (0x0000000778418220) 
thrown [s\src\hotspot\share\interpreter\linkResolver.cpp, line 771]
Event: 56.798 Thread 0x000002863b77f1e0 Exception <a 'java/lang/NoSuchMethodError'{0x000000077841e678}: 'java.lang.Object java.lang.invoke.DirectMethodHandle$Holder.newInvokeSpecial(java.lang.Object, java.lang.Object, long)'> (0x000000077841e678) 
thrown [s\src\hotspot\share\interpreter\linkResolver.cpp, line 771]
Event: 56.799 Thread 0x000002863b77f1e0 Exception <a 'java/lang/NoSuchMethodError'{0x00000007784223e8}: 'java.lang.Object java.lang.invoke.Invokers$Holder.linkToTargetMethod(java.lang.Object, long, java.lang.Object)'> (0x00000007784223e8) 
thrown [s\src\hotspot\share\interpreter\linkResolver.cpp, line 771]
Event: 61.133 Thread 0x000002863bea1840 Exception <a 'java/lang/reflect/InvocationTargetException'{0x0000000778745dd8}> (0x0000000778745dd8) 
thrown [s\src\hotspot\share\runtime\reflection.cpp, line 1127]
Event: 61.618 Thread 0x000002863bea1840 Implicit null exception at 0x00000286291438c3 to 0x0000028629144110
Event: 61.619 Thread 0x000002863bea1840 Implicit null exception at 0x000002862922268f to 0x00000286292226e0
Event: 61.857 Thread 0x000002863bc5c850 Exception <a 'java/lang/NoSuchMethodError'{0x0000000776f27fc0}: static Lorg/gradle/tooling/internal/provider/serialization/ClassLoaderDetails;.<clinit>()V> (0x0000000776f27fc0) 
thrown [s\src\hotspot\share\prims\jni.cpp, line 1108]
Event: 61.859 Thread 0x000002863bc5c850 Exception <a 'java/lang/NoSuchMethodError'{0x0000000776f39b00}: static Lorg/gradle/tooling/internal/provider/serialization/WellKnownClassLoaderRegistry$KnownClassLoaderSpec;.<clinit>()V> (0x0000000776f39b00) 
thrown [s\src\hotspot\share\prims\jni.cpp, line 1108]
Event: 61.859 Thread 0x000002863bc5c850 Exception <a 'java/lang/NoSuchMethodError'{0x0000000776f3b178}: static Lorg/gradle/internal/classloader/ClassLoaderSpec;.<clinit>()V> (0x0000000776f3b178) 
thrown [s\src\hotspot\share\prims\jni.cpp, line 1108]
Event: 61.861 Thread 0x000002863bc5c850 Exception <a 'java/lang/NoSuchMethodError'{0x0000000776f4cde8}: static Lorg/gradle/internal/classloader/ClassLoaderSpec;.<clinit>()V> (0x0000000776f4cde8) 
thrown [s\src\hotspot\share\prims\jni.cpp, line 1108]
Event: 61.862 Thread 0x000002863bc5c850 Exception <a 'java/lang/NoSuchMethodError'{0x0000000776f58910}: static Lorg/gradle/internal/classloader/VisitableURLClassLoader$Spec;.<clinit>()V> (0x0000000776f58910) 
thrown [s\src\hotspot\share\prims\jni.cpp, line 1108]
Event: 66.028 Thread 0x000002863aa66820 Implicit null exception at 0x0000028628cf6372 to 0x0000028628cf69cc
Event: 66.028 Thread 0x000002863aa66820 Implicit null exception at 0x000002862905f6f2 to 0x000002862905fe44
Event: 113.389 Thread 0x000002863bea1840 Implicit null exception at 0x000002862930546f to 0x000002862930555f
Event: 113.389 Thread 0x000002863bea1840 Implicit null exception at 0x0000028629311d80 to 0x0000028629311e76
Event: 114.063 Thread 0x000002863bea1840 Implicit null exception at 0x00000286294ebfa0 to 0x00000286294ec130
Event: 114.069 Thread 0x000002863bea1840 Implicit null exception at 0x0000028629301030 to 0x00000286293010dc
Event: 114.130 Thread 0x000002863bea1840 Exception <a 'sun/nio/fs/WindowsException'{0x0000000774e4aa48}> (0x0000000774e4aa48) 
thrown [s\src\hotspot\share\prims\jni.cpp, line 517]
Event: 114.871 Thread 0x000002863bea1840 Implicit null exception at 0x00000286294a89e8 to 0x00000286294a8ac0

VM Operations (20 events):
Event: 116.507 Executing VM operation: HandshakeAllThreads
Event: 116.508 Executing VM operation: HandshakeAllThreads done
Event: 117.026 Executing VM operation: HandshakeAllThreads
Event: 117.026 Executing VM operation: HandshakeAllThreads done
Event: 117.026 Executing VM operation: Cleanup
Event: 117.027 Executing VM operation: Cleanup done
Event: 117.080 Executing VM operation: HandshakeAllThreads
Event: 117.121 Executing VM operation: HandshakeAllThreads done
Event: 118.128 Executing VM operation: Cleanup
Event: 118.129 Executing VM operation: Cleanup done
Event: 118.131 Executing VM operation: G1CollectForAllocation
Event: 118.169 Executing VM operation: G1CollectForAllocation done
Event: 119.170 Executing VM operation: Cleanup
Event: 119.171 Executing VM operation: Cleanup done
Event: 120.178 Executing VM operation: Cleanup
Event: 120.178 Executing VM operation: Cleanup done
Event: 120.763 Executing VM operation: G1CollectForAllocation
Event: 120.814 Executing VM operation: G1CollectForAllocation done
Event: 121.828 Executing VM operation: Cleanup
Event: 121.840 Executing VM operation: Cleanup done

Events (20 events):
Event: 117.150 Thread 0x000002863907acf0 flushing nmethod 0x00000286229fd590
Event: 117.150 Thread 0x000002863907acf0 flushing nmethod 0x00000286229fe010
Event: 117.150 Thread 0x000002863907acf0 flushing nmethod 0x00000286229fec10
Event: 117.150 Thread 0x000002863907acf0 flushing nmethod 0x0000028622a3cf10
Event: 117.150 Thread 0x000002863907acf0 flushing nmethod 0x0000028622a3de90
Event: 117.150 Thread 0x000002863907acf0 flushing nmethod 0x0000028622a5ae90
Event: 117.150 Thread 0x000002863907acf0 flushing nmethod 0x0000028622a5b510
Event: 117.150 Thread 0x000002863907acf0 flushing nmethod 0x0000028622a62010
Event: 117.150 Thread 0x000002863907acf0 flushing nmethod 0x0000028622a62c90
Event: 117.150 Thread 0x000002863907acf0 flushing nmethod 0x0000028622a63b90
Event: 117.150 Thread 0x000002863907acf0 flushing nmethod 0x0000028622a64910
Event: 117.150 Thread 0x000002863907acf0 flushing nmethod 0x0000028622a67690
Event: 117.150 Thread 0x000002863907acf0 flushing nmethod 0x0000028622a73110
Event: 117.150 Thread 0x000002863907acf0 flushing nmethod 0x0000028622a79c90
Event: 117.150 Thread 0x000002863907acf0 flushing nmethod 0x0000028622a7c690
Event: 117.150 Thread 0x000002863907acf0 flushing nmethod 0x0000028622a7dd10
Event: 117.150 Thread 0x000002863907acf0 flushing nmethod 0x0000028622a7f290
Event: 121.155 Thread 0x000002863b780050 Thread exited: 0x000002863b780050
Event: 121.155 Thread 0x000002863b780520 Thread exited: 0x000002863b780520
Event: 121.177 Thread 0x000002863b77f1e0 Thread exited: 0x000002863b77f1e0


Dynamic libraries:
0x00007ff612750000 - 0x00007ff61275a000 	C:\Program Files\Android\Android Studio\jre\bin\java.exe
0x00007ffee7350000 - 0x00007ffee7548000 	C:\WINDOWS\SYSTEM32\ntdll.dll
0x00007ffee5430000 - 0x00007ffee54ed000 	C:\WINDOWS\System32\KERNEL32.DLL
0x00007ffee4f70000 - 0x00007ffee5266000 	C:\WINDOWS\System32\KERNELBASE.dll
0x00007ffee4e70000 - 0x00007ffee4f70000 	C:\WINDOWS\System32\ucrtbase.dll
0x00007ffec3140000 - 0x00007ffec3157000 	C:\Program Files\Android\Android Studio\jre\bin\jli.dll
0x00007ffee6700000 - 0x00007ffee689e000 	C:\WINDOWS\System32\USER32.dll
0x00007ffee4d30000 - 0x00007ffee4d52000 	C:\WINDOWS\System32\win32u.dll
0x00007ffee6030000 - 0x00007ffee605b000 	C:\WINDOWS\System32\GDI32.dll
0x00007ffee4b70000 - 0x00007ffee4c87000 	C:\WINDOWS\System32\gdi32full.dll
0x00007ffee4c90000 - 0x00007ffee4d2d000 	C:\WINDOWS\System32\msvcp_win.dll
0x00007ffec3120000 - 0x00007ffec313b000 	C:\Program Files\Android\Android Studio\jre\bin\VCRUNTIME140.dll
0x00007ffeccb50000 - 0x00007ffeccdea000 	C:\WINDOWS\WinSxS\amd64_microsoft.windows.common-controls_6595b64144ccf1df_6.0.19041.3636_none_60b6a03d71f818d5\COMCTL32.dll
0x00007ffee5910000 - 0x00007ffee59ae000 	C:\WINDOWS\System32\msvcrt.dll
0x00007ffee6190000 - 0x00007ffee61c2000 	C:\WINDOWS\System32\IMM32.DLL
0x00007ffedd0b0000 - 0x00007ffedd0bc000 	C:\Program Files\Android\Android Studio\jre\bin\vcruntime140_1.dll
0x00007ffebb140000 - 0x00007ffebb1cd000 	C:\Program Files\Android\Android Studio\jre\bin\msvcp140.dll
0x00007ffeb0380000 - 0x00007ffeb0fee000 	C:\Program Files\Android\Android Studio\jre\bin\server\jvm.dll
0x00007ffee65e0000 - 0x00007ffee6693000 	C:\WINDOWS\System32\ADVAPI32.dll
0x00007ffee5390000 - 0x00007ffee542f000 	C:\WINDOWS\System32\sechost.dll
0x00007ffee6400000 - 0x00007ffee6526000 	C:\WINDOWS\System32\RPCRT4.dll
0x00007ffee4e40000 - 0x00007ffee4e67000 	C:\WINDOWS\System32\bcrypt.dll
0x00007ffedd120000 - 0x00007ffedd129000 	C:\WINDOWS\SYSTEM32\WSOCK32.dll
0x00007ffee6390000 - 0x00007ffee63fb000 	C:\WINDOWS\System32\WS2_32.dll
0x00007ffecc540000 - 0x00007ffecc567000 	C:\WINDOWS\SYSTEM32\WINMM.dll
0x00007ffed0d90000 - 0x00007ffed0d9a000 	C:\WINDOWS\SYSTEM32\VERSION.dll
0x00007ffee32a0000 - 0x00007ffee32b2000 	C:\WINDOWS\SYSTEM32\kernel.appcore.dll
0x00007ffedd060000 - 0x00007ffedd06a000 	C:\Program Files\Android\Android Studio\jre\bin\jimage.dll
0x00007ffedf620000 - 0x00007ffedf804000 	C:\WINDOWS\SYSTEM32\DBGHELP.DLL
0x00007ffece8f0000 - 0x00007ffece924000 	C:\WINDOWS\SYSTEM32\dbgcore.DLL
0x00007ffee4db0000 - 0x00007ffee4e32000 	C:\WINDOWS\System32\bcryptPrimitives.dll
0x00007ffec2e50000 - 0x00007ffec2e75000 	C:\Program Files\Android\Android Studio\jre\bin\java.dll
0x00007ffec2e30000 - 0x00007ffec2e48000 	C:\Program Files\Android\Android Studio\jre\bin\zip.dll
0x00007ffee6bc0000 - 0x00007ffee7305000 	C:\WINDOWS\System32\SHELL32.dll
0x00007ffedf960000 - 0x00007ffee00fc000 	C:\WINDOWS\SYSTEM32\windows.storage.dll
0x00007ffee55b0000 - 0x00007ffee5904000 	C:\WINDOWS\System32\combase.dll
0x00007ffee4440000 - 0x00007ffee446e000 	C:\WINDOWS\SYSTEM32\Wldp.dll
0x00007ffee5a90000 - 0x00007ffee5b5d000 	C:\WINDOWS\System32\OLEAUT32.dll
0x00007ffee5500000 - 0x00007ffee55ad000 	C:\WINDOWS\System32\SHCORE.dll
0x00007ffee5b60000 - 0x00007ffee5bb5000 	C:\WINDOWS\System32\shlwapi.dll
0x00007ffee4940000 - 0x00007ffee4965000 	C:\WINDOWS\SYSTEM32\profapi.dll
0x00007ffec2dc0000 - 0x00007ffec2dd9000 	C:\Program Files\Android\Android Studio\jre\bin\net.dll
0x00007ffedb610000 - 0x00007ffedb71a000 	C:\WINDOWS\SYSTEM32\WINHTTP.dll
0x00007ffee41a0000 - 0x00007ffee420a000 	C:\WINDOWS\system32\mswsock.dll
0x00007ffec2610000 - 0x00007ffec2626000 	C:\Program Files\Android\Android Studio\jre\bin\nio.dll
0x00007ffeda2e0000 - 0x00007ffeda2f0000 	C:\Program Files\Android\Android Studio\jre\bin\verify.dll
0x00007ffec25e0000 - 0x00007ffec2607000 	C:\Users\Onoo\.gradle\native\e1d6ef7f7dcc3fd88c89a11ec53ec762bb8ba0a96d01ffa2cd45eb1d1d8dd5c5\windows-amd64\native-platform.dll
0x00007ffeb92e0000 - 0x00007ffeb9424000 	C:\Users\Onoo\.gradle\native\5664cfc778a61ccfe75a443a1ab52a65af34e5dc3c78e0209fed803814484fcb\windows-amd64\native-platform-file-events.dll
0x00007ffeda1f0000 - 0x00007ffeda1f9000 	C:\Program Files\Android\Android Studio\jre\bin\management.dll
0x00007ffeda160000 - 0x00007ffeda16b000 	C:\Program Files\Android\Android Studio\jre\bin\management_ext.dll
0x00007ffee54f0000 - 0x00007ffee54f8000 	C:\WINDOWS\System32\PSAPI.DLL
0x00007ffee43a0000 - 0x00007ffee43b8000 	C:\WINDOWS\SYSTEM32\CRYPTSP.dll
0x00007ffee3a60000 - 0x00007ffee3a94000 	C:\WINDOWS\system32\rsaenh.dll
0x00007ffee4900000 - 0x00007ffee492e000 	C:\WINDOWS\SYSTEM32\USERENV.dll
0x00007ffee4390000 - 0x00007ffee439c000 	C:\WINDOWS\SYSTEM32\CRYPTBASE.dll
0x00007ffee3e40000 - 0x00007ffee3e7b000 	C:\WINDOWS\SYSTEM32\IPHLPAPI.DLL
0x00007ffee69a0000 - 0x00007ffee69a8000 	C:\WINDOWS\System32\NSI.dll
0x00007ffeda590000 - 0x00007ffeda5a7000 	C:\WINDOWS\SYSTEM32\dhcpcsvc6.DLL
0x00007ffedac60000 - 0x00007ffedac7d000 	C:\WINDOWS\SYSTEM32\dhcpcsvc.DLL
0x00007ffee3e80000 - 0x00007ffee3f4b000 	C:\WINDOWS\SYSTEM32\DNSAPI.dll
0x00007ffeceaf0000 - 0x00007ffeceaf7000 	C:\WINDOWS\system32\wshunix.dll

dbghelp: loaded successfully - version: 4.0.5 - missing functions: none
symbol engine: initialized successfully - sym options: 0x614 - pdb path: .;C:\Program Files\Android\Android Studio\jre\bin;C:\WINDOWS\SYSTEM32;C:\WINDOWS\WinSxS\amd64_microsoft.windows.common-controls_6595b64144ccf1df_6.0.19041.3636_none_60b6a03d71f818d5;C:\Program Files\Android\Android Studio\jre\bin\server;C:\Users\Onoo\.gradle\native\e1d6ef7f7dcc3fd88c89a11ec53ec762bb8ba0a96d01ffa2cd45eb1d1d8dd5c5\windows-amd64;C:\Users\Onoo\.gradle\native\5664cfc778a61ccfe75a443a1ab52a65af34e5dc3c78e0209fed803814484fcb\windows-amd64

VM Arguments:
jvm_args: --add-opens=java.base/java.util=ALL-UNNAMED --add-opens=java.base/java.lang=ALL-UNNAMED --add-opens=java.base/java.lang.invoke=ALL-UNNAMED --add-opens=java.base/java.util=ALL-UNNAMED --add-opens=java.prefs/java.util.prefs=ALL-UNNAMED --add-opens=java.prefs/java.util.prefs=ALL-UNNAMED --add-opens=java.base/java.nio.charset=ALL-UNNAMED --add-opens=java.base/java.net=ALL-UNNAMED --add-opens=java.base/java.util.concurrent.atomic=ALL-UNNAMED -Xmx2536M -Dfile.encoding=windows-1252 -Duser.country=GB -Duser.language=en -Duser.variant 
java_command: org.gradle.launcher.daemon.bootstrap.GradleDaemon 7.3.3
java_class_path (initial): C:\Users\Onoo\.gradle\wrapper\dists\gradle-7.3.3-all\4295vidhdd9hd3gbjyw1xqxpo\gradle-7.3.3\lib\gradle-launcher-7.3.3.jar
Launcher Type: SUN_STANDARD

[Global flags]
     intx CICompilerCount                          = 3                                         {product} {ergonomic}
     uint ConcGCThreads                            = 1                                         {product} {ergonomic}
     uint G1ConcRefinementThreads                  = 4                                         {product} {ergonomic}
   size_t G1HeapRegionSize                         = 2097152                                   {product} {ergonomic}
    uintx GCDrainStackTargetSize                   = 64                                        {product} {ergonomic}
   size_t InitialHeapSize                          = 266338304                                 {product} {ergonomic}
   size_t MarkStackSize                            = 4194304                                   {product} {ergonomic}
   size_t MaxHeapSize                              = 2659188736                                {product} {command line}
   size_t MaxNewSize                               = 1593835520                                {product} {ergonomic}
   size_t MinHeapDeltaBytes                        = 2097152                                   {product} {ergonomic}
   size_t MinHeapSize                              = 8388608                                   {product} {ergonomic}
    uintx NonNMethodCodeHeapSize                   = 5832780                                {pd product} {ergonomic}
    uintx NonProfiledCodeHeapSize                  = 122912730                              {pd product} {ergonomic}
    uintx ProfiledCodeHeapSize                     = 122912730                              {pd product} {ergonomic}
    uintx ReservedCodeCacheSize                    = 251658240                              {pd product} {ergonomic}
     bool SegmentedCodeCache                       = true                                      {product} {ergonomic}
   size_t SoftMaxHeapSize                          = 2659188736                             {manageable} {ergonomic}
     bool UseCompressedClassPointers               = true                           {product lp64_product} {ergonomic}
     bool UseCompressedOops                        = true                           {product lp64_product} {ergonomic}
     bool UseG1GC                                  = true                                      {product} {ergonomic}
     bool UseLargePagesIndividualAllocation        = false                                  {pd product} {ergonomic}

Logging:
Log output configuration:
 #0: stdout all=warning uptime,level,tags
 #1: stderr all=off uptime,level,tags

Environment Variables:
JAVA_HOME=C:\Program Files\Android\Android Studio\jre
CLASSPATH=D:\SourceCode\Naouma Last\android\\gradle\wrapper\gradle-wrapper.jar
PATH=C:\WINDOWS\system32;C:\WINDOWS;C:\WINDOWS\System32\Wbem;C:\WINDOWS\System32\WindowsPowerShell\v1.0\;C:\WINDOWS\System32\OpenSSH\;C:\Program Files\Git\cmd;C:\Program Files\nodejs\;C:\ProgramData\chocolatey\bin;C:\Users\Onoo\AppData\Local\Pub\Cache\bin;C:\xampp\php;C:\composer;C:\Program Files (x86)\GitHub CLI\;C:\Program Files\Coder\bin;C:\Users\Onoo\AppData\Local\Programs\Python\Launcher\;C:\Users\Onoo\AppData\Roaming\.dotnet;C:\Users\Onoo\AppData\Local\Microsoft\WindowsApps;D:\f30\flutter;D:\f30\flutter\bin;C:\Users\Onoo\.dotnet\tools;C:\Users\Onoo\AppData\Roaming\npm;C:\Users\Onoo\AppData\Local\Programs\Microsoft VS Code\bin;C:\Users\Onoo\AppData\Local\Google\Cloud SDK\google-cloud-sdk\bin;C:\Users\Onoo\AppData\Local\GitHubDesktop\bin;C:\Users\Onoo\AppData\Roaming\Composer\vendor\bin;C:\Program Files\JetBrains\JetBrains Gateway 2023.3.3\bin;;C:\Users\Onoo\AppData\Local\JetBrains\Toolbox\scripts;;D:\f30\flutter\bin\mingit\cmd
USERNAME=Onoo
OS=Windows_NT
PROCESSOR_IDENTIFIER=Intel64 Family 6 Model 142 Stepping 9, GenuineIntel
TMP=C:\Users\Onoo\AppData\Local\Temp
TEMP=C:\Users\Onoo\AppData\Local\Temp


JNI global refs:
JNI global refs: 26, weak refs: 5

JNI global refs memory usage: 843, weak refs: 841


---------------  S Y S T E M  ---------------

OS:
 Windows 10 , 64 bit Build 19041 (10.0.19041.3636)
OS uptime: 2 days 9:11 hours

CPU: total 4 (initial active 4) (2 cores per cpu, 2 threads per core) family 6 model 142 stepping 9 microcode 0xf4, cx8, cmov, fxsr, ht, mmx, 3dnowpref, sse, sse2, sse3, ssse3, sse4.1, sse4.2, popcnt, lzcnt, tsc, tscinvbit, avx, avx2, aes, erms, clmul, bmi1, bmi2, rtm, adx, fma, vzeroupper, clflush, clflushopt

Memory: 4k page, system-wide physical 16242M (3868M free)
TotalPageFile size 19338M (AvailPageFile size 4M)
current process WorkingSet (physical memory assigned to process): 389M, peak: 684M
current process commit charge ("private bytes"): 747M, peak: 753M

vm_info: OpenJDK 64-Bit Server VM (17.0.6+0-b2043.56-10027231) for windows-amd64 JRE (17.0.6+0-b2043.56-10027231), built on Apr 28 2023 00:43:19 by "androidbuild" with MS VC++ 16.10 / 16.11 (VS2019)

END.
