#
# There is insufficient memory for the Java Runtime Environment to continue.
# Native memory allocation (mmap) failed to map 65536 bytes for Failed to commit metaspace.
# Possible reasons:
#   The system is out of physical RAM or swap space
#   The process is running with CompressedOops enabled, and the Java Heap may be blocking the growth of the native heap
# Possible solutions:
#   Reduce memory load on the system
#   Increase physical memory or swap space
#   Check if swap backing store is full
#   Decrease Java heap size (-Xmx/-Xms)
#   Decrease number of Java threads
#   Decrease Java thread stack sizes (-Xss)
#   Set larger code cache with -XX:ReservedCodeCacheSize=
#   JVM is running with Zero Based Compressed Oops mode in which the Java heap is
#     placed in the first 32GB address space. The Java Heap base address is the
#     maximum limit for the native heap growth. Please use -XX:HeapBaseMinAddress
#     to set the Java Heap base and to place the Java Heap above 32GB virtual address.
# This output file may be truncated or incomplete.
#
#  Out of Memory Error (virtualSpaceNode.cpp:110), pid=12960, tid=4712
#
# JRE version: OpenJDK Runtime Environment (17.0.6) (build 17.0.6+0-b2043.56-10027231)
# Java VM: OpenJDK 64-Bit Server VM (17.0.6+0-b2043.56-10027231, mixed mode, tiered, compressed oops, compressed class ptrs, g1 gc, windows-amd64)
# No core dump will be written. Minidumps are not enabled by default on client versions of Windows
#

---------------  S U M M A R Y ------------

Command Line: --add-opens=java.base/java.util=ALL-UNNAMED --add-opens=java.base/java.lang=ALL-UNNAMED --add-opens=java.base/java.lang.invoke=ALL-UNNAMED --add-opens=java.base/java.util=ALL-UNNAMED --add-opens=java.prefs/java.util.prefs=ALL-UNNAMED --add-opens=java.prefs/java.util.prefs=ALL-UNNAMED --add-opens=java.base/java.nio.charset=ALL-UNNAMED --add-opens=java.base/java.net=ALL-UNNAMED --add-opens=java.base/java.util.concurrent.atomic=ALL-UNNAMED -Xmx2536M -Dfile.encoding=windows-1252 -Duser.country=GB -Duser.language=en -Duser.variant org.gradle.launcher.daemon.bootstrap.GradleDaemon 7.3.3

Host: Intel(R) Core(TM) i5-7300U CPU @ 2.60GHz, 4 cores, 15G,  Windows 10 , 64 bit Build 19041 (10.0.19041.3636)
Time: Sat Mar  9 06:35:17 2024 Egypt Standard Time elapsed time: 2082.982679 seconds (0d 0h 34m 42s)

---------------  T H R E A D  ---------------

Current thread (0x0000023c07cc2280):  JavaThread "C1 CompilerThread0" daemon [_thread_in_vm, id=4712, stack(0x000000c104500000,0x000000c104600000)]


Current CompileTask:
C1:2082982 20109       3       org.jetbrains.kotlin.gradle.plugin.Android25ProjectHandler::getLibraryOutputTask (184 bytes)

Stack: [0x000000c104500000,0x000000c104600000]
Native frames: (J=compiled Java code, j=interpreted, Vv=VM code, C=native code)
V  [jvm.dll+0x683c9a]
V  [jvm.dll+0x8427a4]
V  [jvm.dll+0x843f9e]
V  [jvm.dll+0x844603]
V  [jvm.dll+0x249b75]
V  [jvm.dll+0x83e7fb]
V  [jvm.dll+0x628006]
V  [jvm.dll+0x1c194e]
V  [jvm.dll+0x62a941]
V  [jvm.dll+0x6289a6]
V  [jvm.dll+0x639bfa]
V  [jvm.dll+0x632a0a]
V  [jvm.dll+0x1cdb00]
V  [jvm.dll+0x1cdcf0]
V  [jvm.dll+0x13578e]
V  [jvm.dll+0x135ab6]
V  [jvm.dll+0x134f4a]
V  [jvm.dll+0x136c11]
V  [jvm.dll+0x22b098]
V  [jvm.dll+0x229159]
V  [jvm.dll+0x7f81ec]
V  [jvm.dll+0x7f274a]
V  [jvm.dll+0x682ad5]
C  [ucrtbase.dll+0x21bb2]
C  [KERNEL32.DLL+0x17344]
C  [ntdll.dll+0x526b1]


---------------  P R O C E S S  ---------------

Threads class SMR info:
_java_thread_list=0x0000023c14bca640, length=81, elements={
0x0000023c6cb26ad0, 0x0000023c0736e620, 0x0000023c07c22e10, 0x0000023c07c52a10,
0x0000023c07c564f0, 0x0000023c07c58dc0, 0x0000023c07c59680, 0x0000023c07c5a270,
0x0000023c07cc2280, 0x0000023c07cd3b20, 0x0000023c07dda030, 0x0000023c07ddad10,
0x0000023c096c0a70, 0x0000023c098ce060, 0x0000023c0a937d80, 0x0000023c08bb05f0,
0x0000023c08bb3610, 0x0000023c08bb3ae0, 0x0000023c08bb0f90, 0x0000023c08bb1930,
0x0000023c0c6c58c0, 0x0000023c0c6c1090, 0x0000023c0c6c0220, 0x0000023c0c6c3240,
0x0000023c0c6bf3b0, 0x0000023c0c6c6730, 0x0000023c0c592ef0, 0x0000023c0c5916e0,
0x0000023c0c58dd20, 0x0000023c0c592080, 0x0000023c0c592a20, 0x0000023c0c591210,
0x0000023c0c5933c0, 0x0000023c0c58e1f0, 0x0000023c0c593d60, 0x0000023c0c591bb0,
0x0000023c0c58f530, 0x0000023c0c593890, 0x0000023c0c58e6c0, 0x0000023c08f20400,
0x0000023c0c5903a0, 0x0000023c0c590870, 0x0000023c0b1e4950, 0x0000023c0b1e22d0,
0x0000023c0b1e4e20, 0x0000023c0b1e7970, 0x0000023c0b1e4480, 0x0000023c0b1e57c0,
0x0000023c0b1e5c90, 0x0000023c0b1e6630, 0x0000023c0b1e6b00, 0x0000023c0b1e1e00,
0x0000023c0b1e6fd0, 0x0000023c0b1e2c70, 0x0000023c0b1e3140, 0x0000023c0b1e3610,
0x0000023c0c6c6260, 0x0000023c0c6bfd50, 0x0000023c0c6c23d0, 0x0000023c0c6c1560,
0x0000023c0c6c1a30, 0x0000023c0c6c3710, 0x0000023c0c6c1f00, 0x0000023c0c6c40b0,
0x0000023c0c6c6c00, 0x0000023c0c6bf880, 0x0000023c0c6c4580, 0x0000023c0c6c4a50,
0x0000023c0e2f9cd0, 0x0000023c0e2fab40, 0x0000023c0e2f3c90, 0x0000023c0e2f4b00,
0x0000023c0e2f4fd0, 0x0000023c0e2f7ff0, 0x0000023c0e2f54a0, 0x0000023c0e2f5e40,
0x0000023c0e2f6310, 0x0000023c08bb1460, 0x0000023c08bb22d0, 0x0000023c08bb2c70,
0x0000023c08bb27a0
}

Java Threads: ( => current thread )
  0x0000023c6cb26ad0 JavaThread "main" [_thread_blocked, id=1920, stack(0x000000c103600000,0x000000c103700000)]
  0x0000023c0736e620 JavaThread "Reference Handler" daemon [_thread_blocked, id=12632, stack(0x000000c103d00000,0x000000c103e00000)]
  0x0000023c07c22e10 JavaThread "Finalizer" daemon [_thread_blocked, id=8260, stack(0x000000c103e00000,0x000000c103f00000)]
  0x0000023c07c52a10 JavaThread "Signal Dispatcher" daemon [_thread_blocked, id=13512, stack(0x000000c104000000,0x000000c104100000)]
  0x0000023c07c564f0 JavaThread "Attach Listener" daemon [_thread_blocked, id=10228, stack(0x000000c104100000,0x000000c104200000)]
  0x0000023c07c58dc0 JavaThread "Service Thread" daemon [_thread_blocked, id=3940, stack(0x000000c104200000,0x000000c104300000)]
  0x0000023c07c59680 JavaThread "Monitor Deflation Thread" daemon [_thread_blocked, id=14064, stack(0x000000c104300000,0x000000c104400000)]
  0x0000023c07c5a270 JavaThread "C2 CompilerThread0" daemon [_thread_in_native, id=11540, stack(0x000000c104400000,0x000000c104500000)]
=>0x0000023c07cc2280 JavaThread "C1 CompilerThread0" daemon [_thread_in_vm, id=4712, stack(0x000000c104500000,0x000000c104600000)]
  0x0000023c07cd3b20 JavaThread "Sweeper thread" daemon [_thread_blocked, id=9436, stack(0x000000c104600000,0x000000c104700000)]
  0x0000023c07dda030 JavaThread "Common-Cleaner" daemon [_thread_blocked, id=7308, stack(0x000000c104700000,0x000000c104800000)]
  0x0000023c07ddad10 JavaThread "Notification Thread" daemon [_thread_blocked, id=2688, stack(0x000000c104800000,0x000000c104900000)]
  0x0000023c096c0a70 JavaThread "Daemon health stats" [_thread_blocked, id=9992, stack(0x000000c104e00000,0x000000c104f00000)]
  0x0000023c098ce060 JavaThread "Incoming local TCP Connector on port 56919" [_thread_in_native, id=9424, stack(0x000000c104a00000,0x000000c104b00000)]
  0x0000023c0a937d80 JavaThread "Daemon periodic checks" [_thread_blocked, id=8288, stack(0x000000c104f00000,0x000000c105000000)]
  0x0000023c08bb05f0 JavaThread "Cache worker for journal cache (C:\Users\Onoo\.gradle\caches\journal-1)" [_thread_blocked, id=3576, stack(0x000000c105700000,0x000000c105800000)]
  0x0000023c08bb3610 JavaThread "File lock request listener" [_thread_in_native, id=7400, stack(0x000000c105800000,0x000000c105900000)]
  0x0000023c08bb3ae0 JavaThread "Cache worker for file hash cache (C:\Users\Onoo\.gradle\caches\7.3.3\fileHashes)" [_thread_blocked, id=4788, stack(0x000000c105900000,0x000000c105a00000)]
  0x0000023c08bb0f90 JavaThread "File watcher server" daemon [_thread_in_native, id=9200, stack(0x000000c105c00000,0x000000c105d00000)]
  0x0000023c08bb1930 JavaThread "File watcher consumer" daemon [_thread_blocked, id=3116, stack(0x000000c105d00000,0x000000c105e00000)]
  0x0000023c0c6c58c0 JavaThread "Cache worker for execution history cache (C:\Users\Onoo\.gradle\caches\7.3.3\executionHistory)" [_thread_blocked, id=1176, stack(0x000000c106100000,0x000000c106200000)]
  0x0000023c0c6c1090 JavaThread "jar transforms" [_thread_blocked, id=15564, stack(0x000000c106200000,0x000000c106300000)]
  0x0000023c0c6c0220 JavaThread "jar transforms Thread 2" [_thread_blocked, id=1384, stack(0x000000c106300000,0x000000c106400000)]
  0x0000023c0c6c3240 JavaThread "Cache worker for file content cache (C:\Users\Onoo\.gradle\caches\7.3.3\fileContent)" [_thread_blocked, id=6988, stack(0x000000c106400000,0x000000c106500000)]
  0x0000023c0c6bf3b0 JavaThread "jar transforms Thread 3" [_thread_blocked, id=10476, stack(0x000000c106500000,0x000000c106600000)]
  0x0000023c0c6c6730 JavaThread "jar transforms Thread 4" [_thread_blocked, id=3856, stack(0x000000c106600000,0x000000c106700000)]
  0x0000023c0c592ef0 JavaThread "Memory manager" [_thread_blocked, id=4356, stack(0x000000c109100000,0x000000c109200000)]
  0x0000023c0c5916e0 JavaThread "Daemon Thread 2" [_thread_blocked, id=8856, stack(0x000000c103400000,0x000000c103500000)]
  0x0000023c0c58dd20 JavaThread "Handler for socket connection from /127.0.0.1:56919 to /127.0.0.1:61717" [_thread_in_native, id=11076, stack(0x000000c103500000,0x000000c103600000)]
  0x0000023c0c592080 JavaThread "Cancel handler" [_thread_blocked, id=2116, stack(0x000000c103f00000,0x000000c104000000)]
  0x0000023c0c592a20 JavaThread "Daemon worker Thread 2" [_thread_in_native, id=13472, stack(0x000000c105000000,0x000000c105100000)]
  0x0000023c0c591210 JavaThread "Asynchronous log dispatcher for DefaultDaemonConnection: socket connection from /127.0.0.1:56919 to /127.0.0.1:61717" [_thread_blocked, id=1084, stack(0x000000c105100000,0x000000c105200000)]
  0x0000023c0c5933c0 JavaThread "Stdin handler" [_thread_blocked, id=16352, stack(0x000000c105200000,0x000000c105300000)]
  0x0000023c0c58e1f0 JavaThread "Daemon client event forwarder" [_thread_blocked, id=10344, stack(0x000000c105300000,0x000000c105400000)]
  0x0000023c0c593d60 JavaThread "Cache worker for file hash cache (D:\SourceCode\Naouma Last\android\.gradle\7.3.3\fileHashes)" [_thread_blocked, id=6544, stack(0x000000c105400000,0x000000c105500000)]
  0x0000023c0c591bb0 JavaThread "Cache worker for checksums cache (D:\SourceCode\Naouma Last\android\.gradle\7.3.3\checksums)" [_thread_blocked, id=12700, stack(0x000000c105500000,0x000000c105600000)]
  0x0000023c0c58f530 JavaThread "Cache worker for cache directory md-supplier (C:\Users\Onoo\.gradle\caches\7.3.3\md-supplier)" [_thread_blocked, id=9384, stack(0x000000c105600000,0x000000c105700000)]
  0x0000023c0c593890 JavaThread "Cache worker for cache directory md-rule (C:\Users\Onoo\.gradle\caches\7.3.3\md-rule)" [_thread_blocked, id=11176, stack(0x000000c105a00000,0x000000c105b00000)]
  0x0000023c0c58e6c0 JavaThread "Cache worker for dependencies-accessors (D:\SourceCode\Naouma Last\android\.gradle\7.3.3\dependencies-accessors)" [_thread_blocked, id=10560, stack(0x000000c105b00000,0x000000c105c00000)]
  0x0000023c08f20400 JavaThread "C2 CompilerThread1" daemon [_thread_in_native, id=13852, stack(0x000000c105e00000,0x000000c105f00000)]
  0x0000023c0c5903a0 JavaThread "Cache worker for Build Output Cleanup Cache (D:\SourceCode\Naouma Last\android\.gradle\buildOutputCleanup)" [_thread_blocked, id=4384, stack(0x000000c105f00000,0x000000c106000000)]
  0x0000023c0c590870 JavaThread "Unconstrained build operations" [_thread_blocked, id=668, stack(0x000000c106000000,0x000000c106100000)]
  0x0000023c0b1e4950 JavaThread "Unconstrained build operations Thread 2" [_thread_blocked, id=10656, stack(0x000000c106700000,0x000000c106800000)]
  0x0000023c0b1e22d0 JavaThread "Unconstrained build operations Thread 3" [_thread_blocked, id=9776, stack(0x000000c106800000,0x000000c106900000)]
  0x0000023c0b1e4e20 JavaThread "Unconstrained build operations Thread 4" [_thread_blocked, id=2480, stack(0x000000c106900000,0x000000c106a00000)]
  0x0000023c0b1e7970 JavaThread "Unconstrained build operations Thread 5" [_thread_blocked, id=4708, stack(0x000000c106a00000,0x000000c106b00000)]
  0x0000023c0b1e4480 JavaThread "Unconstrained build operations Thread 6" [_thread_blocked, id=15996, stack(0x000000c106b00000,0x000000c106c00000)]
  0x0000023c0b1e57c0 JavaThread "Unconstrained build operations Thread 7" [_thread_blocked, id=10068, stack(0x000000c106c00000,0x000000c106d00000)]
  0x0000023c0b1e5c90 JavaThread "Unconstrained build operations Thread 8" [_thread_blocked, id=12556, stack(0x000000c106d00000,0x000000c106e00000)]
  0x0000023c0b1e6630 JavaThread "Unconstrained build operations Thread 9" [_thread_blocked, id=17100, stack(0x000000c106e00000,0x000000c106f00000)]
  0x0000023c0b1e6b00 JavaThread "Unconstrained build operations Thread 10" [_thread_blocked, id=12232, stack(0x000000c106f00000,0x000000c107000000)]
  0x0000023c0b1e1e00 JavaThread "Unconstrained build operations Thread 11" [_thread_blocked, id=4832, stack(0x000000c107000000,0x000000c107100000)]
  0x0000023c0b1e6fd0 JavaThread "Unconstrained build operations Thread 12" [_thread_blocked, id=15972, stack(0x000000c107100000,0x000000c107200000)]
  0x0000023c0b1e2c70 JavaThread "Unconstrained build operations Thread 13" [_thread_blocked, id=13324, stack(0x000000c107200000,0x000000c107300000)]
  0x0000023c0b1e3140 JavaThread "Unconstrained build operations Thread 14" [_thread_blocked, id=14656, stack(0x000000c107300000,0x000000c107400000)]
  0x0000023c0b1e3610 JavaThread "Unconstrained build operations Thread 15" [_thread_blocked, id=15436, stack(0x000000c107400000,0x000000c107500000)]
  0x0000023c0c6c6260 JavaThread "Unconstrained build operations Thread 16" [_thread_blocked, id=9528, stack(0x000000c107500000,0x000000c107600000)]
  0x0000023c0c6bfd50 JavaThread "Unconstrained build operations Thread 17" [_thread_blocked, id=16292, stack(0x000000c107600000,0x000000c107700000)]
  0x0000023c0c6c23d0 JavaThread "Unconstrained build operations Thread 18" [_thread_blocked, id=11044, stack(0x000000c107700000,0x000000c107800000)]
  0x0000023c0c6c1560 JavaThread "Unconstrained build operations Thread 19" [_thread_blocked, id=1808, stack(0x000000c107800000,0x000000c107900000)]
  0x0000023c0c6c1a30 JavaThread "Unconstrained build operations Thread 20" [_thread_blocked, id=5540, stack(0x000000c107900000,0x000000c107a00000)]
  0x0000023c0c6c3710 JavaThread "Unconstrained build operations Thread 21" [_thread_blocked, id=12956, stack(0x000000c107a00000,0x000000c107b00000)]
  0x0000023c0c6c1f00 JavaThread "Unconstrained build operations Thread 22" [_thread_blocked, id=4744, stack(0x000000c107b00000,0x000000c107c00000)]
  0x0000023c0c6c40b0 JavaThread "Unconstrained build operations Thread 23" [_thread_blocked, id=8888, stack(0x000000c107c00000,0x000000c107d00000)]
  0x0000023c0c6c6c00 JavaThread "Unconstrained build operations Thread 24" [_thread_blocked, id=16904, stack(0x000000c107d00000,0x000000c107e00000)]
  0x0000023c0c6bf880 JavaThread "Unconstrained build operations Thread 25" [_thread_blocked, id=13548, stack(0x000000c107e00000,0x000000c107f00000)]
  0x0000023c0c6c4580 JavaThread "Unconstrained build operations Thread 26" [_thread_blocked, id=13168, stack(0x000000c107f00000,0x000000c108000000)]
  0x0000023c0c6c4a50 JavaThread "Unconstrained build operations Thread 27" [_thread_blocked, id=5820, stack(0x000000c108000000,0x000000c108100000)]
  0x0000023c0e2f9cd0 JavaThread "Unconstrained build operations Thread 28" [_thread_blocked, id=17132, stack(0x000000c108100000,0x000000c108200000)]
  0x0000023c0e2fab40 JavaThread "Unconstrained build operations Thread 29" [_thread_blocked, id=13900, stack(0x000000c108200000,0x000000c108300000)]
  0x0000023c0e2f3c90 JavaThread "Unconstrained build operations Thread 30" [_thread_blocked, id=2564, stack(0x000000c108300000,0x000000c108400000)]
  0x0000023c0e2f4b00 JavaThread "Unconstrained build operations Thread 31" [_thread_blocked, id=9048, stack(0x000000c108400000,0x000000c108500000)]
  0x0000023c0e2f4fd0 JavaThread "Unconstrained build operations Thread 32" [_thread_blocked, id=13848, stack(0x000000c108500000,0x000000c108600000)]
  0x0000023c0e2f7ff0 JavaThread "Unconstrained build operations Thread 33" [_thread_blocked, id=11532, stack(0x000000c108600000,0x000000c108700000)]
  0x0000023c0e2f54a0 JavaThread "Unconstrained build operations Thread 34" [_thread_blocked, id=2424, stack(0x000000c108700000,0x000000c108800000)]
  0x0000023c0e2f5e40 JavaThread "Unconstrained build operations Thread 35" [_thread_blocked, id=11520, stack(0x000000c108800000,0x000000c108900000)]
  0x0000023c0e2f6310 JavaThread "Unconstrained build operations Thread 36" [_thread_blocked, id=13032, stack(0x000000c108900000,0x000000c108a00000)]
  0x0000023c08bb1460 JavaThread "Unconstrained build operations Thread 37" [_thread_blocked, id=7300, stack(0x000000c108a00000,0x000000c108b00000)]
  0x0000023c08bb22d0 JavaThread "Unconstrained build operations Thread 38" [_thread_blocked, id=14348, stack(0x000000c108b00000,0x000000c108c00000)]
  0x0000023c08bb2c70 JavaThread "Unconstrained build operations Thread 39" [_thread_blocked, id=4592, stack(0x000000c108c00000,0x000000c108d00000)]
  0x0000023c08bb27a0 JavaThread "Unconstrained build operations Thread 40" [_thread_blocked, id=1664, stack(0x000000c108d00000,0x000000c108e00000)]

Other Threads:
  0x0000023c0734a8b0 VMThread "VM Thread" [stack: 0x000000c103c00000,0x000000c103d00000] [id=5548]
  0x0000023c6cb84aa0 WatcherThread [stack: 0x000000c104900000,0x000000c104a00000] [id=12312]
  0x0000023c6cb728d0 GCTaskThread "GC Thread#0" [stack: 0x000000c103700000,0x000000c103800000] [id=11200]
  0x0000023c07f71f10 GCTaskThread "GC Thread#1" [stack: 0x000000c104b00000,0x000000c104c00000] [id=7260]
  0x0000023c08879a90 GCTaskThread "GC Thread#2" [stack: 0x000000c104c00000,0x000000c104d00000] [id=3556]
  0x0000023c08830c90 GCTaskThread "GC Thread#3" [stack: 0x000000c104d00000,0x000000c104e00000] [id=5080]
  0x0000023c6cb7d5a0 ConcurrentGCThread "G1 Main Marker" [stack: 0x000000c103800000,0x000000c103900000] [id=15044]
  0x0000023c6cb7dec0 ConcurrentGCThread "G1 Conc#0" [stack: 0x000000c103900000,0x000000c103a00000] [id=4056]
  0x0000023c6cbe43b0 ConcurrentGCThread "G1 Refine#0" [stack: 0x000000c103a00000,0x000000c103b00000] [id=7528]
  0x0000023c0ea42770 ConcurrentGCThread "G1 Refine#1" [stack: 0x000000c109200000,0x000000c109300000] [id=11164]
  0x0000023c6cbe4ce0 ConcurrentGCThread "G1 Service" [stack: 0x000000c103b00000,0x000000c103c00000] [id=7732]

Threads with active compile tasks:
C2 CompilerThread0  2083048 20113   !   4       org.gradle.internal.service.DefaultServiceRegistry$FactoryService::bind (283 bytes)
C1 CompilerThread0  2083048 20109       3       org.jetbrains.kotlin.gradle.plugin.Android25ProjectHandler::getLibraryOutputTask (184 bytes)
C2 CompilerThread1  2083048 20112       4       org.gradle.api.internal.tasks.DefaultTaskCollection::hasWithName (65 bytes)

VM state: not at safepoint (normal execution)

VM Mutex/Monitor currently owned by a thread:  ([mutex/lock_event])
[0x0000023c6cb18120] Metaspace_lock - owner thread: 0x0000023c07cc2280
[0x0000023c6cb25fb0] MethodData_lock - owner thread: 0x0000023c07cc2280

Heap address: 0x0000000761800000, size: 2536 MB, Compressed Oops mode: Zero based, Oop shift amount: 3

CDS archive(s) not mapped
Compressed class space mapped at: 0x0000000800000000-0x0000000840000000, reserved size: 1073741824
Narrow klass base: 0x0000000800000000, Narrow klass shift: 0, Narrow klass range: 0x40000000

GC Precious Log:
 CPUs: 4 total, 4 available
 Memory: 16242M
 Large Page Support: Disabled
 NUMA Support: Disabled
 Compressed Oops: Enabled (Zero based)
 Heap Region Size: 2M
 Heap Min Capacity: 8M
 Heap Initial Capacity: 254M
 Heap Max Capacity: 2536M
 Pre-touch: Disabled
 Parallel Workers: 4
 Concurrent Workers: 1
 Concurrent Refinement Workers: 4
 Periodic GC: Disabled

Heap:
 garbage-first heap   total 593920K, used 464800K [0x0000000761800000, 0x0000000800000000)
  region size 2048K, 26 young (53248K), 5 survivors (10240K)
 Metaspace       used 105718K, committed 107520K, reserved 1146880K
  class space    used 14226K, committed 14976K, reserved 1048576K

Heap Regions: E=young(eden), S=young(survivor), O=old, HS=humongous(starts), HC=humongous(continues), CS=collection set, F=free, OA=open archive, CA=closed archive, TAMS=top-at-mark-start (previous, next)
|   0|0x0000000761800000, 0x0000000761a00000, 0x0000000761a00000|100%|HS|  |TAMS 0x0000000761a00000, 0x0000000761800000| Complete 
|   1|0x0000000761a00000, 0x0000000761c00000, 0x0000000761c00000|100%|HC|  |TAMS 0x0000000761c00000, 0x0000000761a00000| Complete 
|   2|0x0000000761c00000, 0x0000000761e00000, 0x0000000761e00000|100%| O|  |TAMS 0x0000000761e00000, 0x0000000761c00000| Untracked 
|   3|0x0000000761e00000, 0x0000000762000000, 0x0000000762000000|100%|HS|  |TAMS 0x0000000762000000, 0x0000000761e00000| Complete 
|   4|0x0000000762000000, 0x0000000762200000, 0x0000000762200000|100%| O|  |TAMS 0x0000000762200000, 0x0000000762000000| Untracked 
|   5|0x0000000762200000, 0x0000000762400000, 0x0000000762400000|100%| O|  |TAMS 0x0000000762400000, 0x0000000762200000| Untracked 
|   6|0x0000000762400000, 0x0000000762600000, 0x0000000762600000|100%| O|  |TAMS 0x0000000762600000, 0x0000000762400000| Untracked 
|   7|0x0000000762600000, 0x0000000762800000, 0x0000000762800000|100%| O|  |TAMS 0x0000000762800000, 0x0000000762600000| Untracked 
|   8|0x0000000762800000, 0x0000000762a00000, 0x0000000762a00000|100%| O|  |TAMS 0x0000000762a00000, 0x0000000762800000| Untracked 
|   9|0x0000000762a00000, 0x0000000762c00000, 0x0000000762c00000|100%| O|  |TAMS 0x0000000762c00000, 0x0000000762a00000| Untracked 
|  10|0x0000000762c00000, 0x0000000762e00000, 0x0000000762e00000|100%| O|  |TAMS 0x0000000762e00000, 0x0000000762c00000| Untracked 
|  11|0x0000000762e00000, 0x0000000763000000, 0x0000000763000000|100%| O|  |TAMS 0x0000000763000000, 0x0000000762e00000| Untracked 
|  12|0x0000000763000000, 0x0000000763200000, 0x0000000763200000|100%| O|  |TAMS 0x0000000763200000, 0x0000000763000000| Untracked 
|  13|0x0000000763200000, 0x0000000763400000, 0x0000000763400000|100%| O|  |TAMS 0x0000000763400000, 0x0000000763200000| Untracked 
|  14|0x0000000763400000, 0x0000000763600000, 0x0000000763600000|100%| O|  |TAMS 0x0000000763600000, 0x0000000763400000| Untracked 
|  15|0x0000000763600000, 0x0000000763800000, 0x0000000763800000|100%|HS|  |TAMS 0x0000000763800000, 0x0000000763600000| Complete 
|  16|0x0000000763800000, 0x0000000763a00000, 0x0000000763a00000|100%|HC|  |TAMS 0x0000000763a00000, 0x0000000763800000| Complete 
|  17|0x0000000763a00000, 0x0000000763c00000, 0x0000000763c00000|100%|HS|  |TAMS 0x0000000763c00000, 0x0000000763a00000| Complete 
|  18|0x0000000763c00000, 0x0000000763e00000, 0x0000000763e00000|100%| O|  |TAMS 0x0000000763e00000, 0x0000000763c00000| Untracked 
|  19|0x0000000763e00000, 0x0000000764000000, 0x0000000764000000|100%| O|  |TAMS 0x0000000764000000, 0x0000000763e00000| Untracked 
|  20|0x0000000764000000, 0x0000000764200000, 0x0000000764200000|100%| O|  |TAMS 0x0000000764200000, 0x0000000764000000| Untracked 
|  21|0x0000000764200000, 0x0000000764400000, 0x0000000764400000|100%| O|  |TAMS 0x0000000764400000, 0x0000000764200000| Untracked 
|  22|0x0000000764400000, 0x0000000764600000, 0x0000000764600000|100%| O|  |TAMS 0x0000000764600000, 0x0000000764400000| Untracked 
|  23|0x0000000764600000, 0x0000000764800000, 0x0000000764800000|100%| O|  |TAMS 0x0000000764800000, 0x0000000764600000| Untracked 
|  24|0x0000000764800000, 0x0000000764a00000, 0x0000000764a00000|100%| O|  |TAMS 0x0000000764a00000, 0x0000000764800000| Untracked 
|  25|0x0000000764a00000, 0x0000000764c00000, 0x0000000764c00000|100%| O|  |TAMS 0x0000000764c00000, 0x0000000764a00000| Untracked 
|  26|0x0000000764c00000, 0x0000000764e00000, 0x0000000764e00000|100%| O|  |TAMS 0x0000000764e00000, 0x0000000764c00000| Untracked 
|  27|0x0000000764e00000, 0x0000000765000000, 0x0000000765000000|100%| O|  |TAMS 0x0000000765000000, 0x0000000764e00000| Untracked 
|  28|0x0000000765000000, 0x0000000765200000, 0x0000000765200000|100%| O|  |TAMS 0x0000000765200000, 0x0000000765000000| Untracked 
|  29|0x0000000765200000, 0x0000000765400000, 0x0000000765400000|100%| O|  |TAMS 0x0000000765400000, 0x0000000765200000| Untracked 
|  30|0x0000000765400000, 0x0000000765600000, 0x0000000765600000|100%| O|  |TAMS 0x0000000765600000, 0x0000000765400000| Untracked 
|  31|0x0000000765600000, 0x0000000765800000, 0x0000000765800000|100%| O|  |TAMS 0x0000000765800000, 0x0000000765600000| Untracked 
|  32|0x0000000765800000, 0x0000000765a00000, 0x0000000765a00000|100%| O|  |TAMS 0x0000000765a00000, 0x0000000765800000| Untracked 
|  33|0x0000000765a00000, 0x0000000765c00000, 0x0000000765c00000|100%| O|  |TAMS 0x0000000765c00000, 0x0000000765a00000| Untracked 
|  34|0x0000000765c00000, 0x0000000765e00000, 0x0000000765e00000|100%| O|  |TAMS 0x0000000765e00000, 0x0000000765c00000| Untracked 
|  35|0x0000000765e00000, 0x0000000766000000, 0x0000000766000000|100%| O|  |TAMS 0x0000000766000000, 0x0000000765e00000| Untracked 
|  36|0x0000000766000000, 0x0000000766200000, 0x0000000766200000|100%| O|  |TAMS 0x0000000766200000, 0x0000000766000000| Untracked 
|  37|0x0000000766200000, 0x0000000766400000, 0x0000000766400000|100%| O|  |TAMS 0x0000000766400000, 0x0000000766200000| Untracked 
|  38|0x0000000766400000, 0x0000000766600000, 0x0000000766600000|100%| O|  |TAMS 0x0000000766600000, 0x0000000766400000| Untracked 
|  39|0x0000000766600000, 0x0000000766800000, 0x0000000766800000|100%| O|  |TAMS 0x0000000766800000, 0x0000000766600000| Untracked 
|  40|0x0000000766800000, 0x0000000766a00000, 0x0000000766a00000|100%|HS|  |TAMS 0x0000000766a00000, 0x0000000766800000| Complete 
|  41|0x0000000766a00000, 0x0000000766c00000, 0x0000000766c00000|100%|HC|  |TAMS 0x0000000766c00000, 0x0000000766a00000| Complete 
|  42|0x0000000766c00000, 0x0000000766e00000, 0x0000000766e00000|100%| O|  |TAMS 0x0000000766e00000, 0x0000000766c00000| Untracked 
|  43|0x0000000766e00000, 0x0000000767000000, 0x0000000767000000|100%| O|  |TAMS 0x0000000767000000, 0x0000000766e00000| Untracked 
|  44|0x0000000767000000, 0x0000000767200000, 0x0000000767200000|100%| O|  |TAMS 0x0000000767200000, 0x0000000767000000| Untracked 
|  45|0x0000000767200000, 0x0000000767400000, 0x0000000767400000|100%| O|  |TAMS 0x0000000767400000, 0x0000000767200000| Untracked 
|  46|0x0000000767400000, 0x0000000767600000, 0x0000000767600000|100%| O|  |TAMS 0x0000000767600000, 0x0000000767400000| Untracked 
|  47|0x0000000767600000, 0x0000000767800000, 0x0000000767800000|100%| O|  |TAMS 0x0000000767600000, 0x0000000767600000| Untracked 
|  48|0x0000000767800000, 0x0000000767a00000, 0x0000000767a00000|100%| O|  |TAMS 0x0000000767a00000, 0x0000000767800000| Untracked 
|  49|0x0000000767a00000, 0x0000000767c00000, 0x0000000767c00000|100%| O|  |TAMS 0x0000000767c00000, 0x0000000767a00000| Untracked 
|  50|0x0000000767c00000, 0x0000000767e00000, 0x0000000767e00000|100%| O|  |TAMS 0x0000000767e00000, 0x0000000767c00000| Untracked 
|  51|0x0000000767e00000, 0x0000000768000000, 0x0000000768000000|100%| O|  |TAMS 0x0000000768000000, 0x0000000767e00000| Untracked 
|  52|0x0000000768000000, 0x0000000768200000, 0x0000000768200000|100%| O|  |TAMS 0x0000000768200000, 0x0000000768000000| Untracked 
|  53|0x0000000768200000, 0x0000000768400000, 0x0000000768400000|100%| O|  |TAMS 0x0000000768400000, 0x0000000768200000| Untracked 
|  54|0x0000000768400000, 0x0000000768600000, 0x0000000768600000|100%| O|  |TAMS 0x0000000768600000, 0x0000000768400000| Untracked 
|  55|0x0000000768600000, 0x0000000768800000, 0x0000000768800000|100%| O|  |TAMS 0x0000000768800000, 0x0000000768600000| Untracked 
|  56|0x0000000768800000, 0x0000000768a00000, 0x0000000768a00000|100%| O|  |TAMS 0x0000000768a00000, 0x0000000768800000| Untracked 
|  57|0x0000000768a00000, 0x0000000768c00000, 0x0000000768c00000|100%|HS|  |TAMS 0x0000000768c00000, 0x0000000768a00000| Complete 
|  58|0x0000000768c00000, 0x0000000768e00000, 0x0000000768e00000|100%|HC|  |TAMS 0x0000000768e00000, 0x0000000768c00000| Complete 
|  59|0x0000000768e00000, 0x0000000769000000, 0x0000000769000000|100%| O|  |TAMS 0x0000000769000000, 0x0000000768e00000| Untracked 
|  60|0x0000000769000000, 0x0000000769200000, 0x0000000769200000|100%| O|  |TAMS 0x0000000769200000, 0x0000000769000000| Untracked 
|  61|0x0000000769200000, 0x0000000769400000, 0x0000000769400000|100%| O|  |TAMS 0x0000000769400000, 0x0000000769200000| Untracked 
|  62|0x0000000769400000, 0x0000000769600000, 0x0000000769600000|100%| O|  |TAMS 0x0000000769600000, 0x0000000769400000| Untracked 
|  63|0x0000000769600000, 0x0000000769800000, 0x0000000769800000|100%| O|  |TAMS 0x0000000769800000, 0x0000000769600000| Untracked 
|  64|0x0000000769800000, 0x0000000769a00000, 0x0000000769a00000|100%| O|  |TAMS 0x0000000769a00000, 0x0000000769800000| Untracked 
|  65|0x0000000769a00000, 0x0000000769c00000, 0x0000000769c00000|100%|HS|  |TAMS 0x0000000769c00000, 0x0000000769a00000| Complete 
|  66|0x0000000769c00000, 0x0000000769e00000, 0x0000000769e00000|100%|HC|  |TAMS 0x0000000769e00000, 0x0000000769c00000| Complete 
|  67|0x0000000769e00000, 0x000000076a000000, 0x000000076a000000|100%| O|  |TAMS 0x000000076a000000, 0x0000000769e00000| Untracked 
|  68|0x000000076a000000, 0x000000076a200000, 0x000000076a200000|100%| O|  |TAMS 0x000000076a200000, 0x000000076a000000| Untracked 
|  69|0x000000076a200000, 0x000000076a400000, 0x000000076a400000|100%| O|  |TAMS 0x000000076a400000, 0x000000076a200000| Untracked 
|  70|0x000000076a400000, 0x000000076a600000, 0x000000076a600000|100%|HS|  |TAMS 0x000000076a600000, 0x000000076a400000| Complete 
|  71|0x000000076a600000, 0x000000076a800000, 0x000000076a800000|100%|HC|  |TAMS 0x000000076a800000, 0x000000076a600000| Complete 
|  72|0x000000076a800000, 0x000000076aa00000, 0x000000076aa00000|100%| O|  |TAMS 0x000000076aa00000, 0x000000076a800000| Untracked 
|  73|0x000000076aa00000, 0x000000076ac00000, 0x000000076ac00000|100%| O|  |TAMS 0x000000076ac00000, 0x000000076aa00000| Untracked 
|  74|0x000000076ac00000, 0x000000076ae00000, 0x000000076ae00000|100%| O|  |TAMS 0x000000076ae00000, 0x000000076ac00000| Untracked 
|  75|0x000000076ae00000, 0x000000076b000000, 0x000000076b000000|100%| O|  |TAMS 0x000000076b000000, 0x000000076ae00000| Untracked 
|  76|0x000000076b000000, 0x000000076b200000, 0x000000076b200000|100%| O|  |TAMS 0x000000076b200000, 0x000000076b000000| Untracked 
|  77|0x000000076b200000, 0x000000076b400000, 0x000000076b400000|100%| O|  |TAMS 0x000000076b400000, 0x000000076b200000| Untracked 
|  78|0x000000076b400000, 0x000000076b600000, 0x000000076b600000|100%| O|  |TAMS 0x000000076b600000, 0x000000076b400000| Untracked 
|  79|0x000000076b600000, 0x000000076b800000, 0x000000076b800000|100%| O|  |TAMS 0x000000076b800000, 0x000000076b600000| Untracked 
|  80|0x000000076b800000, 0x000000076ba00000, 0x000000076ba00000|100%| O|  |TAMS 0x000000076ba00000, 0x000000076b800000| Untracked 
|  81|0x000000076ba00000, 0x000000076bc00000, 0x000000076bc00000|100%| O|  |TAMS 0x000000076bc00000, 0x000000076ba00000| Untracked 
|  82|0x000000076bc00000, 0x000000076be00000, 0x000000076be00000|100%| O|  |TAMS 0x000000076be00000, 0x000000076bc00000| Untracked 
|  83|0x000000076be00000, 0x000000076c000000, 0x000000076c000000|100%| O|  |TAMS 0x000000076c000000, 0x000000076be00000| Untracked 
|  84|0x000000076c000000, 0x000000076c200000, 0x000000076c200000|100%| O|  |TAMS 0x000000076c200000, 0x000000076c000000| Untracked 
|  85|0x000000076c200000, 0x000000076c400000, 0x000000076c400000|100%| O|  |TAMS 0x000000076c400000, 0x000000076c200000| Untracked 
|  86|0x000000076c400000, 0x000000076c600000, 0x000000076c600000|100%| O|  |TAMS 0x000000076c600000, 0x000000076c400000| Untracked 
|  87|0x000000076c600000, 0x000000076c800000, 0x000000076c800000|100%| O|  |TAMS 0x000000076c800000, 0x000000076c600000| Untracked 
|  88|0x000000076c800000, 0x000000076ca00000, 0x000000076ca00000|100%| O|  |TAMS 0x000000076ca00000, 0x000000076c800000| Untracked 
|  89|0x000000076ca00000, 0x000000076cc00000, 0x000000076cc00000|100%| O|  |TAMS 0x000000076cc00000, 0x000000076ca00000| Untracked 
|  90|0x000000076cc00000, 0x000000076ce00000, 0x000000076ce00000|100%| O|  |TAMS 0x000000076ce00000, 0x000000076cc00000| Untracked 
|  91|0x000000076ce00000, 0x000000076d000000, 0x000000076d000000|100%| O|  |TAMS 0x000000076d000000, 0x000000076ce00000| Untracked 
|  92|0x000000076d000000, 0x000000076d200000, 0x000000076d200000|100%| O|  |TAMS 0x000000076d200000, 0x000000076d000000| Untracked 
|  93|0x000000076d200000, 0x000000076d400000, 0x000000076d400000|100%| O|  |TAMS 0x000000076d400000, 0x000000076d200000| Untracked 
|  94|0x000000076d400000, 0x000000076d600000, 0x000000076d600000|100%| O|  |TAMS 0x000000076d600000, 0x000000076d400000| Untracked 
|  95|0x000000076d600000, 0x000000076d800000, 0x000000076d800000|100%| O|  |TAMS 0x000000076d800000, 0x000000076d600000| Untracked 
|  96|0x000000076d800000, 0x000000076da00000, 0x000000076da00000|100%| O|  |TAMS 0x000000076da00000, 0x000000076d800000| Untracked 
|  97|0x000000076da00000, 0x000000076dc00000, 0x000000076dc00000|100%| O|  |TAMS 0x000000076dc00000, 0x000000076da00000| Untracked 
|  98|0x000000076dc00000, 0x000000076de00000, 0x000000076de00000|100%| O|  |TAMS 0x000000076de00000, 0x000000076dc00000| Untracked 
|  99|0x000000076de00000, 0x000000076e000000, 0x000000076e000000|100%| O|  |TAMS 0x000000076e000000, 0x000000076de00000| Untracked 
| 100|0x000000076e000000, 0x000000076e200000, 0x000000076e200000|100%| O|  |TAMS 0x000000076e200000, 0x000000076e000000| Untracked 
| 101|0x000000076e200000, 0x000000076e400000, 0x000000076e400000|100%| O|  |TAMS 0x000000076e200000, 0x000000076e200000| Untracked 
| 102|0x000000076e400000, 0x000000076e600000, 0x000000076e600000|100%| O|  |TAMS 0x000000076e600000, 0x000000076e400000| Untracked 
| 103|0x000000076e600000, 0x000000076e800000, 0x000000076e800000|100%| O|  |TAMS 0x000000076e800000, 0x000000076e600000| Untracked 
| 104|0x000000076e800000, 0x000000076ea00000, 0x000000076ea00000|100%| O|  |TAMS 0x000000076e800000, 0x000000076e800000| Untracked 
| 105|0x000000076ea00000, 0x000000076ec00000, 0x000000076ec00000|100%| O|  |TAMS 0x000000076ea00000, 0x000000076ea00000| Untracked 
| 106|0x000000076ec00000, 0x000000076ee00000, 0x000000076ee00000|100%| O|  |TAMS 0x000000076ec00000, 0x000000076ec00000| Untracked 
| 107|0x000000076ee00000, 0x000000076f000000, 0x000000076f000000|100%| O|  |TAMS 0x000000076f000000, 0x000000076ee00000| Untracked 
| 108|0x000000076f000000, 0x000000076f200000, 0x000000076f200000|100%| O|  |TAMS 0x000000076f200000, 0x000000076f000000| Untracked 
| 109|0x000000076f200000, 0x000000076f400000, 0x000000076f400000|100%| O|  |TAMS 0x000000076f400000, 0x000000076f200000| Untracked 
| 110|0x000000076f400000, 0x000000076f4d6600, 0x000000076f600000| 41%| O|  |TAMS 0x000000076f400000, 0x000000076f400000| Untracked 
| 111|0x000000076f600000, 0x000000076f800000, 0x000000076f800000|100%| O|  |TAMS 0x000000076f800000, 0x000000076f600000| Untracked 
| 112|0x000000076f800000, 0x000000076fa00000, 0x000000076fa00000|100%| O|  |TAMS 0x000000076fa00000, 0x000000076f800000| Untracked 
| 113|0x000000076fa00000, 0x000000076fc00000, 0x000000076fc00000|100%| O|  |TAMS 0x000000076fc00000, 0x000000076fa00000| Untracked 
| 114|0x000000076fc00000, 0x000000076fe00000, 0x000000076fe00000|100%| O|  |TAMS 0x000000076fe00000, 0x000000076fc00000| Untracked 
| 115|0x000000076fe00000, 0x0000000770000000, 0x0000000770000000|100%| O|  |TAMS 0x0000000770000000, 0x000000076fe00000| Untracked 
| 116|0x0000000770000000, 0x0000000770000000, 0x0000000770200000|  0%| F|  |TAMS 0x0000000770000000, 0x0000000770000000| Untracked 
| 117|0x0000000770200000, 0x0000000770400000, 0x0000000770400000|100%| O|  |TAMS 0x0000000770400000, 0x0000000770200000| Untracked 
| 118|0x0000000770400000, 0x0000000770600000, 0x0000000770600000|100%| O|  |TAMS 0x0000000770600000, 0x0000000770400000| Untracked 
| 119|0x0000000770600000, 0x0000000770800000, 0x0000000770800000|100%| O|  |TAMS 0x0000000770800000, 0x0000000770600000| Untracked 
| 120|0x0000000770800000, 0x0000000770a00000, 0x0000000770a00000|100%| O|  |TAMS 0x0000000770a00000, 0x0000000770800000| Untracked 
| 121|0x0000000770a00000, 0x0000000770c00000, 0x0000000770c00000|100%| O|  |TAMS 0x0000000770c00000, 0x0000000770a00000| Untracked 
| 122|0x0000000770c00000, 0x0000000770e00000, 0x0000000770e00000|100%| O|  |TAMS 0x0000000770e00000, 0x0000000770c00000| Untracked 
| 123|0x0000000770e00000, 0x0000000771000000, 0x0000000771000000|100%| O|  |TAMS 0x0000000771000000, 0x0000000770e00000| Untracked 
| 124|0x0000000771000000, 0x0000000771200000, 0x0000000771200000|100%| O|  |TAMS 0x0000000771200000, 0x0000000771000000| Untracked 
| 125|0x0000000771200000, 0x0000000771400000, 0x0000000771400000|100%| O|  |TAMS 0x0000000771400000, 0x0000000771200000| Untracked 
| 126|0x0000000771400000, 0x0000000771600000, 0x0000000771600000|100%| O|  |TAMS 0x0000000771600000, 0x0000000771400000| Untracked 
| 127|0x0000000771600000, 0x0000000771800000, 0x0000000771800000|100%| O|  |TAMS 0x0000000771800000, 0x0000000771600000| Untracked 
| 128|0x0000000771800000, 0x0000000771a00000, 0x0000000771a00000|100%| O|  |TAMS 0x0000000771a00000, 0x0000000771800000| Untracked 
| 129|0x0000000771a00000, 0x0000000771c00000, 0x0000000771c00000|100%| O|  |TAMS 0x0000000771c00000, 0x0000000771a00000| Untracked 
| 130|0x0000000771c00000, 0x0000000771e00000, 0x0000000771e00000|100%| O|  |TAMS 0x0000000771e00000, 0x0000000771c00000| Untracked 
| 131|0x0000000771e00000, 0x0000000772000000, 0x0000000772000000|100%| O|  |TAMS 0x0000000771f7b800, 0x0000000771e00000| Untracked 
| 132|0x0000000772000000, 0x0000000772200000, 0x0000000772200000|100%|HS|  |TAMS 0x0000000772200000, 0x0000000772000000| Complete 
| 133|0x0000000772200000, 0x0000000772400000, 0x0000000772400000|100%| O|  |TAMS 0x0000000772200000, 0x0000000772200000| Untracked 
| 134|0x0000000772400000, 0x0000000772600000, 0x0000000772600000|100%|HS|  |TAMS 0x0000000772600000, 0x0000000772400000| Complete 
| 135|0x0000000772600000, 0x0000000772800000, 0x0000000772800000|100%|HC|  |TAMS 0x0000000772800000, 0x0000000772600000| Complete 
| 136|0x0000000772800000, 0x0000000772a00000, 0x0000000772a00000|100%|HC|  |TAMS 0x0000000772a00000, 0x0000000772800000| Complete 
| 137|0x0000000772a00000, 0x0000000772c00000, 0x0000000772c00000|100%|HS|  |TAMS 0x0000000772c00000, 0x0000000772a00000| Complete 
| 138|0x0000000772c00000, 0x0000000772e00000, 0x0000000772e00000|100%|HC|  |TAMS 0x0000000772e00000, 0x0000000772c00000| Complete 
| 139|0x0000000772e00000, 0x0000000773000000, 0x0000000773000000|100%|HC|  |TAMS 0x0000000773000000, 0x0000000772e00000| Complete 
| 140|0x0000000773000000, 0x0000000773200000, 0x0000000773200000|100%| O|  |TAMS 0x0000000773000000, 0x0000000773000000| Untracked 
| 141|0x0000000773200000, 0x0000000773400000, 0x0000000773400000|100%| O|  |TAMS 0x0000000773200000, 0x0000000773200000| Untracked 
| 142|0x0000000773400000, 0x0000000773600000, 0x0000000773600000|100%| O|  |TAMS 0x0000000773400000, 0x0000000773400000| Untracked 
| 143|0x0000000773600000, 0x0000000773800000, 0x0000000773800000|100%| O|  |TAMS 0x0000000773600000, 0x0000000773600000| Untracked 
| 144|0x0000000773800000, 0x0000000773a00000, 0x0000000773a00000|100%| O|  |TAMS 0x0000000773800000, 0x0000000773800000| Untracked 
| 145|0x0000000773a00000, 0x0000000773a00000, 0x0000000773c00000|  0%| F|  |TAMS 0x0000000773a00000, 0x0000000773a00000| Untracked 
| 146|0x0000000773c00000, 0x0000000773c00000, 0x0000000773e00000|  0%| F|  |TAMS 0x0000000773c00000, 0x0000000773c00000| Untracked 
| 147|0x0000000773e00000, 0x0000000773e00000, 0x0000000774000000|  0%| F|  |TAMS 0x0000000773e00000, 0x0000000773e00000| Untracked 
| 148|0x0000000774000000, 0x0000000774000000, 0x0000000774200000|  0%| F|  |TAMS 0x0000000774000000, 0x0000000774000000| Untracked 
| 149|0x0000000774200000, 0x0000000774200000, 0x0000000774400000|  0%| F|  |TAMS 0x0000000774200000, 0x0000000774200000| Untracked 
| 150|0x0000000774400000, 0x0000000774400000, 0x0000000774600000|  0%| F|  |TAMS 0x0000000774400000, 0x0000000774400000| Untracked 
| 151|0x0000000774600000, 0x0000000774600000, 0x0000000774800000|  0%| F|  |TAMS 0x0000000774600000, 0x0000000774600000| Untracked 
| 152|0x0000000774800000, 0x0000000774800000, 0x0000000774a00000|  0%| F|  |TAMS 0x0000000774800000, 0x0000000774800000| Untracked 
| 153|0x0000000774a00000, 0x0000000774a00000, 0x0000000774c00000|  0%| F|  |TAMS 0x0000000774a00000, 0x0000000774a00000| Untracked 
| 154|0x0000000774c00000, 0x0000000774c00000, 0x0000000774e00000|  0%| F|  |TAMS 0x0000000774c00000, 0x0000000774c00000| Untracked 
| 155|0x0000000774e00000, 0x0000000774e00000, 0x0000000775000000|  0%| F|  |TAMS 0x0000000774e00000, 0x0000000774e00000| Untracked 
| 156|0x0000000775000000, 0x0000000775000000, 0x0000000775200000|  0%| F|  |TAMS 0x0000000775000000, 0x0000000775000000| Untracked 
| 157|0x0000000775200000, 0x0000000775200000, 0x0000000775400000|  0%| F|  |TAMS 0x0000000775200000, 0x0000000775200000| Untracked 
| 158|0x0000000775400000, 0x0000000775400000, 0x0000000775600000|  0%| F|  |TAMS 0x0000000775400000, 0x0000000775400000| Untracked 
| 159|0x0000000775600000, 0x0000000775600000, 0x0000000775800000|  0%| F|  |TAMS 0x0000000775600000, 0x0000000775600000| Untracked 
| 160|0x0000000775800000, 0x0000000775800000, 0x0000000775a00000|  0%| F|  |TAMS 0x0000000775800000, 0x0000000775800000| Untracked 
| 161|0x0000000775a00000, 0x0000000775a00000, 0x0000000775c00000|  0%| F|  |TAMS 0x0000000775a00000, 0x0000000775a00000| Untracked 
| 162|0x0000000775c00000, 0x0000000775c00000, 0x0000000775e00000|  0%| F|  |TAMS 0x0000000775c00000, 0x0000000775c00000| Untracked 
| 163|0x0000000775e00000, 0x0000000775e00000, 0x0000000776000000|  0%| F|  |TAMS 0x0000000775e00000, 0x0000000775e00000| Untracked 
| 164|0x0000000776000000, 0x0000000776000000, 0x0000000776200000|  0%| F|  |TAMS 0x0000000776000000, 0x0000000776000000| Untracked 
| 165|0x0000000776200000, 0x0000000776200000, 0x0000000776400000|  0%| F|  |TAMS 0x0000000776200000, 0x0000000776200000| Untracked 
| 166|0x0000000776400000, 0x0000000776400000, 0x0000000776600000|  0%| F|  |TAMS 0x0000000776400000, 0x0000000776400000| Untracked 
| 167|0x0000000776600000, 0x0000000776600000, 0x0000000776800000|  0%| F|  |TAMS 0x0000000776600000, 0x0000000776600000| Untracked 
| 168|0x0000000776800000, 0x0000000776800000, 0x0000000776a00000|  0%| F|  |TAMS 0x0000000776800000, 0x0000000776800000| Untracked 
| 169|0x0000000776a00000, 0x0000000776a00000, 0x0000000776c00000|  0%| F|  |TAMS 0x0000000776a00000, 0x0000000776a00000| Untracked 
| 170|0x0000000776c00000, 0x0000000776e00000, 0x0000000776e00000|100%|HS|  |TAMS 0x0000000776c00000, 0x0000000776c00000| Complete 
| 171|0x0000000776e00000, 0x0000000777000000, 0x0000000777000000|100%|HC|  |TAMS 0x0000000776e00000, 0x0000000776e00000| Complete 
| 172|0x0000000777000000, 0x0000000777200000, 0x0000000777200000|100%|HC|  |TAMS 0x0000000777000000, 0x0000000777000000| Complete 
| 173|0x0000000777200000, 0x0000000777400000, 0x0000000777400000|100%|HC|  |TAMS 0x0000000777200000, 0x0000000777200000| Complete 
| 174|0x0000000777400000, 0x0000000777600000, 0x0000000777600000|100%|HC|  |TAMS 0x0000000777400000, 0x0000000777400000| Complete 
| 175|0x0000000777600000, 0x0000000777800000, 0x0000000777800000|100%|HC|  |TAMS 0x0000000777600000, 0x0000000777600000| Complete 
| 176|0x0000000777800000, 0x0000000777a00000, 0x0000000777a00000|100%|HC|  |TAMS 0x0000000777800000, 0x0000000777800000| Complete 
| 177|0x0000000777a00000, 0x0000000777c00000, 0x0000000777c00000|100%|HC|  |TAMS 0x0000000777a00000, 0x0000000777a00000| Complete 
| 178|0x0000000777c00000, 0x0000000777e00000, 0x0000000777e00000|100%|HC|  |TAMS 0x0000000777c00000, 0x0000000777c00000| Complete 
| 179|0x0000000777e00000, 0x0000000778000000, 0x0000000778000000|100%|HC|  |TAMS 0x0000000777e00000, 0x0000000777e00000| Complete 
| 180|0x0000000778000000, 0x0000000778200000, 0x0000000778200000|100%|HC|  |TAMS 0x0000000778000000, 0x0000000778000000| Complete 
| 181|0x0000000778200000, 0x0000000778400000, 0x0000000778400000|100%|HC|  |TAMS 0x0000000778200000, 0x0000000778200000| Complete 
| 182|0x0000000778400000, 0x0000000778600000, 0x0000000778600000|100%|HC|  |TAMS 0x0000000778400000, 0x0000000778400000| Complete 
| 183|0x0000000778600000, 0x0000000778800000, 0x0000000778800000|100%|HC|  |TAMS 0x0000000778600000, 0x0000000778600000| Complete 
| 184|0x0000000778800000, 0x0000000778a00000, 0x0000000778a00000|100%|HC|  |TAMS 0x0000000778800000, 0x0000000778800000| Complete 
| 185|0x0000000778a00000, 0x0000000778c00000, 0x0000000778c00000|100%|HC|  |TAMS 0x0000000778a00000, 0x0000000778a00000| Complete 
| 186|0x0000000778c00000, 0x0000000778e00000, 0x0000000778e00000|100%|HC|  |TAMS 0x0000000778c00000, 0x0000000778c00000| Complete 
| 187|0x0000000778e00000, 0x0000000779000000, 0x0000000779000000|100%|HC|  |TAMS 0x0000000778e00000, 0x0000000778e00000| Complete 
| 188|0x0000000779000000, 0x0000000779200000, 0x0000000779200000|100%|HC|  |TAMS 0x0000000779000000, 0x0000000779000000| Complete 
| 189|0x0000000779200000, 0x0000000779400000, 0x0000000779400000|100%|HC|  |TAMS 0x0000000779200000, 0x0000000779200000| Complete 
| 190|0x0000000779400000, 0x0000000779600000, 0x0000000779600000|100%|HC|  |TAMS 0x0000000779400000, 0x0000000779400000| Complete 
| 191|0x0000000779600000, 0x0000000779800000, 0x0000000779800000|100%|HC|  |TAMS 0x0000000779600000, 0x0000000779600000| Complete 
| 192|0x0000000779800000, 0x0000000779a00000, 0x0000000779a00000|100%|HC|  |TAMS 0x0000000779800000, 0x0000000779800000| Complete 
| 193|0x0000000779a00000, 0x0000000779c00000, 0x0000000779c00000|100%|HC|  |TAMS 0x0000000779a00000, 0x0000000779a00000| Complete 
| 194|0x0000000779c00000, 0x0000000779e00000, 0x0000000779e00000|100%|HC|  |TAMS 0x0000000779c00000, 0x0000000779c00000| Complete 
| 195|0x0000000779e00000, 0x000000077a000000, 0x000000077a000000|100%|HC|  |TAMS 0x0000000779e00000, 0x0000000779e00000| Complete 
| 196|0x000000077a000000, 0x000000077a200000, 0x000000077a200000|100%|HC|  |TAMS 0x000000077a000000, 0x000000077a000000| Complete 
| 197|0x000000077a200000, 0x000000077a400000, 0x000000077a400000|100%|HC|  |TAMS 0x000000077a200000, 0x000000077a200000| Complete 
| 198|0x000000077a400000, 0x000000077a600000, 0x000000077a600000|100%|HC|  |TAMS 0x000000077a400000, 0x000000077a400000| Complete 
| 199|0x000000077a600000, 0x000000077a800000, 0x000000077a800000|100%|HS|  |TAMS 0x000000077a600000, 0x000000077a600000| Complete 
| 200|0x000000077a800000, 0x000000077aa00000, 0x000000077aa00000|100%|HC|  |TAMS 0x000000077a800000, 0x000000077a800000| Complete 
| 201|0x000000077aa00000, 0x000000077ac00000, 0x000000077ac00000|100%|HC|  |TAMS 0x000000077aa00000, 0x000000077aa00000| Complete 
| 202|0x000000077ac00000, 0x000000077ae00000, 0x000000077ae00000|100%|HC|  |TAMS 0x000000077ac00000, 0x000000077ac00000| Complete 
| 203|0x000000077ae00000, 0x000000077b000000, 0x000000077b000000|100%|HC|  |TAMS 0x000000077ae00000, 0x000000077ae00000| Complete 
| 204|0x000000077b000000, 0x000000077b200000, 0x000000077b200000|100%|HC|  |TAMS 0x000000077b000000, 0x000000077b000000| Complete 
| 205|0x000000077b200000, 0x000000077b400000, 0x000000077b400000|100%|HC|  |TAMS 0x000000077b200000, 0x000000077b200000| Complete 
| 206|0x000000077b400000, 0x000000077b600000, 0x000000077b600000|100%|HC|  |TAMS 0x000000077b400000, 0x000000077b400000| Complete 
| 207|0x000000077b600000, 0x000000077b800000, 0x000000077b800000|100%|HC|  |TAMS 0x000000077b600000, 0x000000077b600000| Complete 
| 208|0x000000077b800000, 0x000000077ba00000, 0x000000077ba00000|100%|HC|  |TAMS 0x000000077b800000, 0x000000077b800000| Complete 
| 209|0x000000077ba00000, 0x000000077bc00000, 0x000000077bc00000|100%|HC|  |TAMS 0x000000077ba00000, 0x000000077ba00000| Complete 
| 210|0x000000077bc00000, 0x000000077be00000, 0x000000077be00000|100%|HC|  |TAMS 0x000000077bc00000, 0x000000077bc00000| Complete 
| 211|0x000000077be00000, 0x000000077c000000, 0x000000077c000000|100%|HC|  |TAMS 0x000000077be00000, 0x000000077be00000| Complete 
| 212|0x000000077c000000, 0x000000077c200000, 0x000000077c200000|100%|HC|  |TAMS 0x000000077c000000, 0x000000077c000000| Complete 
| 213|0x000000077c200000, 0x000000077c400000, 0x000000077c400000|100%|HC|  |TAMS 0x000000077c200000, 0x000000077c200000| Complete 
| 214|0x000000077c400000, 0x000000077c600000, 0x000000077c600000|100%|HC|  |TAMS 0x000000077c400000, 0x000000077c400000| Complete 
| 215|0x000000077c600000, 0x000000077c800000, 0x000000077c800000|100%|HC|  |TAMS 0x000000077c600000, 0x000000077c600000| Complete 
| 216|0x000000077c800000, 0x000000077ca00000, 0x000000077ca00000|100%|HC|  |TAMS 0x000000077c800000, 0x000000077c800000| Complete 
| 217|0x000000077ca00000, 0x000000077cc00000, 0x000000077cc00000|100%|HC|  |TAMS 0x000000077ca00000, 0x000000077ca00000| Complete 
| 218|0x000000077cc00000, 0x000000077ce00000, 0x000000077ce00000|100%|HC|  |TAMS 0x000000077cc00000, 0x000000077cc00000| Complete 
| 219|0x000000077ce00000, 0x000000077d000000, 0x000000077d000000|100%|HC|  |TAMS 0x000000077ce00000, 0x000000077ce00000| Complete 
| 220|0x000000077d000000, 0x000000077d200000, 0x000000077d200000|100%|HC|  |TAMS 0x000000077d000000, 0x000000077d000000| Complete 
| 221|0x000000077d200000, 0x000000077d400000, 0x000000077d400000|100%|HC|  |TAMS 0x000000077d200000, 0x000000077d200000| Complete 
| 222|0x000000077d400000, 0x000000077d600000, 0x000000077d600000|100%|HC|  |TAMS 0x000000077d400000, 0x000000077d400000| Complete 
| 223|0x000000077d600000, 0x000000077d800000, 0x000000077d800000|100%|HC|  |TAMS 0x000000077d600000, 0x000000077d600000| Complete 
| 224|0x000000077d800000, 0x000000077da00000, 0x000000077da00000|100%|HC|  |TAMS 0x000000077d800000, 0x000000077d800000| Complete 
| 225|0x000000077da00000, 0x000000077dc00000, 0x000000077dc00000|100%|HC|  |TAMS 0x000000077da00000, 0x000000077da00000| Complete 
| 226|0x000000077dc00000, 0x000000077de00000, 0x000000077de00000|100%|HC|  |TAMS 0x000000077dc00000, 0x000000077dc00000| Complete 
| 227|0x000000077de00000, 0x000000077e000000, 0x000000077e000000|100%|HC|  |TAMS 0x000000077de00000, 0x000000077de00000| Complete 
| 228|0x000000077e000000, 0x000000077e000000, 0x000000077e200000|  0%| F|  |TAMS 0x000000077e000000, 0x000000077e000000| Untracked 
| 229|0x000000077e200000, 0x000000077e200000, 0x000000077e400000|  0%| F|  |TAMS 0x000000077e200000, 0x000000077e200000| Untracked 
| 230|0x000000077e400000, 0x000000077e400000, 0x000000077e600000|  0%| F|  |TAMS 0x000000077e400000, 0x000000077e400000| Untracked 
| 231|0x000000077e600000, 0x000000077e600000, 0x000000077e800000|  0%| F|  |TAMS 0x000000077e600000, 0x000000077e600000| Untracked 
| 232|0x000000077e800000, 0x000000077e800000, 0x000000077ea00000|  0%| F|  |TAMS 0x000000077e800000, 0x000000077e800000| Untracked 
| 233|0x000000077ea00000, 0x000000077ea00000, 0x000000077ec00000|  0%| F|  |TAMS 0x000000077ea00000, 0x000000077ea00000| Untracked 
| 234|0x000000077ec00000, 0x000000077ec00000, 0x000000077ee00000|  0%| F|  |TAMS 0x000000077ec00000, 0x000000077ec00000| Untracked 
| 235|0x000000077ee00000, 0x000000077ee00000, 0x000000077f000000|  0%| F|  |TAMS 0x000000077ee00000, 0x000000077ee00000| Untracked 
| 236|0x000000077f000000, 0x000000077f000000, 0x000000077f200000|  0%| F|  |TAMS 0x000000077f000000, 0x000000077f000000| Untracked 
| 237|0x000000077f200000, 0x000000077f200000, 0x000000077f400000|  0%| F|  |TAMS 0x000000077f200000, 0x000000077f200000| Untracked 
| 238|0x000000077f400000, 0x000000077f400000, 0x000000077f600000|  0%| F|  |TAMS 0x000000077f400000, 0x000000077f400000| Untracked 
| 239|0x000000077f600000, 0x000000077f711bc0, 0x000000077f800000| 53%| S|CS|TAMS 0x000000077f600000, 0x000000077f600000| Complete 
| 240|0x000000077f800000, 0x000000077fa00000, 0x000000077fa00000|100%| S|CS|TAMS 0x000000077f800000, 0x000000077f800000| Complete 
| 241|0x000000077fa00000, 0x000000077fc00000, 0x000000077fc00000|100%| S|CS|TAMS 0x000000077fa00000, 0x000000077fa00000| Complete 
| 242|0x000000077fc00000, 0x000000077fe00000, 0x000000077fe00000|100%| S|CS|TAMS 0x000000077fc00000, 0x000000077fc00000| Complete 
| 243|0x000000077fe00000, 0x0000000780000000, 0x0000000780000000|100%| S|CS|TAMS 0x000000077fe00000, 0x000000077fe00000| Complete 
| 244|0x0000000780000000, 0x0000000780000000, 0x0000000780200000|  0%| F|  |TAMS 0x0000000780000000, 0x0000000780000000| Untracked 
| 245|0x0000000780200000, 0x0000000780200000, 0x0000000780400000|  0%| F|  |TAMS 0x0000000780200000, 0x0000000780200000| Untracked 
| 246|0x0000000780400000, 0x0000000780400000, 0x0000000780600000|  0%| F|  |TAMS 0x0000000780400000, 0x0000000780400000| Untracked 
| 247|0x0000000780600000, 0x0000000780600000, 0x0000000780800000|  0%| F|  |TAMS 0x0000000780600000, 0x0000000780600000| Untracked 
| 248|0x0000000780800000, 0x0000000780800000, 0x0000000780a00000|  0%| F|  |TAMS 0x0000000780800000, 0x0000000780800000| Untracked 
| 249|0x0000000780a00000, 0x0000000780a00000, 0x0000000780c00000|  0%| F|  |TAMS 0x0000000780a00000, 0x0000000780a00000| Untracked 
| 250|0x0000000780c00000, 0x0000000780c00000, 0x0000000780e00000|  0%| F|  |TAMS 0x0000000780c00000, 0x0000000780c00000| Untracked 
| 251|0x0000000780e00000, 0x0000000780e00000, 0x0000000781000000|  0%| F|  |TAMS 0x0000000780e00000, 0x0000000780e00000| Untracked 
| 252|0x0000000781000000, 0x0000000781000000, 0x0000000781200000|  0%| F|  |TAMS 0x0000000781000000, 0x0000000781000000| Untracked 
| 253|0x0000000781200000, 0x0000000781200000, 0x0000000781400000|  0%| F|  |TAMS 0x0000000781200000, 0x0000000781200000| Untracked 
| 254|0x0000000781400000, 0x0000000781400000, 0x0000000781600000|  0%| F|  |TAMS 0x0000000781400000, 0x0000000781400000| Untracked 
| 255|0x0000000781600000, 0x0000000781600000, 0x0000000781800000|  0%| F|  |TAMS 0x0000000781600000, 0x0000000781600000| Untracked 
| 256|0x0000000781800000, 0x0000000781800000, 0x0000000781a00000|  0%| F|  |TAMS 0x0000000781800000, 0x0000000781800000| Untracked 
| 257|0x0000000781a00000, 0x0000000781a00000, 0x0000000781c00000|  0%| F|  |TAMS 0x0000000781a00000, 0x0000000781a00000| Untracked 
| 258|0x0000000781c00000, 0x0000000781c00000, 0x0000000781e00000|  0%| F|  |TAMS 0x0000000781c00000, 0x0000000781c00000| Untracked 
| 259|0x0000000781e00000, 0x0000000781e00000, 0x0000000782000000|  0%| F|  |TAMS 0x0000000781e00000, 0x0000000781e00000| Untracked 
| 260|0x0000000782000000, 0x0000000782000000, 0x0000000782200000|  0%| F|  |TAMS 0x0000000782000000, 0x0000000782000000| Untracked 
| 261|0x0000000782200000, 0x0000000782200000, 0x0000000782400000|  0%| F|  |TAMS 0x0000000782200000, 0x0000000782200000| Untracked 
| 262|0x0000000782400000, 0x0000000782400000, 0x0000000782600000|  0%| F|  |TAMS 0x0000000782400000, 0x0000000782400000| Untracked 
| 263|0x0000000782600000, 0x0000000782600000, 0x0000000782800000|  0%| F|  |TAMS 0x0000000782600000, 0x0000000782600000| Untracked 
| 264|0x0000000782800000, 0x0000000782800000, 0x0000000782a00000|  0%| F|  |TAMS 0x0000000782800000, 0x0000000782800000| Untracked 
| 265|0x0000000782a00000, 0x0000000782a00000, 0x0000000782c00000|  0%| F|  |TAMS 0x0000000782a00000, 0x0000000782a00000| Untracked 
| 266|0x0000000782c00000, 0x0000000782c00000, 0x0000000782e00000|  0%| F|  |TAMS 0x0000000782c00000, 0x0000000782c00000| Untracked 
| 267|0x0000000782e00000, 0x0000000782e00000, 0x0000000783000000|  0%| F|  |TAMS 0x0000000782e00000, 0x0000000782e00000| Untracked 
| 268|0x0000000783000000, 0x00000007830e2ec0, 0x0000000783200000| 44%| E|  |TAMS 0x0000000783000000, 0x0000000783000000| Complete 
| 269|0x0000000783200000, 0x0000000783400000, 0x0000000783400000|100%| E|CS|TAMS 0x0000000783200000, 0x0000000783200000| Complete 
| 270|0x0000000783400000, 0x0000000783600000, 0x0000000783600000|100%| E|CS|TAMS 0x0000000783400000, 0x0000000783400000| Complete 
| 271|0x0000000783600000, 0x0000000783800000, 0x0000000783800000|100%| E|CS|TAMS 0x0000000783600000, 0x0000000783600000| Complete 
| 272|0x0000000783800000, 0x0000000783a00000, 0x0000000783a00000|100%| E|CS|TAMS 0x0000000783800000, 0x0000000783800000| Complete 
| 273|0x0000000783a00000, 0x0000000783c00000, 0x0000000783c00000|100%| E|CS|TAMS 0x0000000783a00000, 0x0000000783a00000| Complete 
| 274|0x0000000783c00000, 0x0000000783e00000, 0x0000000783e00000|100%| E|CS|TAMS 0x0000000783c00000, 0x0000000783c00000| Complete 
| 275|0x0000000783e00000, 0x0000000784000000, 0x0000000784000000|100%| E|CS|TAMS 0x0000000783e00000, 0x0000000783e00000| Complete 
| 276|0x0000000784000000, 0x0000000784200000, 0x0000000784200000|100%| E|CS|TAMS 0x0000000784000000, 0x0000000784000000| Complete 
| 277|0x0000000784200000, 0x0000000784400000, 0x0000000784400000|100%| E|CS|TAMS 0x0000000784200000, 0x0000000784200000| Complete 
| 278|0x0000000784400000, 0x0000000784600000, 0x0000000784600000|100%| E|CS|TAMS 0x0000000784400000, 0x0000000784400000| Complete 
| 279|0x0000000784600000, 0x0000000784800000, 0x0000000784800000|100%| E|CS|TAMS 0x0000000784600000, 0x0000000784600000| Complete 
| 280|0x0000000784800000, 0x0000000784a00000, 0x0000000784a00000|100%| E|CS|TAMS 0x0000000784800000, 0x0000000784800000| Complete 
| 281|0x0000000784a00000, 0x0000000784c00000, 0x0000000784c00000|100%| E|CS|TAMS 0x0000000784a00000, 0x0000000784a00000| Complete 
| 282|0x0000000784c00000, 0x0000000784e00000, 0x0000000784e00000|100%| E|CS|TAMS 0x0000000784c00000, 0x0000000784c00000| Complete 
| 283|0x0000000784e00000, 0x0000000785000000, 0x0000000785000000|100%| E|CS|TAMS 0x0000000784e00000, 0x0000000784e00000| Complete 
| 284|0x0000000785000000, 0x0000000785200000, 0x0000000785200000|100%| E|CS|TAMS 0x0000000785000000, 0x0000000785000000| Complete 
| 285|0x0000000785200000, 0x0000000785400000, 0x0000000785400000|100%| E|CS|TAMS 0x0000000785200000, 0x0000000785200000| Complete 
| 286|0x0000000785400000, 0x0000000785600000, 0x0000000785600000|100%| E|CS|TAMS 0x0000000785400000, 0x0000000785400000| Complete 
| 287|0x0000000785600000, 0x0000000785800000, 0x0000000785800000|100%| E|CS|TAMS 0x0000000785600000, 0x0000000785600000| Complete 
| 288|0x0000000785800000, 0x0000000785a00000, 0x0000000785a00000|100%| E|CS|TAMS 0x0000000785800000, 0x0000000785800000| Complete 
|1267|0x00000007ffe00000, 0x0000000800000000, 0x0000000800000000|100%| O|  |TAMS 0x0000000800000000, 0x00000007ffe00000| Untracked 

Card table byte_map: [0x0000023c7f4f0000,0x0000023c7f9f0000] _byte_map_base: 0x0000023c7b9e4000

Marking Bits (Prev, Next): (CMBitMap*) 0x0000023c6cb72df0, (CMBitMap*) 0x0000023c6cb72e30
 Prev Bits: [0x0000023c00000000, 0x0000023c027a0000)
 Next Bits: [0x0000023c027a0000, 0x0000023c04f40000)

Polling page: 0x0000023c6a860000

Metaspace:

Usage:
  Non-class:     89.35 MB used.
      Class:     13.89 MB used.
       Both:    103.24 MB used.

Virtual space:
  Non-class space:       96.00 MB reserved,      90.38 MB ( 94%) committed,  12 nodes.
      Class space:        1.00 GB reserved,      14.62 MB (  1%) committed,  1 nodes.
             Both:        1.09 GB reserved,     105.00 MB (  9%) committed. 

Chunk freelists:
   Non-Class:  1.17 MB
       Class:  1.33 MB
        Both:  2.50 MB

MaxMetaspaceSize: unlimited
CompressedClassSpaceSize: 1.00 GB
Initial GC threshold: 21.00 MB
Current GC threshold: 172.19 MB
CDS: off
MetaspaceReclaimPolicy: balanced
 - commit_granule_bytes: 65536.
 - commit_granule_words: 8192.
 - virtual_space_node_default_size: 1048576.
 - enlarge_chunks_in_place: 1.
 - new_chunks_are_fully_committed: 0.
 - uncommit_free_chunks: 1.
 - use_allocation_guard: 0.
 - handle_deallocations: 1.


Internal statistics:

num_allocs_failed_limit: 8.
num_arena_births: 2414.
num_arena_deaths: 6.
num_vsnodes_births: 13.
num_vsnodes_deaths: 0.
num_space_committed: 1680.
num_space_uncommitted: 0.
num_chunks_returned_to_freelist: 16.
num_chunks_taken_from_freelist: 6949.
num_chunk_merges: 3.
num_chunk_splits: 4116.
num_chunks_enlarged: 2209.
num_purges: 2.
num_inconsistent_stats: 0.

CodeHeap 'non-profiled nmethods': size=120000Kb used=14366Kb max_used=14366Kb free=105634Kb
 bounds [0x0000023c77ac0000, 0x0000023c788d0000, 0x0000023c7eff0000]
CodeHeap 'profiled nmethods': size=120000Kb used=31379Kb max_used=31829Kb free=88620Kb
 bounds [0x0000023c6fff0000, 0x0000023c71f10000, 0x0000023c77520000]
CodeHeap 'non-nmethods': size=5760Kb used=2403Kb max_used=2525Kb free=3356Kb
 bounds [0x0000023c77520000, 0x0000023c777b0000, 0x0000023c77ac0000]
 total_blobs=17247 nmethods=16315 adapters=843
 compilation: enabled
              stopped_count=0, restarted_count=0
 full_count=0

Compilation events (20 events):
Event: 2082.887 Thread 0x0000023c07c5a270 20099       4       org.gradle.cache.internal.DefaultCrossBuildInMemoryCacheFactory$AbstractCrossBuildInMemoryCache::getIfPresentWithoutLock (43 bytes)
Event: 2082.895 Thread 0x0000023c07cc2280 20101       3       com.android.build.gradle.internal.utils.KgpUtils$syncAgpAndKgpSources$1::execute (147 bytes)
Event: 2082.898 Thread 0x0000023c07cc2280 nmethod 20101 0x0000023c70079c10 code [0x0000023c70079fe0, 0x0000023c7007bee8]
Event: 2082.904 Thread 0x0000023c07cc2280 20103       3       com.android.build.api.variant.impl.LibraryVariantImpl_Decorated::getVariantBuilder (40 bytes)
Event: 2082.904 Thread 0x0000023c07cc2280 nmethod 20103 0x0000023c711f0c10 code [0x0000023c711f0e00, 0x0000023c711f12b8]
Event: 2082.911 Thread 0x0000023c07cc2280 20104       3       com.android.build.api.artifact.impl.SingleInitialProviderRequestImpl$on$1::execute (352 bytes)
Event: 2082.914 Thread 0x0000023c07cc2280 nmethod 20104 0x0000023c7015d710 code [0x0000023c7015dae0, 0x0000023c7015fa28]
Event: 2082.925 Thread 0x0000023c07cc2280 20105       3       java.lang.ClassLoader::getResources (55 bytes)
Event: 2082.925 Thread 0x0000023c07cc2280 nmethod 20105 0x0000023c70e7cf10 code [0x0000023c70e7d160, 0x0000023c70e7de38]
Event: 2082.942 Thread 0x0000023c07c5a270 nmethod 20099 0x0000023c788b9810 code [0x0000023c788b9b00, 0x0000023c788bb6d8]
Event: 2082.942 Thread 0x0000023c07c5a270 20100       4       org.jetbrains.kotlin.gradle.utils.StringUtilsKt::lowerCamelCaseName (242 bytes)
Event: 2082.950 Thread 0x0000023c08f20400 nmethod 20046 0x0000023c788bc810 code [0x0000023c788bcb60, 0x0000023c788bf2c8]
Event: 2082.950 Thread 0x0000023c08f20400 20097       4       kotlin.collections.CollectionsKt___CollectionsKt::drop (312 bytes)
Event: 2082.970 Thread 0x0000023c07cc2280 20106       3       com.google.common.collect.ImmutableSet::constructUnknownDuplication (17 bytes)
Event: 2082.970 Thread 0x0000023c07cc2280 nmethod 20106 0x0000023c716e7b10 code [0x0000023c716e7cc0, 0x0000023c716e7ed8]
Event: 2082.970 Thread 0x0000023c07cc2280 20107       3       com.google.common.math.IntMath::sqrt (117 bytes)
Event: 2082.971 Thread 0x0000023c07cc2280 nmethod 20107 0x0000023c70d52210 code [0x0000023c70d52420, 0x0000023c70d52b08]
Event: 2082.971 Thread 0x0000023c07cc2280 20108       1       kotlin.ranges.IntProgression::getLast (5 bytes)
Event: 2082.971 Thread 0x0000023c07cc2280 nmethod 20108 0x0000023c788c1110 code [0x0000023c788c12a0, 0x0000023c788c1378]
Event: 2082.979 Thread 0x0000023c07cc2280 20109       3       org.jetbrains.kotlin.gradle.plugin.Android25ProjectHandler::getLibraryOutputTask (184 bytes)

GC Heap History (20 events):
Event: 69.528 GC heap before
{Heap before GC invocations=57 (full 0):
 garbage-first heap   total 350208K, used 297361K [0x0000000761800000, 0x0000000800000000)
  region size 2048K, 17 young (34816K), 3 survivors (6144K)
 Metaspace       used 103568K, committed 105344K, reserved 1146880K
  class space    used 13971K, committed 14720K, reserved 1048576K
}
Event: 69.547 GC heap after
{Heap after GC invocations=58 (full 0):
 garbage-first heap   total 350208K, used 273622K [0x0000000761800000, 0x0000000800000000)
  region size 2048K, 3 young (6144K), 3 survivors (6144K)
 Metaspace       used 103568K, committed 105344K, reserved 1146880K
  class space    used 13971K, committed 14720K, reserved 1048576K
}
Event: 71.594 GC heap before
{Heap before GC invocations=58 (full 0):
 garbage-first heap   total 350208K, used 298198K [0x0000000761800000, 0x0000000800000000)
  region size 2048K, 16 young (32768K), 3 survivors (6144K)
 Metaspace       used 104029K, committed 105792K, reserved 1146880K
  class space    used 14049K, committed 14784K, reserved 1048576K
}
Event: 71.603 GC heap after
{Heap after GC invocations=59 (full 0):
 garbage-first heap   total 350208K, used 275950K [0x0000000761800000, 0x0000000800000000)
  region size 2048K, 2 young (4096K), 2 survivors (4096K)
 Metaspace       used 104029K, committed 105792K, reserved 1146880K
  class space    used 14049K, committed 14784K, reserved 1048576K
}
Event: 71.890 GC heap before
{Heap before GC invocations=59 (full 0):
 garbage-first heap   total 350208K, used 306670K [0x0000000761800000, 0x0000000800000000)
  region size 2048K, 11 young (22528K), 2 survivors (4096K)
 Metaspace       used 104069K, committed 105792K, reserved 1146880K
  class space    used 14051K, committed 14784K, reserved 1048576K
}
Event: 71.903 GC heap after
{Heap after GC invocations=60 (full 0):
 garbage-first heap   total 350208K, used 295701K [0x0000000761800000, 0x0000000800000000)
  region size 2048K, 2 young (4096K), 2 survivors (4096K)
 Metaspace       used 104069K, committed 105792K, reserved 1146880K
  class space    used 14051K, committed 14784K, reserved 1048576K
}
Event: 72.498 GC heap before
{Heap before GC invocations=60 (full 0):
 garbage-first heap   total 409600K, used 367381K [0x0000000761800000, 0x0000000800000000)
  region size 2048K, 8 young (16384K), 2 survivors (4096K)
 Metaspace       used 104071K, committed 105792K, reserved 1146880K
  class space    used 14051K, committed 14784K, reserved 1048576K
}
Event: 72.507 GC heap after
{Heap after GC invocations=61 (full 0):
 garbage-first heap   total 409600K, used 353371K [0x0000000761800000, 0x0000000800000000)
  region size 2048K, 1 young (2048K), 1 survivors (2048K)
 Metaspace       used 104071K, committed 105792K, reserved 1146880K
  class space    used 14051K, committed 14784K, reserved 1048576K
}
Event: 73.340 GC heap before
{Heap before GC invocations=62 (full 0):
 garbage-first heap   total 593920K, used 439387K [0x0000000761800000, 0x0000000800000000)
  region size 2048K, 15 young (30720K), 1 survivors (2048K)
 Metaspace       used 104066K, committed 105792K, reserved 1146880K
  class space    used 14050K, committed 14784K, reserved 1048576K
}
Event: 73.350 GC heap after
{Heap after GC invocations=63 (full 0):
 garbage-first heap   total 593920K, used 414081K [0x0000000761800000, 0x0000000800000000)
  region size 2048K, 2 young (4096K), 2 survivors (4096K)
 Metaspace       used 104066K, committed 105792K, reserved 1146880K
  class space    used 14050K, committed 14784K, reserved 1048576K
}
Event: 73.826 GC heap before
{Heap before GC invocations=63 (full 0):
 garbage-first heap   total 593920K, used 436609K [0x0000000761800000, 0x0000000800000000)
  region size 2048K, 15 young (30720K), 2 survivors (4096K)
 Metaspace       used 104066K, committed 105792K, reserved 1146880K
  class space    used 14050K, committed 14784K, reserved 1048576K
}
Event: 73.842 GC heap after
{Heap after GC invocations=64 (full 0):
 garbage-first heap   total 593920K, used 405528K [0x0000000761800000, 0x0000000800000000)
  region size 2048K, 2 young (4096K), 2 survivors (4096K)
 Metaspace       used 104066K, committed 105792K, reserved 1146880K
  class space    used 14050K, committed 14784K, reserved 1048576K
}
Event: 74.978 GC heap before
{Heap before GC invocations=64 (full 0):
 garbage-first heap   total 593920K, used 497688K [0x0000000761800000, 0x0000000800000000)
  region size 2048K, 49 young (100352K), 2 survivors (4096K)
 Metaspace       used 104166K, committed 105920K, reserved 1146880K
  class space    used 14060K, committed 14784K, reserved 1048576K
}
Event: 75.000 GC heap after
{Heap after GC invocations=65 (full 0):
 garbage-first heap   total 593920K, used 414591K [0x0000000761800000, 0x0000000800000000)
  region size 2048K, 6 young (12288K), 6 survivors (12288K)
 Metaspace       used 104166K, committed 105920K, reserved 1146880K
  class space    used 14060K, committed 14784K, reserved 1048576K
}
Event: 77.640 GC heap before
{Heap before GC invocations=65 (full 0):
 garbage-first heap   total 593920K, used 498559K [0x0000000761800000, 0x0000000800000000)
  region size 2048K, 48 young (98304K), 6 survivors (12288K)
 Metaspace       used 104306K, committed 106048K, reserved 1146880K
  class space    used 14072K, committed 14784K, reserved 1048576K
}
Event: 77.664 GC heap after
{Heap after GC invocations=66 (full 0):
 garbage-first heap   total 593920K, used 421871K [0x0000000761800000, 0x0000000800000000)
  region size 2048K, 6 young (12288K), 6 survivors (12288K)
 Metaspace       used 104306K, committed 106048K, reserved 1146880K
  class space    used 14072K, committed 14784K, reserved 1048576K
}
Event: 81.914 GC heap before
{Heap before GC invocations=66 (full 0):
 garbage-first heap   total 593920K, used 499695K [0x0000000761800000, 0x0000000800000000)
  region size 2048K, 45 young (92160K), 6 survivors (12288K)
 Metaspace       used 105074K, committed 106880K, reserved 1146880K
  class space    used 14178K, committed 14912K, reserved 1048576K
}
Event: 81.926 GC heap after
{Heap after GC invocations=67 (full 0):
 garbage-first heap   total 593920K, used 419661K [0x0000000761800000, 0x0000000800000000)
  region size 2048K, 3 young (6144K), 3 survivors (6144K)
 Metaspace       used 105074K, committed 106880K, reserved 1146880K
  class space    used 14178K, committed 14912K, reserved 1048576K
}
Event: 2080.564 GC heap before
{Heap before GC invocations=67 (full 0):
 garbage-first heap   total 593920K, used 505677K [0x0000000761800000, 0x0000000800000000)
  region size 2048K, 45 young (92160K), 3 survivors (6144K)
 Metaspace       used 105478K, committed 107264K, reserved 1146880K
  class space    used 14185K, committed 14912K, reserved 1048576K
}
Event: 2080.607 GC heap after
{Heap after GC invocations=68 (full 0):
 garbage-first heap   total 593920K, used 423840K [0x0000000761800000, 0x0000000800000000)
  region size 2048K, 5 young (10240K), 5 survivors (10240K)
 Metaspace       used 105478K, committed 107264K, reserved 1146880K
  class space    used 14185K, committed 14912K, reserved 1048576K
}

Dll operation events (2 events):
Event: 0.021 Loaded shared library C:\Program Files\Android\Android Studio\jre\bin\java.dll
Event: 0.980 Loaded shared library C:\Program Files\Android\Android Studio\jre\bin\verify.dll

Deoptimization events (20 events):
Event: 2080.637 Thread 0x0000023c0c592a20 DEOPT PACKING pc=0x0000023c782124ac sp=0x000000c1050f5f20
Event: 2080.638 Thread 0x0000023c0c592a20 DEOPT UNPACKING pc=0x0000023c775769a3 sp=0x000000c1050f5ec0 mode 2
Event: 2080.666 Thread 0x0000023c0c592a20 DEOPT PACKING pc=0x0000023c7124ac85 sp=0x000000c1050f5360
Event: 2080.666 Thread 0x0000023c0c592a20 DEOPT UNPACKING pc=0x0000023c77577143 sp=0x000000c1050f47f8 mode 0
Event: 2080.758 Thread 0x0000023c0c592a20 DEOPT PACKING pc=0x0000023c7124ac85 sp=0x000000c1050f5360
Event: 2080.758 Thread 0x0000023c0c592a20 DEOPT UNPACKING pc=0x0000023c77577143 sp=0x000000c1050f47f8 mode 0
Event: 2081.760 Thread 0x0000023c0c592a20 Uncommon trap: trap_request=0xffffffc6 fr.pc=0x0000023c784fc554 relative=0x00000000000009d4
Event: 2081.760 Thread 0x0000023c0c592a20 Uncommon trap: reason=bimorphic_or_optimized_type_check action=maybe_recompile pc=0x0000023c784fc554 method=java.util.stream.Streams$StreamBuilderImpl.tryAdvance(Ljava/util/function/Consumer;)Z @ 19 c2
Event: 2081.760 Thread 0x0000023c0c592a20 DEOPT PACKING pc=0x0000023c784fc554 sp=0x000000c1050f82f0
Event: 2081.760 Thread 0x0000023c0c592a20 DEOPT UNPACKING pc=0x0000023c775769a3 sp=0x000000c1050f82b8 mode 2
Event: 2081.772 Thread 0x0000023c0c592a20 DEOPT PACKING pc=0x0000023c70858147 sp=0x000000c1050f8a20
Event: 2081.772 Thread 0x0000023c0c592a20 DEOPT UNPACKING pc=0x0000023c77577143 sp=0x000000c1050f7ee0 mode 0
Event: 2081.817 Thread 0x0000023c0c592a20 Uncommon trap: trap_request=0xffffff3d fr.pc=0x0000023c78284774 relative=0x0000000000000254
Event: 2081.817 Thread 0x0000023c0c592a20 Uncommon trap: reason=unstable_fused_if action=reinterpret pc=0x0000023c78284774 method=java.io.LineNumberReader.read([CII)I @ 93 c2
Event: 2081.817 Thread 0x0000023c0c592a20 DEOPT PACKING pc=0x0000023c78284774 sp=0x000000c1050f9230
Event: 2081.817 Thread 0x0000023c0c592a20 DEOPT UNPACKING pc=0x0000023c775769a3 sp=0x000000c1050f91d8 mode 2
Event: 2082.772 Thread 0x0000023c0c592a20 Uncommon trap: trap_request=0xffffffde fr.pc=0x0000023c782885f8 relative=0x0000000000000598
Event: 2082.772 Thread 0x0000023c0c592a20 Uncommon trap: reason=class_check action=maybe_recompile pc=0x0000023c782885f8 method=java.util.regex.Pattern$Loop.match(Ljava/util/regex/Matcher;ILjava/lang/CharSequence;)Z @ 192 c2
Event: 2082.772 Thread 0x0000023c0c592a20 DEOPT PACKING pc=0x0000023c782885f8 sp=0x000000c1050f8f50
Event: 2082.772 Thread 0x0000023c0c592a20 DEOPT UNPACKING pc=0x0000023c775769a3 sp=0x000000c1050f8ed8 mode 2

Classes unloaded (3 events):
Event: 72.638 Thread 0x0000023c0734a8b0 Unloading class 0x0000000800d58c00 'java/lang/invoke/LambdaForm$DMH+0x0000000800d58c00'
Event: 72.638 Thread 0x0000023c0734a8b0 Unloading class 0x0000000800d58800 'java/lang/invoke/LambdaForm$DMH+0x0000000800d58800'
Event: 72.638 Thread 0x0000023c0734a8b0 Unloading class 0x0000000800d58400 'java/lang/invoke/LambdaForm$DMH+0x0000000800d58400'

Classes redefined (0 events):
No events

Internal exceptions (20 events):
Event: 79.144 Thread 0x0000023c0e2f7ff0 Exception <a 'java/lang/ClassNotFoundException'{0x0000000782c32740}: org/codehaus/groovy/runtime/HandleMetaClassBeanInfo> (0x0000000782c32740) 
thrown [s\src\hotspot\share\classfile\systemDictionary.cpp, line 256]
Event: 79.145 Thread 0x0000023c0e2f7ff0 Exception <a 'java/lang/ClassNotFoundException'{0x0000000782c57ac0}: groovy/lang/DelegatingMetaClassBeanInfo> (0x0000000782c57ac0) 
thrown [s\src\hotspot\share\classfile\systemDictionary.cpp, line 256]
Event: 79.146 Thread 0x0000023c0e2f7ff0 Exception <a 'java/lang/ClassNotFoundException'{0x0000000782c7ce28}: groovy/lang/DelegatingMetaClassCustomizer> (0x0000000782c7ce28) 
thrown [s\src\hotspot\share\classfile\systemDictionary.cpp, line 256]
Event: 79.152 Thread 0x0000023c0e2f7ff0 Exception <a 'java/lang/ClassNotFoundException'{0x0000000782b35f88}: org/codehaus/groovy/runtime/HandleMetaClassCustomizer> (0x0000000782b35f88) 
thrown [s\src\hotspot\share\classfile\systemDictionary.cpp, line 256]
Event: 79.157 Thread 0x0000023c0e2f7ff0 Exception <a 'java/lang/ClassNotFoundException'{0x0000000782b6bfe0}: com/android/build/OutputFileBeanInfo> (0x0000000782b6bfe0) 
thrown [s\src\hotspot\share\classfile\systemDictionary.cpp, line 256]
Event: 79.157 Thread 0x0000023c0e2f7ff0 Exception <a 'java/lang/ClassNotFoundException'{0x0000000782b73468}: com/android/build/OutputFileCustomizer> (0x0000000782b73468) 
thrown [s\src\hotspot\share\classfile\systemDictionary.cpp, line 256]
Event: 81.663 Thread 0x0000023c08bb22d0 Implicit null exception at 0x0000023c786015ce to 0x0000023c786021d4
Event: 81.826 Thread 0x0000023c08bb22d0 Implicit null exception at 0x0000023c7864ab43 to 0x0000023c7864b404
Event: 81.827 Thread 0x0000023c08bb22d0 Implicit null exception at 0x0000023c784019ea to 0x0000023c78401acc
Event: 84.126 Thread 0x0000023c0a937d80 Implicit null exception at 0x0000023c77b171f2 to 0x0000023c77b1784c
Event: 84.126 Thread 0x0000023c0a937d80 Implicit null exception at 0x0000023c77e78cf2 to 0x0000023c77e79444
Event: 2077.716 Thread 0x0000023c0c592a20 Implicit null exception at 0x0000023c7860cb08 to 0x0000023c78610954
Event: 2077.717 Thread 0x0000023c0c592a20 Implicit null exception at 0x0000023c78053f0f to 0x0000023c78053f60
Event: 2078.122 Thread 0x0000023c0c592a20 Implicit null exception at 0x0000023c787573a0 to 0x0000023c78757c2d
Event: 2078.123 Thread 0x0000023c0c592a20 Implicit null exception at 0x0000023c7815d9ef to 0x0000023c7815dad3
Event: 2078.123 Thread 0x0000023c0c592a20 Implicit null exception at 0x0000023c78160c00 to 0x0000023c78160ce9
Event: 2079.311 Thread 0x0000023c0c592a20 Implicit null exception at 0x0000023c78251e95 to 0x0000023c78252030
Event: 2079.323 Thread 0x0000023c0c592a20 Implicit null exception at 0x0000023c78104e30 to 0x0000023c78104edc
Event: 2079.464 Thread 0x0000023c0c592a20 Exception <a 'sun/nio/fs/WindowsException'{0x00000007815736f0}> (0x00000007815736f0) 
thrown [s\src\hotspot\share\prims\jni.cpp, line 517]
Event: 2080.637 Thread 0x0000023c0c592a20 Implicit null exception at 0x0000023c782123e0 to 0x0000023c78212498

VM Operations (20 events):
Event: 1414.448 Executing VM operation: Cleanup
Event: 1414.448 Executing VM operation: Cleanup done
Event: 1484.220 Executing VM operation: Cleanup
Event: 1484.220 Executing VM operation: Cleanup done
Event: 1714.410 Executing VM operation: Cleanup
Event: 1714.410 Executing VM operation: Cleanup done
Event: 1824.381 Executing VM operation: Cleanup
Event: 1824.381 Executing VM operation: Cleanup done
Event: 2077.896 Executing VM operation: Cleanup
Event: 2077.897 Executing VM operation: Cleanup done
Event: 2078.910 Executing VM operation: Cleanup
Event: 2078.958 Executing VM operation: Cleanup done
Event: 2079.974 Executing VM operation: Cleanup
Event: 2079.993 Executing VM operation: Cleanup done
Event: 2080.563 Executing VM operation: G1CollectForAllocation
Event: 2080.615 Executing VM operation: G1CollectForAllocation done
Event: 2081.636 Executing VM operation: Cleanup
Event: 2081.636 Executing VM operation: Cleanup done
Event: 2082.651 Executing VM operation: Cleanup
Event: 2082.651 Executing VM operation: Cleanup done

Events (20 events):
Event: 2078.845 Thread 0x0000023c0c6c3710 Thread added: 0x0000023c0c6c3710
Event: 2078.845 Thread 0x0000023c0c6c1f00 Thread added: 0x0000023c0c6c1f00
Event: 2078.845 Thread 0x0000023c0c6c40b0 Thread added: 0x0000023c0c6c40b0
Event: 2078.845 Thread 0x0000023c0c6c6c00 Thread added: 0x0000023c0c6c6c00
Event: 2078.845 Thread 0x0000023c0c6bf880 Thread added: 0x0000023c0c6bf880
Event: 2078.846 Thread 0x0000023c0c6c4580 Thread added: 0x0000023c0c6c4580
Event: 2078.846 Thread 0x0000023c0c6c4a50 Thread added: 0x0000023c0c6c4a50
Event: 2078.846 Thread 0x0000023c0e2f9cd0 Thread added: 0x0000023c0e2f9cd0
Event: 2078.847 Thread 0x0000023c0e2fab40 Thread added: 0x0000023c0e2fab40
Event: 2078.847 Thread 0x0000023c0e2f3c90 Thread added: 0x0000023c0e2f3c90
Event: 2078.847 Thread 0x0000023c0e2f4b00 Thread added: 0x0000023c0e2f4b00
Event: 2078.848 Thread 0x0000023c0e2f4fd0 Thread added: 0x0000023c0e2f4fd0
Event: 2078.848 Thread 0x0000023c0e2f7ff0 Thread added: 0x0000023c0e2f7ff0
Event: 2078.848 Thread 0x0000023c0e2f54a0 Thread added: 0x0000023c0e2f54a0
Event: 2078.848 Thread 0x0000023c0e2f5e40 Thread added: 0x0000023c0e2f5e40
Event: 2078.849 Thread 0x0000023c0e2f6310 Thread added: 0x0000023c0e2f6310
Event: 2078.849 Thread 0x0000023c08bb1460 Thread added: 0x0000023c08bb1460
Event: 2078.849 Thread 0x0000023c08bb22d0 Thread added: 0x0000023c08bb22d0
Event: 2078.849 Thread 0x0000023c08bb2c70 Thread added: 0x0000023c08bb2c70
Event: 2078.849 Thread 0x0000023c08bb27a0 Thread added: 0x0000023c08bb27a0


Dynamic libraries:
0x00007ff612750000 - 0x00007ff61275a000 	C:\Program Files\Android\Android Studio\jre\bin\java.exe
0x00007ffee7350000 - 0x00007ffee7548000 	C:\WINDOWS\SYSTEM32\ntdll.dll
0x00007ffee5430000 - 0x00007ffee54ed000 	C:\WINDOWS\System32\KERNEL32.DLL
0x00007ffee4f70000 - 0x00007ffee5266000 	C:\WINDOWS\System32\KERNELBASE.dll
0x00007ffee4e70000 - 0x00007ffee4f70000 	C:\WINDOWS\System32\ucrtbase.dll
0x00007ffec06a0000 - 0x00007ffec06b7000 	C:\Program Files\Android\Android Studio\jre\bin\jli.dll
0x00007ffec2550000 - 0x00007ffec256b000 	C:\Program Files\Android\Android Studio\jre\bin\VCRUNTIME140.dll
0x00007ffee6700000 - 0x00007ffee689e000 	C:\WINDOWS\System32\USER32.dll
0x00007ffee4d30000 - 0x00007ffee4d52000 	C:\WINDOWS\System32\win32u.dll
0x00007ffee6030000 - 0x00007ffee605b000 	C:\WINDOWS\System32\GDI32.dll
0x00007ffeccb50000 - 0x00007ffeccdea000 	C:\WINDOWS\WinSxS\amd64_microsoft.windows.common-controls_6595b64144ccf1df_6.0.19041.3636_none_60b6a03d71f818d5\COMCTL32.dll
0x00007ffee4b70000 - 0x00007ffee4c87000 	C:\WINDOWS\System32\gdi32full.dll
0x00007ffee4c90000 - 0x00007ffee4d2d000 	C:\WINDOWS\System32\msvcp_win.dll
0x00007ffee5910000 - 0x00007ffee59ae000 	C:\WINDOWS\System32\msvcrt.dll
0x00007ffee6190000 - 0x00007ffee61c2000 	C:\WINDOWS\System32\IMM32.DLL
0x00007ffedd0b0000 - 0x00007ffedd0bc000 	C:\Program Files\Android\Android Studio\jre\bin\vcruntime140_1.dll
0x00007ffebb120000 - 0x00007ffebb1ad000 	C:\Program Files\Android\Android Studio\jre\bin\msvcp140.dll
0x00007ffea9240000 - 0x00007ffea9eae000 	C:\Program Files\Android\Android Studio\jre\bin\server\jvm.dll
0x00007ffee65e0000 - 0x00007ffee6693000 	C:\WINDOWS\System32\ADVAPI32.dll
0x00007ffee5390000 - 0x00007ffee542f000 	C:\WINDOWS\System32\sechost.dll
0x00007ffee6400000 - 0x00007ffee6526000 	C:\WINDOWS\System32\RPCRT4.dll
0x00007ffee4e40000 - 0x00007ffee4e67000 	C:\WINDOWS\System32\bcrypt.dll
0x00007ffedd120000 - 0x00007ffedd129000 	C:\WINDOWS\SYSTEM32\WSOCK32.dll
0x00007ffee6390000 - 0x00007ffee63fb000 	C:\WINDOWS\System32\WS2_32.dll
0x00007ffecc540000 - 0x00007ffecc567000 	C:\WINDOWS\SYSTEM32\WINMM.dll
0x00007ffed0d90000 - 0x00007ffed0d9a000 	C:\WINDOWS\SYSTEM32\VERSION.dll
0x00007ffee32a0000 - 0x00007ffee32b2000 	C:\WINDOWS\SYSTEM32\kernel.appcore.dll
0x00007ffed9ca0000 - 0x00007ffed9caa000 	C:\Program Files\Android\Android Studio\jre\bin\jimage.dll
0x00007ffedf620000 - 0x00007ffedf804000 	C:\WINDOWS\SYSTEM32\DBGHELP.DLL
0x00007ffece8f0000 - 0x00007ffece924000 	C:\WINDOWS\SYSTEM32\dbgcore.DLL
0x00007ffee4db0000 - 0x00007ffee4e32000 	C:\WINDOWS\System32\bcryptPrimitives.dll
0x00007ffebffa0000 - 0x00007ffebffc5000 	C:\Program Files\Android\Android Studio\jre\bin\java.dll
0x00007ffebfd00000 - 0x00007ffebfd18000 	C:\Program Files\Android\Android Studio\jre\bin\zip.dll
0x00007ffee6bc0000 - 0x00007ffee7305000 	C:\WINDOWS\System32\SHELL32.dll
0x00007ffedf960000 - 0x00007ffee00fc000 	C:\WINDOWS\SYSTEM32\windows.storage.dll
0x00007ffee55b0000 - 0x00007ffee5904000 	C:\WINDOWS\System32\combase.dll
0x00007ffee4440000 - 0x00007ffee446e000 	C:\WINDOWS\SYSTEM32\Wldp.dll
0x00007ffee5a90000 - 0x00007ffee5b5d000 	C:\WINDOWS\System32\OLEAUT32.dll
0x00007ffee5500000 - 0x00007ffee55ad000 	C:\WINDOWS\System32\SHCORE.dll
0x00007ffee5b60000 - 0x00007ffee5bb5000 	C:\WINDOWS\System32\shlwapi.dll
0x00007ffee4940000 - 0x00007ffee4965000 	C:\WINDOWS\SYSTEM32\profapi.dll
0x00007ffebfc40000 - 0x00007ffebfc59000 	C:\Program Files\Android\Android Studio\jre\bin\net.dll
0x00007ffedb610000 - 0x00007ffedb71a000 	C:\WINDOWS\SYSTEM32\WINHTTP.dll
0x00007ffee41a0000 - 0x00007ffee420a000 	C:\WINDOWS\system32\mswsock.dll
0x00007ffebfc20000 - 0x00007ffebfc36000 	C:\Program Files\Android\Android Studio\jre\bin\nio.dll
0x00007ffec31d0000 - 0x00007ffec31e0000 	C:\Program Files\Android\Android Studio\jre\bin\verify.dll
0x00007ffebeb60000 - 0x00007ffebeb87000 	C:\Users\Onoo\.gradle\native\e1d6ef7f7dcc3fd88c89a11ec53ec762bb8ba0a96d01ffa2cd45eb1d1d8dd5c5\windows-amd64\native-platform.dll
0x00007ffeb1ef0000 - 0x00007ffeb2034000 	C:\Users\Onoo\.gradle\native\5664cfc778a61ccfe75a443a1ab52a65af34e5dc3c78e0209fed803814484fcb\windows-amd64\native-platform-file-events.dll
0x00007ffec30b0000 - 0x00007ffec30b9000 	C:\Program Files\Android\Android Studio\jre\bin\management.dll
0x00007ffec2540000 - 0x00007ffec254b000 	C:\Program Files\Android\Android Studio\jre\bin\management_ext.dll
0x00007ffee54f0000 - 0x00007ffee54f8000 	C:\WINDOWS\System32\PSAPI.DLL
0x00007ffee43a0000 - 0x00007ffee43b8000 	C:\WINDOWS\SYSTEM32\CRYPTSP.dll
0x00007ffee3a60000 - 0x00007ffee3a94000 	C:\WINDOWS\system32\rsaenh.dll
0x00007ffee4900000 - 0x00007ffee492e000 	C:\WINDOWS\SYSTEM32\USERENV.dll
0x00007ffee4390000 - 0x00007ffee439c000 	C:\WINDOWS\SYSTEM32\CRYPTBASE.dll
0x00007ffee3e40000 - 0x00007ffee3e7b000 	C:\WINDOWS\SYSTEM32\IPHLPAPI.DLL
0x00007ffee69a0000 - 0x00007ffee69a8000 	C:\WINDOWS\System32\NSI.dll
0x00007ffeda590000 - 0x00007ffeda5a7000 	C:\WINDOWS\SYSTEM32\dhcpcsvc6.DLL
0x00007ffedac60000 - 0x00007ffedac7d000 	C:\WINDOWS\SYSTEM32\dhcpcsvc.DLL
0x00007ffee3e80000 - 0x00007ffee3f4b000 	C:\WINDOWS\SYSTEM32\DNSAPI.dll
0x00007ffeceaf0000 - 0x00007ffeceaf7000 	C:\WINDOWS\system32\wshunix.dll

dbghelp: loaded successfully - version: 4.0.5 - missing functions: none
symbol engine: initialized successfully - sym options: 0x614 - pdb path: .;C:\Program Files\Android\Android Studio\jre\bin;C:\WINDOWS\SYSTEM32;C:\WINDOWS\WinSxS\amd64_microsoft.windows.common-controls_6595b64144ccf1df_6.0.19041.3636_none_60b6a03d71f818d5;C:\Program Files\Android\Android Studio\jre\bin\server;C:\Users\Onoo\.gradle\native\e1d6ef7f7dcc3fd88c89a11ec53ec762bb8ba0a96d01ffa2cd45eb1d1d8dd5c5\windows-amd64;C:\Users\Onoo\.gradle\native\5664cfc778a61ccfe75a443a1ab52a65af34e5dc3c78e0209fed803814484fcb\windows-amd64

VM Arguments:
jvm_args: --add-opens=java.base/java.util=ALL-UNNAMED --add-opens=java.base/java.lang=ALL-UNNAMED --add-opens=java.base/java.lang.invoke=ALL-UNNAMED --add-opens=java.base/java.util=ALL-UNNAMED --add-opens=java.prefs/java.util.prefs=ALL-UNNAMED --add-opens=java.prefs/java.util.prefs=ALL-UNNAMED --add-opens=java.base/java.nio.charset=ALL-UNNAMED --add-opens=java.base/java.net=ALL-UNNAMED --add-opens=java.base/java.util.concurrent.atomic=ALL-UNNAMED -Xmx2536M -Dfile.encoding=windows-1252 -Duser.country=GB -Duser.language=en -Duser.variant 
java_command: org.gradle.launcher.daemon.bootstrap.GradleDaemon 7.3.3
java_class_path (initial): C:\Users\Onoo\.gradle\wrapper\dists\gradle-7.3.3-all\4295vidhdd9hd3gbjyw1xqxpo\gradle-7.3.3\lib\gradle-launcher-7.3.3.jar
Launcher Type: SUN_STANDARD

[Global flags]
     intx CICompilerCount                          = 3                                         {product} {ergonomic}
     uint ConcGCThreads                            = 1                                         {product} {ergonomic}
     uint G1ConcRefinementThreads                  = 4                                         {product} {ergonomic}
   size_t G1HeapRegionSize                         = 2097152                                   {product} {ergonomic}
    uintx GCDrainStackTargetSize                   = 64                                        {product} {ergonomic}
   size_t InitialHeapSize                          = 266338304                                 {product} {ergonomic}
   size_t MarkStackSize                            = 4194304                                   {product} {ergonomic}
   size_t MaxHeapSize                              = 2659188736                                {product} {command line}
   size_t MaxNewSize                               = 1593835520                                {product} {ergonomic}
   size_t MinHeapDeltaBytes                        = 2097152                                   {product} {ergonomic}
   size_t MinHeapSize                              = 8388608                                   {product} {ergonomic}
    uintx NonNMethodCodeHeapSize                   = 5832780                                {pd product} {ergonomic}
    uintx NonProfiledCodeHeapSize                  = 122912730                              {pd product} {ergonomic}
    uintx ProfiledCodeHeapSize                     = 122912730                              {pd product} {ergonomic}
    uintx ReservedCodeCacheSize                    = 251658240                              {pd product} {ergonomic}
     bool SegmentedCodeCache                       = true                                      {product} {ergonomic}
   size_t SoftMaxHeapSize                          = 2659188736                             {manageable} {ergonomic}
     bool UseCompressedClassPointers               = true                           {product lp64_product} {ergonomic}
     bool UseCompressedOops                        = true                           {product lp64_product} {ergonomic}
     bool UseG1GC                                  = true                                      {product} {ergonomic}
     bool UseLargePagesIndividualAllocation        = false                                  {pd product} {ergonomic}

Logging:
Log output configuration:
 #0: stdout all=warning uptime,level,tags
 #1: stderr all=off uptime,level,tags

Environment Variables:
JAVA_HOME=C:\Program Files\Android\Android Studio\jre
CLASSPATH=D:\SourceCode\Naouma Last\android\\gradle\wrapper\gradle-wrapper.jar
PATH=C:\WINDOWS\system32;C:\WINDOWS;C:\WINDOWS\System32\Wbem;C:\WINDOWS\System32\WindowsPowerShell\v1.0\;C:\WINDOWS\System32\OpenSSH\;C:\Program Files\Git\cmd;C:\Program Files\nodejs\;C:\ProgramData\chocolatey\bin;C:\Users\Onoo\AppData\Local\Pub\Cache\bin;C:\xampp\php;C:\composer;C:\Program Files (x86)\GitHub CLI\;C:\Program Files\Coder\bin;C:\Users\Onoo\AppData\Local\Programs\Python\Launcher\;C:\Users\Onoo\AppData\Roaming\.dotnet;C:\Users\Onoo\AppData\Local\Microsoft\WindowsApps;D:\f30\flutter;D:\f30\flutter\bin;C:\Users\Onoo\.dotnet\tools;C:\Users\Onoo\AppData\Roaming\npm;C:\Users\Onoo\AppData\Local\Programs\Microsoft VS Code\bin;C:\Users\Onoo\AppData\Local\Google\Cloud SDK\google-cloud-sdk\bin;C:\Users\Onoo\AppData\Local\GitHubDesktop\bin;C:\Users\Onoo\AppData\Roaming\Composer\vendor\bin;C:\Program Files\JetBrains\JetBrains Gateway 2023.3.3\bin;;C:\Users\Onoo\AppData\Local\JetBrains\Toolbox\scripts;;D:\f30\flutter\bin\mingit\cmd
USERNAME=Onoo
OS=Windows_NT
PROCESSOR_IDENTIFIER=Intel64 Family 6 Model 142 Stepping 9, GenuineIntel
TMP=C:\Users\Onoo\AppData\Local\Temp
TEMP=C:\Users\Onoo\AppData\Local\Temp


JNI global refs:
JNI global refs: 27, weak refs: 3

JNI global refs memory usage: 843, weak refs: 841


---------------  S Y S T E M  ---------------

OS:
 Windows 10 , 64 bit Build 19041 (10.0.19041.3636)
OS uptime: 2 days 9:05 hours

CPU: total 4 (initial active 4) (2 cores per cpu, 2 threads per core) family 6 model 142 stepping 9 microcode 0xf4, cx8, cmov, fxsr, ht, mmx, 3dnowpref, sse, sse2, sse3, ssse3, sse4.1, sse4.2, popcnt, lzcnt, tsc, tscinvbit, avx, avx2, aes, erms, clmul, bmi1, bmi2, rtm, adx, fma, vzeroupper, clflush, clflushopt

Memory: 4k page, system-wide physical 16242M (3875M free)
TotalPageFile size 19338M (AvailPageFile size 0M)
current process WorkingSet (physical memory assigned to process): 316M, peak: 982M
current process commit charge ("private bytes"): 963M, peak: 1036M

vm_info: OpenJDK 64-Bit Server VM (17.0.6+0-b2043.56-10027231) for windows-amd64 JRE (17.0.6+0-b2043.56-10027231), built on Apr 28 2023 00:43:19 by "androidbuild" with MS VC++ 16.10 / 16.11 (VS2019)

END.
